[2018-07-12T13:22:32.344] [INFO] cheese - {"method":"GET","url":"/client/series/list","host":"localhost:4000","message":{"message":"响应时间为：39291"},"userAgent":"axios/0.18.0"}
[2018-07-12T13:22:32.366] [INFO] cheese - {"method":"GET","url":"/client/blog/list?pageindex=1","host":"localhost:4000","message":{"message":"响应时间为：39313"},"userAgent":"axios/0.18.0"}
[2018-07-12T13:22:32.485] [INFO] cheese - {"method":"GET","url":"/classify/list","host":"localhost:4000","message":{"message":"响应时间为：39432"},"userAgent":"axios/0.18.0"}
[2018-07-12T13:22:32.493] [INFO] cheese - {"method":"GET","url":"/tag/list","host":"localhost:4000","message":{"message":"响应时间为：39440"},"userAgent":"axios/0.18.0"}
[2018-07-12T13:22:33.366] [INFO] cheese - {"method":"GET","url":"/classify/list","host":"localhost:4000","message":{"message":"响应时间为：40312"},"referer":"http://localhost:4002/","userAgent":"Mozilla/5.0 (Windows NT 10.0; WOW64) AppleWebKit/537.36 (KHTML, like Gecko) Chrome/65.0.3325.181 Safari/537.36"}
[2018-07-12T13:22:33.372] [INFO] cheese - {"method":"GET","url":"/tag/list","host":"localhost:4000","message":{"message":"响应时间为：40319"},"referer":"http://localhost:4002/","userAgent":"Mozilla/5.0 (Windows NT 10.0; WOW64) AppleWebKit/537.36 (KHTML, like Gecko) Chrome/65.0.3325.181 Safari/537.36"}
[2018-07-12T14:17:04.959] [INFO] cheese - {"method":"GET","url":"/classify/list","host":"localhost:4000","message":{"message":"响应时间为：921037"},"userAgent":"Mozilla/5.0 (Windows NT 10.0; WOW64) AppleWebKit/537.36 (KHTML, like Gecko) Chrome/65.0.3325.181 Safari/537.36"}
[2018-07-12T14:17:05.335] [INFO] cheese - {"method":"GET","url":"/favicon.ico","host":"localhost:4000","message":{"message":"响应时间为：921414"},"referer":"http://localhost:4000/classify/list","userAgent":"Mozilla/5.0 (Windows NT 10.0; WOW64) AppleWebKit/537.36 (KHTML, like Gecko) Chrome/65.0.3325.181 Safari/537.36"}
[2018-07-12T14:39:31.449] [INFO] cheese - {"method":"GET","url":"/client/blog/list?pageindex=1","host":"localhost:4000","message":{"message":"响应时间为：55644"},"userAgent":"axios/0.18.0"}
[2018-07-12T14:39:31.455] [INFO] cheese - {"method":"GET","url":"/client/series/list","host":"localhost:4000","message":{"message":"响应时间为：55651"},"userAgent":"axios/0.18.0"}
[2018-07-12T14:39:31.562] [INFO] cheese - {"method":"GET","url":"/classify/list","host":"localhost:4000","message":{"message":"响应时间为：55758"},"userAgent":"axios/0.18.0"}
[2018-07-12T14:39:31.568] [INFO] cheese - {"method":"GET","url":"/tag/list","host":"localhost:4000","message":{"message":"响应时间为：55763"},"userAgent":"axios/0.18.0"}
[2018-07-12T14:39:32.001] [INFO] cheese - {"method":"GET","url":"/tag/list","host":"localhost:4000","message":{"message":"响应时间为：56197"},"referer":"http://localhost:4002/","userAgent":"Mozilla/5.0 (Windows NT 10.0; WOW64) AppleWebKit/537.36 (KHTML, like Gecko) Chrome/65.0.3325.181 Safari/537.36"}
[2018-07-12T14:39:32.005] [INFO] cheese - {"method":"GET","url":"/classify/list","host":"localhost:4000","message":{"message":"响应时间为：56200"},"referer":"http://localhost:4002/","userAgent":"Mozilla/5.0 (Windows NT 10.0; WOW64) AppleWebKit/537.36 (KHTML, like Gecko) Chrome/65.0.3325.181 Safari/537.36"}
[2018-07-12T14:39:39.840] [INFO] cheese - {"method":"GET","url":"/client/series/list","host":"localhost:4000","message":{"message":"响应时间为：64036"},"userAgent":"axios/0.18.0"}
[2018-07-12T14:39:39.846] [INFO] cheese - {"method":"GET","url":"/client/blog/list?pageindex=1","host":"localhost:4000","message":{"message":"响应时间为：64041"},"userAgent":"axios/0.18.0"}
[2018-07-12T14:39:39.926] [INFO] cheese - {"method":"GET","url":"/classify/list","host":"localhost:4000","message":{"message":"响应时间为：64122"},"userAgent":"axios/0.18.0"}
[2018-07-12T14:39:39.936] [INFO] cheese - {"method":"GET","url":"/tag/list","host":"localhost:4000","message":{"message":"响应时间为：64132"},"userAgent":"axios/0.18.0"}
[2018-07-12T14:39:40.459] [INFO] cheese - {"method":"GET","url":"/classify/list","host":"localhost:4000","message":{"message":"响应时间为：64655"},"referer":"http://localhost:4002/","userAgent":"Mozilla/5.0 (Windows NT 10.0; WOW64) AppleWebKit/537.36 (KHTML, like Gecko) Chrome/65.0.3325.181 Safari/537.36"}
[2018-07-12T14:39:40.473] [INFO] cheese - {"method":"GET","url":"/tag/list","host":"localhost:4000","message":{"message":"响应时间为：64668"},"referer":"http://localhost:4002/","userAgent":"Mozilla/5.0 (Windows NT 10.0; WOW64) AppleWebKit/537.36 (KHTML, like Gecko) Chrome/65.0.3325.181 Safari/537.36"}
[2018-07-12T15:09:34.590] [INFO] cheese - {"method":"GET","url":"/client/series/list","host":"localhost:4000","message":{"message":"响应时间为：40116"},"userAgent":"axios/0.18.0"}
[2018-07-12T15:09:34.606] [INFO] cheese - {"method":"GET","url":"/client/blog/list?pageindex=1","host":"localhost:4000","message":{"message":"响应时间为：40133"},"userAgent":"axios/0.18.0"}
[2018-07-12T15:09:34.741] [INFO] cheese - {"method":"GET","url":"/classify/list","host":"localhost:4000","message":{"message":"响应时间为：40268"},"userAgent":"axios/0.18.0"}
[2018-07-12T15:09:34.762] [INFO] cheese - {"method":"GET","url":"/tag/list","host":"localhost:4000","message":{"message":"响应时间为：40289"},"userAgent":"axios/0.18.0"}
[2018-07-12T15:09:35.518] [INFO] cheese - {"method":"GET","url":"/classify/list","host":"localhost:4000","message":{"message":"响应时间为：41045"},"referer":"http://localhost:4002/","userAgent":"Mozilla/5.0 (Windows NT 10.0; WOW64) AppleWebKit/537.36 (KHTML, like Gecko) Chrome/65.0.3325.181 Safari/537.36"}
[2018-07-12T15:09:35.529] [INFO] cheese - {"method":"GET","url":"/tag/list","host":"localhost:4000","message":{"message":"响应时间为：41055"},"referer":"http://localhost:4002/","userAgent":"Mozilla/5.0 (Windows NT 10.0; WOW64) AppleWebKit/537.36 (KHTML, like Gecko) Chrome/65.0.3325.181 Safari/537.36"}
