[2018-07-10T07:18:11.696] [INFO] cheese - {"method":"GET","url":"/api/client/blog/list?pageindex=1","host":"localhost:4000","message":{"message":"响应时间为：84529"},"userAgent":"axios/0.18.0"}
[2018-07-10T07:18:11.707] [INFO] cheese - {"method":"GET","url":"/api/client/series/list","host":"localhost:4000","message":{"message":"响应时间为：84540"},"userAgent":"axios/0.18.0"}
[2018-07-10T07:19:17.516] [INFO] cheese - {"method":"GET","url":"/api/client/blog/list?pageindex=1","host":"localhost:4000","message":{"message":"响应时间为：150349"},"userAgent":"axios/0.18.0"}
[2018-07-10T07:19:17.524] [INFO] cheese - {"method":"GET","url":"/api/client/series/list","host":"localhost:4000","message":{"message":"响应时间为：150357"},"userAgent":"axios/0.18.0"}
[2018-07-10T07:19:34.907] [INFO] cheese - {"method":"GET","url":"/api/client/blog/list?pageindex=1","host":"localhost:4000","message":{"message":"响应时间为：167740"},"userAgent":"axios/0.18.0"}
[2018-07-10T07:19:34.909] [INFO] cheese - {"method":"GET","url":"/api/client/series/list","host":"localhost:4000","message":{"message":"响应时间为：167742"},"userAgent":"axios/0.18.0"}
[2018-07-10T07:19:48.122] [INFO] cheese - {"method":"GET","url":"/","host":"localhost:4000","message":{"message":"响应时间为：180955"},"userAgent":"Mozilla/5.0 (X11; Linux x86_64) AppleWebKit/537.36 (KHTML, like Gecko) Chrome/67.0.3396.87 Safari/537.36"}
[2018-07-10T07:19:48.468] [INFO] cheese - {"method":"GET","url":"/favicon.ico","host":"localhost:4000","message":{"message":"响应时间为：181301"},"referer":"http://localhost:4000/","userAgent":"Mozilla/5.0 (X11; Linux x86_64) AppleWebKit/537.36 (KHTML, like Gecko) Chrome/67.0.3396.87 Safari/537.36"}
[2018-07-10T07:19:57.704] [INFO] cheese - {"method":"GET","url":"/api/client/blog/list?pageindex=1","host":"localhost:4000","message":{"message":"响应时间为：190537"},"userAgent":"axios/0.18.0"}
[2018-07-10T07:19:57.705] [INFO] cheese - {"method":"GET","url":"/api/client/series/list","host":"localhost:4000","message":{"message":"响应时间为：190538"},"userAgent":"axios/0.18.0"}
[2018-07-10T07:20:15.873] [INFO] cheese - {"method":"GET","url":"/api/client/blog/list?pageindex=1","host":"localhost:4000","message":{"message":"响应时间为：208706"},"userAgent":"axios/0.18.0"}
[2018-07-10T07:20:15.885] [INFO] cheese - {"method":"GET","url":"/api/client/series/list","host":"localhost:4000","message":{"message":"响应时间为：208717"},"userAgent":"axios/0.18.0"}
[2018-07-10T07:21:31.040] [INFO] cheese - {"method":"GET","url":"/api/client/blog/list?pageindex=1","host":"localhost:4000","message":{"message":"响应时间为：283872"},"userAgent":"axios/0.18.0"}
[2018-07-10T07:21:31.045] [INFO] cheese - {"method":"GET","url":"/api/client/series/list","host":"localhost:4000","message":{"message":"响应时间为：283878"},"userAgent":"axios/0.18.0"}
[2018-07-10T07:25:30.017] [INFO] cheese - {"method":"GET","url":"/client/series/list","host":"localhost:4000","message":{"message":"响应时间为：138032"},"userAgent":"axios/0.18.0"}
[2018-07-10T07:25:30.062] [INFO] cheese - {"method":"GET","url":"/client/blog/list?pageindex=1","host":"localhost:4000","message":{"message":"响应时间为：138077"},"userAgent":"axios/0.18.0"}
[2018-07-10T07:25:30.162] [INFO] cheese - {"method":"GET","url":"/classify/list","host":"localhost:4000","message":{"message":"响应时间为：138177"},"userAgent":"axios/0.18.0"}
[2018-07-10T07:25:30.195] [INFO] cheese - {"method":"GET","url":"/tag/list","host":"localhost:4000","message":{"message":"响应时间为：138210"},"userAgent":"axios/0.18.0"}
[2018-07-10T07:25:31.184] [INFO] cheese - {"method":"GET","url":"/classify/list","host":"localhost:4000","message":{"message":"响应时间为：139199"},"referer":"http://localhost:8081/","userAgent":"Mozilla/5.0 (X11; Linux x86_64) AppleWebKit/537.36 (KHTML, like Gecko) Chrome/67.0.3396.87 Safari/537.36"}
[2018-07-10T07:25:31.188] [INFO] cheese - {"method":"GET","url":"/tag/list","host":"localhost:4000","message":{"message":"响应时间为：139203"},"referer":"http://localhost:8081/","userAgent":"Mozilla/5.0 (X11; Linux x86_64) AppleWebKit/537.36 (KHTML, like Gecko) Chrome/67.0.3396.87 Safari/537.36"}
[2018-07-10T07:25:35.471] [INFO] cheese - {"method":"GET","url":"/client/blog/list?pageindex=1","host":"localhost:4000","message":{"message":"响应时间为：143485"},"userAgent":"axios/0.18.0"}
[2018-07-10T07:25:35.473] [INFO] cheese - {"method":"GET","url":"/client/series/list","host":"localhost:4000","message":{"message":"响应时间为：143488"},"userAgent":"axios/0.18.0"}
[2018-07-10T07:25:35.529] [INFO] cheese - {"method":"GET","url":"/classify/list","host":"localhost:4000","message":{"message":"响应时间为：143544"},"userAgent":"axios/0.18.0"}
[2018-07-10T07:25:35.534] [INFO] cheese - {"method":"GET","url":"/tag/list","host":"localhost:4000","message":{"message":"响应时间为：143549"},"userAgent":"axios/0.18.0"}
[2018-07-10T07:25:36.090] [INFO] cheese - {"method":"GET","url":"/classify/list","host":"localhost:4000","message":{"message":"响应时间为：144105"},"referer":"http://localhost:8081/","userAgent":"Mozilla/5.0 (X11; Linux x86_64) AppleWebKit/537.36 (KHTML, like Gecko) Chrome/67.0.3396.87 Safari/537.36"}
[2018-07-10T07:25:36.099] [INFO] cheese - {"method":"GET","url":"/tag/list","host":"localhost:4000","message":{"message":"响应时间为：144114"},"referer":"http://localhost:8081/","userAgent":"Mozilla/5.0 (X11; Linux x86_64) AppleWebKit/537.36 (KHTML, like Gecko) Chrome/67.0.3396.87 Safari/537.36"}
[2018-07-10T07:26:03.265] [INFO] cheese - {"method":"GET","url":"/classify/list","host":"localhost:4000","message":{"message":"响应时间为：171280"},"userAgent":"Mozilla/5.0 (X11; Linux x86_64) AppleWebKit/537.36 (KHTML, like Gecko) Chrome/67.0.3396.87 Safari/537.36"}
[2018-07-10T07:26:07.420] [INFO] cheese - {"method":"GET","url":"/client/blog/list?pageindex=1","host":"localhost:4000","message":{"message":"响应时间为：175434"},"userAgent":"axios/0.18.0"}
[2018-07-10T07:26:07.421] [INFO] cheese - {"method":"GET","url":"/client/series/list","host":"localhost:4000","message":{"message":"响应时间为：175436"},"userAgent":"axios/0.18.0"}
[2018-07-10T07:26:07.463] [INFO] cheese - {"method":"GET","url":"/classify/list","host":"localhost:4000","message":{"message":"响应时间为：175478"},"userAgent":"axios/0.18.0"}
[2018-07-10T07:26:07.465] [INFO] cheese - {"method":"GET","url":"/tag/list","host":"localhost:4000","message":{"message":"响应时间为：175480"},"userAgent":"axios/0.18.0"}
[2018-07-10T07:26:07.994] [INFO] cheese - {"method":"GET","url":"/classify/list","host":"localhost:4000","message":{"message":"响应时间为：176009"},"referer":"http://localhost:8081/","userAgent":"Mozilla/5.0 (X11; Linux x86_64) AppleWebKit/537.36 (KHTML, like Gecko) Chrome/67.0.3396.87 Safari/537.36"}
[2018-07-10T07:26:07.997] [INFO] cheese - {"method":"GET","url":"/tag/list","host":"localhost:4000","message":{"message":"响应时间为：176012"},"referer":"http://localhost:8081/","userAgent":"Mozilla/5.0 (X11; Linux x86_64) AppleWebKit/537.36 (KHTML, like Gecko) Chrome/67.0.3396.87 Safari/537.36"}
[2018-07-10T07:28:15.692] [INFO] cheese - {"method":"GET","url":"/client/blog/list?pageindex=1","host":"localhost:4000","message":{"message":"响应时间为：59817"},"userAgent":"axios/0.18.0"}
[2018-07-10T07:28:15.701] [INFO] cheese - {"method":"GET","url":"/client/series/list","host":"localhost:4000","message":{"message":"响应时间为：59829"},"userAgent":"axios/0.18.0"}
[2018-07-10T07:28:15.781] [INFO] cheese - {"method":"GET","url":"/classify/list","host":"localhost:4000","message":{"message":"响应时间为：59909"},"userAgent":"axios/0.18.0"}
[2018-07-10T07:28:15.783] [INFO] cheese - {"method":"GET","url":"/tag/list","host":"localhost:4000","message":{"message":"响应时间为：59911"},"userAgent":"axios/0.18.0"}
[2018-07-10T07:28:16.591] [INFO] cheese - {"method":"GET","url":"/classify/list","host":"localhost:4000","message":{"message":"响应时间为：60719"},"referer":"http://localhost:8081/","userAgent":"Mozilla/5.0 (X11; Linux x86_64) AppleWebKit/537.36 (KHTML, like Gecko) Chrome/67.0.3396.87 Safari/537.36"}
[2018-07-10T07:28:16.595] [INFO] cheese - {"method":"GET","url":"/tag/list","host":"localhost:4000","message":{"message":"响应时间为：60723"},"referer":"http://localhost:8081/","userAgent":"Mozilla/5.0 (X11; Linux x86_64) AppleWebKit/537.36 (KHTML, like Gecko) Chrome/67.0.3396.87 Safari/537.36"}
[2018-07-10T07:28:19.487] [INFO] cheese - {"method":"GET","url":"/client/series/list","host":"localhost:4000","message":{"message":"响应时间为：63614"},"userAgent":"axios/0.18.0"}
[2018-07-10T07:28:19.498] [INFO] cheese - {"method":"GET","url":"/client/blog/list?pageindex=1","host":"localhost:4000","message":{"message":"响应时间为：63626"},"userAgent":"axios/0.18.0"}
[2018-07-10T07:28:19.540] [INFO] cheese - {"method":"GET","url":"/classify/list","host":"localhost:4000","message":{"message":"响应时间为：63668"},"userAgent":"axios/0.18.0"}
[2018-07-10T07:28:19.547] [INFO] cheese - {"method":"GET","url":"/tag/list","host":"localhost:4000","message":{"message":"响应时间为：63675"},"userAgent":"axios/0.18.0"}
[2018-07-10T07:28:20.019] [INFO] cheese - {"method":"GET","url":"/classify/list","host":"localhost:4000","message":{"message":"响应时间为：64147"},"referer":"http://localhost:8081/","userAgent":"Mozilla/5.0 (X11; Linux x86_64) AppleWebKit/537.36 (KHTML, like Gecko) Chrome/67.0.3396.87 Safari/537.36"}
[2018-07-10T07:28:20.042] [INFO] cheese - {"method":"GET","url":"/tag/list","host":"localhost:4000","message":{"message":"响应时间为：64170"},"referer":"http://localhost:8081/","userAgent":"Mozilla/5.0 (X11; Linux x86_64) AppleWebKit/537.36 (KHTML, like Gecko) Chrome/67.0.3396.87 Safari/537.36"}
[2018-07-10T07:31:53.620] [INFO] cheese - {"method":"GET","url":"/","host":"localhost:4000","message":{"message":"响应时间为：154521"},"userAgent":"Mozilla/5.0 (X11; Linux x86_64) AppleWebKit/537.36 (KHTML, like Gecko) Chrome/67.0.3396.87 Safari/537.36"}
[2018-07-10T07:31:58.359] [INFO] cheese - {"method":"GET","url":"/","host":"localhost:4000","message":{"message":"响应时间为：159260"},"userAgent":"Mozilla/5.0 (X11; Linux x86_64) AppleWebKit/537.36 (KHTML, like Gecko) Chrome/67.0.3396.87 Safari/537.36"}
[2018-07-10T07:32:25.164] [INFO] cheese - {"method":"GET","url":"/","host":"localhost:4000","message":{"message":"响应时间为：186065"},"userAgent":"Mozilla/5.0 (X11; Linux x86_64) AppleWebKit/537.36 (KHTML, like Gecko) Chrome/67.0.3396.87 Safari/537.36"}
[2018-07-10T07:32:26.126] [INFO] cheese - {"method":"GET","url":"/","host":"localhost:4000","message":{"message":"响应时间为：187027"},"userAgent":"Mozilla/5.0 (X11; Linux x86_64) AppleWebKit/537.36 (KHTML, like Gecko) Chrome/67.0.3396.87 Safari/537.36"}
[2018-07-10T07:34:30.354] [INFO] cheese - {"method":"GET","url":"/client/blog/list?pageindex=1","host":"localhost:4000","message":{"message":"响应时间为：43394"},"userAgent":"axios/0.18.0"}
[2018-07-10T07:34:30.386] [INFO] cheese - {"method":"GET","url":"/client/series/list","host":"localhost:4000","message":{"message":"响应时间为：43429"},"userAgent":"axios/0.18.0"}
[2018-07-10T07:34:30.460] [INFO] cheese - {"method":"GET","url":"/classify/list","host":"localhost:4000","message":{"message":"响应时间为：43503"},"userAgent":"axios/0.18.0"}
[2018-07-10T07:34:30.469] [INFO] cheese - {"method":"GET","url":"/tag/list","host":"localhost:4000","message":{"message":"响应时间为：43511"},"userAgent":"axios/0.18.0"}
[2018-07-10T07:34:31.278] [INFO] cheese - {"method":"GET","url":"/classify/list","host":"localhost:4000","message":{"message":"响应时间为：44321"},"referer":"http://localhost:8081/","userAgent":"Mozilla/5.0 (X11; Linux x86_64) AppleWebKit/537.36 (KHTML, like Gecko) Chrome/67.0.3396.87 Safari/537.36"}
[2018-07-10T07:34:31.292] [INFO] cheese - {"method":"GET","url":"/tag/list","host":"localhost:4000","message":{"message":"响应时间为：44335"},"referer":"http://localhost:8081/","userAgent":"Mozilla/5.0 (X11; Linux x86_64) AppleWebKit/537.36 (KHTML, like Gecko) Chrome/67.0.3396.87 Safari/537.36"}
[2018-07-10T07:34:34.470] [INFO] cheese - {"method":"GET","url":"/client/series/list","host":"localhost:4000","message":{"message":"响应时间为：47513"},"userAgent":"axios/0.18.0"}
[2018-07-10T07:34:34.481] [INFO] cheese - {"method":"GET","url":"/client/blog/list?pageindex=1","host":"localhost:4000","message":{"message":"响应时间为：47524"},"userAgent":"axios/0.18.0"}
[2018-07-10T07:34:34.529] [INFO] cheese - {"method":"GET","url":"/classify/list","host":"localhost:4000","message":{"message":"响应时间为：47572"},"userAgent":"axios/0.18.0"}
[2018-07-10T07:34:34.534] [INFO] cheese - {"method":"GET","url":"/tag/list","host":"localhost:4000","message":{"message":"响应时间为：47577"},"userAgent":"axios/0.18.0"}
[2018-07-10T07:34:35.031] [INFO] cheese - {"method":"GET","url":"/classify/list","host":"localhost:4000","message":{"message":"响应时间为：48074"},"referer":"http://localhost:8081/","userAgent":"Mozilla/5.0 (X11; Linux x86_64) AppleWebKit/537.36 (KHTML, like Gecko) Chrome/67.0.3396.87 Safari/537.36"}
[2018-07-10T07:34:35.036] [INFO] cheese - {"method":"GET","url":"/tag/list","host":"localhost:4000","message":{"message":"响应时间为：48079"},"referer":"http://localhost:8081/","userAgent":"Mozilla/5.0 (X11; Linux x86_64) AppleWebKit/537.36 (KHTML, like Gecko) Chrome/67.0.3396.87 Safari/537.36"}
[2018-07-10T07:34:39.152] [INFO] cheese - {"method":"GET","url":"/client/blog/list?pageindex=2","host":"localhost:4000","message":{"message":"响应时间为：52195"},"referer":"http://localhost:8081/","userAgent":"Mozilla/5.0 (X11; Linux x86_64) AppleWebKit/537.36 (KHTML, like Gecko) Chrome/67.0.3396.87 Safari/537.36"}
[2018-07-10T07:34:44.312] [INFO] cheese - {"method":"GET","url":"/client/blog/list?pageindex=1&seriesName=Javascript%E5%9F%BA%E7%A1%80%E5%AD%A6%E4%B9%A0%EF%BC%8C%E9%80%9F%E8%AE%B0","host":"localhost:4000","message":{"message":"响应时间为：57355"},"referer":"http://localhost:8081/","userAgent":"Mozilla/5.0 (X11; Linux x86_64) AppleWebKit/537.36 (KHTML, like Gecko) Chrome/67.0.3396.87 Safari/537.36"}
[2018-07-10T07:34:44.315] [INFO] cheese - {"method":"GET","url":"/client/series/list?title=Javascript%E5%9F%BA%E7%A1%80%E5%AD%A6%E4%B9%A0%EF%BC%8C%E9%80%9F%E8%AE%B0","host":"localhost:4000","message":{"message":"响应时间为：57358"},"referer":"http://localhost:8081/","userAgent":"Mozilla/5.0 (X11; Linux x86_64) AppleWebKit/537.36 (KHTML, like Gecko) Chrome/67.0.3396.87 Safari/537.36"}
[2018-07-10T07:34:51.273] [INFO] cheese - {"method":"GET","url":"/classify/list","host":"localhost:4000","message":{"message":"响应时间为：64316"},"referer":"http://localhost:8081/","userAgent":"Mozilla/5.0 (X11; Linux x86_64) AppleWebKit/537.36 (KHTML, like Gecko) Chrome/67.0.3396.87 Safari/537.36"}
[2018-07-10T07:34:51.283] [INFO] cheese - {"method":"GET","url":"/tag/list","host":"localhost:4000","message":{"message":"响应时间为：64326"},"referer":"http://localhost:8081/","userAgent":"Mozilla/5.0 (X11; Linux x86_64) AppleWebKit/537.36 (KHTML, like Gecko) Chrome/67.0.3396.87 Safari/537.36"}
