[2018-12-31T00:01:21.809] [INFO] cheese - {"method":"GET","url":"/client/series/list","host":"localhost:4000","message":{"message":"响应时间为：1385134"},"referer":"http://localhost:4002/project","userAgent":"Mozilla/5.0 (X11; Linux x86_64) AppleWebKit/537.36 (KHTML, like Gecko) Chrome/67.0.3396.87 Safari/537.36"}
[2018-12-31T00:01:21.838] [INFO] cheese - {"method":"GET","url":"/client/blog/list?pageindex=1","host":"localhost:4000","message":{"message":"响应时间为：1385164"},"referer":"http://localhost:4002/project","userAgent":"Mozilla/5.0 (X11; Linux x86_64) AppleWebKit/537.36 (KHTML, like Gecko) Chrome/67.0.3396.87 Safari/537.36"}
[2018-12-31T00:01:22.309] [INFO] cheese - {"method":"GET","url":"/classify/list","host":"localhost:4000","message":{"message":"响应时间为：1385635"},"referer":"http://localhost:4002/","userAgent":"Mozilla/5.0 (X11; Linux x86_64) AppleWebKit/537.36 (KHTML, like Gecko) Chrome/67.0.3396.87 Safari/537.36"}
[2018-12-31T00:01:22.313] [INFO] cheese - {"method":"GET","url":"/tag/list","host":"localhost:4000","message":{"message":"响应时间为：1385639"},"referer":"http://localhost:4002/","userAgent":"Mozilla/5.0 (X11; Linux x86_64) AppleWebKit/537.36 (KHTML, like Gecko) Chrome/67.0.3396.87 Safari/537.36"}
[2018-12-31T00:02:26.646] [INFO] cheese - {"method":"GET","url":"/client/blog/list?pageindex=1","host":"localhost:4000","message":{"message":"响应时间为：1449972"},"userAgent":"axios/0.18.0"}
[2018-12-31T00:02:26.658] [INFO] cheese - {"method":"GET","url":"/client/series/list","host":"localhost:4000","message":{"message":"响应时间为：1449984"},"userAgent":"axios/0.18.0"}
[2018-12-31T00:02:26.738] [INFO] cheese - {"method":"GET","url":"/classify/list","host":"localhost:4000","message":{"message":"响应时间为：1450064"},"userAgent":"axios/0.18.0"}
[2018-12-31T00:02:26.743] [INFO] cheese - {"method":"GET","url":"/tag/list","host":"localhost:4000","message":{"message":"响应时间为：1450069"},"userAgent":"axios/0.18.0"}
[2018-12-31T00:02:27.907] [INFO] cheese - {"method":"GET","url":"/classify/list","host":"localhost:4000","message":{"message":"响应时间为：1451233"},"referer":"http://localhost:4002/","userAgent":"Mozilla/5.0 (X11; Linux x86_64) AppleWebKit/537.36 (KHTML, like Gecko) Chrome/67.0.3396.87 Safari/537.36"}
[2018-12-31T00:02:27.909] [INFO] cheese - {"method":"GET","url":"/tag/list","host":"localhost:4000","message":{"message":"响应时间为：1451235"},"referer":"http://localhost:4002/","userAgent":"Mozilla/5.0 (X11; Linux x86_64) AppleWebKit/537.36 (KHTML, like Gecko) Chrome/67.0.3396.87 Safari/537.36"}
[2018-12-31T00:07:58.487] [INFO] cheese - {"method":"GET","url":"/tool/list","host":"localhost:4000","message":{"message":"响应时间为：1781813"},"referer":"http://localhost:4002/about","userAgent":"Mozilla/5.0 (X11; Linux x86_64) AppleWebKit/537.36 (KHTML, like Gecko) Chrome/67.0.3396.87 Safari/537.36"}
[2018-12-31T00:08:00.165] [INFO] cheese - {"method":"GET","url":"/client/blog/list?pageindex=1","host":"localhost:4000","message":{"message":"响应时间为：1783491"},"referer":"http://localhost:4002/tool","userAgent":"Mozilla/5.0 (X11; Linux x86_64) AppleWebKit/537.36 (KHTML, like Gecko) Chrome/67.0.3396.87 Safari/537.36"}
[2018-12-31T00:08:00.167] [INFO] cheese - {"method":"GET","url":"/client/series/list","host":"localhost:4000","message":{"message":"响应时间为：1783493"},"referer":"http://localhost:4002/tool","userAgent":"Mozilla/5.0 (X11; Linux x86_64) AppleWebKit/537.36 (KHTML, like Gecko) Chrome/67.0.3396.87 Safari/537.36"}
[2018-12-31T00:08:00.603] [INFO] cheese - {"method":"GET","url":"/classify/list","host":"localhost:4000","message":{"message":"响应时间为：1783929"},"referer":"http://localhost:4002/","userAgent":"Mozilla/5.0 (X11; Linux x86_64) AppleWebKit/537.36 (KHTML, like Gecko) Chrome/67.0.3396.87 Safari/537.36"}
[2018-12-31T00:08:00.619] [INFO] cheese - {"method":"GET","url":"/tag/list","host":"localhost:4000","message":{"message":"响应时间为：1783945"},"referer":"http://localhost:4002/","userAgent":"Mozilla/5.0 (X11; Linux x86_64) AppleWebKit/537.36 (KHTML, like Gecko) Chrome/67.0.3396.87 Safari/537.36"}
[2018-12-31T00:08:28.613] [INFO] cheese - {"method":"GET","url":"/client/series/list","host":"localhost:4000","message":{"message":"响应时间为：1811939"},"referer":"http://localhost:4002/project","userAgent":"Mozilla/5.0 (X11; Linux x86_64) AppleWebKit/537.36 (KHTML, like Gecko) Chrome/67.0.3396.87 Safari/537.36"}
[2018-12-31T00:08:28.618] [INFO] cheese - {"method":"GET","url":"/client/blog/list?pageindex=1","host":"localhost:4000","message":{"message":"响应时间为：1811944"},"referer":"http://localhost:4002/project","userAgent":"Mozilla/5.0 (X11; Linux x86_64) AppleWebKit/537.36 (KHTML, like Gecko) Chrome/67.0.3396.87 Safari/537.36"}
[2018-12-31T00:08:28.993] [INFO] cheese - {"method":"GET","url":"/classify/list","host":"localhost:4000","message":{"message":"响应时间为：1812318"},"referer":"http://localhost:4002/","userAgent":"Mozilla/5.0 (X11; Linux x86_64) AppleWebKit/537.36 (KHTML, like Gecko) Chrome/67.0.3396.87 Safari/537.36"}
[2018-12-31T00:08:29.018] [INFO] cheese - {"method":"GET","url":"/tag/list","host":"localhost:4000","message":{"message":"响应时间为：1812344"},"referer":"http://localhost:4002/","userAgent":"Mozilla/5.0 (X11; Linux x86_64) AppleWebKit/537.36 (KHTML, like Gecko) Chrome/67.0.3396.87 Safari/537.36"}
[2018-12-31T00:08:33.100] [INFO] cheese - {"method":"GET","url":"/client/series/list","host":"localhost:4000","message":{"message":"响应时间为：1816426"},"referer":"http://localhost:4002/project","userAgent":"Mozilla/5.0 (X11; Linux x86_64) AppleWebKit/537.36 (KHTML, like Gecko) Chrome/67.0.3396.87 Safari/537.36"}
[2018-12-31T00:08:33.104] [INFO] cheese - {"method":"GET","url":"/client/blog/list?pageindex=1","host":"localhost:4000","message":{"message":"响应时间为：1816430"},"referer":"http://localhost:4002/project","userAgent":"Mozilla/5.0 (X11; Linux x86_64) AppleWebKit/537.36 (KHTML, like Gecko) Chrome/67.0.3396.87 Safari/537.36"}
[2018-12-31T00:08:33.489] [INFO] cheese - {"method":"GET","url":"/classify/list","host":"localhost:4000","message":{"message":"响应时间为：1816814"},"referer":"http://localhost:4002/","userAgent":"Mozilla/5.0 (X11; Linux x86_64) AppleWebKit/537.36 (KHTML, like Gecko) Chrome/67.0.3396.87 Safari/537.36"}
[2018-12-31T00:08:33.501] [INFO] cheese - {"method":"GET","url":"/tag/list","host":"localhost:4000","message":{"message":"响应时间为：1816827"},"referer":"http://localhost:4002/","userAgent":"Mozilla/5.0 (X11; Linux x86_64) AppleWebKit/537.36 (KHTML, like Gecko) Chrome/67.0.3396.87 Safari/537.36"}
[2018-12-31T00:09:42.483] [INFO] cheese - {"method":"GET","url":"/client/series/list","host":"localhost:4000","message":{"message":"响应时间为：1885809"},"userAgent":"axios/0.18.0"}
[2018-12-31T00:09:42.499] [INFO] cheese - {"method":"GET","url":"/client/blog/list?pageindex=1","host":"localhost:4000","message":{"message":"响应时间为：1885825"},"userAgent":"axios/0.18.0"}
[2018-12-31T00:09:42.582] [INFO] cheese - {"method":"GET","url":"/classify/list","host":"localhost:4000","message":{"message":"响应时间为：1885908"},"userAgent":"axios/0.18.0"}
[2018-12-31T00:09:42.585] [INFO] cheese - {"method":"GET","url":"/tag/list","host":"localhost:4000","message":{"message":"响应时间为：1885911"},"userAgent":"axios/0.18.0"}
[2018-12-31T00:09:43.672] [INFO] cheese - {"method":"GET","url":"/classify/list","host":"localhost:4000","message":{"message":"响应时间为：1886998"},"referer":"http://localhost:4002/","userAgent":"Mozilla/5.0 (X11; Linux x86_64) AppleWebKit/537.36 (KHTML, like Gecko) Chrome/67.0.3396.87 Safari/537.36"}
[2018-12-31T00:09:43.678] [INFO] cheese - {"method":"GET","url":"/tag/list","host":"localhost:4000","message":{"message":"响应时间为：1887004"},"referer":"http://localhost:4002/","userAgent":"Mozilla/5.0 (X11; Linux x86_64) AppleWebKit/537.36 (KHTML, like Gecko) Chrome/67.0.3396.87 Safari/537.36"}
[2018-12-31T00:09:50.839] [INFO] cheese - {"method":"GET","url":"/client/series/list","host":"localhost:4000","message":{"message":"响应时间为：1894165"},"referer":"http://localhost:4002/project","userAgent":"Mozilla/5.0 (X11; Linux x86_64) AppleWebKit/537.36 (KHTML, like Gecko) Chrome/67.0.3396.87 Safari/537.36"}
[2018-12-31T00:09:50.844] [INFO] cheese - {"method":"GET","url":"/client/blog/list?pageindex=1","host":"localhost:4000","message":{"message":"响应时间为：1894170"},"referer":"http://localhost:4002/project","userAgent":"Mozilla/5.0 (X11; Linux x86_64) AppleWebKit/537.36 (KHTML, like Gecko) Chrome/67.0.3396.87 Safari/537.36"}
[2018-12-31T00:09:51.219] [INFO] cheese - {"method":"GET","url":"/classify/list","host":"localhost:4000","message":{"message":"响应时间为：1894544"},"referer":"http://localhost:4002/","userAgent":"Mozilla/5.0 (X11; Linux x86_64) AppleWebKit/537.36 (KHTML, like Gecko) Chrome/67.0.3396.87 Safari/537.36"}
[2018-12-31T00:09:51.246] [INFO] cheese - {"method":"GET","url":"/tag/list","host":"localhost:4000","message":{"message":"响应时间为：1894571"},"referer":"http://localhost:4002/","userAgent":"Mozilla/5.0 (X11; Linux x86_64) AppleWebKit/537.36 (KHTML, like Gecko) Chrome/67.0.3396.87 Safari/537.36"}
[2018-12-31T00:10:37.625] [INFO] cheese - {"method":"GET","url":"/client/series/list","host":"localhost:4000","message":{"message":"响应时间为：1940951"},"userAgent":"axios/0.18.0"}
[2018-12-31T00:10:37.633] [INFO] cheese - {"method":"GET","url":"/client/blog/list?pageindex=1","host":"localhost:4000","message":{"message":"响应时间为：1940959"},"userAgent":"axios/0.18.0"}
[2018-12-31T00:10:37.686] [INFO] cheese - {"method":"GET","url":"/classify/list","host":"localhost:4000","message":{"message":"响应时间为：1941012"},"userAgent":"axios/0.18.0"}
[2018-12-31T00:10:37.706] [INFO] cheese - {"method":"GET","url":"/tag/list","host":"localhost:4000","message":{"message":"响应时间为：1941032"},"userAgent":"axios/0.18.0"}
[2018-12-31T00:10:38.762] [INFO] cheese - {"method":"GET","url":"/classify/list","host":"localhost:4000","message":{"message":"响应时间为：1942087"},"referer":"http://localhost:4002/","userAgent":"Mozilla/5.0 (X11; Linux x86_64) AppleWebKit/537.36 (KHTML, like Gecko) Chrome/67.0.3396.87 Safari/537.36"}
[2018-12-31T00:10:38.771] [INFO] cheese - {"method":"GET","url":"/tag/list","host":"localhost:4000","message":{"message":"响应时间为：1942097"},"referer":"http://localhost:4002/","userAgent":"Mozilla/5.0 (X11; Linux x86_64) AppleWebKit/537.36 (KHTML, like Gecko) Chrome/67.0.3396.87 Safari/537.36"}
[2018-12-31T00:11:43.546] [INFO] cheese - {"method":"GET","url":"/client/blog/list?pageindex=1","host":"localhost:4000","message":{"message":"响应时间为：2006872"},"referer":"http://localhost:4002/about","userAgent":"Mozilla/5.0 (X11; Linux x86_64) AppleWebKit/537.36 (KHTML, like Gecko) Chrome/67.0.3396.87 Safari/537.36"}
[2018-12-31T00:11:43.549] [INFO] cheese - {"method":"GET","url":"/client/series/list","host":"localhost:4000","message":{"message":"响应时间为：2006875"},"referer":"http://localhost:4002/about","userAgent":"Mozilla/5.0 (X11; Linux x86_64) AppleWebKit/537.36 (KHTML, like Gecko) Chrome/67.0.3396.87 Safari/537.36"}
[2018-12-31T00:11:43.955] [INFO] cheese - {"method":"GET","url":"/classify/list","host":"localhost:4000","message":{"message":"响应时间为：2007281"},"referer":"http://localhost:4002/","userAgent":"Mozilla/5.0 (X11; Linux x86_64) AppleWebKit/537.36 (KHTML, like Gecko) Chrome/67.0.3396.87 Safari/537.36"}
[2018-12-31T00:11:43.968] [INFO] cheese - {"method":"GET","url":"/tag/list","host":"localhost:4000","message":{"message":"响应时间为：2007294"},"referer":"http://localhost:4002/","userAgent":"Mozilla/5.0 (X11; Linux x86_64) AppleWebKit/537.36 (KHTML, like Gecko) Chrome/67.0.3396.87 Safari/537.36"}
[2018-12-31T00:12:28.978] [INFO] cheese - {"method":"GET","url":"/client/series/list","host":"localhost:4000","message":{"message":"响应时间为：2052304"},"referer":"http://localhost:4002/project","userAgent":"Mozilla/5.0 (X11; Linux x86_64) AppleWebKit/537.36 (KHTML, like Gecko) Chrome/67.0.3396.87 Safari/537.36"}
[2018-12-31T00:12:28.981] [INFO] cheese - {"method":"GET","url":"/client/blog/list?pageindex=1","host":"localhost:4000","message":{"message":"响应时间为：2052307"},"referer":"http://localhost:4002/project","userAgent":"Mozilla/5.0 (X11; Linux x86_64) AppleWebKit/537.36 (KHTML, like Gecko) Chrome/67.0.3396.87 Safari/537.36"}
[2018-12-31T00:12:29.337] [INFO] cheese - {"method":"GET","url":"/classify/list","host":"localhost:4000","message":{"message":"响应时间为：2052663"},"referer":"http://localhost:4002/","userAgent":"Mozilla/5.0 (X11; Linux x86_64) AppleWebKit/537.36 (KHTML, like Gecko) Chrome/67.0.3396.87 Safari/537.36"}
[2018-12-31T00:12:29.372] [INFO] cheese - {"method":"GET","url":"/tag/list","host":"localhost:4000","message":{"message":"响应时间为：2052698"},"referer":"http://localhost:4002/","userAgent":"Mozilla/5.0 (X11; Linux x86_64) AppleWebKit/537.36 (KHTML, like Gecko) Chrome/67.0.3396.87 Safari/537.36"}
[2018-12-31T00:13:09.079] [INFO] cheese - {"method":"GET","url":"/client/series/list","host":"localhost:4000","message":{"message":"响应时间为：2092405"},"userAgent":"axios/0.18.0"}
[2018-12-31T00:13:09.081] [INFO] cheese - {"method":"GET","url":"/client/blog/list?pageindex=1","host":"localhost:4000","message":{"message":"响应时间为：2092407"},"userAgent":"axios/0.18.0"}
[2018-12-31T00:13:09.154] [INFO] cheese - {"method":"GET","url":"/classify/list","host":"localhost:4000","message":{"message":"响应时间为：2092480"},"userAgent":"axios/0.18.0"}
[2018-12-31T00:13:09.177] [INFO] cheese - {"method":"GET","url":"/tag/list","host":"localhost:4000","message":{"message":"响应时间为：2092503"},"userAgent":"axios/0.18.0"}
[2018-12-31T00:13:11.213] [INFO] cheese - {"method":"GET","url":"/classify/list","host":"localhost:4000","message":{"message":"响应时间为：2094539"},"referer":"http://localhost:4002/","userAgent":"Mozilla/5.0 (X11; Linux x86_64) AppleWebKit/537.36 (KHTML, like Gecko) Chrome/67.0.3396.87 Safari/537.36"}
[2018-12-31T00:13:11.462] [INFO] cheese - {"method":"GET","url":"/tag/list","host":"localhost:4000","message":{"message":"响应时间为：2094788"},"referer":"http://localhost:4002/","userAgent":"Mozilla/5.0 (X11; Linux x86_64) AppleWebKit/537.36 (KHTML, like Gecko) Chrome/67.0.3396.87 Safari/537.36"}
[2018-12-31T00:26:12.300] [INFO] cheese - {"method":"GET","url":"/client/series/list","host":"localhost:4000","message":{"message":"响应时间为：47537"},"referer":"http://localhost:4002/project","userAgent":"Mozilla/5.0 (X11; Linux x86_64) AppleWebKit/537.36 (KHTML, like Gecko) Chrome/67.0.3396.87 Safari/537.36"}
[2018-12-31T00:26:12.356] [INFO] cheese - {"method":"GET","url":"/client/blog/list?pageindex=1","host":"localhost:4000","message":{"message":"响应时间为：47593"},"referer":"http://localhost:4002/project","userAgent":"Mozilla/5.0 (X11; Linux x86_64) AppleWebKit/537.36 (KHTML, like Gecko) Chrome/67.0.3396.87 Safari/537.36"}
[2018-12-31T00:26:12.826] [INFO] cheese - {"method":"GET","url":"/tag/list","host":"localhost:4000","message":{"message":"响应时间为：48064"},"referer":"http://localhost:4002/","userAgent":"Mozilla/5.0 (X11; Linux x86_64) AppleWebKit/537.36 (KHTML, like Gecko) Chrome/67.0.3396.87 Safari/537.36"}
[2018-12-31T00:26:12.831] [INFO] cheese - {"method":"GET","url":"/classify/list","host":"localhost:4000","message":{"message":"响应时间为：48069"},"referer":"http://localhost:4002/","userAgent":"Mozilla/5.0 (X11; Linux x86_64) AppleWebKit/537.36 (KHTML, like Gecko) Chrome/67.0.3396.87 Safari/537.36"}
[2018-12-31T00:26:26.180] [INFO] cheese - {"method":"GET","url":"/client/blog/list?pageindex=1","host":"localhost:4000","message":{"message":"响应时间为：61418"},"referer":"http://localhost:4002/project","userAgent":"Mozilla/5.0 (X11; Linux x86_64) AppleWebKit/537.36 (KHTML, like Gecko) Chrome/67.0.3396.87 Safari/537.36"}
[2018-12-31T00:26:26.188] [INFO] cheese - {"method":"GET","url":"/client/series/list","host":"localhost:4000","message":{"message":"响应时间为：61426"},"referer":"http://localhost:4002/project","userAgent":"Mozilla/5.0 (X11; Linux x86_64) AppleWebKit/537.36 (KHTML, like Gecko) Chrome/67.0.3396.87 Safari/537.36"}
[2018-12-31T00:26:26.633] [INFO] cheese - {"method":"GET","url":"/classify/list","host":"localhost:4000","message":{"message":"响应时间为：61871"},"referer":"http://localhost:4002/","userAgent":"Mozilla/5.0 (X11; Linux x86_64) AppleWebKit/537.36 (KHTML, like Gecko) Chrome/67.0.3396.87 Safari/537.36"}
[2018-12-31T00:26:26.651] [INFO] cheese - {"method":"GET","url":"/tag/list","host":"localhost:4000","message":{"message":"响应时间为：61889"},"referer":"http://localhost:4002/","userAgent":"Mozilla/5.0 (X11; Linux x86_64) AppleWebKit/537.36 (KHTML, like Gecko) Chrome/67.0.3396.87 Safari/537.36"}
[2018-12-31T00:27:40.657] [INFO] cheese - {"method":"GET","url":"/client/series/list","host":"localhost:4000","message":{"message":"响应时间为：135895"},"referer":"http://localhost:4002/about","userAgent":"Mozilla/5.0 (X11; Linux x86_64) AppleWebKit/537.36 (KHTML, like Gecko) Chrome/67.0.3396.87 Safari/537.36"}
[2018-12-31T00:27:40.668] [INFO] cheese - {"method":"GET","url":"/client/blog/list?pageindex=1","host":"localhost:4000","message":{"message":"响应时间为：135906"},"referer":"http://localhost:4002/about","userAgent":"Mozilla/5.0 (X11; Linux x86_64) AppleWebKit/537.36 (KHTML, like Gecko) Chrome/67.0.3396.87 Safari/537.36"}
[2018-12-31T00:27:41.045] [INFO] cheese - {"method":"GET","url":"/classify/list","host":"localhost:4000","message":{"message":"响应时间为：136283"},"referer":"http://localhost:4002/","userAgent":"Mozilla/5.0 (X11; Linux x86_64) AppleWebKit/537.36 (KHTML, like Gecko) Chrome/67.0.3396.87 Safari/537.36"}
[2018-12-31T00:27:41.073] [INFO] cheese - {"method":"GET","url":"/tag/list","host":"localhost:4000","message":{"message":"响应时间为：136300"},"referer":"http://localhost:4002/","userAgent":"Mozilla/5.0 (X11; Linux x86_64) AppleWebKit/537.36 (KHTML, like Gecko) Chrome/67.0.3396.87 Safari/537.36"}
[2018-12-31T00:28:03.358] [INFO] cheese - {"method":"GET","url":"/client/series/list","host":"localhost:4000","message":{"message":"响应时间为：158596"},"referer":"http://localhost:4002/project","userAgent":"Mozilla/5.0 (X11; Linux x86_64) AppleWebKit/537.36 (KHTML, like Gecko) Chrome/67.0.3396.87 Safari/537.36"}
[2018-12-31T00:28:03.362] [INFO] cheese - {"method":"GET","url":"/client/blog/list?pageindex=1","host":"localhost:4000","message":{"message":"响应时间为：158600"},"referer":"http://localhost:4002/project","userAgent":"Mozilla/5.0 (X11; Linux x86_64) AppleWebKit/537.36 (KHTML, like Gecko) Chrome/67.0.3396.87 Safari/537.36"}
[2018-12-31T00:28:03.790] [INFO] cheese - {"method":"GET","url":"/classify/list","host":"localhost:4000","message":{"message":"响应时间为：159026"},"referer":"http://localhost:4002/","userAgent":"Mozilla/5.0 (X11; Linux x86_64) AppleWebKit/537.36 (KHTML, like Gecko) Chrome/67.0.3396.87 Safari/537.36"}
[2018-12-31T00:28:03.797] [INFO] cheese - {"method":"GET","url":"/tag/list","host":"localhost:4000","message":{"message":"响应时间为：159035"},"referer":"http://localhost:4002/","userAgent":"Mozilla/5.0 (X11; Linux x86_64) AppleWebKit/537.36 (KHTML, like Gecko) Chrome/67.0.3396.87 Safari/537.36"}
[2018-12-31T00:29:49.815] [INFO] cheese - {"method":"GET","url":"/client/blog/list?pageindex=1","host":"localhost:4000","message":{"message":"响应时间为：265053"},"userAgent":"axios/0.18.0"}
[2018-12-31T00:29:49.819] [INFO] cheese - {"method":"GET","url":"/client/series/list","host":"localhost:4000","message":{"message":"响应时间为：265057"},"userAgent":"axios/0.18.0"}
[2018-12-31T00:29:49.887] [INFO] cheese - {"method":"GET","url":"/classify/list","host":"localhost:4000","message":{"message":"响应时间为：265125"},"userAgent":"axios/0.18.0"}
[2018-12-31T00:29:49.890] [INFO] cheese - {"method":"GET","url":"/tag/list","host":"localhost:4000","message":{"message":"响应时间为：265128"},"userAgent":"axios/0.18.0"}
[2018-12-31T00:29:50.932] [INFO] cheese - {"method":"GET","url":"/classify/list","host":"localhost:4000","message":{"message":"响应时间为：266169"},"referer":"http://localhost:4002/","userAgent":"Mozilla/5.0 (X11; Linux x86_64) AppleWebKit/537.36 (KHTML, like Gecko) Chrome/67.0.3396.87 Safari/537.36"}
[2018-12-31T00:29:50.946] [INFO] cheese - {"method":"GET","url":"/tag/list","host":"localhost:4000","message":{"message":"响应时间为：266184"},"referer":"http://localhost:4002/","userAgent":"Mozilla/5.0 (X11; Linux x86_64) AppleWebKit/537.36 (KHTML, like Gecko) Chrome/67.0.3396.87 Safari/537.36"}
[2018-12-31T00:31:26.705] [INFO] cheese - {"method":"GET","url":"/client/series/list","host":"localhost:4000","message":{"message":"响应时间为：361943"},"referer":"http://localhost:4002/project","userAgent":"Mozilla/5.0 (X11; Linux x86_64) AppleWebKit/537.36 (KHTML, like Gecko) Chrome/67.0.3396.87 Safari/537.36"}
[2018-12-31T00:31:26.709] [INFO] cheese - {"method":"GET","url":"/client/blog/list?pageindex=1","host":"localhost:4000","message":{"message":"响应时间为：361947"},"referer":"http://localhost:4002/project","userAgent":"Mozilla/5.0 (X11; Linux x86_64) AppleWebKit/537.36 (KHTML, like Gecko) Chrome/67.0.3396.87 Safari/537.36"}
[2018-12-31T00:31:27.159] [INFO] cheese - {"method":"GET","url":"/classify/list","host":"localhost:4000","message":{"message":"响应时间为：362397"},"referer":"http://localhost:4002/","userAgent":"Mozilla/5.0 (X11; Linux x86_64) AppleWebKit/537.36 (KHTML, like Gecko) Chrome/67.0.3396.87 Safari/537.36"}
[2018-12-31T00:31:27.166] [INFO] cheese - {"method":"GET","url":"/tag/list","host":"localhost:4000","message":{"message":"响应时间为：362404"},"referer":"http://localhost:4002/","userAgent":"Mozilla/5.0 (X11; Linux x86_64) AppleWebKit/537.36 (KHTML, like Gecko) Chrome/67.0.3396.87 Safari/537.36"}
[2018-12-31T00:31:39.870] [INFO] cheese - {"method":"GET","url":"/client/blog/list?pageindex=1","host":"localhost:4000","message":{"message":"响应时间为：375107"},"referer":"http://localhost:4002/project","userAgent":"Mozilla/5.0 (X11; Linux x86_64) AppleWebKit/537.36 (KHTML, like Gecko) Chrome/67.0.3396.87 Safari/537.36"}
[2018-12-31T00:31:39.899] [INFO] cheese - {"method":"GET","url":"/client/series/list","host":"localhost:4000","message":{"message":"响应时间为：375137"},"referer":"http://localhost:4002/project","userAgent":"Mozilla/5.0 (X11; Linux x86_64) AppleWebKit/537.36 (KHTML, like Gecko) Chrome/67.0.3396.87 Safari/537.36"}
[2018-12-31T00:31:40.259] [INFO] cheese - {"method":"GET","url":"/classify/list","host":"localhost:4000","message":{"message":"响应时间为：375497"},"referer":"http://localhost:4002/","userAgent":"Mozilla/5.0 (X11; Linux x86_64) AppleWebKit/537.36 (KHTML, like Gecko) Chrome/67.0.3396.87 Safari/537.36"}
[2018-12-31T00:31:40.271] [INFO] cheese - {"method":"GET","url":"/tag/list","host":"localhost:4000","message":{"message":"响应时间为：375509"},"referer":"http://localhost:4002/","userAgent":"Mozilla/5.0 (X11; Linux x86_64) AppleWebKit/537.36 (KHTML, like Gecko) Chrome/67.0.3396.87 Safari/537.36"}
[2018-12-31T00:31:52.732] [INFO] cheese - {"method":"GET","url":"/client/blog/list?pageindex=1","host":"localhost:4000","message":{"message":"响应时间为：387969"},"userAgent":"axios/0.18.0"}
[2018-12-31T00:31:52.735] [INFO] cheese - {"method":"GET","url":"/client/series/list","host":"localhost:4000","message":{"message":"响应时间为：387972"},"userAgent":"axios/0.18.0"}
[2018-12-31T00:31:52.792] [INFO] cheese - {"method":"GET","url":"/classify/list","host":"localhost:4000","message":{"message":"响应时间为：388030"},"userAgent":"axios/0.18.0"}
[2018-12-31T00:31:52.796] [INFO] cheese - {"method":"GET","url":"/tag/list","host":"localhost:4000","message":{"message":"响应时间为：388034"},"userAgent":"axios/0.18.0"}
[2018-12-31T00:31:53.837] [INFO] cheese - {"method":"GET","url":"/classify/list","host":"localhost:4000","message":{"message":"响应时间为：389075"},"referer":"http://localhost:4002/","userAgent":"Mozilla/5.0 (X11; Linux x86_64) AppleWebKit/537.36 (KHTML, like Gecko) Chrome/67.0.3396.87 Safari/537.36"}
[2018-12-31T00:31:53.846] [INFO] cheese - {"method":"GET","url":"/tag/list","host":"localhost:4000","message":{"message":"响应时间为：389084"},"referer":"http://localhost:4002/","userAgent":"Mozilla/5.0 (X11; Linux x86_64) AppleWebKit/537.36 (KHTML, like Gecko) Chrome/67.0.3396.87 Safari/537.36"}
[2018-12-31T00:35:58.026] [INFO] cheese - {"method":"GET","url":"/client/series/list","host":"localhost:4000","message":{"message":"响应时间为：633263"},"referer":"http://localhost:4002/project","userAgent":"Mozilla/5.0 (X11; Linux x86_64) AppleWebKit/537.36 (KHTML, like Gecko) Chrome/67.0.3396.87 Safari/537.36"}
[2018-12-31T00:35:58.028] [INFO] cheese - {"method":"GET","url":"/client/blog/list?pageindex=1","host":"localhost:4000","message":{"message":"响应时间为：633266"},"referer":"http://localhost:4002/project","userAgent":"Mozilla/5.0 (X11; Linux x86_64) AppleWebKit/537.36 (KHTML, like Gecko) Chrome/67.0.3396.87 Safari/537.36"}
[2018-12-31T00:35:58.405] [INFO] cheese - {"method":"GET","url":"/classify/list","host":"localhost:4000","message":{"message":"响应时间为：633643"},"referer":"http://localhost:4002/","userAgent":"Mozilla/5.0 (X11; Linux x86_64) AppleWebKit/537.36 (KHTML, like Gecko) Chrome/67.0.3396.87 Safari/537.36"}
[2018-12-31T00:35:58.415] [INFO] cheese - {"method":"GET","url":"/tag/list","host":"localhost:4000","message":{"message":"响应时间为：633652"},"referer":"http://localhost:4002/","userAgent":"Mozilla/5.0 (X11; Linux x86_64) AppleWebKit/537.36 (KHTML, like Gecko) Chrome/67.0.3396.87 Safari/537.36"}
[2018-12-31T00:39:21.719] [INFO] cheese - {"method":"GET","url":"/client/series/list","host":"localhost:4000","message":{"message":"响应时间为：836957"},"userAgent":"axios/0.18.0"}
[2018-12-31T00:39:21.725] [INFO] cheese - {"method":"GET","url":"/client/blog/list?pageindex=1","host":"localhost:4000","message":{"message":"响应时间为：836963"},"userAgent":"axios/0.18.0"}
[2018-12-31T00:39:21.789] [INFO] cheese - {"method":"GET","url":"/classify/list","host":"localhost:4000","message":{"message":"响应时间为：837027"},"userAgent":"axios/0.18.0"}
[2018-12-31T00:39:21.798] [INFO] cheese - {"method":"GET","url":"/tag/list","host":"localhost:4000","message":{"message":"响应时间为：837036"},"userAgent":"axios/0.18.0"}
[2018-12-31T00:39:22.775] [INFO] cheese - {"method":"GET","url":"/classify/list","host":"localhost:4000","message":{"message":"响应时间为：838013"},"referer":"http://localhost:4002/","userAgent":"Mozilla/5.0 (X11; Linux x86_64) AppleWebKit/537.36 (KHTML, like Gecko) Chrome/67.0.3396.87 Safari/537.36"}
[2018-12-31T00:39:22.801] [INFO] cheese - {"method":"GET","url":"/tag/list","host":"localhost:4000","message":{"message":"响应时间为：838039"},"referer":"http://localhost:4002/","userAgent":"Mozilla/5.0 (X11; Linux x86_64) AppleWebKit/537.36 (KHTML, like Gecko) Chrome/67.0.3396.87 Safari/537.36"}
[2018-12-31T00:40:12.160] [INFO] cheese - {"method":"GET","url":"/client/blog/list?pageindex=1","host":"localhost:4000","message":{"message":"响应时间为：887398"},"referer":"http://localhost:4002/project","userAgent":"Mozilla/5.0 (X11; Linux x86_64) AppleWebKit/537.36 (KHTML, like Gecko) Chrome/67.0.3396.87 Safari/537.36"}
[2018-12-31T00:40:12.161] [INFO] cheese - {"method":"GET","url":"/client/series/list","host":"localhost:4000","message":{"message":"响应时间为：887399"},"referer":"http://localhost:4002/project","userAgent":"Mozilla/5.0 (X11; Linux x86_64) AppleWebKit/537.36 (KHTML, like Gecko) Chrome/67.0.3396.87 Safari/537.36"}
[2018-12-31T00:40:12.542] [INFO] cheese - {"method":"GET","url":"/classify/list","host":"localhost:4000","message":{"message":"响应时间为：887780"},"referer":"http://localhost:4002/","userAgent":"Mozilla/5.0 (X11; Linux x86_64) AppleWebKit/537.36 (KHTML, like Gecko) Chrome/67.0.3396.87 Safari/537.36"}
[2018-12-31T00:40:12.569] [INFO] cheese - {"method":"GET","url":"/tag/list","host":"localhost:4000","message":{"message":"响应时间为：887807"},"referer":"http://localhost:4002/","userAgent":"Mozilla/5.0 (X11; Linux x86_64) AppleWebKit/537.36 (KHTML, like Gecko) Chrome/67.0.3396.87 Safari/537.36"}
[2018-12-31T00:40:39.738] [INFO] cheese - {"method":"GET","url":"/client/series/list","host":"localhost:4000","message":{"message":"响应时间为：914976"},"userAgent":"axios/0.18.0"}
[2018-12-31T00:40:39.742] [INFO] cheese - {"method":"GET","url":"/client/blog/list?pageindex=1","host":"localhost:4000","message":{"message":"响应时间为：914979"},"userAgent":"axios/0.18.0"}
[2018-12-31T00:40:39.800] [INFO] cheese - {"method":"GET","url":"/classify/list","host":"localhost:4000","message":{"message":"响应时间为：915038"},"userAgent":"axios/0.18.0"}
[2018-12-31T00:40:39.804] [INFO] cheese - {"method":"GET","url":"/tag/list","host":"localhost:4000","message":{"message":"响应时间为：915042"},"userAgent":"axios/0.18.0"}
[2018-12-31T00:40:40.883] [INFO] cheese - {"method":"GET","url":"/classify/list","host":"localhost:4000","message":{"message":"响应时间为：916121"},"referer":"http://localhost:4002/","userAgent":"Mozilla/5.0 (X11; Linux x86_64) AppleWebKit/537.36 (KHTML, like Gecko) Chrome/67.0.3396.87 Safari/537.36"}
[2018-12-31T00:40:40.901] [INFO] cheese - {"method":"GET","url":"/tag/list","host":"localhost:4000","message":{"message":"响应时间为：916139"},"referer":"http://localhost:4002/","userAgent":"Mozilla/5.0 (X11; Linux x86_64) AppleWebKit/537.36 (KHTML, like Gecko) Chrome/67.0.3396.87 Safari/537.36"}
[2018-12-31T00:41:18.644] [INFO] cheese - {"method":"GET","url":"/client/blog/list?pageindex=1","host":"localhost:4000","message":{"message":"响应时间为：953882"},"referer":"http://localhost:4002/project","userAgent":"Mozilla/5.0 (X11; Linux x86_64) AppleWebKit/537.36 (KHTML, like Gecko) Chrome/67.0.3396.87 Safari/537.36"}
[2018-12-31T00:41:18.659] [INFO] cheese - {"method":"GET","url":"/client/series/list","host":"localhost:4000","message":{"message":"响应时间为：953897"},"referer":"http://localhost:4002/project","userAgent":"Mozilla/5.0 (X11; Linux x86_64) AppleWebKit/537.36 (KHTML, like Gecko) Chrome/67.0.3396.87 Safari/537.36"}
[2018-12-31T00:41:19.038] [INFO] cheese - {"method":"GET","url":"/classify/list","host":"localhost:4000","message":{"message":"响应时间为：954276"},"referer":"http://localhost:4002/","userAgent":"Mozilla/5.0 (X11; Linux x86_64) AppleWebKit/537.36 (KHTML, like Gecko) Chrome/67.0.3396.87 Safari/537.36"}
[2018-12-31T00:41:19.070] [INFO] cheese - {"method":"GET","url":"/tag/list","host":"localhost:4000","message":{"message":"响应时间为：954308"},"referer":"http://localhost:4002/","userAgent":"Mozilla/5.0 (X11; Linux x86_64) AppleWebKit/537.36 (KHTML, like Gecko) Chrome/67.0.3396.87 Safari/537.36"}
[2018-12-31T00:43:52.173] [INFO] cheese - {"method":"GET","url":"/client/series/list","host":"localhost:4000","message":{"message":"响应时间为：1107411"},"userAgent":"axios/0.18.0"}
[2018-12-31T00:43:52.179] [INFO] cheese - {"method":"GET","url":"/client/blog/list?pageindex=1","host":"localhost:4000","message":{"message":"响应时间为：1107417"},"userAgent":"axios/0.18.0"}
[2018-12-31T00:43:52.257] [INFO] cheese - {"method":"GET","url":"/classify/list","host":"localhost:4000","message":{"message":"响应时间为：1107495"},"userAgent":"axios/0.18.0"}
[2018-12-31T00:43:52.260] [INFO] cheese - {"method":"GET","url":"/tag/list","host":"localhost:4000","message":{"message":"响应时间为：1107498"},"userAgent":"axios/0.18.0"}
[2018-12-31T00:43:53.686] [INFO] cheese - {"method":"GET","url":"/classify/list","host":"localhost:4000","message":{"message":"响应时间为：1108924"},"referer":"http://localhost:4002/","userAgent":"Mozilla/5.0 (X11; Linux x86_64) AppleWebKit/537.36 (KHTML, like Gecko) Chrome/67.0.3396.87 Safari/537.36"}
[2018-12-31T00:43:53.734] [INFO] cheese - {"method":"GET","url":"/tag/list","host":"localhost:4000","message":{"message":"响应时间为：1108971"},"referer":"http://localhost:4002/","userAgent":"Mozilla/5.0 (X11; Linux x86_64) AppleWebKit/537.36 (KHTML, like Gecko) Chrome/67.0.3396.87 Safari/537.36"}
[2018-12-31T00:44:06.937] [INFO] cheese - {"method":"GET","url":"/client/series/list","host":"localhost:4000","message":{"message":"响应时间为：1122175"},"referer":"http://localhost:4002/project","userAgent":"Mozilla/5.0 (X11; Linux x86_64) AppleWebKit/537.36 (KHTML, like Gecko) Chrome/67.0.3396.87 Safari/537.36"}
[2018-12-31T00:44:06.949] [INFO] cheese - {"method":"GET","url":"/client/blog/list?pageindex=1","host":"localhost:4000","message":{"message":"响应时间为：1122186"},"referer":"http://localhost:4002/project","userAgent":"Mozilla/5.0 (X11; Linux x86_64) AppleWebKit/537.36 (KHTML, like Gecko) Chrome/67.0.3396.87 Safari/537.36"}
[2018-12-31T00:44:07.291] [INFO] cheese - {"method":"GET","url":"/classify/list","host":"localhost:4000","message":{"message":"响应时间为：1122529"},"referer":"http://localhost:4002/","userAgent":"Mozilla/5.0 (X11; Linux x86_64) AppleWebKit/537.36 (KHTML, like Gecko) Chrome/67.0.3396.87 Safari/537.36"}
[2018-12-31T00:44:07.295] [INFO] cheese - {"method":"GET","url":"/tag/list","host":"localhost:4000","message":{"message":"响应时间为：1122533"},"referer":"http://localhost:4002/","userAgent":"Mozilla/5.0 (X11; Linux x86_64) AppleWebKit/537.36 (KHTML, like Gecko) Chrome/67.0.3396.87 Safari/537.36"}
[2018-12-31T00:44:36.849] [INFO] cheese - {"method":"GET","url":"/tool/list","host":"localhost:4000","message":{"message":"响应时间为：1152087"},"referer":"http://localhost:4002/about","userAgent":"Mozilla/5.0 (X11; Linux x86_64) AppleWebKit/537.36 (KHTML, like Gecko) Chrome/67.0.3396.87 Safari/537.36"}
[2018-12-31T00:44:38.289] [INFO] cheese - {"method":"GET","url":"/client/series/list","host":"localhost:4000","message":{"message":"响应时间为：1153527"},"referer":"http://localhost:4002/tool","userAgent":"Mozilla/5.0 (X11; Linux x86_64) AppleWebKit/537.36 (KHTML, like Gecko) Chrome/67.0.3396.87 Safari/537.36"}
[2018-12-31T00:44:38.300] [INFO] cheese - {"method":"GET","url":"/client/blog/list?pageindex=1","host":"localhost:4000","message":{"message":"响应时间为：1153536"},"referer":"http://localhost:4002/tool","userAgent":"Mozilla/5.0 (X11; Linux x86_64) AppleWebKit/537.36 (KHTML, like Gecko) Chrome/67.0.3396.87 Safari/537.36"}
[2018-12-31T00:44:38.649] [INFO] cheese - {"method":"GET","url":"/classify/list","host":"localhost:4000","message":{"message":"响应时间为：1153887"},"referer":"http://localhost:4002/","userAgent":"Mozilla/5.0 (X11; Linux x86_64) AppleWebKit/537.36 (KHTML, like Gecko) Chrome/67.0.3396.87 Safari/537.36"}
[2018-12-31T00:44:38.654] [INFO] cheese - {"method":"GET","url":"/tag/list","host":"localhost:4000","message":{"message":"响应时间为：1153892"},"referer":"http://localhost:4002/","userAgent":"Mozilla/5.0 (X11; Linux x86_64) AppleWebKit/537.36 (KHTML, like Gecko) Chrome/67.0.3396.87 Safari/537.36"}
[2018-12-31T00:44:45.291] [INFO] cheese - {"method":"GET","url":"/client/article/detail?id=5b41b72f5230142cc962e98e","host":"localhost:4000","message":{"message":"响应时间为：1160528"},"referer":"http://localhost:4002/","userAgent":"Mozilla/5.0 (X11; Linux x86_64) AppleWebKit/537.36 (KHTML, like Gecko) Chrome/67.0.3396.87 Safari/537.36"}
[2018-12-31T00:44:45.333] [INFO] cheese - {"method":"GET","url":"/comment/list?blogId=5b41b72f5230142cc962e98e","host":"localhost:4000","message":{"message":"响应时间为：1160571"},"referer":"http://localhost:4002/","userAgent":"Mozilla/5.0 (X11; Linux x86_64) AppleWebKit/537.36 (KHTML, like Gecko) Chrome/67.0.3396.87 Safari/537.36"}
[2018-12-31T00:44:49.645] [INFO] cheese - {"method":"GET","url":"/client/series/list","host":"localhost:4000","message":{"message":"响应时间为：1164883"},"referer":"http://localhost:4002/article/5b41b72f5230142cc962e98e","userAgent":"Mozilla/5.0 (X11; Linux x86_64) AppleWebKit/537.36 (KHTML, like Gecko) Chrome/67.0.3396.87 Safari/537.36"}
[2018-12-31T00:44:49.647] [INFO] cheese - {"method":"GET","url":"/client/blog/list?pageindex=1","host":"localhost:4000","message":{"message":"响应时间为：1164885"},"referer":"http://localhost:4002/article/5b41b72f5230142cc962e98e","userAgent":"Mozilla/5.0 (X11; Linux x86_64) AppleWebKit/537.36 (KHTML, like Gecko) Chrome/67.0.3396.87 Safari/537.36"}
[2018-12-31T00:44:51.917] [INFO] cheese - {"method":"GET","url":"/client/article/detail?id=5b408683ff2af135c2f087e8","host":"localhost:4000","message":{"message":"响应时间为：1167155"},"referer":"http://localhost:4002/","userAgent":"Mozilla/5.0 (X11; Linux x86_64) AppleWebKit/537.36 (KHTML, like Gecko) Chrome/67.0.3396.87 Safari/537.36"}
[2018-12-31T00:44:51.945] [INFO] cheese - {"method":"GET","url":"/comment/list?blogId=5b408683ff2af135c2f087e8","host":"localhost:4000","message":{"message":"响应时间为：1167183"},"referer":"http://localhost:4002/","userAgent":"Mozilla/5.0 (X11; Linux x86_64) AppleWebKit/537.36 (KHTML, like Gecko) Chrome/67.0.3396.87 Safari/537.36"}
[2018-12-31T00:44:57.055] [INFO] cheese - {"method":"GET","url":"/client/series/list","host":"localhost:4000","message":{"message":"响应时间为：1172293"},"referer":"http://localhost:4002/article/5b408683ff2af135c2f087e8","userAgent":"Mozilla/5.0 (X11; Linux x86_64) AppleWebKit/537.36 (KHTML, like Gecko) Chrome/67.0.3396.87 Safari/537.36"}
[2018-12-31T00:44:57.059] [INFO] cheese - {"method":"GET","url":"/client/blog/list?pageindex=1","host":"localhost:4000","message":{"message":"响应时间为：1172297"},"referer":"http://localhost:4002/article/5b408683ff2af135c2f087e8","userAgent":"Mozilla/5.0 (X11; Linux x86_64) AppleWebKit/537.36 (KHTML, like Gecko) Chrome/67.0.3396.87 Safari/537.36"}
