[2018-12-30T21:47:54.118] [INFO] cheese - {"method":"GET","url":"/client/series/list","host":"localhost:4000","message":{"message":"响应时间为：176688795"},"userAgent":"axios/0.18.0"}
[2018-12-30T21:47:54.188] [INFO] cheese - {"method":"GET","url":"/client/blog/list?pageindex=1","host":"localhost:4000","message":{"message":"响应时间为：176688873"},"userAgent":"axios/0.18.0"}
[2018-12-30T21:47:54.246] [INFO] cheese - {"method":"GET","url":"/classify/list","host":"localhost:4000","message":{"message":"响应时间为：176688931"},"userAgent":"axios/0.18.0"}
[2018-12-30T21:47:54.247] [INFO] cheese - {"method":"GET","url":"/tag/list","host":"localhost:4000","message":{"message":"响应时间为：176688932"},"userAgent":"axios/0.18.0"}
[2018-12-30T21:47:55.606] [INFO] cheese - {"method":"GET","url":"/classify/list","host":"localhost:4000","message":{"message":"响应时间为：176690291"},"referer":"http://localhost:4002/","userAgent":"Mozilla/5.0 (X11; Linux x86_64) AppleWebKit/537.36 (KHTML, like Gecko) Chrome/67.0.3396.87 Safari/537.36"}
[2018-12-30T21:47:55.608] [INFO] cheese - {"method":"GET","url":"/tag/list","host":"localhost:4000","message":{"message":"响应时间为：176690293"},"referer":"http://localhost:4002/","userAgent":"Mozilla/5.0 (X11; Linux x86_64) AppleWebKit/537.36 (KHTML, like Gecko) Chrome/67.0.3396.87 Safari/537.36"}
[2018-12-30T21:51:00.484] [INFO] cheese - {"method":"GET","url":"/client/series/list","host":"localhost:4000","message":{"message":"响应时间为：176875169"},"userAgent":"axios/0.18.0"}
[2018-12-30T21:51:00.486] [INFO] cheese - {"method":"GET","url":"/client/blog/list?pageindex=1","host":"localhost:4000","message":{"message":"响应时间为：176875171"},"userAgent":"axios/0.18.0"}
[2018-12-30T21:51:00.566] [INFO] cheese - {"method":"GET","url":"/classify/list","host":"localhost:4000","message":{"message":"响应时间为：176875251"},"userAgent":"axios/0.18.0"}
[2018-12-30T21:51:00.616] [INFO] cheese - {"method":"GET","url":"/tag/list","host":"localhost:4000","message":{"message":"响应时间为：176875301"},"userAgent":"axios/0.18.0"}
[2018-12-30T21:51:01.716] [INFO] cheese - {"method":"GET","url":"/classify/list","host":"localhost:4000","message":{"message":"响应时间为：176876401"},"referer":"http://localhost:4002/","userAgent":"Mozilla/5.0 (X11; Linux x86_64) AppleWebKit/537.36 (KHTML, like Gecko) Chrome/67.0.3396.87 Safari/537.36"}
[2018-12-30T21:51:01.727] [INFO] cheese - {"method":"GET","url":"/tag/list","host":"localhost:4000","message":{"message":"响应时间为：176876412"},"referer":"http://localhost:4002/","userAgent":"Mozilla/5.0 (X11; Linux x86_64) AppleWebKit/537.36 (KHTML, like Gecko) Chrome/67.0.3396.87 Safari/537.36"}
[2018-12-30T22:28:53.244] [INFO] cheese - {"method":"GET","url":"/client/series/list","host":"localhost:4000","message":{"message":"响应时间为：179147920"},"userAgent":"axios/0.18.0"}
[2018-12-30T22:28:53.336] [INFO] cheese - {"method":"GET","url":"/client/blog/list?pageindex=1","host":"localhost:4000","message":{"message":"响应时间为：179148021"},"userAgent":"axios/0.18.0"}
[2018-12-30T22:28:53.403] [INFO] cheese - {"method":"GET","url":"/classify/list","host":"localhost:4000","message":{"message":"响应时间为：179148088"},"userAgent":"axios/0.18.0"}
[2018-12-30T22:28:53.405] [INFO] cheese - {"method":"GET","url":"/tag/list","host":"localhost:4000","message":{"message":"响应时间为：179148090"},"userAgent":"axios/0.18.0"}
[2018-12-30T22:28:57.554] [INFO] cheese - {"method":"GET","url":"/classify/list","host":"localhost:4000","message":{"message":"响应时间为：179152239"},"referer":"http://localhost:4002/","userAgent":"Mozilla/5.0 (X11; Linux x86_64) AppleWebKit/537.36 (KHTML, like Gecko) Chrome/67.0.3396.87 Safari/537.36"}
[2018-12-30T22:28:57.622] [INFO] cheese - {"method":"GET","url":"/tag/list","host":"localhost:4000","message":{"message":"响应时间为：179152307"},"referer":"http://localhost:4002/","userAgent":"Mozilla/5.0 (X11; Linux x86_64) AppleWebKit/537.36 (KHTML, like Gecko) Chrome/67.0.3396.87 Safari/537.36"}
[2018-12-30T22:32:46.364] [INFO] cheese - {"method":"GET","url":"/client/series/list","host":"localhost:4000","message":{"message":"响应时间为：179381049"},"referer":"http://localhost:4002/project","userAgent":"Mozilla/5.0 (X11; Linux x86_64) AppleWebKit/537.36 (KHTML, like Gecko) Chrome/67.0.3396.87 Safari/537.36"}
[2018-12-30T22:32:46.556] [INFO] cheese - {"method":"GET","url":"/client/blog/list?pageindex=1","host":"localhost:4000","message":{"message":"响应时间为：179381241"},"referer":"http://localhost:4002/project","userAgent":"Mozilla/5.0 (X11; Linux x86_64) AppleWebKit/537.36 (KHTML, like Gecko) Chrome/67.0.3396.87 Safari/537.36"}
[2018-12-30T22:32:47.187] [INFO] cheese - {"method":"GET","url":"/classify/list","host":"localhost:4000","message":{"message":"响应时间为：179381872"},"referer":"http://localhost:4002/","userAgent":"Mozilla/5.0 (X11; Linux x86_64) AppleWebKit/537.36 (KHTML, like Gecko) Chrome/67.0.3396.87 Safari/537.36"}
[2018-12-30T22:32:47.194] [INFO] cheese - {"method":"GET","url":"/tag/list","host":"localhost:4000","message":{"message":"响应时间为：179381879"},"referer":"http://localhost:4002/","userAgent":"Mozilla/5.0 (X11; Linux x86_64) AppleWebKit/537.36 (KHTML, like Gecko) Chrome/67.0.3396.87 Safari/537.36"}
[2018-12-30T22:33:09.698] [INFO] cheese - {"method":"GET","url":"/client/blog/list?pageindex=1","host":"localhost:4000","message":{"message":"响应时间为：179404383"},"referer":"http://localhost:4002/project","userAgent":"Mozilla/5.0 (X11; Linux x86_64) AppleWebKit/537.36 (KHTML, like Gecko) Chrome/67.0.3396.87 Safari/537.36"}
[2018-12-30T22:33:09.699] [INFO] cheese - {"method":"GET","url":"/client/series/list","host":"localhost:4000","message":{"message":"响应时间为：179404384"},"referer":"http://localhost:4002/project","userAgent":"Mozilla/5.0 (X11; Linux x86_64) AppleWebKit/537.36 (KHTML, like Gecko) Chrome/67.0.3396.87 Safari/537.36"}
[2018-12-30T22:33:10.101] [INFO] cheese - {"method":"GET","url":"/classify/list","host":"localhost:4000","message":{"message":"响应时间为：179404786"},"referer":"http://localhost:4002/","userAgent":"Mozilla/5.0 (X11; Linux x86_64) AppleWebKit/537.36 (KHTML, like Gecko) Chrome/67.0.3396.87 Safari/537.36"}
[2018-12-30T22:33:10.103] [INFO] cheese - {"method":"GET","url":"/tag/list","host":"localhost:4000","message":{"message":"响应时间为：179404787"},"referer":"http://localhost:4002/","userAgent":"Mozilla/5.0 (X11; Linux x86_64) AppleWebKit/537.36 (KHTML, like Gecko) Chrome/67.0.3396.87 Safari/537.36"}
[2018-12-30T22:36:42.687] [INFO] cheese - {"method":"GET","url":"/client/series/list","host":"localhost:4000","message":{"message":"响应时间为：179617372"},"userAgent":"axios/0.18.0"}
[2018-12-30T22:36:42.878] [INFO] cheese - {"method":"GET","url":"/client/blog/list?pageindex=1","host":"localhost:4000","message":{"message":"响应时间为：179617563"},"userAgent":"axios/0.18.0"}
[2018-12-30T22:36:43.176] [INFO] cheese - {"method":"GET","url":"/classify/list","host":"localhost:4000","message":{"message":"响应时间为：179617860"},"userAgent":"axios/0.18.0"}
[2018-12-30T22:36:43.182] [INFO] cheese - {"method":"GET","url":"/tag/list","host":"localhost:4000","message":{"message":"响应时间为：179617867"},"userAgent":"axios/0.18.0"}
[2018-12-30T22:36:44.495] [INFO] cheese - {"method":"GET","url":"/classify/list","host":"localhost:4000","message":{"message":"响应时间为：179619180"},"referer":"http://localhost:4002/","userAgent":"Mozilla/5.0 (X11; Linux x86_64) AppleWebKit/537.36 (KHTML, like Gecko) Chrome/67.0.3396.87 Safari/537.36"}
[2018-12-30T22:36:44.570] [INFO] cheese - {"method":"GET","url":"/tag/list","host":"localhost:4000","message":{"message":"响应时间为：179619255"},"referer":"http://localhost:4002/","userAgent":"Mozilla/5.0 (X11; Linux x86_64) AppleWebKit/537.36 (KHTML, like Gecko) Chrome/67.0.3396.87 Safari/537.36"}
[2018-12-30T22:42:23.308] [INFO] cheese - {"method":"GET","url":"/client/article/detail?id=5b41b72f5230142cc962e98e","host":"localhost:4000","message":{"message":"响应时间为：179957993"},"referer":"http://localhost:4002/","userAgent":"Mozilla/5.0 (X11; Linux x86_64) AppleWebKit/537.36 (KHTML, like Gecko) Chrome/67.0.3396.87 Safari/537.36"}
[2018-12-30T22:42:23.390] [INFO] cheese - {"method":"GET","url":"/comment/list?blogId=5b41b72f5230142cc962e98e","host":"localhost:4000","message":{"message":"响应时间为：179958075"},"referer":"http://localhost:4002/","userAgent":"Mozilla/5.0 (X11; Linux x86_64) AppleWebKit/537.36 (KHTML, like Gecko) Chrome/67.0.3396.87 Safari/537.36"}
[2018-12-30T22:46:34.344] [INFO] cheese - {"method":"GET","url":"/client/article/detail?id=5b41b72f5230142cc962e98e","host":"localhost:4000","message":{"message":"响应时间为：180209029"},"userAgent":"axios/0.18.0"}
[2018-12-30T22:46:34.402] [INFO] cheese - {"method":"GET","url":"/comment/list?blogId=5b41b72f5230142cc962e98e","host":"localhost:4000","message":{"message":"响应时间为：180209087"},"userAgent":"axios/0.18.0"}
[2018-12-30T22:46:34.492] [INFO] cheese - {"method":"GET","url":"/tag/list","host":"localhost:4000","message":{"message":"响应时间为：180209177"},"userAgent":"axios/0.18.0"}
[2018-12-30T22:46:35.023] [INFO] cheese - {"method":"GET","url":"/classify/list","host":"localhost:4000","message":{"message":"响应时间为：180209707"},"userAgent":"axios/0.18.0"}
[2018-12-30T22:46:38.052] [INFO] cheese - {"method":"GET","url":"/classify/list","host":"localhost:4000","message":{"message":"响应时间为：180212737"},"referer":"http://localhost:4002/article/5b41b72f5230142cc962e98e","userAgent":"Mozilla/5.0 (X11; Linux x86_64) AppleWebKit/537.36 (KHTML, like Gecko) Chrome/67.0.3396.87 Safari/537.36"}
[2018-12-30T22:46:38.057] [INFO] cheese - {"method":"GET","url":"/tag/list","host":"localhost:4000","message":{"message":"响应时间为：180212742"},"referer":"http://localhost:4002/article/5b41b72f5230142cc962e98e","userAgent":"Mozilla/5.0 (X11; Linux x86_64) AppleWebKit/537.36 (KHTML, like Gecko) Chrome/67.0.3396.87 Safari/537.36"}
[2018-12-30T22:58:41.498] [INFO] cheese - {"method":"GET","url":"/tool/list","host":"localhost:4000","message":{"message":"响应时间为：180936182"},"referer":"http://localhost:4002/about","userAgent":"Mozilla/5.0 (X11; Linux x86_64) AppleWebKit/537.36 (KHTML, like Gecko) Chrome/67.0.3396.87 Safari/537.36"}
[2018-12-30T23:00:01.937] [INFO] cheese - {"method":"GET","url":"/client/blog/list?pageindex=1","host":"localhost:4000","message":{"message":"响应时间为：181016621"},"referer":"http://localhost:4002/tool","userAgent":"Mozilla/5.0 (X11; Linux x86_64) AppleWebKit/537.36 (KHTML, like Gecko) Chrome/67.0.3396.87 Safari/537.36"}
[2018-12-30T23:00:01.939] [INFO] cheese - {"method":"GET","url":"/client/series/list","host":"localhost:4000","message":{"message":"响应时间为：181016624"},"referer":"http://localhost:4002/tool","userAgent":"Mozilla/5.0 (X11; Linux x86_64) AppleWebKit/537.36 (KHTML, like Gecko) Chrome/67.0.3396.87 Safari/537.36"}
[2018-12-30T23:00:04.253] [INFO] cheese - {"method":"GET","url":"/tag/list","host":"localhost:4000","message":{"message":"响应时间为：181018937"},"referer":"http://localhost:4002/","userAgent":"Mozilla/5.0 (X11; Linux x86_64) AppleWebKit/537.36 (KHTML, like Gecko) Chrome/67.0.3396.87 Safari/537.36"}
[2018-12-30T23:00:04.379] [INFO] cheese - {"method":"GET","url":"/classify/list","host":"localhost:4000","message":{"message":"响应时间为：181019064"},"referer":"http://localhost:4002/","userAgent":"Mozilla/5.0 (X11; Linux x86_64) AppleWebKit/537.36 (KHTML, like Gecko) Chrome/67.0.3396.87 Safari/537.36"}
[2018-12-30T23:00:13.836] [INFO] cheese - {"method":"GET","url":"/client/blog/list?pageindex=1","host":"localhost:4000","message":{"message":"响应时间为：181028521"},"referer":"http://localhost:4002/project","userAgent":"Mozilla/5.0 (X11; Linux x86_64) AppleWebKit/537.36 (KHTML, like Gecko) Chrome/67.0.3396.87 Safari/537.36"}
[2018-12-30T23:00:13.840] [INFO] cheese - {"method":"GET","url":"/client/series/list","host":"localhost:4000","message":{"message":"响应时间为：181028525"},"referer":"http://localhost:4002/project","userAgent":"Mozilla/5.0 (X11; Linux x86_64) AppleWebKit/537.36 (KHTML, like Gecko) Chrome/67.0.3396.87 Safari/537.36"}
[2018-12-30T23:00:14.402] [INFO] cheese - {"method":"GET","url":"/classify/list","host":"localhost:4000","message":{"message":"响应时间为：181029087"},"referer":"http://localhost:4002/","userAgent":"Mozilla/5.0 (X11; Linux x86_64) AppleWebKit/537.36 (KHTML, like Gecko) Chrome/67.0.3396.87 Safari/537.36"}
[2018-12-30T23:00:14.413] [INFO] cheese - {"method":"GET","url":"/tag/list","host":"localhost:4000","message":{"message":"响应时间为：181029097"},"referer":"http://localhost:4002/","userAgent":"Mozilla/5.0 (X11; Linux x86_64) AppleWebKit/537.36 (KHTML, like Gecko) Chrome/67.0.3396.87 Safari/537.36"}
[2018-12-30T23:00:49.340] [INFO] cheese - {"method":"GET","url":"/client/series/list","host":"localhost:4000","message":{"message":"响应时间为：181064025"},"referer":"http://localhost:4002/project","userAgent":"Mozilla/5.0 (X11; Linux x86_64) AppleWebKit/537.36 (KHTML, like Gecko) Chrome/67.0.3396.87 Safari/537.36"}
[2018-12-30T23:00:49.359] [INFO] cheese - {"method":"GET","url":"/client/blog/list?pageindex=1","host":"localhost:4000","message":{"message":"响应时间为：181064044"},"referer":"http://localhost:4002/project","userAgent":"Mozilla/5.0 (X11; Linux x86_64) AppleWebKit/537.36 (KHTML, like Gecko) Chrome/67.0.3396.87 Safari/537.36"}
[2018-12-30T23:00:49.840] [INFO] cheese - {"method":"GET","url":"/classify/list","host":"localhost:4000","message":{"message":"响应时间为：181064525"},"referer":"http://localhost:4002/","userAgent":"Mozilla/5.0 (X11; Linux x86_64) AppleWebKit/537.36 (KHTML, like Gecko) Chrome/67.0.3396.87 Safari/537.36"}
[2018-12-30T23:00:49.859] [INFO] cheese - {"method":"GET","url":"/tag/list","host":"localhost:4000","message":{"message":"响应时间为：181064544"},"referer":"http://localhost:4002/","userAgent":"Mozilla/5.0 (X11; Linux x86_64) AppleWebKit/537.36 (KHTML, like Gecko) Chrome/67.0.3396.87 Safari/537.36"}
[2018-12-30T23:05:16.122] [INFO] cheese - {"method":"GET","url":"/client/series/list","host":"localhost:4000","message":{"message":"响应时间为：181330807"},"userAgent":"axios/0.18.0"}
[2018-12-30T23:05:16.126] [INFO] cheese - {"method":"GET","url":"/client/blog/list?pageindex=1","host":"localhost:4000","message":{"message":"响应时间为：181330811"},"userAgent":"axios/0.18.0"}
[2018-12-30T23:05:16.201] [INFO] cheese - {"method":"GET","url":"/classify/list","host":"localhost:4000","message":{"message":"响应时间为：181330886"},"userAgent":"axios/0.18.0"}
[2018-12-30T23:05:16.207] [INFO] cheese - {"method":"GET","url":"/tag/list","host":"localhost:4000","message":{"message":"响应时间为：181330891"},"userAgent":"axios/0.18.0"}
[2018-12-30T23:06:06.873] [INFO] cheese - {"method":"GET","url":"/client/series/list","host":"localhost:4000","message":{"message":"响应时间为：855"},"userAgent":"axios/0.18.0"}
[2018-12-30T23:06:06.900] [INFO] cheese - {"method":"GET","url":"/client/blog/list?pageindex=1","host":"localhost:4000","message":{"message":"响应时间为：885"},"userAgent":"axios/0.18.0"}
[2018-12-30T23:06:06.976] [INFO] cheese - {"method":"GET","url":"/classify/list","host":"localhost:4000","message":{"message":"响应时间为：961"},"userAgent":"axios/0.18.0"}
[2018-12-30T23:06:06.985] [INFO] cheese - {"method":"GET","url":"/tag/list","host":"localhost:4000","message":{"message":"响应时间为：970"},"userAgent":"axios/0.18.0"}
[2018-12-30T23:06:08.698] [INFO] cheese - {"method":"GET","url":"/classify/list","host":"localhost:4000","message":{"message":"响应时间为：2683"},"referer":"http://localhost:4002/","userAgent":"Mozilla/5.0 (X11; Linux x86_64) AppleWebKit/537.36 (KHTML, like Gecko) Chrome/67.0.3396.87 Safari/537.36"}
[2018-12-30T23:06:08.751] [INFO] cheese - {"method":"GET","url":"/tag/list","host":"localhost:4000","message":{"message":"响应时间为：2736"},"referer":"http://localhost:4002/","userAgent":"Mozilla/5.0 (X11; Linux x86_64) AppleWebKit/537.36 (KHTML, like Gecko) Chrome/67.0.3396.87 Safari/537.36"}
