[2018-08-07T21:10:40.707] [INFO] cheese - {"method":"POST","url":"/admin/user/login","host":"localhost:4000","message":{"message":"响应时间为：35178"},"referer":"http://localhost:4001/","userAgent":"Mozilla/5.0 (Windows NT 10.0; WOW64) AppleWebKit/537.36 (KHTML, like Gecko) Chrome/65.0.3325.181 Safari/537.36"}
[2018-08-07T21:10:40.751] [INFO] cheese - {"method":"GET","url":"/admin/user/info","host":"localhost:4000","message":{"message":"响应时间为：35222"},"referer":"http://localhost:4001/","userAgent":"Mozilla/5.0 (Windows NT 10.0; WOW64) AppleWebKit/537.36 (KHTML, like Gecko) Chrome/65.0.3325.181 Safari/537.36"}
[2018-08-07T21:10:50.044] [INFO] cheese - {"method":"GET","url":"/tag/list","host":"localhost:4000","message":{"message":"响应时间为：44516"},"referer":"http://localhost:4001/","userAgent":"Mozilla/5.0 (Windows NT 10.0; WOW64) AppleWebKit/537.36 (KHTML, like Gecko) Chrome/65.0.3325.181 Safari/537.36"}
[2018-08-07T21:10:50.075] [INFO] cheese - {"method":"GET","url":"/classify/list","host":"localhost:4000","message":{"message":"响应时间为：44547"},"referer":"http://localhost:4001/","userAgent":"Mozilla/5.0 (Windows NT 10.0; WOW64) AppleWebKit/537.36 (KHTML, like Gecko) Chrome/65.0.3325.181 Safari/537.36"}
[2018-08-07T21:10:50.094] [INFO] cheese - {"method":"GET","url":"/blog/list","host":"localhost:4000","message":{"message":"响应时间为：44566"},"referer":"http://localhost:4001/","userAgent":"Mozilla/5.0 (Windows NT 10.0; WOW64) AppleWebKit/537.36 (KHTML, like Gecko) Chrome/65.0.3325.181 Safari/537.36"}
[2018-08-07T21:10:54.624] [INFO] cheese - {"method":"GET","url":"/blog/detail?id=5b3f3536d9df725570abf676","host":"localhost:4000","message":{"message":"响应时间为：49096"},"referer":"http://localhost:4001/","userAgent":"Mozilla/5.0 (Windows NT 10.0; WOW64) AppleWebKit/537.36 (KHTML, like Gecko) Chrome/65.0.3325.181 Safari/537.36"}
[2018-08-07T21:10:54.726] [INFO] cheese - {"method":"GET","url":"/comment/list?blogId=5b3f3536d9df725570abf676","host":"localhost:4000","message":{"message":"响应时间为：49198"},"referer":"http://localhost:4001/","userAgent":"Mozilla/5.0 (Windows NT 10.0; WOW64) AppleWebKit/537.36 (KHTML, like Gecko) Chrome/65.0.3325.181 Safari/537.36"}
[2018-08-07T21:11:00.262] [INFO] cheese - {"method":"POST","url":"/comment/del","host":"localhost:4000","message":{"message":"响应时间为：54734"},"referer":"http://localhost:4001/","userAgent":"Mozilla/5.0 (Windows NT 10.0; WOW64) AppleWebKit/537.36 (KHTML, like Gecko) Chrome/65.0.3325.181 Safari/537.36"}
[2018-08-07T21:11:01.663] [INFO] cheese - {"method":"POST","url":"/comment/del","host":"localhost:4000","message":{"message":"响应时间为：56135"},"referer":"http://localhost:4001/","userAgent":"Mozilla/5.0 (Windows NT 10.0; WOW64) AppleWebKit/537.36 (KHTML, like Gecko) Chrome/65.0.3325.181 Safari/537.36"}
[2018-08-07T21:11:02.843] [INFO] cheese - {"method":"POST","url":"/comment/del","host":"localhost:4000","message":{"message":"响应时间为：57315"},"referer":"http://localhost:4001/","userAgent":"Mozilla/5.0 (Windows NT 10.0; WOW64) AppleWebKit/537.36 (KHTML, like Gecko) Chrome/65.0.3325.181 Safari/537.36"}
[2018-08-07T21:11:03.262] [INFO] cheese - {"method":"POST","url":"/comment/del","host":"localhost:4000","message":{"message":"响应时间为：57734"},"referer":"http://localhost:4001/","userAgent":"Mozilla/5.0 (Windows NT 10.0; WOW64) AppleWebKit/537.36 (KHTML, like Gecko) Chrome/65.0.3325.181 Safari/537.36"}
[2018-08-07T21:11:05.112] [INFO] cheese - {"method":"POST","url":"/comment/del","host":"localhost:4000","message":{"message":"响应时间为：59584"},"referer":"http://localhost:4001/","userAgent":"Mozilla/5.0 (Windows NT 10.0; WOW64) AppleWebKit/537.36 (KHTML, like Gecko) Chrome/65.0.3325.181 Safari/537.36"}
[2018-08-07T21:11:06.405] [INFO] cheese - {"method":"POST","url":"/comment/del","host":"localhost:4000","message":{"message":"响应时间为：60877"},"referer":"http://localhost:4001/","userAgent":"Mozilla/5.0 (Windows NT 10.0; WOW64) AppleWebKit/537.36 (KHTML, like Gecko) Chrome/65.0.3325.181 Safari/537.36"}
[2018-08-07T21:11:07.415] [INFO] cheese - {"method":"POST","url":"/comment/del","host":"localhost:4000","message":{"message":"响应时间为：61886"},"referer":"http://localhost:4001/","userAgent":"Mozilla/5.0 (Windows NT 10.0; WOW64) AppleWebKit/537.36 (KHTML, like Gecko) Chrome/65.0.3325.181 Safari/537.36"}
[2018-08-07T21:11:07.780] [INFO] cheese - {"method":"POST","url":"/comment/del","host":"localhost:4000","message":{"message":"响应时间为：62251"},"referer":"http://localhost:4001/","userAgent":"Mozilla/5.0 (Windows NT 10.0; WOW64) AppleWebKit/537.36 (KHTML, like Gecko) Chrome/65.0.3325.181 Safari/537.36"}
[2018-08-07T21:11:09.792] [INFO] cheese - {"method":"GET","url":"/admin/user/info?token=eyJhbGciOiJIUzI1NiIsInR5cCI6IkpXVCJ9.eyJfaWQiOiI1YjFlNzRlOWYwYzQ1ZTMxZTg5YzUyZWQiLCJ1c2VybmFtZSI6ImFkbWluIiwibmFtZSI6ImFkbWluIiwicm9sZXMiOlsiYWRtaW4iXSwiaWF0IjoxNTMzNjQ3NDQwLCJleHAiOjE1MzM3MzM4NDB9.vSVhLRMH-e13v9AdQq4DpHeEmzBgCFfrtbmKJvakPN0","host":"localhost:4000","message":{"message":"响应时间为：64264"},"referer":"http://localhost:4001/","userAgent":"Mozilla/5.0 (Windows NT 10.0; WOW64) AppleWebKit/537.36 (KHTML, like Gecko) Chrome/65.0.3325.181 Safari/537.36"}
[2018-08-07T21:11:10.008] [INFO] cheese - {"method":"GET","url":"/blog/detail?id=5b3f3536d9df725570abf676","host":"localhost:4000","message":{"message":"响应时间为：64480"},"referer":"http://localhost:4001/","userAgent":"Mozilla/5.0 (Windows NT 10.0; WOW64) AppleWebKit/537.36 (KHTML, like Gecko) Chrome/65.0.3325.181 Safari/537.36"}
[2018-08-07T21:11:10.058] [INFO] cheese - {"method":"GET","url":"/comment/list?blogId=5b3f3536d9df725570abf676","host":"localhost:4000","message":{"message":"响应时间为：64529"},"referer":"http://localhost:4001/","userAgent":"Mozilla/5.0 (Windows NT 10.0; WOW64) AppleWebKit/537.36 (KHTML, like Gecko) Chrome/65.0.3325.181 Safari/537.36"}
[2018-08-07T21:14:38.671] [INFO] cheese - {"method":"GET","url":"/admin/user/info?token=eyJhbGciOiJIUzI1NiIsInR5cCI6IkpXVCJ9.eyJfaWQiOiI1YjFlNzRlOWYwYzQ1ZTMxZTg5YzUyZWQiLCJ1c2VybmFtZSI6ImFkbWluIiwibmFtZSI6ImFkbWluIiwicm9sZXMiOlsiYWRtaW4iXSwiaWF0IjoxNTMzNjQ3NDQwLCJleHAiOjE1MzM3MzM4NDB9.vSVhLRMH-e13v9AdQq4DpHeEmzBgCFfrtbmKJvakPN0","host":"localhost:4000","message":{"message":"响应时间为：19217"},"referer":"http://localhost:4001/","userAgent":"Mozilla/5.0 (Windows NT 10.0; WOW64) AppleWebKit/537.36 (KHTML, like Gecko) Chrome/65.0.3325.181 Safari/537.36"}
[2018-08-07T21:14:38.888] [INFO] cheese - {"method":"GET","url":"/blog/detail?id=5b3f3536d9df725570abf676","host":"localhost:4000","message":{"message":"响应时间为：19433"},"referer":"http://localhost:4001/","userAgent":"Mozilla/5.0 (Windows NT 10.0; WOW64) AppleWebKit/537.36 (KHTML, like Gecko) Chrome/65.0.3325.181 Safari/537.36"}
[2018-08-07T21:14:38.969] [INFO] cheese - {"method":"GET","url":"/comment/list?blogId=5b3f3536d9df725570abf676","host":"localhost:4000","message":{"message":"响应时间为：19514"},"referer":"http://localhost:4001/","userAgent":"Mozilla/5.0 (Windows NT 10.0; WOW64) AppleWebKit/537.36 (KHTML, like Gecko) Chrome/65.0.3325.181 Safari/537.36"}
[2018-08-07T21:14:41.042] [INFO] cheese - {"method":"POST","url":"/comment/del","host":"localhost:4000","message":{"message":"响应时间为：21588"},"referer":"http://localhost:4001/","userAgent":"Mozilla/5.0 (Windows NT 10.0; WOW64) AppleWebKit/537.36 (KHTML, like Gecko) Chrome/65.0.3325.181 Safari/537.36"}
[2018-08-07T21:14:43.027] [INFO] cheese - {"method":"GET","url":"/admin/user/info?token=eyJhbGciOiJIUzI1NiIsInR5cCI6IkpXVCJ9.eyJfaWQiOiI1YjFlNzRlOWYwYzQ1ZTMxZTg5YzUyZWQiLCJ1c2VybmFtZSI6ImFkbWluIiwibmFtZSI6ImFkbWluIiwicm9sZXMiOlsiYWRtaW4iXSwiaWF0IjoxNTMzNjQ3NDQwLCJleHAiOjE1MzM3MzM4NDB9.vSVhLRMH-e13v9AdQq4DpHeEmzBgCFfrtbmKJvakPN0","host":"localhost:4000","message":{"message":"响应时间为：23573"},"referer":"http://localhost:4001/","userAgent":"Mozilla/5.0 (Windows NT 10.0; WOW64) AppleWebKit/537.36 (KHTML, like Gecko) Chrome/65.0.3325.181 Safari/537.36"}
[2018-08-07T21:14:43.229] [INFO] cheese - {"method":"GET","url":"/blog/detail?id=5b3f3536d9df725570abf676","host":"localhost:4000","message":{"message":"响应时间为：23775"},"referer":"http://localhost:4001/","userAgent":"Mozilla/5.0 (Windows NT 10.0; WOW64) AppleWebKit/537.36 (KHTML, like Gecko) Chrome/65.0.3325.181 Safari/537.36"}
[2018-08-07T21:14:43.272] [INFO] cheese - {"method":"GET","url":"/comment/list?blogId=5b3f3536d9df725570abf676","host":"localhost:4000","message":{"message":"响应时间为：23818"},"referer":"http://localhost:4001/","userAgent":"Mozilla/5.0 (Windows NT 10.0; WOW64) AppleWebKit/537.36 (KHTML, like Gecko) Chrome/65.0.3325.181 Safari/537.36"}
[2018-08-07T21:14:45.869] [INFO] cheese - {"method":"POST","url":"/comment/del","host":"localhost:4000","message":{"message":"响应时间为：26415"},"referer":"http://localhost:4001/","userAgent":"Mozilla/5.0 (Windows NT 10.0; WOW64) AppleWebKit/537.36 (KHTML, like Gecko) Chrome/65.0.3325.181 Safari/537.36"}
[2018-08-07T21:14:46.801] [INFO] cheese - {"method":"POST","url":"/comment/del","host":"localhost:4000","message":{"message":"响应时间为：27346"},"referer":"http://localhost:4001/","userAgent":"Mozilla/5.0 (Windows NT 10.0; WOW64) AppleWebKit/537.36 (KHTML, like Gecko) Chrome/65.0.3325.181 Safari/537.36"}
[2018-08-07T21:14:47.338] [INFO] cheese - {"method":"POST","url":"/comment/del","host":"localhost:4000","message":{"message":"响应时间为：27884"},"referer":"http://localhost:4001/","userAgent":"Mozilla/5.0 (Windows NT 10.0; WOW64) AppleWebKit/537.36 (KHTML, like Gecko) Chrome/65.0.3325.181 Safari/537.36"}
[2018-08-07T21:14:48.206] [INFO] cheese - {"method":"POST","url":"/comment/del","host":"localhost:4000","message":{"message":"响应时间为：28752"},"referer":"http://localhost:4001/","userAgent":"Mozilla/5.0 (Windows NT 10.0; WOW64) AppleWebKit/537.36 (KHTML, like Gecko) Chrome/65.0.3325.181 Safari/537.36"}
[2018-08-07T21:14:48.474] [INFO] cheese - {"method":"POST","url":"/comment/del","host":"localhost:4000","message":{"message":"响应时间为：29020"},"referer":"http://localhost:4001/","userAgent":"Mozilla/5.0 (Windows NT 10.0; WOW64) AppleWebKit/537.36 (KHTML, like Gecko) Chrome/65.0.3325.181 Safari/537.36"}
[2018-08-07T21:14:49.151] [INFO] cheese - {"method":"POST","url":"/comment/del","host":"localhost:4000","message":{"message":"响应时间为：29697"},"referer":"http://localhost:4001/","userAgent":"Mozilla/5.0 (Windows NT 10.0; WOW64) AppleWebKit/537.36 (KHTML, like Gecko) Chrome/65.0.3325.181 Safari/537.36"}
[2018-08-07T21:14:49.926] [INFO] cheese - {"method":"POST","url":"/comment/del","host":"localhost:4000","message":{"message":"响应时间为：30472"},"referer":"http://localhost:4001/","userAgent":"Mozilla/5.0 (Windows NT 10.0; WOW64) AppleWebKit/537.36 (KHTML, like Gecko) Chrome/65.0.3325.181 Safari/537.36"}
[2018-08-07T21:14:50.574] [INFO] cheese - {"method":"POST","url":"/comment/del","host":"localhost:4000","message":{"message":"响应时间为：31120"},"referer":"http://localhost:4001/","userAgent":"Mozilla/5.0 (Windows NT 10.0; WOW64) AppleWebKit/537.36 (KHTML, like Gecko) Chrome/65.0.3325.181 Safari/537.36"}
[2018-08-07T21:14:52.474] [INFO] cheese - {"method":"POST","url":"/comment/del","host":"localhost:4000","message":{"message":"响应时间为：33020"},"referer":"http://localhost:4001/","userAgent":"Mozilla/5.0 (Windows NT 10.0; WOW64) AppleWebKit/537.36 (KHTML, like Gecko) Chrome/65.0.3325.181 Safari/537.36"}
[2018-08-07T21:14:54.461] [INFO] cheese - {"method":"POST","url":"/comment/del","host":"localhost:4000","message":{"message":"响应时间为：35007"},"referer":"http://localhost:4001/","userAgent":"Mozilla/5.0 (Windows NT 10.0; WOW64) AppleWebKit/537.36 (KHTML, like Gecko) Chrome/65.0.3325.181 Safari/537.36"}
[2018-08-07T21:14:56.110] [INFO] cheese - {"method":"POST","url":"/comment/del","host":"localhost:4000","message":{"message":"响应时间为：36656"},"referer":"http://localhost:4001/","userAgent":"Mozilla/5.0 (Windows NT 10.0; WOW64) AppleWebKit/537.36 (KHTML, like Gecko) Chrome/65.0.3325.181 Safari/537.36"}
[2018-08-07T21:14:57.399] [INFO] cheese - {"method":"POST","url":"/comment/del","host":"localhost:4000","message":{"message":"响应时间为：37945"},"referer":"http://localhost:4001/","userAgent":"Mozilla/5.0 (Windows NT 10.0; WOW64) AppleWebKit/537.36 (KHTML, like Gecko) Chrome/65.0.3325.181 Safari/537.36"}
[2018-08-07T21:14:59.920] [INFO] cheese - {"method":"POST","url":"/comment/del","host":"localhost:4000","message":{"message":"响应时间为：40466"},"referer":"http://localhost:4001/","userAgent":"Mozilla/5.0 (Windows NT 10.0; WOW64) AppleWebKit/537.36 (KHTML, like Gecko) Chrome/65.0.3325.181 Safari/537.36"}
[2018-08-07T21:15:00.855] [INFO] cheese - {"method":"POST","url":"/comment/del","host":"localhost:4000","message":{"message":"响应时间为：41401"},"referer":"http://localhost:4001/","userAgent":"Mozilla/5.0 (Windows NT 10.0; WOW64) AppleWebKit/537.36 (KHTML, like Gecko) Chrome/65.0.3325.181 Safari/537.36"}
[2018-08-07T21:15:03.133] [INFO] cheese - {"method":"GET","url":"/admin/user/info?token=eyJhbGciOiJIUzI1NiIsInR5cCI6IkpXVCJ9.eyJfaWQiOiI1YjFlNzRlOWYwYzQ1ZTMxZTg5YzUyZWQiLCJ1c2VybmFtZSI6ImFkbWluIiwibmFtZSI6ImFkbWluIiwicm9sZXMiOlsiYWRtaW4iXSwiaWF0IjoxNTMzNjQ3NDQwLCJleHAiOjE1MzM3MzM4NDB9.vSVhLRMH-e13v9AdQq4DpHeEmzBgCFfrtbmKJvakPN0","host":"localhost:4000","message":{"message":"响应时间为：43678"},"referer":"http://localhost:4001/","userAgent":"Mozilla/5.0 (Windows NT 10.0; WOW64) AppleWebKit/537.36 (KHTML, like Gecko) Chrome/65.0.3325.181 Safari/537.36"}
[2018-08-07T21:15:03.327] [INFO] cheese - {"method":"GET","url":"/blog/detail?id=5b3f3536d9df725570abf676","host":"localhost:4000","message":{"message":"响应时间为：43873"},"referer":"http://localhost:4001/","userAgent":"Mozilla/5.0 (Windows NT 10.0; WOW64) AppleWebKit/537.36 (KHTML, like Gecko) Chrome/65.0.3325.181 Safari/537.36"}
[2018-08-07T21:15:03.366] [INFO] cheese - {"method":"GET","url":"/comment/list?blogId=5b3f3536d9df725570abf676","host":"localhost:4000","message":{"message":"响应时间为：43912"},"referer":"http://localhost:4001/","userAgent":"Mozilla/5.0 (Windows NT 10.0; WOW64) AppleWebKit/537.36 (KHTML, like Gecko) Chrome/65.0.3325.181 Safari/537.36"}
[2018-08-07T21:15:08.296] [INFO] cheese - {"method":"GET","url":"/blog/list","host":"localhost:4000","message":{"message":"响应时间为：48842"},"referer":"http://localhost:4001/","userAgent":"Mozilla/5.0 (Windows NT 10.0; WOW64) AppleWebKit/537.36 (KHTML, like Gecko) Chrome/65.0.3325.181 Safari/537.36"}
[2018-08-07T21:15:08.302] [INFO] cheese - {"method":"GET","url":"/classify/list","host":"localhost:4000","message":{"message":"响应时间为：48848"},"referer":"http://localhost:4001/","userAgent":"Mozilla/5.0 (Windows NT 10.0; WOW64) AppleWebKit/537.36 (KHTML, like Gecko) Chrome/65.0.3325.181 Safari/537.36"}
[2018-08-07T21:15:08.308] [INFO] cheese - {"method":"GET","url":"/tag/list","host":"localhost:4000","message":{"message":"响应时间为：48853"},"referer":"http://localhost:4001/","userAgent":"Mozilla/5.0 (Windows NT 10.0; WOW64) AppleWebKit/537.36 (KHTML, like Gecko) Chrome/65.0.3325.181 Safari/537.36"}
[2018-08-07T21:15:38.985] [INFO] cheese - {"method":"GET","url":"/tag/list","host":"localhost:4000","message":{"message":"响应时间为：79531"},"referer":"http://localhost:4001/","userAgent":"Mozilla/5.0 (Windows NT 10.0; WOW64) AppleWebKit/537.36 (KHTML, like Gecko) Chrome/65.0.3325.181 Safari/537.36"}
[2018-08-07T21:15:38.995] [INFO] cheese - {"method":"GET","url":"/classify/list","host":"localhost:4000","message":{"message":"响应时间为：79541"},"referer":"http://localhost:4001/","userAgent":"Mozilla/5.0 (Windows NT 10.0; WOW64) AppleWebKit/537.36 (KHTML, like Gecko) Chrome/65.0.3325.181 Safari/537.36"}
[2018-08-07T21:15:39.350] [INFO] cheese - {"method":"GET","url":"/series/list","host":"localhost:4000","message":{"message":"响应时间为：79895"},"referer":"http://localhost:4001/","userAgent":"Mozilla/5.0 (Windows NT 10.0; WOW64) AppleWebKit/537.36 (KHTML, like Gecko) Chrome/65.0.3325.181 Safari/537.36"}
[2018-08-07T21:15:42.162] [INFO] cheese - {"method":"GET","url":"/blog/list","host":"localhost:4000","message":{"message":"响应时间为：82707"},"referer":"http://localhost:4001/","userAgent":"Mozilla/5.0 (Windows NT 10.0; WOW64) AppleWebKit/537.36 (KHTML, like Gecko) Chrome/65.0.3325.181 Safari/537.36"}
[2018-08-07T21:15:42.175] [INFO] cheese - {"method":"GET","url":"/tag/list","host":"localhost:4000","message":{"message":"响应时间为：82721"},"referer":"http://localhost:4001/","userAgent":"Mozilla/5.0 (Windows NT 10.0; WOW64) AppleWebKit/537.36 (KHTML, like Gecko) Chrome/65.0.3325.181 Safari/537.36"}
[2018-08-07T21:15:42.178] [INFO] cheese - {"method":"GET","url":"/classify/list","host":"localhost:4000","message":{"message":"响应时间为：82724"},"referer":"http://localhost:4001/","userAgent":"Mozilla/5.0 (Windows NT 10.0; WOW64) AppleWebKit/537.36 (KHTML, like Gecko) Chrome/65.0.3325.181 Safari/537.36"}
[2018-08-07T21:15:42.410] [INFO] cheese - {"method":"POST","url":"/qiniu/getlist","host":"localhost:4000","message":{"message":"响应时间为：82956"},"referer":"http://localhost:4001/","userAgent":"Mozilla/5.0 (Windows NT 10.0; WOW64) AppleWebKit/537.36 (KHTML, like Gecko) Chrome/65.0.3325.181 Safari/537.36"}
[2018-08-07T21:15:45.245] [INFO] cheese - {"method":"POST","url":"/qiniu/getlist","host":"localhost:4000","message":{"message":"响应时间为：85791"},"referer":"http://localhost:4001/","userAgent":"Mozilla/5.0 (Windows NT 10.0; WOW64) AppleWebKit/537.36 (KHTML, like Gecko) Chrome/65.0.3325.181 Safari/537.36"}
[2018-08-07T21:15:50.657] [INFO] cheese - {"method":"GET","url":"/blog/list","host":"localhost:4000","message":{"message":"响应时间为：91203"},"referer":"http://localhost:4001/","userAgent":"Mozilla/5.0 (Windows NT 10.0; WOW64) AppleWebKit/537.36 (KHTML, like Gecko) Chrome/65.0.3325.181 Safari/537.36"}
[2018-08-07T21:15:50.979] [INFO] cheese - {"method":"GET","url":"/classify/list","host":"localhost:4000","message":{"message":"响应时间为：91525"},"referer":"http://localhost:4001/","userAgent":"Mozilla/5.0 (Windows NT 10.0; WOW64) AppleWebKit/537.36 (KHTML, like Gecko) Chrome/65.0.3325.181 Safari/537.36"}
[2018-08-07T21:15:50.988] [INFO] cheese - {"method":"GET","url":"/tag/list","host":"localhost:4000","message":{"message":"响应时间为：91534"},"referer":"http://localhost:4001/","userAgent":"Mozilla/5.0 (Windows NT 10.0; WOW64) AppleWebKit/537.36 (KHTML, like Gecko) Chrome/65.0.3325.181 Safari/537.36"}
[2018-08-07T21:20:36.459] [INFO] cheese - {"method":"GET","url":"/client/series/list","host":"localhost:4000","message":{"message":"响应时间为：2511"},"userAgent":"axios/0.18.0"}
[2018-08-07T21:20:36.481] [INFO] cheese - {"method":"GET","url":"/client/blog/list?pageindex=1","host":"localhost:4000","message":{"message":"响应时间为：2533"},"userAgent":"axios/0.18.0"}
[2018-08-07T21:20:36.576] [INFO] cheese - {"method":"GET","url":"/classify/list","host":"localhost:4000","message":{"message":"响应时间为：2628"},"userAgent":"axios/0.18.0"}
[2018-08-07T21:20:36.582] [INFO] cheese - {"method":"GET","url":"/tag/list","host":"localhost:4000","message":{"message":"响应时间为：2634"},"userAgent":"axios/0.18.0"}
[2018-08-07T21:20:37.508] [INFO] cheese - {"method":"GET","url":"/classify/list","host":"localhost:4000","message":{"message":"响应时间为：3560"},"referer":"http://localhost:4002/","userAgent":"Mozilla/5.0 (Windows NT 10.0; WOW64) AppleWebKit/537.36 (KHTML, like Gecko) Chrome/65.0.3325.181 Safari/537.36"}
[2018-08-07T21:20:37.524] [INFO] cheese - {"method":"GET","url":"/tag/list","host":"localhost:4000","message":{"message":"响应时间为：3575"},"referer":"http://localhost:4002/","userAgent":"Mozilla/5.0 (Windows NT 10.0; WOW64) AppleWebKit/537.36 (KHTML, like Gecko) Chrome/65.0.3325.181 Safari/537.36"}
[2018-08-07T21:26:24.748] [INFO] cheese - {"method":"GET","url":"/client/series/list","host":"localhost:4000","message":{"message":"响应时间为：350800"},"userAgent":"axios/0.18.0"}
[2018-08-07T21:26:24.759] [INFO] cheese - {"method":"GET","url":"/client/blog/list?pageindex=1","host":"localhost:4000","message":{"message":"响应时间为：350811"},"userAgent":"axios/0.18.0"}
[2018-08-07T21:26:24.833] [INFO] cheese - {"method":"GET","url":"/tag/list","host":"localhost:4000","message":{"message":"响应时间为：350885"},"userAgent":"axios/0.18.0"}
[2018-08-07T21:26:24.837] [INFO] cheese - {"method":"GET","url":"/classify/list","host":"localhost:4000","message":{"message":"响应时间为：350889"},"userAgent":"axios/0.18.0"}
[2018-08-07T21:26:25.612] [INFO] cheese - {"method":"GET","url":"/classify/list","host":"localhost:4000","message":{"message":"响应时间为：351664"},"referer":"http://localhost:4002/","userAgent":"Mozilla/5.0 (Windows NT 10.0; WOW64) AppleWebKit/537.36 (KHTML, like Gecko) Chrome/65.0.3325.181 Safari/537.36"}
[2018-08-07T21:26:25.619] [INFO] cheese - {"method":"GET","url":"/tag/list","host":"localhost:4000","message":{"message":"响应时间为：351671"},"referer":"http://localhost:4002/","userAgent":"Mozilla/5.0 (Windows NT 10.0; WOW64) AppleWebKit/537.36 (KHTML, like Gecko) Chrome/65.0.3325.181 Safari/537.36"}
[2018-08-07T21:39:54.553] [INFO] cheese - {"method":"GET","url":"/client/series/list","host":"localhost:4000","message":{"message":"响应时间为：38174"},"userAgent":"axios/0.18.0"}
[2018-08-07T21:39:54.580] [INFO] cheese - {"method":"GET","url":"/client/blog/list?pageindex=1","host":"localhost:4000","message":{"message":"响应时间为：38201"},"userAgent":"axios/0.18.0"}
[2018-08-07T21:39:54.661] [INFO] cheese - {"method":"GET","url":"/classify/list","host":"localhost:4000","message":{"message":"响应时间为：38282"},"userAgent":"axios/0.18.0"}
[2018-08-07T21:39:54.668] [INFO] cheese - {"method":"GET","url":"/tag/list","host":"localhost:4000","message":{"message":"响应时间为：38289"},"userAgent":"axios/0.18.0"}
[2018-08-07T21:39:55.584] [INFO] cheese - {"method":"GET","url":"/classify/list","host":"localhost:4000","message":{"message":"响应时间为：39204"},"referer":"http://localhost:4002/","userAgent":"Mozilla/5.0 (Windows NT 10.0; WOW64) AppleWebKit/537.36 (KHTML, like Gecko) Chrome/65.0.3325.181 Safari/537.36"}
[2018-08-07T21:39:55.591] [INFO] cheese - {"method":"GET","url":"/tag/list","host":"localhost:4000","message":{"message":"响应时间为：39212"},"referer":"http://localhost:4002/","userAgent":"Mozilla/5.0 (Windows NT 10.0; WOW64) AppleWebKit/537.36 (KHTML, like Gecko) Chrome/65.0.3325.181 Safari/537.36"}
[2018-08-07T21:48:04.578] [INFO] cheese - {"method":"GET","url":"/client/series/list","host":"localhost:4000","message":{"message":"响应时间为：37911"},"userAgent":"axios/0.18.0"}
[2018-08-07T21:48:04.596] [INFO] cheese - {"method":"GET","url":"/client/blog/list?pageindex=1","host":"localhost:4000","message":{"message":"响应时间为：37930"},"userAgent":"axios/0.18.0"}
[2018-08-07T21:48:04.673] [INFO] cheese - {"method":"GET","url":"/classify/list","host":"localhost:4000","message":{"message":"响应时间为：38007"},"userAgent":"axios/0.18.0"}
[2018-08-07T21:48:04.678] [INFO] cheese - {"method":"GET","url":"/tag/list","host":"localhost:4000","message":{"message":"响应时间为：38012"},"userAgent":"axios/0.18.0"}
[2018-08-07T21:48:05.476] [INFO] cheese - {"method":"GET","url":"/classify/list","host":"localhost:4000","message":{"message":"响应时间为：38809"},"referer":"http://localhost:4002/","userAgent":"Mozilla/5.0 (Windows NT 10.0; WOW64) AppleWebKit/537.36 (KHTML, like Gecko) Chrome/65.0.3325.181 Safari/537.36"}
[2018-08-07T21:48:05.486] [INFO] cheese - {"method":"GET","url":"/tag/list","host":"localhost:4000","message":{"message":"响应时间为：38820"},"referer":"http://localhost:4002/","userAgent":"Mozilla/5.0 (Windows NT 10.0; WOW64) AppleWebKit/537.36 (KHTML, like Gecko) Chrome/65.0.3325.181 Safari/537.36"}
[2018-08-07T21:56:50.481] [INFO] cheese - {"method":"GET","url":"/client/series/list","host":"localhost:4000","message":{"message":"响应时间为：9304"},"userAgent":"axios/0.18.0"}
[2018-08-07T21:56:50.496] [INFO] cheese - {"method":"GET","url":"/client/blog/list?pageindex=1","host":"localhost:4000","message":{"message":"响应时间为：9320"},"userAgent":"axios/0.18.0"}
[2018-08-07T21:56:50.599] [INFO] cheese - {"method":"GET","url":"/classify/list","host":"localhost:4000","message":{"message":"响应时间为：9423"},"userAgent":"axios/0.18.0"}
[2018-08-07T21:56:50.605] [INFO] cheese - {"method":"GET","url":"/tag/list","host":"localhost:4000","message":{"message":"响应时间为：9429"},"userAgent":"axios/0.18.0"}
[2018-08-07T21:56:51.325] [INFO] cheese - {"method":"GET","url":"/classify/list","host":"localhost:4000","message":{"message":"响应时间为：10149"},"referer":"http://localhost:4002/","userAgent":"Mozilla/5.0 (Windows NT 10.0; WOW64) AppleWebKit/537.36 (KHTML, like Gecko) Chrome/65.0.3325.181 Safari/537.36"}
[2018-08-07T21:56:51.333] [INFO] cheese - {"method":"GET","url":"/tag/list","host":"localhost:4000","message":{"message":"响应时间为：10157"},"referer":"http://localhost:4002/","userAgent":"Mozilla/5.0 (Windows NT 10.0; WOW64) AppleWebKit/537.36 (KHTML, like Gecko) Chrome/65.0.3325.181 Safari/537.36"}
[2018-08-07T21:58:45.866] [INFO] cheese - {"method":"GET","url":"/client/series/list","host":"localhost:4000","message":{"message":"响应时间为：124690"},"userAgent":"axios/0.18.0"}
[2018-08-07T21:58:45.875] [INFO] cheese - {"method":"GET","url":"/client/blog/list?pageindex=1","host":"localhost:4000","message":{"message":"响应时间为：124699"},"userAgent":"axios/0.18.0"}
[2018-08-07T21:58:45.949] [INFO] cheese - {"method":"GET","url":"/tag/list","host":"localhost:4000","message":{"message":"响应时间为：124773"},"userAgent":"axios/0.18.0"}
[2018-08-07T21:58:45.958] [INFO] cheese - {"method":"GET","url":"/classify/list","host":"localhost:4000","message":{"message":"响应时间为：124782"},"userAgent":"axios/0.18.0"}
[2018-08-07T21:58:46.714] [INFO] cheese - {"method":"GET","url":"/classify/list","host":"localhost:4000","message":{"message":"响应时间为：125538"},"referer":"http://localhost:4002/","userAgent":"Mozilla/5.0 (iPhone; CPU iPhone OS 11_0 like Mac OS X) AppleWebKit/604.1.38 (KHTML, like Gecko) Version/11.0 Mobile/15A372 Safari/604.1"}
[2018-08-07T21:58:46.721] [INFO] cheese - {"method":"GET","url":"/tag/list","host":"localhost:4000","message":{"message":"响应时间为：125545"},"referer":"http://localhost:4002/","userAgent":"Mozilla/5.0 (iPhone; CPU iPhone OS 11_0 like Mac OS X) AppleWebKit/604.1.38 (KHTML, like Gecko) Version/11.0 Mobile/15A372 Safari/604.1"}
[2018-08-07T21:59:02.499] [INFO] cheese - {"method":"GET","url":"/client/series/list","host":"localhost:4000","message":{"message":"响应时间为：141323"},"userAgent":"axios/0.18.0"}
[2018-08-07T21:59:02.507] [INFO] cheese - {"method":"GET","url":"/client/blog/list?pageindex=1","host":"localhost:4000","message":{"message":"响应时间为：141331"},"userAgent":"axios/0.18.0"}
[2018-08-07T21:59:02.583] [INFO] cheese - {"method":"GET","url":"/classify/list","host":"localhost:4000","message":{"message":"响应时间为：141407"},"userAgent":"axios/0.18.0"}
[2018-08-07T21:59:02.589] [INFO] cheese - {"method":"GET","url":"/tag/list","host":"localhost:4000","message":{"message":"响应时间为：141413"},"userAgent":"axios/0.18.0"}
[2018-08-07T21:59:03.269] [INFO] cheese - {"method":"GET","url":"/classify/list","host":"localhost:4000","message":{"message":"响应时间为：142093"},"referer":"http://localhost:4002/","userAgent":"Mozilla/5.0 (iPhone; CPU iPhone OS 11_0 like Mac OS X) AppleWebKit/604.1.38 (KHTML, like Gecko) Version/11.0 Mobile/15A372 Safari/604.1"}
[2018-08-07T21:59:03.277] [INFO] cheese - {"method":"GET","url":"/tag/list","host":"localhost:4000","message":{"message":"响应时间为：142101"},"referer":"http://localhost:4002/","userAgent":"Mozilla/5.0 (iPhone; CPU iPhone OS 11_0 like Mac OS X) AppleWebKit/604.1.38 (KHTML, like Gecko) Version/11.0 Mobile/15A372 Safari/604.1"}
[2018-08-07T21:59:50.551] [INFO] cheese - {"method":"GET","url":"/client/series/list","host":"localhost:4000","message":{"message":"响应时间为：189375"},"userAgent":"axios/0.18.0"}
[2018-08-07T21:59:50.556] [INFO] cheese - {"method":"GET","url":"/client/blog/list?pageindex=1","host":"localhost:4000","message":{"message":"响应时间为：189380"},"userAgent":"axios/0.18.0"}
[2018-08-07T21:59:50.645] [INFO] cheese - {"method":"GET","url":"/classify/list","host":"localhost:4000","message":{"message":"响应时间为：189469"},"userAgent":"axios/0.18.0"}
[2018-08-07T21:59:50.653] [INFO] cheese - {"method":"GET","url":"/tag/list","host":"localhost:4000","message":{"message":"响应时间为：189477"},"userAgent":"axios/0.18.0"}
[2018-08-07T21:59:51.379] [INFO] cheese - {"method":"GET","url":"/classify/list","host":"localhost:4000","message":{"message":"响应时间为：190203"},"referer":"http://localhost:4002/","userAgent":"Mozilla/5.0 (iPhone; CPU iPhone OS 11_0 like Mac OS X) AppleWebKit/604.1.38 (KHTML, like Gecko) Version/11.0 Mobile/15A372 Safari/604.1"}
[2018-08-07T21:59:51.386] [INFO] cheese - {"method":"GET","url":"/tag/list","host":"localhost:4000","message":{"message":"响应时间为：190210"},"referer":"http://localhost:4002/","userAgent":"Mozilla/5.0 (iPhone; CPU iPhone OS 11_0 like Mac OS X) AppleWebKit/604.1.38 (KHTML, like Gecko) Version/11.0 Mobile/15A372 Safari/604.1"}
[2018-08-07T22:02:43.922] [INFO] cheese - {"method":"GET","url":"/client/series/list","host":"localhost:4000","message":{"message":"响应时间为：362746"},"userAgent":"axios/0.18.0"}
[2018-08-07T22:02:43.934] [INFO] cheese - {"method":"GET","url":"/client/blog/list?pageindex=1","host":"localhost:4000","message":{"message":"响应时间为：362757"},"userAgent":"axios/0.18.0"}
[2018-08-07T22:02:44.026] [INFO] cheese - {"method":"GET","url":"/classify/list","host":"localhost:4000","message":{"message":"响应时间为：362850"},"userAgent":"axios/0.18.0"}
[2018-08-07T22:02:44.031] [INFO] cheese - {"method":"GET","url":"/tag/list","host":"localhost:4000","message":{"message":"响应时间为：362855"},"userAgent":"axios/0.18.0"}
[2018-08-07T22:02:44.771] [INFO] cheese - {"method":"GET","url":"/classify/list","host":"localhost:4000","message":{"message":"响应时间为：363595"},"referer":"http://localhost:4002/","userAgent":"Mozilla/5.0 (iPhone; CPU iPhone OS 11_0 like Mac OS X) AppleWebKit/604.1.38 (KHTML, like Gecko) Version/11.0 Mobile/15A372 Safari/604.1"}
[2018-08-07T22:02:44.779] [INFO] cheese - {"method":"GET","url":"/tag/list","host":"localhost:4000","message":{"message":"响应时间为：363603"},"referer":"http://localhost:4002/","userAgent":"Mozilla/5.0 (iPhone; CPU iPhone OS 11_0 like Mac OS X) AppleWebKit/604.1.38 (KHTML, like Gecko) Version/11.0 Mobile/15A372 Safari/604.1"}
[2018-08-07T22:06:48.300] [INFO] cheese - {"method":"GET","url":"/client/series/list","host":"localhost:4000","message":{"message":"响应时间为：607124"},"userAgent":"axios/0.18.0"}
[2018-08-07T22:06:48.305] [INFO] cheese - {"method":"GET","url":"/client/blog/list?pageindex=1","host":"localhost:4000","message":{"message":"响应时间为：607129"},"userAgent":"axios/0.18.0"}
[2018-08-07T22:06:48.372] [INFO] cheese - {"method":"GET","url":"/tag/list","host":"localhost:4000","message":{"message":"响应时间为：607196"},"userAgent":"axios/0.18.0"}
[2018-08-07T22:06:48.375] [INFO] cheese - {"method":"GET","url":"/classify/list","host":"localhost:4000","message":{"message":"响应时间为：607199"},"userAgent":"axios/0.18.0"}
[2018-08-07T22:07:51.543] [INFO] cheese - {"method":"GET","url":"/client/series/list","host":"localhost:4000","message":{"message":"响应时间为：670366"},"userAgent":"axios/0.18.0"}
[2018-08-07T22:07:51.547] [INFO] cheese - {"method":"GET","url":"/client/blog/list?pageindex=1","host":"localhost:4000","message":{"message":"响应时间为：670371"},"userAgent":"axios/0.18.0"}
[2018-08-07T22:07:51.612] [INFO] cheese - {"method":"GET","url":"/classify/list","host":"localhost:4000","message":{"message":"响应时间为：670436"},"userAgent":"axios/0.18.0"}
[2018-08-07T22:07:51.620] [INFO] cheese - {"method":"GET","url":"/tag/list","host":"localhost:4000","message":{"message":"响应时间为：670444"},"userAgent":"axios/0.18.0"}
[2018-08-07T22:08:59.599] [INFO] cheese - {"method":"GET","url":"/client/series/list","host":"localhost:4000","message":{"message":"响应时间为：738423"},"userAgent":"axios/0.18.0"}
[2018-08-07T22:08:59.607] [INFO] cheese - {"method":"GET","url":"/client/blog/list?pageindex=1","host":"localhost:4000","message":{"message":"响应时间为：738431"},"userAgent":"axios/0.18.0"}
[2018-08-07T22:08:59.669] [INFO] cheese - {"method":"GET","url":"/tag/list","host":"localhost:4000","message":{"message":"响应时间为：738493"},"userAgent":"axios/0.18.0"}
[2018-08-07T22:08:59.672] [INFO] cheese - {"method":"GET","url":"/classify/list","host":"localhost:4000","message":{"message":"响应时间为：738496"},"userAgent":"axios/0.18.0"}
[2018-08-07T22:09:28.878] [INFO] cheese - {"method":"GET","url":"/client/series/list","host":"localhost:4000","message":{"message":"响应时间为：767702"},"userAgent":"axios/0.18.0"}
[2018-08-07T22:09:28.882] [INFO] cheese - {"method":"GET","url":"/client/blog/list?pageindex=1","host":"localhost:4000","message":{"message":"响应时间为：767706"},"userAgent":"axios/0.18.0"}
[2018-08-07T22:09:29.112] [INFO] cheese - {"method":"GET","url":"/tag/list","host":"localhost:4000","message":{"message":"响应时间为：767935"},"userAgent":"axios/0.18.0"}
[2018-08-07T22:09:29.171] [INFO] cheese - {"method":"GET","url":"/client/blog/list?pageindex=1","host":"localhost:4000","message":{"message":"响应时间为：767995"},"userAgent":"axios/0.18.0"}
[2018-08-07T22:09:29.180] [INFO] cheese - {"method":"GET","url":"/client/series/list","host":"localhost:4000","message":{"message":"响应时间为：768004"},"userAgent":"axios/0.18.0"}
[2018-08-07T22:09:29.245] [INFO] cheese - {"method":"GET","url":"/client/series/list","host":"localhost:4000","message":{"message":"响应时间为：768069"},"referer":"http://localhost:4002/","userAgent":"Mozilla/5.0 (iPhone; CPU iPhone OS 11_0 like Mac OS X) AppleWebKit/604.1.38 (KHTML, like Gecko) Version/11.0 Mobile/15A372 Safari/604.1"}
[2018-08-07T22:09:29.259] [INFO] cheese - {"method":"GET","url":"/client/blog/list?pageindex=1","host":"localhost:4000","message":{"message":"响应时间为：768083"},"referer":"http://localhost:4002/","userAgent":"Mozilla/5.0 (iPhone; CPU iPhone OS 11_0 like Mac OS X) AppleWebKit/604.1.38 (KHTML, like Gecko) Version/11.0 Mobile/15A372 Safari/604.1"}
[2018-08-07T22:09:29.371] [INFO] cheese - {"method":"GET","url":"/tag/list","host":"localhost:4000","message":{"message":"响应时间为：768194"},"userAgent":"axios/0.18.0"}
[2018-08-07T22:09:31.330] [INFO] cheese - {"method":"GET","url":"/tag/list","host":"localhost:4000","message":{"message":"响应时间为：770154"},"referer":"http://localhost:4002/","userAgent":"Mozilla/5.0 (iPhone; CPU iPhone OS 11_0 like Mac OS X) AppleWebKit/604.1.38 (KHTML, like Gecko) Version/11.0 Mobile/15A372 Safari/604.1"}
[2018-08-07T22:09:33.722] [INFO] cheese - {"method":"GET","url":"/client/series/list","host":"localhost:4000","message":{"message":"响应时间为：772546"},"userAgent":"axios/0.18.0"}
[2018-08-07T22:09:33.730] [INFO] cheese - {"method":"GET","url":"/client/blog/list?pageindex=1","host":"localhost:4000","message":{"message":"响应时间为：772554"},"userAgent":"axios/0.18.0"}
[2018-08-07T22:09:33.814] [INFO] cheese - {"method":"GET","url":"/tag/list","host":"localhost:4000","message":{"message":"响应时间为：772638"},"userAgent":"axios/0.18.0"}
[2018-08-07T22:09:47.820] [INFO] cheese - {"method":"GET","url":"/client/series/list","host":"localhost:4000","message":{"message":"响应时间为：786644"},"userAgent":"axios/0.18.0"}
[2018-08-07T22:09:47.828] [INFO] cheese - {"method":"GET","url":"/client/blog/list?pageindex=1","host":"localhost:4000","message":{"message":"响应时间为：786652"},"userAgent":"axios/0.18.0"}
[2018-08-07T22:09:47.884] [INFO] cheese - {"method":"GET","url":"/classify/list","host":"localhost:4000","message":{"message":"响应时间为：786708"},"userAgent":"axios/0.18.0"}
[2018-08-07T22:09:47.888] [INFO] cheese - {"method":"GET","url":"/tag/list","host":"localhost:4000","message":{"message":"响应时间为：786712"},"userAgent":"axios/0.18.0"}
[2018-08-07T22:09:47.960] [INFO] cheese - {"method":"GET","url":"/comment/list","host":"localhost:4000","message":{"message":"响应时间为：786784"},"referer":"http://localhost:4002/","userAgent":"Mozilla/5.0 (iPhone; CPU iPhone OS 11_0 like Mac OS X) AppleWebKit/604.1.38 (KHTML, like Gecko) Version/11.0 Mobile/15A372 Safari/604.1"}
[2018-08-07T22:09:48.236] [INFO] cheese - {"method":"GET","url":"/tool/detail","host":"localhost:4000","message":{"message":"响应时间为：787060"},"referer":"http://localhost:4002/","userAgent":"Mozilla/5.0 (iPhone; CPU iPhone OS 11_0 like Mac OS X) AppleWebKit/604.1.38 (KHTML, like Gecko) Version/11.0 Mobile/15A372 Safari/604.1"}
[2018-08-07T22:09:48.262] [INFO] cheese - {"method":"GET","url":"/client/series/list","host":"localhost:4000","message":{"message":"响应时间为：787086"},"userAgent":"axios/0.18.0"}
[2018-08-07T22:09:48.268] [INFO] cheese - {"method":"GET","url":"/client/blog/list?pageindex=1","host":"localhost:4000","message":{"message":"响应时间为：787092"},"userAgent":"axios/0.18.0"}
[2018-08-07T22:09:48.285] [INFO] cheese - {"method":"GET","url":"/client/blog/list?pageindex=1","host":"localhost:4000","message":{"message":"响应时间为：787109"},"referer":"http://localhost:4002/","userAgent":"Mozilla/5.0 (iPhone; CPU iPhone OS 11_0 like Mac OS X) AppleWebKit/604.1.38 (KHTML, like Gecko) Version/11.0 Mobile/15A372 Safari/604.1"}
[2018-08-07T22:09:48.346] [INFO] cheese - {"method":"GET","url":"/tag/list","host":"localhost:4000","message":{"message":"响应时间为：787170"},"referer":"http://localhost:4002/","userAgent":"Mozilla/5.0 (iPhone; CPU iPhone OS 11_0 like Mac OS X) AppleWebKit/604.1.38 (KHTML, like Gecko) Version/11.0 Mobile/15A372 Safari/604.1"}
[2018-08-07T22:09:48.386] [INFO] cheese - {"method":"GET","url":"/classify/list","host":"localhost:4000","message":{"message":"响应时间为：787210"},"userAgent":"axios/0.18.0"}
[2018-08-07T22:09:48.398] [INFO] cheese - {"method":"GET","url":"/tag/list","host":"localhost:4000","message":{"message":"响应时间为：787222"},"userAgent":"axios/0.18.0"}
[2018-08-07T22:09:49.131] [INFO] cheese - {"method":"GET","url":"/classify/list","host":"localhost:4000","message":{"message":"响应时间为：787955"},"referer":"http://localhost:4002/","userAgent":"Mozilla/5.0 (iPhone; CPU iPhone OS 11_0 like Mac OS X) AppleWebKit/604.1.38 (KHTML, like Gecko) Version/11.0 Mobile/15A372 Safari/604.1"}
[2018-08-07T22:09:49.141] [INFO] cheese - {"method":"GET","url":"/tag/list","host":"localhost:4000","message":{"message":"响应时间为：787965"},"referer":"http://localhost:4002/","userAgent":"Mozilla/5.0 (iPhone; CPU iPhone OS 11_0 like Mac OS X) AppleWebKit/604.1.38 (KHTML, like Gecko) Version/11.0 Mobile/15A372 Safari/604.1"}
[2018-08-07T22:19:01.517] [INFO] cheese - {"method":"GET","url":"/client/series/list","host":"localhost:4000","message":{"message":"响应时间为：45260"},"userAgent":"axios/0.18.0"}
[2018-08-07T22:19:01.536] [INFO] cheese - {"method":"GET","url":"/client/blog/list?pageindex=1","host":"localhost:4000","message":{"message":"响应时间为：45279"},"userAgent":"axios/0.18.0"}
[2018-08-07T22:19:01.609] [INFO] cheese - {"method":"GET","url":"/classify/list","host":"localhost:4000","message":{"message":"响应时间为：45352"},"userAgent":"axios/0.18.0"}
[2018-08-07T22:19:01.618] [INFO] cheese - {"method":"GET","url":"/tag/list","host":"localhost:4000","message":{"message":"响应时间为：45361"},"userAgent":"axios/0.18.0"}
[2018-08-07T22:19:02.412] [INFO] cheese - {"method":"GET","url":"/classify/list","host":"localhost:4000","message":{"message":"响应时间为：46155"},"referer":"http://localhost:4002/","userAgent":"Mozilla/5.0 (iPhone; CPU iPhone OS 11_0 like Mac OS X) AppleWebKit/604.1.38 (KHTML, like Gecko) Version/11.0 Mobile/15A372 Safari/604.1"}
[2018-08-07T22:19:02.422] [INFO] cheese - {"method":"GET","url":"/tag/list","host":"localhost:4000","message":{"message":"响应时间为：46165"},"referer":"http://localhost:4002/","userAgent":"Mozilla/5.0 (iPhone; CPU iPhone OS 11_0 like Mac OS X) AppleWebKit/604.1.38 (KHTML, like Gecko) Version/11.0 Mobile/15A372 Safari/604.1"}
[2018-08-07T22:21:49.641] [INFO] cheese - {"method":"GET","url":"/client/series/list","host":"localhost:4000","message":{"message":"响应时间为：213384"},"userAgent":"axios/0.18.0"}
[2018-08-07T22:21:49.647] [INFO] cheese - {"method":"GET","url":"/client/blog/list?pageindex=1","host":"localhost:4000","message":{"message":"响应时间为：213390"},"userAgent":"axios/0.18.0"}
[2018-08-07T22:21:49.716] [INFO] cheese - {"method":"GET","url":"/tag/list","host":"localhost:4000","message":{"message":"响应时间为：213459"},"userAgent":"axios/0.18.0"}
[2018-08-07T22:21:49.719] [INFO] cheese - {"method":"GET","url":"/classify/list","host":"localhost:4000","message":{"message":"响应时间为：213462"},"userAgent":"axios/0.18.0"}
[2018-08-07T22:22:06.237] [INFO] cheese - {"method":"GET","url":"/client/series/list","host":"localhost:4000","message":{"message":"响应时间为：229979"},"userAgent":"axios/0.18.0"}
[2018-08-07T22:22:06.243] [INFO] cheese - {"method":"GET","url":"/client/blog/list?pageindex=1","host":"localhost:4000","message":{"message":"响应时间为：229986"},"userAgent":"axios/0.18.0"}
[2018-08-07T22:22:06.386] [INFO] cheese - {"method":"GET","url":"/tag/list","host":"localhost:4000","message":{"message":"响应时间为：230129"},"userAgent":"axios/0.18.0"}
[2018-08-07T22:22:06.406] [INFO] cheese - {"method":"GET","url":"/client/series/list","host":"localhost:4000","message":{"message":"响应时间为：230149"},"userAgent":"axios/0.18.0"}
[2018-08-07T22:22:06.415] [INFO] cheese - {"method":"GET","url":"/client/blog/list?pageindex=1","host":"localhost:4000","message":{"message":"响应时间为：230158"},"userAgent":"axios/0.18.0"}
[2018-08-07T22:22:06.418] [INFO] cheese - {"method":"GET","url":"/client/series/list","host":"localhost:4000","message":{"message":"响应时间为：230161"},"userAgent":"axios/0.18.0"}
[2018-08-07T22:22:06.425] [INFO] cheese - {"method":"GET","url":"/client/blog/list?pageindex=1","host":"localhost:4000","message":{"message":"响应时间为：230168"},"userAgent":"axios/0.18.0"}
[2018-08-07T22:22:06.590] [INFO] cheese - {"method":"GET","url":"/tag/list","host":"localhost:4000","message":{"message":"响应时间为：230333"},"userAgent":"axios/0.18.0"}
[2018-08-07T22:22:06.613] [INFO] cheese - {"method":"GET","url":"/comment/list","host":"localhost:4000","message":{"message":"响应时间为：230356"},"referer":"http://localhost:4002/","userAgent":"Mozilla/5.0 (iPhone; CPU iPhone OS 11_0 like Mac OS X) AppleWebKit/604.1.38 (KHTML, like Gecko) Version/11.0 Mobile/15A372 Safari/604.1"}
[2018-08-07T22:22:06.621] [INFO] cheese - {"method":"GET","url":"/tag/list","host":"localhost:4000","message":{"message":"响应时间为：230364"},"userAgent":"axios/0.18.0"}
[2018-08-07T22:22:07.393] [INFO] cheese - {"method":"GET","url":"/tag/list","host":"localhost:4000","message":{"message":"响应时间为：231136"},"referer":"http://localhost:4002/","userAgent":"Mozilla/5.0 (iPhone; CPU iPhone OS 11_0 like Mac OS X) AppleWebKit/604.1.38 (KHTML, like Gecko) Version/11.0 Mobile/15A372 Safari/604.1"}
[2018-08-07T22:22:26.879] [INFO] cheese - {"method":"GET","url":"/client/series/list","host":"localhost:4000","message":{"message":"响应时间为：250622"},"userAgent":"axios/0.18.0"}
[2018-08-07T22:22:26.885] [INFO] cheese - {"method":"GET","url":"/client/blog/list?pageindex=1","host":"localhost:4000","message":{"message":"响应时间为：250628"},"userAgent":"axios/0.18.0"}
[2018-08-07T22:22:26.936] [INFO] cheese - {"method":"GET","url":"/classify/list","host":"localhost:4000","message":{"message":"响应时间为：250679"},"userAgent":"axios/0.18.0"}
[2018-08-07T22:22:26.951] [INFO] cheese - {"method":"GET","url":"/tag/list","host":"localhost:4000","message":{"message":"响应时间为：250694"},"userAgent":"axios/0.18.0"}
[2018-08-07T22:22:26.967] [INFO] cheese - {"method":"GET","url":"/client/series/list","host":"localhost:4000","message":{"message":"响应时间为：250710"},"userAgent":"axios/0.18.0"}
[2018-08-07T22:22:26.976] [INFO] cheese - {"method":"GET","url":"/client/blog/list?pageindex=1","host":"localhost:4000","message":{"message":"响应时间为：250719"},"userAgent":"axios/0.18.0"}
[2018-08-07T22:22:27.029] [INFO] cheese - {"method":"GET","url":"/classify/list","host":"localhost:4000","message":{"message":"响应时间为：250772"},"userAgent":"axios/0.18.0"}
[2018-08-07T22:22:27.038] [INFO] cheese - {"method":"GET","url":"/tag/list","host":"localhost:4000","message":{"message":"响应时间为：250781"},"userAgent":"axios/0.18.0"}
[2018-08-07T22:22:27.097] [INFO] cheese - {"method":"GET","url":"/comment/list","host":"localhost:4000","message":{"message":"响应时间为：250840"},"referer":"http://localhost:4002/","userAgent":"Mozilla/5.0 (iPhone; CPU iPhone OS 11_0 like Mac OS X) AppleWebKit/604.1.38 (KHTML, like Gecko) Version/11.0 Mobile/15A372 Safari/604.1"}
[2018-08-07T22:22:27.361] [INFO] cheese - {"method":"GET","url":"/tool/detail","host":"localhost:4000","message":{"message":"响应时间为：251104"},"referer":"http://localhost:4002/","userAgent":"Mozilla/5.0 (iPhone; CPU iPhone OS 11_0 like Mac OS X) AppleWebKit/604.1.38 (KHTML, like Gecko) Version/11.0 Mobile/15A372 Safari/604.1"}
[2018-08-07T22:22:27.376] [INFO] cheese - {"method":"GET","url":"/client/series/list","host":"localhost:4000","message":{"message":"响应时间为：251118"},"userAgent":"axios/0.18.0"}
[2018-08-07T22:22:27.380] [INFO] cheese - {"method":"GET","url":"/client/blog/list?pageindex=1","host":"localhost:4000","message":{"message":"响应时间为：251122"},"userAgent":"axios/0.18.0"}
[2018-08-07T22:22:27.470] [INFO] cheese - {"method":"GET","url":"/classify/list","host":"localhost:4000","message":{"message":"响应时间为：251213"},"userAgent":"axios/0.18.0"}
[2018-08-07T22:22:27.476] [INFO] cheese - {"method":"GET","url":"/tag/list","host":"localhost:4000","message":{"message":"响应时间为：251219"},"userAgent":"axios/0.18.0"}
[2018-08-07T22:22:28.404] [INFO] cheese - {"method":"GET","url":"/tag/list","host":"localhost:4000","message":{"message":"响应时间为：252147"},"referer":"http://localhost:4002/","userAgent":"Mozilla/5.0 (iPhone; CPU iPhone OS 11_0 like Mac OS X) AppleWebKit/604.1.38 (KHTML, like Gecko) Version/11.0 Mobile/15A372 Safari/604.1"}
[2018-08-07T22:22:28.407] [INFO] cheese - {"method":"GET","url":"/classify/list","host":"localhost:4000","message":{"message":"响应时间为：252150"},"referer":"http://localhost:4002/","userAgent":"Mozilla/5.0 (iPhone; CPU iPhone OS 11_0 like Mac OS X) AppleWebKit/604.1.38 (KHTML, like Gecko) Version/11.0 Mobile/15A372 Safari/604.1"}
[2018-08-07T22:23:31.540] [INFO] cheese - {"method":"GET","url":"/client/series/list","host":"localhost:4000","message":{"message":"响应时间为：315283"},"userAgent":"axios/0.18.0"}
[2018-08-07T22:23:31.545] [INFO] cheese - {"method":"GET","url":"/client/blog/list?pageindex=1","host":"localhost:4000","message":{"message":"响应时间为：315288"},"userAgent":"axios/0.18.0"}
[2018-08-07T22:23:31.613] [INFO] cheese - {"method":"GET","url":"/tag/list","host":"localhost:4000","message":{"message":"响应时间为：315356"},"userAgent":"axios/0.18.0"}
[2018-08-07T22:23:31.619] [INFO] cheese - {"method":"GET","url":"/classify/list","host":"localhost:4000","message":{"message":"响应时间为：315362"},"userAgent":"axios/0.18.0"}
[2018-08-07T22:23:32.446] [INFO] cheese - {"method":"GET","url":"/classify/list","host":"localhost:4000","message":{"message":"响应时间为：316189"},"referer":"http://localhost:4002/","userAgent":"Mozilla/5.0 (iPhone; CPU iPhone OS 11_0 like Mac OS X) AppleWebKit/604.1.38 (KHTML, like Gecko) Version/11.0 Mobile/15A372 Safari/604.1"}
[2018-08-07T22:23:32.455] [INFO] cheese - {"method":"GET","url":"/tag/list","host":"localhost:4000","message":{"message":"响应时间为：316198"},"referer":"http://localhost:4002/","userAgent":"Mozilla/5.0 (iPhone; CPU iPhone OS 11_0 like Mac OS X) AppleWebKit/604.1.38 (KHTML, like Gecko) Version/11.0 Mobile/15A372 Safari/604.1"}
[2018-08-07T22:25:23.222] [INFO] cheese - {"method":"GET","url":"/client/series/list","host":"localhost:4000","message":{"message":"响应时间为：426965"},"userAgent":"axios/0.18.0"}
[2018-08-07T22:25:23.230] [INFO] cheese - {"method":"GET","url":"/client/blog/list?pageindex=1","host":"localhost:4000","message":{"message":"响应时间为：426973"},"userAgent":"axios/0.18.0"}
[2018-08-07T22:25:23.293] [INFO] cheese - {"method":"GET","url":"/tag/list","host":"localhost:4000","message":{"message":"响应时间为：427035"},"userAgent":"axios/0.18.0"}
[2018-08-07T22:25:23.298] [INFO] cheese - {"method":"GET","url":"/classify/list","host":"localhost:4000","message":{"message":"响应时间为：427041"},"userAgent":"axios/0.18.0"}
[2018-08-07T22:25:24.135] [INFO] cheese - {"method":"GET","url":"/classify/list","host":"localhost:4000","message":{"message":"响应时间为：427878"},"referer":"http://localhost:4002/","userAgent":"Mozilla/5.0 (iPhone; CPU iPhone OS 11_0 like Mac OS X) AppleWebKit/604.1.38 (KHTML, like Gecko) Version/11.0 Mobile/15A372 Safari/604.1"}
[2018-08-07T22:25:24.144] [INFO] cheese - {"method":"GET","url":"/tag/list","host":"localhost:4000","message":{"message":"响应时间为：427887"},"referer":"http://localhost:4002/","userAgent":"Mozilla/5.0 (iPhone; CPU iPhone OS 11_0 like Mac OS X) AppleWebKit/604.1.38 (KHTML, like Gecko) Version/11.0 Mobile/15A372 Safari/604.1"}
[2018-08-07T22:30:27.631] [INFO] cheese - {"method":"GET","url":"/client/blog/list?pageindex=1&seriesName=node%E5%BC%80%E5%8F%91%E7%AF%87","host":"localhost:4000","message":{"message":"响应时间为：731373"},"referer":"http://localhost:4002/","userAgent":"Mozilla/5.0 (iPhone; CPU iPhone OS 11_0 like Mac OS X) AppleWebKit/604.1.38 (KHTML, like Gecko) Version/11.0 Mobile/15A372 Safari/604.1"}
[2018-08-07T22:30:27.898] [INFO] cheese - {"method":"GET","url":"/client/series/list?title=node%E5%BC%80%E5%8F%91%E7%AF%87","host":"localhost:4000","message":{"message":"响应时间为：731641"},"referer":"http://localhost:4002/","userAgent":"Mozilla/5.0 (iPhone; CPU iPhone OS 11_0 like Mac OS X) AppleWebKit/604.1.38 (KHTML, like Gecko) Version/11.0 Mobile/15A372 Safari/604.1"}
[2018-08-07T22:30:29.657] [INFO] cheese - {"method":"GET","url":"/client/series/list?title=node%E5%BC%80%E5%8F%91%E7%AF%87","host":"localhost:4000","message":{"message":"响应时间为：733400"},"userAgent":"axios/0.18.0"}
[2018-08-07T22:30:29.663] [INFO] cheese - {"method":"GET","url":"/client/blog/list?pageindex=1&seriesName=node%E5%BC%80%E5%8F%91%E7%AF%87","host":"localhost:4000","message":{"message":"响应时间为：733406"},"userAgent":"axios/0.18.0"}
[2018-08-07T22:30:29.734] [INFO] cheese - {"method":"GET","url":"/classify/list","host":"localhost:4000","message":{"message":"响应时间为：733477"},"userAgent":"axios/0.18.0"}
[2018-08-07T22:30:29.740] [INFO] cheese - {"method":"GET","url":"/tag/list","host":"localhost:4000","message":{"message":"响应时间为：733483"},"userAgent":"axios/0.18.0"}
[2018-08-07T22:30:30.513] [INFO] cheese - {"method":"GET","url":"/classify/list","host":"localhost:4000","message":{"message":"响应时间为：734256"},"referer":"http://localhost:4002/series/node%E5%BC%80%E5%8F%91%E7%AF%87","userAgent":"Mozilla/5.0 (iPhone; CPU iPhone OS 11_0 like Mac OS X) AppleWebKit/604.1.38 (KHTML, like Gecko) Version/11.0 Mobile/15A372 Safari/604.1"}
[2018-08-07T22:30:30.523] [INFO] cheese - {"method":"GET","url":"/tag/list","host":"localhost:4000","message":{"message":"响应时间为：734266"},"referer":"http://localhost:4002/series/node%E5%BC%80%E5%8F%91%E7%AF%87","userAgent":"Mozilla/5.0 (iPhone; CPU iPhone OS 11_0 like Mac OS X) AppleWebKit/604.1.38 (KHTML, like Gecko) Version/11.0 Mobile/15A372 Safari/604.1"}
[2018-08-07T22:40:55.367] [INFO] cheese - {"method":"GET","url":"/client/series/list?title=node%E5%BC%80%E5%8F%91%E7%AF%87","host":"localhost:4000","message":{"message":"响应时间为：1359110"},"userAgent":"axios/0.18.0"}
[2018-08-07T22:40:55.370] [INFO] cheese - {"method":"GET","url":"/client/blog/list?pageindex=1&seriesName=node%E5%BC%80%E5%8F%91%E7%AF%87","host":"localhost:4000","message":{"message":"响应时间为：1359113"},"userAgent":"axios/0.18.0"}
[2018-08-07T22:40:59.279] [INFO] cheese - {"method":"GET","url":"/client/blog/list?pageindex=1","host":"localhost:4000","message":{"message":"响应时间为：1363022"},"referer":"http://localhost:4002/","userAgent":"Mozilla/5.0 (iPhone; CPU iPhone OS 11_0 like Mac OS X) AppleWebKit/604.1.38 (KHTML, like Gecko) Version/11.0 Mobile/15A372 Safari/604.1"}
[2018-08-07T22:40:59.282] [INFO] cheese - {"method":"GET","url":"/client/series/list","host":"localhost:4000","message":{"message":"响应时间为：1363025"},"referer":"http://localhost:4002/","userAgent":"Mozilla/5.0 (iPhone; CPU iPhone OS 11_0 like Mac OS X) AppleWebKit/604.1.38 (KHTML, like Gecko) Version/11.0 Mobile/15A372 Safari/604.1"}
[2018-08-07T22:41:00.611] [INFO] cheese - {"method":"GET","url":"/client/series/list","host":"localhost:4000","message":{"message":"响应时间为：1364354"},"userAgent":"axios/0.18.0"}
[2018-08-07T22:41:00.620] [INFO] cheese - {"method":"GET","url":"/client/blog/list?pageindex=1","host":"localhost:4000","message":{"message":"响应时间为：1364363"},"userAgent":"axios/0.18.0"}
[2018-08-07T22:41:05.238] [INFO] cheese - {"method":"GET","url":"/client/series/list","host":"localhost:4000","message":{"message":"响应时间为：1368981"},"userAgent":"axios/0.18.0"}
[2018-08-07T22:41:05.246] [INFO] cheese - {"method":"GET","url":"/client/blog/list?pageindex=1","host":"localhost:4000","message":{"message":"响应时间为：1368989"},"userAgent":"axios/0.18.0"}
[2018-08-07T22:41:21.827] [INFO] cheese - {"method":"GET","url":"/client/series/list","host":"localhost:4000","message":{"message":"响应时间为：1385570"},"userAgent":"axios/0.18.0"}
[2018-08-07T22:41:21.834] [INFO] cheese - {"method":"GET","url":"/client/blog/list?pageindex=1","host":"localhost:4000","message":{"message":"响应时间为：1385577"},"userAgent":"axios/0.18.0"}
[2018-08-07T22:52:02.459] [INFO] cheese - {"method":"GET","url":"/client/series/list","host":"localhost:4000","message":{"message":"响应时间为：70425"},"userAgent":"axios/0.18.0"}
[2018-08-07T22:52:02.485] [INFO] cheese - {"method":"GET","url":"/client/blog/list?pageindex=1","host":"localhost:4000","message":{"message":"响应时间为：70451"},"userAgent":"axios/0.18.0"}
[2018-08-07T22:52:07.192] [INFO] cheese - {"method":"GET","url":"/client/series/list","host":"localhost:4000","message":{"message":"响应时间为：75158"},"userAgent":"axios/0.18.0"}
[2018-08-07T22:52:07.201] [INFO] cheese - {"method":"GET","url":"/client/blog/list?pageindex=1","host":"localhost:4000","message":{"message":"响应时间为：75167"},"userAgent":"axios/0.18.0"}
[2018-08-07T22:52:12.053] [INFO] cheese - {"method":"GET","url":"/client/series/list","host":"localhost:4000","message":{"message":"响应时间为：80019"},"userAgent":"axios/0.18.0"}
[2018-08-07T22:52:12.059] [INFO] cheese - {"method":"GET","url":"/client/blog/list?pageindex=1","host":"localhost:4000","message":{"message":"响应时间为：80025"},"userAgent":"axios/0.18.0"}
[2018-08-07T22:52:58.665] [INFO] cheese - {"method":"GET","url":"/client/series/list","host":"localhost:4000","message":{"message":"响应时间为：126631"},"userAgent":"axios/0.18.0"}
[2018-08-07T22:52:58.671] [INFO] cheese - {"method":"GET","url":"/client/blog/list?pageindex=1","host":"localhost:4000","message":{"message":"响应时间为：126637"},"userAgent":"axios/0.18.0"}
[2018-08-07T22:54:31.578] [INFO] cheese - {"method":"GET","url":"/client/series/list","host":"localhost:4000","message":{"message":"响应时间为：219544"},"userAgent":"axios/0.18.0"}
[2018-08-07T22:54:31.590] [INFO] cheese - {"method":"GET","url":"/client/blog/list?pageindex=1","host":"localhost:4000","message":{"message":"响应时间为：219556"},"userAgent":"axios/0.18.0"}
[2018-08-07T22:57:41.924] [INFO] cheese - {"method":"GET","url":"/client/series/list","host":"localhost:4000","message":{"message":"响应时间为：409890"},"userAgent":"axios/0.18.0"}
[2018-08-07T22:57:41.942] [INFO] cheese - {"method":"GET","url":"/client/blog/list?pageindex=1","host":"localhost:4000","message":{"message":"响应时间为：409908"},"userAgent":"axios/0.18.0"}
[2018-08-07T22:58:38.985] [INFO] cheese - {"method":"GET","url":"/classify/list","host":"localhost:4000","message":{"message":"响应时间为：466951"},"referer":"http://localhost:4002/","userAgent":"Mozilla/5.0 (Windows NT 10.0; WOW64) AppleWebKit/537.36 (KHTML, like Gecko) Chrome/65.0.3325.181 Safari/537.36"}
[2018-08-07T22:58:39.316] [INFO] cheese - {"method":"GET","url":"/tag/list","host":"localhost:4000","message":{"message":"响应时间为：467282"},"referer":"http://localhost:4002/","userAgent":"Mozilla/5.0 (Windows NT 10.0; WOW64) AppleWebKit/537.36 (KHTML, like Gecko) Chrome/65.0.3325.181 Safari/537.36"}
[2018-08-07T22:58:39.893] [INFO] cheese - {"method":"GET","url":"/client/series/list","host":"localhost:4000","message":{"message":"响应时间为：467859"},"userAgent":"axios/0.18.0"}
[2018-08-07T22:58:39.902] [INFO] cheese - {"method":"GET","url":"/client/blog/list?pageindex=1","host":"localhost:4000","message":{"message":"响应时间为：467867"},"userAgent":"axios/0.18.0"}
[2018-08-07T22:58:39.971] [INFO] cheese - {"method":"GET","url":"/tag/list","host":"localhost:4000","message":{"message":"响应时间为：467937"},"userAgent":"axios/0.18.0"}
[2018-08-07T22:58:39.976] [INFO] cheese - {"method":"GET","url":"/classify/list","host":"localhost:4000","message":{"message":"响应时间为：467942"},"userAgent":"axios/0.18.0"}
[2018-08-07T22:58:40.783] [INFO] cheese - {"method":"GET","url":"/classify/list","host":"localhost:4000","message":{"message":"响应时间为：468749"},"referer":"http://localhost:4002/","userAgent":"Mozilla/5.0 (Windows NT 10.0; WOW64) AppleWebKit/537.36 (KHTML, like Gecko) Chrome/65.0.3325.181 Safari/537.36"}
[2018-08-07T22:58:40.792] [INFO] cheese - {"method":"GET","url":"/tag/list","host":"localhost:4000","message":{"message":"响应时间为：468758"},"referer":"http://localhost:4002/","userAgent":"Mozilla/5.0 (Windows NT 10.0; WOW64) AppleWebKit/537.36 (KHTML, like Gecko) Chrome/65.0.3325.181 Safari/537.36"}
[2018-08-07T22:58:45.427] [INFO] cheese - {"method":"GET","url":"/client/series/list","host":"localhost:4000","message":{"message":"响应时间为：473393"},"userAgent":"axios/0.18.0"}
[2018-08-07T22:58:45.435] [INFO] cheese - {"method":"GET","url":"/client/blog/list?pageindex=1","host":"localhost:4000","message":{"message":"响应时间为：473401"},"userAgent":"axios/0.18.0"}
[2018-08-07T22:58:45.495] [INFO] cheese - {"method":"GET","url":"/classify/list","host":"localhost:4000","message":{"message":"响应时间为：473461"},"userAgent":"axios/0.18.0"}
[2018-08-07T22:58:45.501] [INFO] cheese - {"method":"GET","url":"/tag/list","host":"localhost:4000","message":{"message":"响应时间为：473467"},"userAgent":"axios/0.18.0"}
[2018-08-07T22:58:46.262] [INFO] cheese - {"method":"GET","url":"/classify/list","host":"localhost:4000","message":{"message":"响应时间为：474228"},"referer":"http://localhost:4002/","userAgent":"Mozilla/5.0 (iPhone; CPU iPhone OS 11_0 like Mac OS X) AppleWebKit/604.1.38 (KHTML, like Gecko) Version/11.0 Mobile/15A372 Safari/604.1"}
[2018-08-07T22:58:46.282] [INFO] cheese - {"method":"GET","url":"/tag/list","host":"localhost:4000","message":{"message":"响应时间为：474248"},"referer":"http://localhost:4002/","userAgent":"Mozilla/5.0 (iPhone; CPU iPhone OS 11_0 like Mac OS X) AppleWebKit/604.1.38 (KHTML, like Gecko) Version/11.0 Mobile/15A372 Safari/604.1"}
[2018-08-07T23:01:37.665] [INFO] cheese - {"method":"GET","url":"/classify/list","host":"localhost:4000","message":{"message":"响应时间为：645631"},"referer":"http://localhost:4002/","userAgent":"Mozilla/5.0 (iPhone; CPU iPhone OS 11_0 like Mac OS X) AppleWebKit/604.1.38 (KHTML, like Gecko) Version/11.0 Mobile/15A372 Safari/604.1"}
[2018-08-07T23:01:38.000] [INFO] cheese - {"method":"GET","url":"/tag/list","host":"localhost:4000","message":{"message":"响应时间为：645966"},"referer":"http://localhost:4002/","userAgent":"Mozilla/5.0 (iPhone; CPU iPhone OS 11_0 like Mac OS X) AppleWebKit/604.1.38 (KHTML, like Gecko) Version/11.0 Mobile/15A372 Safari/604.1"}
[2018-08-07T23:01:40.442] [INFO] cheese - {"method":"GET","url":"/client/series/list","host":"localhost:4000","message":{"message":"响应时间为：648408"},"userAgent":"axios/0.18.0"}
[2018-08-07T23:01:40.446] [INFO] cheese - {"method":"GET","url":"/client/blog/list?pageindex=1","host":"localhost:4000","message":{"message":"响应时间为：648411"},"userAgent":"axios/0.18.0"}
[2018-08-07T23:01:40.511] [INFO] cheese - {"method":"GET","url":"/classify/list","host":"localhost:4000","message":{"message":"响应时间为：648477"},"userAgent":"axios/0.18.0"}
[2018-08-07T23:01:40.520] [INFO] cheese - {"method":"GET","url":"/tag/list","host":"localhost:4000","message":{"message":"响应时间为：648486"},"userAgent":"axios/0.18.0"}
[2018-08-07T23:01:41.269] [INFO] cheese - {"method":"GET","url":"/classify/list","host":"localhost:4000","message":{"message":"响应时间为：649235"},"referer":"http://localhost:4002/","userAgent":"Mozilla/5.0 (iPhone; CPU iPhone OS 11_0 like Mac OS X) AppleWebKit/604.1.38 (KHTML, like Gecko) Version/11.0 Mobile/15A372 Safari/604.1"}
[2018-08-07T23:01:41.277] [INFO] cheese - {"method":"GET","url":"/tag/list","host":"localhost:4000","message":{"message":"响应时间为：649243"},"referer":"http://localhost:4002/","userAgent":"Mozilla/5.0 (iPhone; CPU iPhone OS 11_0 like Mac OS X) AppleWebKit/604.1.38 (KHTML, like Gecko) Version/11.0 Mobile/15A372 Safari/604.1"}
[2018-08-07T23:01:54.789] [INFO] cheese - {"method":"GET","url":"/client/series/list","host":"localhost:4000","message":{"message":"响应时间为：662755"},"userAgent":"axios/0.18.0"}
[2018-08-07T23:01:54.796] [INFO] cheese - {"method":"GET","url":"/client/blog/list?pageindex=1","host":"localhost:4000","message":{"message":"响应时间为：662762"},"userAgent":"axios/0.18.0"}
[2018-08-07T23:01:54.848] [INFO] cheese - {"method":"GET","url":"/tag/list","host":"localhost:4000","message":{"message":"响应时间为：662814"},"userAgent":"axios/0.18.0"}
[2018-08-07T23:01:54.857] [INFO] cheese - {"method":"GET","url":"/classify/list","host":"localhost:4000","message":{"message":"响应时间为：662823"},"userAgent":"axios/0.18.0"}
[2018-08-07T23:01:55.605] [INFO] cheese - {"method":"GET","url":"/classify/list","host":"localhost:4000","message":{"message":"响应时间为：663571"},"referer":"http://localhost:4002/","userAgent":"Mozilla/5.0 (Windows NT 10.0; WOW64) AppleWebKit/537.36 (KHTML, like Gecko) Chrome/65.0.3325.181 Safari/537.36"}
[2018-08-07T23:01:55.612] [INFO] cheese - {"method":"GET","url":"/tag/list","host":"localhost:4000","message":{"message":"响应时间为：663578"},"referer":"http://localhost:4002/","userAgent":"Mozilla/5.0 (Windows NT 10.0; WOW64) AppleWebKit/537.36 (KHTML, like Gecko) Chrome/65.0.3325.181 Safari/537.36"}
[2018-08-07T23:01:58.976] [INFO] cheese - {"method":"GET","url":"/client/series/list","host":"localhost:4000","message":{"message":"响应时间为：666942"},"userAgent":"axios/0.18.0"}
[2018-08-07T23:01:58.985] [INFO] cheese - {"method":"GET","url":"/client/blog/list?pageindex=1","host":"localhost:4000","message":{"message":"响应时间为：666951"},"userAgent":"axios/0.18.0"}
[2018-08-07T23:01:59.042] [INFO] cheese - {"method":"GET","url":"/classify/list","host":"localhost:4000","message":{"message":"响应时间为：667008"},"userAgent":"axios/0.18.0"}
[2018-08-07T23:01:59.046] [INFO] cheese - {"method":"GET","url":"/tag/list","host":"localhost:4000","message":{"message":"响应时间为：667012"},"userAgent":"axios/0.18.0"}
[2018-08-07T23:01:59.748] [INFO] cheese - {"method":"GET","url":"/classify/list","host":"localhost:4000","message":{"message":"响应时间为：667714"},"referer":"http://localhost:4002/","userAgent":"Mozilla/5.0 (iPhone; CPU iPhone OS 11_0 like Mac OS X) AppleWebKit/604.1.38 (KHTML, like Gecko) Version/11.0 Mobile/15A372 Safari/604.1"}
[2018-08-07T23:01:59.754] [INFO] cheese - {"method":"GET","url":"/tag/list","host":"localhost:4000","message":{"message":"响应时间为：667720"},"referer":"http://localhost:4002/","userAgent":"Mozilla/5.0 (iPhone; CPU iPhone OS 11_0 like Mac OS X) AppleWebKit/604.1.38 (KHTML, like Gecko) Version/11.0 Mobile/15A372 Safari/604.1"}
[2018-08-07T23:02:14.808] [INFO] cheese - {"method":"GET","url":"/classify/list","host":"localhost:4000","message":{"message":"响应时间为：682774"},"referer":"http://localhost:4002/","userAgent":"Mozilla/5.0 (iPhone; CPU iPhone OS 11_0 like Mac OS X) AppleWebKit/604.1.38 (KHTML, like Gecko) Version/11.0 Mobile/15A372 Safari/604.1"}
[2018-08-07T23:02:15.125] [INFO] cheese - {"method":"GET","url":"/tag/list","host":"localhost:4000","message":{"message":"响应时间为：683091"},"referer":"http://localhost:4002/","userAgent":"Mozilla/5.0 (iPhone; CPU iPhone OS 11_0 like Mac OS X) AppleWebKit/604.1.38 (KHTML, like Gecko) Version/11.0 Mobile/15A372 Safari/604.1"}
[2018-08-07T23:05:10.258] [INFO] cheese - {"method":"GET","url":"/client/series/list","host":"localhost:4000","message":{"message":"响应时间为：858224"},"userAgent":"axios/0.18.0"}
[2018-08-07T23:05:10.266] [INFO] cheese - {"method":"GET","url":"/client/blog/list?pageindex=1","host":"localhost:4000","message":{"message":"响应时间为：858232"},"userAgent":"axios/0.18.0"}
[2018-08-07T23:05:10.334] [INFO] cheese - {"method":"GET","url":"/classify/list","host":"localhost:4000","message":{"message":"响应时间为：858300"},"userAgent":"axios/0.18.0"}
[2018-08-07T23:05:10.338] [INFO] cheese - {"method":"GET","url":"/tag/list","host":"localhost:4000","message":{"message":"响应时间为：858304"},"userAgent":"axios/0.18.0"}
[2018-08-07T23:05:11.130] [INFO] cheese - {"method":"GET","url":"/classify/list","host":"localhost:4000","message":{"message":"响应时间为：859096"},"referer":"http://localhost:4002/","userAgent":"Mozilla/5.0 (iPhone; CPU iPhone OS 11_0 like Mac OS X) AppleWebKit/604.1.38 (KHTML, like Gecko) Version/11.0 Mobile/15A372 Safari/604.1"}
[2018-08-07T23:05:11.138] [INFO] cheese - {"method":"GET","url":"/tag/list","host":"localhost:4000","message":{"message":"响应时间为：859104"},"referer":"http://localhost:4002/","userAgent":"Mozilla/5.0 (iPhone; CPU iPhone OS 11_0 like Mac OS X) AppleWebKit/604.1.38 (KHTML, like Gecko) Version/11.0 Mobile/15A372 Safari/604.1"}
[2018-08-07T23:06:23.755] [INFO] cheese - {"method":"GET","url":"/client/series/list","host":"localhost:4000","message":{"message":"响应时间为：931721"},"userAgent":"axios/0.18.0"}
[2018-08-07T23:06:23.766] [INFO] cheese - {"method":"GET","url":"/client/blog/list?pageindex=1","host":"localhost:4000","message":{"message":"响应时间为：931732"},"userAgent":"axios/0.18.0"}
[2018-08-07T23:06:23.848] [INFO] cheese - {"method":"GET","url":"/classify/list","host":"localhost:4000","message":{"message":"响应时间为：931814"},"userAgent":"axios/0.18.0"}
[2018-08-07T23:06:23.855] [INFO] cheese - {"method":"GET","url":"/tag/list","host":"localhost:4000","message":{"message":"响应时间为：931821"},"userAgent":"axios/0.18.0"}
[2018-08-07T23:06:24.710] [INFO] cheese - {"method":"GET","url":"/classify/list","host":"localhost:4000","message":{"message":"响应时间为：932676"},"referer":"http://localhost:4002/","userAgent":"Mozilla/5.0 (iPhone; CPU iPhone OS 11_0 like Mac OS X) AppleWebKit/604.1.38 (KHTML, like Gecko) Version/11.0 Mobile/15A372 Safari/604.1"}
[2018-08-07T23:06:24.719] [INFO] cheese - {"method":"GET","url":"/tag/list","host":"localhost:4000","message":{"message":"响应时间为：932685"},"referer":"http://localhost:4002/","userAgent":"Mozilla/5.0 (iPhone; CPU iPhone OS 11_0 like Mac OS X) AppleWebKit/604.1.38 (KHTML, like Gecko) Version/11.0 Mobile/15A372 Safari/604.1"}
[2018-08-07T23:08:20.333] [INFO] cheese - {"method":"GET","url":"/client/series/list","host":"localhost:4000","message":{"message":"响应时间为：1048298"},"userAgent":"axios/0.18.0"}
[2018-08-07T23:08:20.340] [INFO] cheese - {"method":"GET","url":"/client/blog/list?pageindex=1","host":"localhost:4000","message":{"message":"响应时间为：1048306"},"userAgent":"axios/0.18.0"}
[2018-08-07T23:08:20.419] [INFO] cheese - {"method":"GET","url":"/classify/list","host":"localhost:4000","message":{"message":"响应时间为：1048385"},"userAgent":"axios/0.18.0"}
[2018-08-07T23:08:20.424] [INFO] cheese - {"method":"GET","url":"/tag/list","host":"localhost:4000","message":{"message":"响应时间为：1048390"},"userAgent":"axios/0.18.0"}
[2018-08-07T23:08:21.201] [INFO] cheese - {"method":"GET","url":"/classify/list","host":"localhost:4000","message":{"message":"响应时间为：1049167"},"referer":"http://localhost:4002/","userAgent":"Mozilla/5.0 (iPhone; CPU iPhone OS 11_0 like Mac OS X) AppleWebKit/604.1.38 (KHTML, like Gecko) Version/11.0 Mobile/15A372 Safari/604.1"}
[2018-08-07T23:08:21.212] [INFO] cheese - {"method":"GET","url":"/tag/list","host":"localhost:4000","message":{"message":"响应时间为：1049178"},"referer":"http://localhost:4002/","userAgent":"Mozilla/5.0 (iPhone; CPU iPhone OS 11_0 like Mac OS X) AppleWebKit/604.1.38 (KHTML, like Gecko) Version/11.0 Mobile/15A372 Safari/604.1"}
[2018-08-07T23:09:16.470] [INFO] cheese - {"method":"GET","url":"/client/series/list","host":"localhost:4000","message":{"message":"响应时间为：1104436"},"userAgent":"axios/0.18.0"}
[2018-08-07T23:09:16.473] [INFO] cheese - {"method":"GET","url":"/client/blog/list?pageindex=1","host":"localhost:4000","message":{"message":"响应时间为：1104439"},"userAgent":"axios/0.18.0"}
[2018-08-07T23:09:16.541] [INFO] cheese - {"method":"GET","url":"/tag/list","host":"localhost:4000","message":{"message":"响应时间为：1104507"},"userAgent":"axios/0.18.0"}
[2018-08-07T23:09:16.544] [INFO] cheese - {"method":"GET","url":"/classify/list","host":"localhost:4000","message":{"message":"响应时间为：1104510"},"userAgent":"axios/0.18.0"}
[2018-08-07T23:09:17.369] [INFO] cheese - {"method":"GET","url":"/classify/list","host":"localhost:4000","message":{"message":"响应时间为：1105335"},"referer":"http://localhost:4002/","userAgent":"Mozilla/5.0 (iPhone; CPU iPhone OS 11_0 like Mac OS X) AppleWebKit/604.1.38 (KHTML, like Gecko) Version/11.0 Mobile/15A372 Safari/604.1"}
[2018-08-07T23:09:17.374] [INFO] cheese - {"method":"GET","url":"/tag/list","host":"localhost:4000","message":{"message":"响应时间为：1105340"},"referer":"http://localhost:4002/","userAgent":"Mozilla/5.0 (iPhone; CPU iPhone OS 11_0 like Mac OS X) AppleWebKit/604.1.38 (KHTML, like Gecko) Version/11.0 Mobile/15A372 Safari/604.1"}
[2018-08-07T23:09:18.514] [INFO] cheese - {"method":"GET","url":"/tag/list","host":"localhost:4000","message":{"message":"响应时间为：1106479"},"referer":"http://localhost:4002/","userAgent":"Mozilla/5.0 (iPhone; CPU iPhone OS 11_0 like Mac OS X) AppleWebKit/604.1.38 (KHTML, like Gecko) Version/11.0 Mobile/15A372 Safari/604.1"}
[2018-08-07T23:09:18.517] [INFO] cheese - {"method":"GET","url":"/classify/list","host":"localhost:4000","message":{"message":"响应时间为：1106483"},"referer":"http://localhost:4002/","userAgent":"Mozilla/5.0 (iPhone; CPU iPhone OS 11_0 like Mac OS X) AppleWebKit/604.1.38 (KHTML, like Gecko) Version/11.0 Mobile/15A372 Safari/604.1"}
[2018-08-07T23:11:58.308] [INFO] cheese - {"method":"GET","url":"/client/series/list","host":"localhost:4000","message":{"message":"响应时间为：1266274"},"userAgent":"axios/0.18.0"}
[2018-08-07T23:11:58.313] [INFO] cheese - {"method":"GET","url":"/client/blog/list?pageindex=1","host":"localhost:4000","message":{"message":"响应时间为：1266279"},"userAgent":"axios/0.18.0"}
[2018-08-07T23:11:58.444] [INFO] cheese - {"method":"GET","url":"/classify/list","host":"localhost:4000","message":{"message":"响应时间为：1266410"},"userAgent":"axios/0.18.0"}
[2018-08-07T23:11:58.459] [INFO] cheese - {"method":"GET","url":"/tag/list","host":"localhost:4000","message":{"message":"响应时间为：1266425"},"userAgent":"axios/0.18.0"}
[2018-08-07T23:11:59.247] [INFO] cheese - {"method":"GET","url":"/classify/list","host":"localhost:4000","message":{"message":"响应时间为：1267213"},"referer":"http://localhost:4002/","userAgent":"Mozilla/5.0 (iPhone; CPU iPhone OS 11_0 like Mac OS X) AppleWebKit/604.1.38 (KHTML, like Gecko) Version/11.0 Mobile/15A372 Safari/604.1"}
[2018-08-07T23:11:59.255] [INFO] cheese - {"method":"GET","url":"/tag/list","host":"localhost:4000","message":{"message":"响应时间为：1267221"},"referer":"http://localhost:4002/","userAgent":"Mozilla/5.0 (iPhone; CPU iPhone OS 11_0 like Mac OS X) AppleWebKit/604.1.38 (KHTML, like Gecko) Version/11.0 Mobile/15A372 Safari/604.1"}
[2018-08-07T23:12:00.411] [INFO] cheese - {"method":"GET","url":"/classify/list","host":"localhost:4000","message":{"message":"响应时间为：1268377"},"referer":"http://localhost:4002/","userAgent":"Mozilla/5.0 (iPhone; CPU iPhone OS 11_0 like Mac OS X) AppleWebKit/604.1.38 (KHTML, like Gecko) Version/11.0 Mobile/15A372 Safari/604.1"}
[2018-08-07T23:12:00.421] [INFO] cheese - {"method":"GET","url":"/tag/list","host":"localhost:4000","message":{"message":"响应时间为：1268387"},"referer":"http://localhost:4002/","userAgent":"Mozilla/5.0 (iPhone; CPU iPhone OS 11_0 like Mac OS X) AppleWebKit/604.1.38 (KHTML, like Gecko) Version/11.0 Mobile/15A372 Safari/604.1"}
[2018-08-07T23:12:22.919] [INFO] cheese - {"method":"GET","url":"/classify/list","host":"localhost:4000","message":{"message":"响应时间为：1290885"},"referer":"http://localhost:4002/","userAgent":"Mozilla/5.0 (iPhone; CPU iPhone OS 11_0 like Mac OS X) AppleWebKit/604.1.38 (KHTML, like Gecko) Version/11.0 Mobile/15A372 Safari/604.1"}
[2018-08-07T23:12:23.337] [INFO] cheese - {"method":"GET","url":"/tag/list","host":"localhost:4000","message":{"message":"响应时间为：1291303"},"referer":"http://localhost:4002/","userAgent":"Mozilla/5.0 (iPhone; CPU iPhone OS 11_0 like Mac OS X) AppleWebKit/604.1.38 (KHTML, like Gecko) Version/11.0 Mobile/15A372 Safari/604.1"}
[2018-08-07T23:12:23.349] [INFO] cheese - {"method":"GET","url":"/client/series/list","host":"localhost:4000","message":{"message":"响应时间为：1291315"},"userAgent":"axios/0.18.0"}
[2018-08-07T23:12:23.353] [INFO] cheese - {"method":"GET","url":"/client/blog/list?pageindex=1","host":"localhost:4000","message":{"message":"响应时间为：1291319"},"userAgent":"axios/0.18.0"}
[2018-08-07T23:12:23.415] [INFO] cheese - {"method":"GET","url":"/classify/list","host":"localhost:4000","message":{"message":"响应时间为：1291381"},"userAgent":"axios/0.18.0"}
[2018-08-07T23:12:23.421] [INFO] cheese - {"method":"GET","url":"/tag/list","host":"localhost:4000","message":{"message":"响应时间为：1291387"},"userAgent":"axios/0.18.0"}
[2018-08-07T23:12:24.204] [INFO] cheese - {"method":"GET","url":"/classify/list","host":"localhost:4000","message":{"message":"响应时间为：1292169"},"referer":"http://localhost:4002/","userAgent":"Mozilla/5.0 (iPhone; CPU iPhone OS 11_0 like Mac OS X) AppleWebKit/604.1.38 (KHTML, like Gecko) Version/11.0 Mobile/15A372 Safari/604.1"}
[2018-08-07T23:12:24.213] [INFO] cheese - {"method":"GET","url":"/tag/list","host":"localhost:4000","message":{"message":"响应时间为：1292179"},"referer":"http://localhost:4002/","userAgent":"Mozilla/5.0 (iPhone; CPU iPhone OS 11_0 like Mac OS X) AppleWebKit/604.1.38 (KHTML, like Gecko) Version/11.0 Mobile/15A372 Safari/604.1"}
[2018-08-07T23:12:25.551] [INFO] cheese - {"method":"GET","url":"/classify/list","host":"localhost:4000","message":{"message":"响应时间为：1293517"},"referer":"http://localhost:4002/","userAgent":"Mozilla/5.0 (iPhone; CPU iPhone OS 11_0 like Mac OS X) AppleWebKit/604.1.38 (KHTML, like Gecko) Version/11.0 Mobile/15A372 Safari/604.1"}
[2018-08-07T23:12:25.559] [INFO] cheese - {"method":"GET","url":"/tag/list","host":"localhost:4000","message":{"message":"响应时间为：1293525"},"referer":"http://localhost:4002/","userAgent":"Mozilla/5.0 (iPhone; CPU iPhone OS 11_0 like Mac OS X) AppleWebKit/604.1.38 (KHTML, like Gecko) Version/11.0 Mobile/15A372 Safari/604.1"}
[2018-08-07T23:12:27.941] [INFO] cheese - {"method":"GET","url":"/classify/list","host":"localhost:4000","message":{"message":"响应时间为：1295907"},"referer":"http://localhost:4002/","userAgent":"Mozilla/5.0 (iPhone; CPU iPhone OS 11_0 like Mac OS X) AppleWebKit/604.1.38 (KHTML, like Gecko) Version/11.0 Mobile/15A372 Safari/604.1"}
[2018-08-07T23:12:28.269] [INFO] cheese - {"method":"GET","url":"/tag/list","host":"localhost:4000","message":{"message":"响应时间为：1296234"},"referer":"http://localhost:4002/","userAgent":"Mozilla/5.0 (iPhone; CPU iPhone OS 11_0 like Mac OS X) AppleWebKit/604.1.38 (KHTML, like Gecko) Version/11.0 Mobile/15A372 Safari/604.1"}
[2018-08-07T23:12:32.888] [INFO] cheese - {"method":"GET","url":"/classify/list","host":"localhost:4000","message":{"message":"响应时间为：1300854"},"referer":"http://localhost:4002/","userAgent":"Mozilla/5.0 (iPhone; CPU iPhone OS 11_0 like Mac OS X) AppleWebKit/604.1.38 (KHTML, like Gecko) Version/11.0 Mobile/15A372 Safari/604.1"}
[2018-08-07T23:12:32.895] [INFO] cheese - {"method":"GET","url":"/tag/list","host":"localhost:4000","message":{"message":"响应时间为：1300861"},"referer":"http://localhost:4002/","userAgent":"Mozilla/5.0 (iPhone; CPU iPhone OS 11_0 like Mac OS X) AppleWebKit/604.1.38 (KHTML, like Gecko) Version/11.0 Mobile/15A372 Safari/604.1"}
[2018-08-07T23:12:35.555] [INFO] cheese - {"method":"GET","url":"/client/blog/list?pageindex=1&classifyName=MarkDown","host":"localhost:4000","message":{"message":"响应时间为：1303521"},"referer":"http://localhost:4002/","userAgent":"Mozilla/5.0 (iPhone; CPU iPhone OS 11_0 like Mac OS X) AppleWebKit/604.1.38 (KHTML, like Gecko) Version/11.0 Mobile/15A372 Safari/604.1"}
[2018-08-07T23:12:38.070] [INFO] cheese - {"method":"GET","url":"/client/blog/list?pageindex=1","host":"localhost:4000","message":{"message":"响应时间为：1306036"},"referer":"http://localhost:4002/category/MarkDown","userAgent":"Mozilla/5.0 (iPhone; CPU iPhone OS 11_0 like Mac OS X) AppleWebKit/604.1.38 (KHTML, like Gecko) Version/11.0 Mobile/15A372 Safari/604.1"}
[2018-08-07T23:12:38.392] [INFO] cheese - {"method":"GET","url":"/client/series/list","host":"localhost:4000","message":{"message":"响应时间为：1306358"},"referer":"http://localhost:4002/category/MarkDown","userAgent":"Mozilla/5.0 (iPhone; CPU iPhone OS 11_0 like Mac OS X) AppleWebKit/604.1.38 (KHTML, like Gecko) Version/11.0 Mobile/15A372 Safari/604.1"}
[2018-08-07T23:13:08.417] [INFO] cheese - {"method":"GET","url":"/client/series/list","host":"localhost:4000","message":{"message":"响应时间为：1336383"},"userAgent":"axios/0.18.0"}
[2018-08-07T23:13:08.434] [INFO] cheese - {"method":"GET","url":"/client/blog/list?pageindex=1","host":"localhost:4000","message":{"message":"响应时间为：1336400"},"userAgent":"axios/0.18.0"}
[2018-08-07T23:13:08.495] [INFO] cheese - {"method":"GET","url":"/classify/list","host":"localhost:4000","message":{"message":"响应时间为：1336461"},"userAgent":"axios/0.18.0"}
[2018-08-07T23:13:08.498] [INFO] cheese - {"method":"GET","url":"/tag/list","host":"localhost:4000","message":{"message":"响应时间为：1336464"},"userAgent":"axios/0.18.0"}
[2018-08-07T23:13:09.318] [INFO] cheese - {"method":"GET","url":"/classify/list","host":"localhost:4000","message":{"message":"响应时间为：1337284"},"referer":"http://localhost:4002/","userAgent":"Mozilla/5.0 (Windows NT 10.0; WOW64) AppleWebKit/537.36 (KHTML, like Gecko) Chrome/65.0.3325.181 Safari/537.36"}
[2018-08-07T23:13:09.331] [INFO] cheese - {"method":"GET","url":"/tag/list","host":"localhost:4000","message":{"message":"响应时间为：1337296"},"referer":"http://localhost:4002/","userAgent":"Mozilla/5.0 (Windows NT 10.0; WOW64) AppleWebKit/537.36 (KHTML, like Gecko) Chrome/65.0.3325.181 Safari/537.36"}
[2018-08-07T23:13:37.914] [INFO] cheese - {"method":"GET","url":"/client/series/list","host":"localhost:4000","message":{"message":"响应时间为：1365880"},"userAgent":"axios/0.18.0"}
[2018-08-07T23:13:37.918] [INFO] cheese - {"method":"GET","url":"/client/blog/list?pageindex=1","host":"localhost:4000","message":{"message":"响应时间为：1365884"},"userAgent":"axios/0.18.0"}
[2018-08-07T23:13:37.985] [INFO] cheese - {"method":"GET","url":"/tag/list","host":"localhost:4000","message":{"message":"响应时间为：1365951"},"userAgent":"axios/0.18.0"}
[2018-08-07T23:13:37.988] [INFO] cheese - {"method":"GET","url":"/classify/list","host":"localhost:4000","message":{"message":"响应时间为：1365954"},"userAgent":"axios/0.18.0"}
[2018-08-07T23:13:38.772] [INFO] cheese - {"method":"GET","url":"/classify/list","host":"localhost:4000","message":{"message":"响应时间为：1366738"},"referer":"http://localhost:4002/","userAgent":"Mozilla/5.0 (Windows NT 10.0; WOW64) AppleWebKit/537.36 (KHTML, like Gecko) Chrome/65.0.3325.181 Safari/537.36"}
[2018-08-07T23:13:38.791] [INFO] cheese - {"method":"GET","url":"/tag/list","host":"localhost:4000","message":{"message":"响应时间为：1366756"},"referer":"http://localhost:4002/","userAgent":"Mozilla/5.0 (Windows NT 10.0; WOW64) AppleWebKit/537.36 (KHTML, like Gecko) Chrome/65.0.3325.181 Safari/537.36"}
[2018-08-07T23:13:42.902] [INFO] cheese - {"method":"GET","url":"/client/series/list","host":"localhost:4000","message":{"message":"响应时间为：1370868"},"userAgent":"axios/0.18.0"}
[2018-08-07T23:13:42.905] [INFO] cheese - {"method":"GET","url":"/client/blog/list?pageindex=1","host":"localhost:4000","message":{"message":"响应时间为：1370871"},"userAgent":"axios/0.18.0"}
[2018-08-07T23:13:42.955] [INFO] cheese - {"method":"GET","url":"/classify/list","host":"localhost:4000","message":{"message":"响应时间为：1370921"},"userAgent":"axios/0.18.0"}
[2018-08-07T23:13:42.958] [INFO] cheese - {"method":"GET","url":"/tag/list","host":"localhost:4000","message":{"message":"响应时间为：1370924"},"userAgent":"axios/0.18.0"}
[2018-08-07T23:13:43.739] [INFO] cheese - {"method":"GET","url":"/classify/list","host":"localhost:4000","message":{"message":"响应时间为：1371705"},"referer":"http://localhost:4002/","userAgent":"Mozilla/5.0 (iPhone; CPU iPhone OS 11_0 like Mac OS X) AppleWebKit/604.1.38 (KHTML, like Gecko) Version/11.0 Mobile/15A372 Safari/604.1"}
[2018-08-07T23:13:43.746] [INFO] cheese - {"method":"GET","url":"/tag/list","host":"localhost:4000","message":{"message":"响应时间为：1371712"},"referer":"http://localhost:4002/","userAgent":"Mozilla/5.0 (iPhone; CPU iPhone OS 11_0 like Mac OS X) AppleWebKit/604.1.38 (KHTML, like Gecko) Version/11.0 Mobile/15A372 Safari/604.1"}
[2018-08-07T23:13:45.026] [INFO] cheese - {"method":"GET","url":"/client/series/list","host":"localhost:4000","message":{"message":"响应时间为：1372992"},"userAgent":"axios/0.18.0"}
[2018-08-07T23:13:45.035] [INFO] cheese - {"method":"GET","url":"/client/blog/list?pageindex=1","host":"localhost:4000","message":{"message":"响应时间为：1373001"},"userAgent":"axios/0.18.0"}
[2018-08-07T23:13:45.328] [INFO] cheese - {"method":"GET","url":"/tag/list","host":"localhost:4000","message":{"message":"响应时间为：1373294"},"userAgent":"axios/0.18.0"}
[2018-08-07T23:13:45.333] [INFO] cheese - {"method":"GET","url":"/classify/list","host":"localhost:4000","message":{"message":"响应时间为：1373299"},"userAgent":"axios/0.18.0"}
[2018-08-07T23:13:45.876] [INFO] cheese - {"method":"GET","url":"/classify/list","host":"localhost:4000","message":{"message":"响应时间为：1373842"},"referer":"http://localhost:4002/","userAgent":"Mozilla/5.0 (iPhone; CPU iPhone OS 11_0 like Mac OS X) AppleWebKit/604.1.38 (KHTML, like Gecko) Version/11.0 Mobile/15A372 Safari/604.1"}
[2018-08-07T23:13:45.882] [INFO] cheese - {"method":"GET","url":"/tag/list","host":"localhost:4000","message":{"message":"响应时间为：1373848"},"referer":"http://localhost:4002/","userAgent":"Mozilla/5.0 (iPhone; CPU iPhone OS 11_0 like Mac OS X) AppleWebKit/604.1.38 (KHTML, like Gecko) Version/11.0 Mobile/15A372 Safari/604.1"}
[2018-08-07T23:13:47.961] [INFO] cheese - {"method":"GET","url":"/classify/list","host":"localhost:4000","message":{"message":"响应时间为：1375927"},"referer":"http://localhost:4002/","userAgent":"Mozilla/5.0 (iPhone; CPU iPhone OS 11_0 like Mac OS X) AppleWebKit/604.1.38 (KHTML, like Gecko) Version/11.0 Mobile/15A372 Safari/604.1"}
[2018-08-07T23:13:47.970] [INFO] cheese - {"method":"GET","url":"/tag/list","host":"localhost:4000","message":{"message":"响应时间为：1375936"},"referer":"http://localhost:4002/","userAgent":"Mozilla/5.0 (iPhone; CPU iPhone OS 11_0 like Mac OS X) AppleWebKit/604.1.38 (KHTML, like Gecko) Version/11.0 Mobile/15A372 Safari/604.1"}
[2018-08-07T23:13:53.218] [INFO] cheese - {"method":"GET","url":"/classify/list","host":"localhost:4000","message":{"message":"响应时间为：1381184"},"referer":"http://localhost:4002/","userAgent":"Mozilla/5.0 (iPhone; CPU iPhone OS 11_0 like Mac OS X) AppleWebKit/604.1.38 (KHTML, like Gecko) Version/11.0 Mobile/15A372 Safari/604.1"}
[2018-08-07T23:13:53.544] [INFO] cheese - {"method":"GET","url":"/tag/list","host":"localhost:4000","message":{"message":"响应时间为：1381510"},"referer":"http://localhost:4002/","userAgent":"Mozilla/5.0 (iPhone; CPU iPhone OS 11_0 like Mac OS X) AppleWebKit/604.1.38 (KHTML, like Gecko) Version/11.0 Mobile/15A372 Safari/604.1"}
[2018-08-07T23:15:32.036] [INFO] cheese - {"method":"GET","url":"/classify/list","host":"localhost:4000","message":{"message":"响应时间为：1480002"},"referer":"http://localhost:4002/","userAgent":"Mozilla/5.0 (iPhone; CPU iPhone OS 11_0 like Mac OS X) AppleWebKit/604.1.38 (KHTML, like Gecko) Version/11.0 Mobile/15A372 Safari/604.1"}
[2018-08-07T23:15:32.044] [INFO] cheese - {"method":"GET","url":"/tag/list","host":"localhost:4000","message":{"message":"响应时间为：1480010"},"referer":"http://localhost:4002/","userAgent":"Mozilla/5.0 (iPhone; CPU iPhone OS 11_0 like Mac OS X) AppleWebKit/604.1.38 (KHTML, like Gecko) Version/11.0 Mobile/15A372 Safari/604.1"}
[2018-08-07T23:15:34.207] [INFO] cheese - {"method":"GET","url":"/tag/list","host":"localhost:4000","message":{"message":"响应时间为：1482173"},"referer":"http://localhost:4002/","userAgent":"Mozilla/5.0 (iPhone; CPU iPhone OS 11_0 like Mac OS X) AppleWebKit/604.1.38 (KHTML, like Gecko) Version/11.0 Mobile/15A372 Safari/604.1"}
[2018-08-07T23:15:34.209] [INFO] cheese - {"method":"GET","url":"/classify/list","host":"localhost:4000","message":{"message":"响应时间为：1482175"},"referer":"http://localhost:4002/","userAgent":"Mozilla/5.0 (iPhone; CPU iPhone OS 11_0 like Mac OS X) AppleWebKit/604.1.38 (KHTML, like Gecko) Version/11.0 Mobile/15A372 Safari/604.1"}
[2018-08-07T23:15:42.333] [INFO] cheese - {"method":"GET","url":"/classify/list","host":"localhost:4000","message":{"message":"响应时间为：1490299"},"referer":"http://localhost:4002/","userAgent":"Mozilla/5.0 (iPhone; CPU iPhone OS 11_0 like Mac OS X) AppleWebKit/604.1.38 (KHTML, like Gecko) Version/11.0 Mobile/15A372 Safari/604.1"}
[2018-08-07T23:15:42.649] [INFO] cheese - {"method":"GET","url":"/tag/list","host":"localhost:4000","message":{"message":"响应时间为：1490615"},"referer":"http://localhost:4002/","userAgent":"Mozilla/5.0 (iPhone; CPU iPhone OS 11_0 like Mac OS X) AppleWebKit/604.1.38 (KHTML, like Gecko) Version/11.0 Mobile/15A372 Safari/604.1"}
[2018-08-07T23:15:43.827] [INFO] cheese - {"method":"GET","url":"/client/series/list","host":"localhost:4000","message":{"message":"响应时间为：1491793"},"userAgent":"axios/0.18.0"}
[2018-08-07T23:15:43.832] [INFO] cheese - {"method":"GET","url":"/client/blog/list?pageindex=1","host":"localhost:4000","message":{"message":"响应时间为：1491797"},"userAgent":"axios/0.18.0"}
[2018-08-07T23:15:43.901] [INFO] cheese - {"method":"GET","url":"/tag/list","host":"localhost:4000","message":{"message":"响应时间为：1491867"},"userAgent":"axios/0.18.0"}
[2018-08-07T23:15:43.903] [INFO] cheese - {"method":"GET","url":"/classify/list","host":"localhost:4000","message":{"message":"响应时间为：1491869"},"userAgent":"axios/0.18.0"}
[2018-08-07T23:15:44.681] [INFO] cheese - {"method":"GET","url":"/classify/list","host":"localhost:4000","message":{"message":"响应时间为：1492647"},"referer":"http://localhost:4002/","userAgent":"Mozilla/5.0 (iPhone; CPU iPhone OS 11_0 like Mac OS X) AppleWebKit/604.1.38 (KHTML, like Gecko) Version/11.0 Mobile/15A372 Safari/604.1"}
[2018-08-07T23:15:44.694] [INFO] cheese - {"method":"GET","url":"/tag/list","host":"localhost:4000","message":{"message":"响应时间为：1492660"},"referer":"http://localhost:4002/","userAgent":"Mozilla/5.0 (iPhone; CPU iPhone OS 11_0 like Mac OS X) AppleWebKit/604.1.38 (KHTML, like Gecko) Version/11.0 Mobile/15A372 Safari/604.1"}
[2018-08-07T23:16:59.322] [INFO] cheese - {"method":"GET","url":"/client/series/list","host":"localhost:4000","message":{"message":"响应时间为：1567288"},"userAgent":"axios/0.18.0"}
[2018-08-07T23:16:59.329] [INFO] cheese - {"method":"GET","url":"/client/blog/list?pageindex=1","host":"localhost:4000","message":{"message":"响应时间为：1567295"},"userAgent":"axios/0.18.0"}
[2018-08-07T23:16:59.400] [INFO] cheese - {"method":"GET","url":"/classify/list","host":"localhost:4000","message":{"message":"响应时间为：1567366"},"userAgent":"axios/0.18.0"}
[2018-08-07T23:16:59.410] [INFO] cheese - {"method":"GET","url":"/tag/list","host":"localhost:4000","message":{"message":"响应时间为：1567376"},"userAgent":"axios/0.18.0"}
[2018-08-07T23:17:00.248] [INFO] cheese - {"method":"GET","url":"/classify/list","host":"localhost:4000","message":{"message":"响应时间为：1568214"},"referer":"http://localhost:4002/","userAgent":"Mozilla/5.0 (iPhone; CPU iPhone OS 11_0 like Mac OS X) AppleWebKit/604.1.38 (KHTML, like Gecko) Version/11.0 Mobile/15A372 Safari/604.1"}
[2018-08-07T23:17:00.258] [INFO] cheese - {"method":"GET","url":"/tag/list","host":"localhost:4000","message":{"message":"响应时间为：1568224"},"referer":"http://localhost:4002/","userAgent":"Mozilla/5.0 (iPhone; CPU iPhone OS 11_0 like Mac OS X) AppleWebKit/604.1.38 (KHTML, like Gecko) Version/11.0 Mobile/15A372 Safari/604.1"}
[2018-08-07T23:17:07.207] [INFO] cheese - {"method":"GET","url":"/client/blog/list?pageindex=1","host":"localhost:4000","message":{"message":"响应时间为：1575173"},"referer":"http://localhost:4002/","userAgent":"Mozilla/5.0 (iPhone; CPU iPhone OS 11_0 like Mac OS X) AppleWebKit/604.1.38 (KHTML, like Gecko) Version/11.0 Mobile/15A372 Safari/604.1"}
[2018-08-07T23:17:40.909] [INFO] cheese - {"method":"GET","url":"/client/blog/list?pageindex=1","host":"localhost:4000","message":{"message":"响应时间为：1653"},"userAgent":"axios/0.18.0"}
[2018-08-07T23:17:40.996] [INFO] cheese - {"method":"GET","url":"/tag/list","host":"localhost:4000","message":{"message":"响应时间为：1740"},"userAgent":"axios/0.18.0"}
[2018-08-07T23:17:41.002] [INFO] cheese - {"method":"GET","url":"/classify/list","host":"localhost:4000","message":{"message":"响应时间为：1747"},"userAgent":"axios/0.18.0"}
[2018-08-07T23:17:41.739] [INFO] cheese - {"method":"GET","url":"/classify/list","host":"localhost:4000","message":{"message":"响应时间为：2484"},"referer":"http://localhost:4002/search/","userAgent":"Mozilla/5.0 (iPhone; CPU iPhone OS 11_0 like Mac OS X) AppleWebKit/604.1.38 (KHTML, like Gecko) Version/11.0 Mobile/15A372 Safari/604.1"}
[2018-08-07T23:17:41.746] [INFO] cheese - {"method":"GET","url":"/tag/list","host":"localhost:4000","message":{"message":"响应时间为：2491"},"referer":"http://localhost:4002/search/","userAgent":"Mozilla/5.0 (iPhone; CPU iPhone OS 11_0 like Mac OS X) AppleWebKit/604.1.38 (KHTML, like Gecko) Version/11.0 Mobile/15A372 Safari/604.1"}
