[2018-07-04T11:11:25.449] [INFO] cheese - {"method":"GET","url":"/tag/list","host":"localhost:4000","message":{"message":"响应时间为：16460"},"userAgent":"Mozilla/5.0 (Windows NT 10.0; WOW64) AppleWebKit/537.36 (KHTML, like Gecko) Chrome/65.0.3325.181 Safari/537.36"}
[2018-07-04T11:11:25.857] [INFO] cheese - {"method":"GET","url":"/favicon.ico","host":"localhost:4000","message":{"message":"响应时间为：16869"},"referer":"http://localhost:4000/tag/list","userAgent":"Mozilla/5.0 (Windows NT 10.0; WOW64) AppleWebKit/537.36 (KHTML, like Gecko) Chrome/65.0.3325.181 Safari/537.36"}
[2018-07-04T11:20:20.315] [INFO] cheese - {"method":"GET","url":"/tag/list","host":"localhost:4000","message":{"message":"响应时间为：232"},"referer":"http://localhost:4002/","userAgent":"Mozilla/5.0 (Windows NT 10.0; WOW64) AppleWebKit/537.36 (KHTML, like Gecko) Chrome/65.0.3325.181 Safari/537.36"}
[2018-07-04T11:20:51.546] [INFO] cheese - {"method":"GET","url":"/tag/list","host":"localhost:4000","message":{"message":"响应时间为：31464"},"userAgent":"axios/0.18.0"}
[2018-07-04T11:21:52.535] [INFO] cheese - {"method":"GET","url":"/tag/list","host":"localhost:4000","message":{"message":"响应时间为：92453"},"referer":"http://localhost:4002/","userAgent":"Mozilla/5.0 (Windows NT 10.0; WOW64) AppleWebKit/537.36 (KHTML, like Gecko) Chrome/65.0.3325.181 Safari/537.36"}
[2018-07-04T11:22:03.263] [INFO] cheese - {"method":"GET","url":"/blog/list","host":"localhost:4000","message":{"message":"响应时间为：749"},"userAgent":"axios/0.18.0"}
[2018-07-04T11:22:03.290] [INFO] cheese - {"method":"GET","url":"/blog/list","host":"localhost:4000","message":{"message":"响应时间为：776"},"referer":"http://localhost:4002/","userAgent":"Mozilla/5.0 (Windows NT 10.0; WOW64) AppleWebKit/537.36 (KHTML, like Gecko) Chrome/65.0.3325.181 Safari/537.36"}
[2018-07-04T11:26:16.646] [INFO] cheese - {"method":"GET","url":"/blog/list","host":"localhost:4000","message":{"message":"响应时间为：385"},"referer":"http://localhost:4002/","userAgent":"Mozilla/5.0 (Windows NT 10.0; WOW64) AppleWebKit/537.36 (KHTML, like Gecko) Chrome/65.0.3325.181 Safari/537.36"}
[2018-07-04T11:27:59.837] [INFO] cheese - {"method":"GET","url":"/tag/list","host":"localhost:4000","message":{"message":"响应时间为：103576"},"referer":"http://localhost:4002/","userAgent":"Mozilla/5.0 (Windows NT 10.0; WOW64) AppleWebKit/537.36 (KHTML, like Gecko) Chrome/65.0.3325.181 Safari/537.36"}
[2018-07-04T11:28:04.183] [INFO] cheese - {"method":"GET","url":"/blog/list","host":"localhost:4000","message":{"message":"响应时间为：107922"},"userAgent":"axios/0.18.0"}
[2018-07-04T11:28:04.214] [INFO] cheese - {"method":"GET","url":"/tag/list","host":"localhost:4000","message":{"message":"响应时间为：107953"},"userAgent":"axios/0.18.0"}
[2018-07-04T11:28:04.803] [INFO] cheese - {"method":"GET","url":"/tag/list","host":"localhost:4000","message":{"message":"响应时间为：108542"},"referer":"http://localhost:4002/","userAgent":"Mozilla/5.0 (Windows NT 10.0; WOW64) AppleWebKit/537.36 (KHTML, like Gecko) Chrome/65.0.3325.181 Safari/537.36"}
[2018-07-04T11:38:50.781] [INFO] cheese - {"method":"GET","url":"/tag/list","host":"localhost:4000","message":{"message":"响应时间为：10483"},"userAgent":"axios/0.18.0"}
[2018-07-04T11:38:50.818] [INFO] cheese - {"method":"GET","url":"/blog/list","host":"localhost:4000","message":{"message":"响应时间为：10521"},"userAgent":"axios/0.18.0"}
[2018-07-04T11:38:50.856] [INFO] cheese - {"method":"GET","url":"/tag/list","host":"localhost:4000","message":{"message":"响应时间为：10559"},"userAgent":"axios/0.18.0"}
[2018-07-04T11:38:51.757] [INFO] cheese - {"method":"GET","url":"/tag/list","host":"localhost:4000","message":{"message":"响应时间为：11460"},"referer":"http://localhost:4002/","userAgent":"Mozilla/5.0 (Windows NT 10.0; WOW64) AppleWebKit/537.36 (KHTML, like Gecko) Chrome/65.0.3325.181 Safari/537.36"}
[2018-07-04T11:40:57.319] [INFO] cheese - {"method":"GET","url":"/blog/list","host":"localhost:4000","message":{"message":"响应时间为：2325"},"userAgent":"axios/0.18.0"}
[2018-07-04T11:40:57.344] [INFO] cheese - {"method":"GET","url":"/tag/list","host":"localhost:4000","message":{"message":"响应时间为：2351"},"userAgent":"axios/0.18.0"}
[2018-07-04T11:40:58.138] [INFO] cheese - {"method":"GET","url":"/tag/list","host":"localhost:4000","message":{"message":"响应时间为：3145"},"referer":"http://localhost:4002/","userAgent":"Mozilla/5.0 (Windows NT 10.0; WOW64) AppleWebKit/537.36 (KHTML, like Gecko) Chrome/65.0.3325.181 Safari/537.36"}
[2018-07-04T11:41:13.788] [INFO] cheese - {"method":"GET","url":"/blog/list","host":"localhost:4000","message":{"message":"响应时间为：3972"},"userAgent":"axios/0.18.0"}
[2018-07-04T11:41:13.824] [INFO] cheese - {"method":"GET","url":"/tag/list","host":"localhost:4000","message":{"message":"响应时间为：4008"},"userAgent":"axios/0.18.0"}
[2018-07-04T11:41:14.675] [INFO] cheese - {"method":"GET","url":"/tag/list","host":"localhost:4000","message":{"message":"响应时间为：4859"},"referer":"http://localhost:4002/","userAgent":"Mozilla/5.0 (Windows NT 10.0; WOW64) AppleWebKit/537.36 (KHTML, like Gecko) Chrome/65.0.3325.181 Safari/537.36"}
[2018-07-04T11:41:30.247] [INFO] cheese - {"method":"GET","url":"/api/tag/list","host":"localhost:4000","message":{"message":"响应时间为：253"},"referer":"http://localhost:4002/","userAgent":"Mozilla/5.0 (Windows NT 10.0; WOW64) AppleWebKit/537.36 (KHTML, like Gecko) Chrome/65.0.3325.181 Safari/537.36"}
[2018-07-04T11:41:30.273] [INFO] cheese - {"method":"GET","url":"/blog/list","host":"localhost:4000","message":{"message":"响应时间为：280"},"referer":"http://localhost:4002/","userAgent":"Mozilla/5.0 (Windows NT 10.0; WOW64) AppleWebKit/537.36 (KHTML, like Gecko) Chrome/65.0.3325.181 Safari/537.36"}
[2018-07-04T11:41:30.369] [INFO] cheese - {"method":"GET","url":"/blog/list","host":"localhost:4000","message":{"message":"响应时间为：376"},"userAgent":"axios/0.18.0"}
[2018-07-04T11:41:30.397] [INFO] cheese - {"method":"GET","url":"/api/tag/list","host":"localhost:4000","message":{"message":"响应时间为：404"},"userAgent":"axios/0.18.0"}
[2018-07-04T11:41:30.982] [INFO] cheese - {"method":"GET","url":"/api/tag/list","host":"localhost:4000","message":{"message":"响应时间为：988"},"referer":"http://localhost:4002/","userAgent":"Mozilla/5.0 (Windows NT 10.0; WOW64) AppleWebKit/537.36 (KHTML, like Gecko) Chrome/65.0.3325.181 Safari/537.36"}
[2018-07-04T11:42:38.883] [INFO] cheese - {"method":"GET","url":"/blog/list","host":"localhost:4000","message":{"message":"响应时间为：2690"},"userAgent":"axios/0.18.0"}
[2018-07-04T11:42:38.918] [INFO] cheese - {"method":"GET","url":"/tag/list","host":"localhost:4000","message":{"message":"响应时间为：2726"},"userAgent":"axios/0.18.0"}
[2018-07-04T11:42:39.739] [INFO] cheese - {"method":"GET","url":"/tag/list","host":"localhost:4000","message":{"message":"响应时间为：3547"},"referer":"http://localhost:4002/","userAgent":"Mozilla/5.0 (Windows NT 10.0; WOW64) AppleWebKit/537.36 (KHTML, like Gecko) Chrome/65.0.3325.181 Safari/537.36"}
[2018-07-04T11:43:39.969] [INFO] cheese - {"method":"GET","url":"/tag/list","host":"localhost:4000","message":{"message":"响应时间为：11293"},"userAgent":"axios/0.18.0"}
[2018-07-04T11:43:39.992] [INFO] cheese - {"method":"GET","url":"/blog/list","host":"localhost:4000","message":{"message":"响应时间为：11316"},"userAgent":"axios/0.18.0"}
[2018-07-04T11:43:40.025] [INFO] cheese - {"method":"GET","url":"/tag/list","host":"localhost:4000","message":{"message":"响应时间为：11350"},"userAgent":"axios/0.18.0"}
[2018-07-04T11:43:40.781] [INFO] cheese - {"method":"GET","url":"/tag/list","host":"localhost:4000","message":{"message":"响应时间为：12106"},"referer":"http://localhost:4002/","userAgent":"Mozilla/5.0 (Windows NT 10.0; WOW64) AppleWebKit/537.36 (KHTML, like Gecko) Chrome/65.0.3325.181 Safari/537.36"}
[2018-07-04T11:43:44.647] [INFO] cheese - {"method":"GET","url":"/blog/list","host":"localhost:4000","message":{"message":"响应时间为：15972"},"userAgent":"axios/0.18.0"}
[2018-07-04T11:43:44.675] [INFO] cheese - {"method":"GET","url":"/tag/list","host":"localhost:4000","message":{"message":"响应时间为：15999"},"userAgent":"axios/0.18.0"}
[2018-07-04T11:43:45.156] [INFO] cheese - {"method":"GET","url":"/tag/list","host":"localhost:4000","message":{"message":"响应时间为：16481"},"referer":"http://localhost:4002/","userAgent":"Mozilla/5.0 (Windows NT 10.0; WOW64) AppleWebKit/537.36 (KHTML, like Gecko) Chrome/65.0.3325.181 Safari/537.36"}
[2018-07-04T11:44:05.951] [INFO] cheese - {"method":"GET","url":"/tag/list","host":"localhost:4000","message":{"message":"响应时间为：37276"},"userAgent":"Mozilla/5.0 (Windows NT 10.0; WOW64) AppleWebKit/537.36 (KHTML, like Gecko) Chrome/65.0.3325.181 Safari/537.36"}
[2018-07-04T11:45:13.413] [INFO] cheese - {"method":"GET","url":"/blog/list","host":"localhost:4000","message":{"message":"响应时间为：104738"},"userAgent":"axios/0.18.0"}
[2018-07-04T11:45:13.465] [INFO] cheese - {"method":"GET","url":"/tag/list","host":"localhost:4000","message":{"message":"响应时间为：104790"},"userAgent":"axios/0.18.0"}
[2018-07-04T11:45:14.320] [INFO] cheese - {"method":"GET","url":"/tag/list","host":"localhost:4000","message":{"message":"响应时间为：105645"},"referer":"http://localhost:4002/","userAgent":"Mozilla/5.0 (Windows NT 10.0; WOW64) AppleWebKit/537.36 (KHTML, like Gecko) Chrome/65.0.3325.181 Safari/537.36"}
[2018-07-04T11:45:24.710] [INFO] cheese - {"method":"GET","url":"/blog/list","host":"localhost:4000","message":{"message":"响应时间为：116035"},"userAgent":"axios/0.18.0"}
[2018-07-04T11:45:24.735] [INFO] cheese - {"method":"GET","url":"/tag/list","host":"localhost:4000","message":{"message":"响应时间为：116060"},"userAgent":"axios/0.18.0"}
[2018-07-04T11:45:25.548] [INFO] cheese - {"method":"GET","url":"/tag/list","host":"localhost:4000","message":{"message":"响应时间为：116873"},"referer":"http://localhost:4002/","userAgent":"Mozilla/5.0 (Windows NT 10.0; WOW64) AppleWebKit/537.36 (KHTML, like Gecko) Chrome/65.0.3325.181 Safari/537.36"}
[2018-07-04T11:45:41.692] [INFO] cheese - {"method":"GET","url":"/blog/list","host":"localhost:4000","message":{"message":"响应时间为：4901"},"userAgent":"axios/0.18.0"}
[2018-07-04T11:45:41.736] [INFO] cheese - {"method":"GET","url":"/tag/list","host":"localhost:4000","message":{"message":"响应时间为：4945"},"userAgent":"axios/0.18.0"}
[2018-07-04T11:45:42.611] [INFO] cheese - {"method":"GET","url":"/tag/list","host":"localhost:4000","message":{"message":"响应时间为：5820"},"referer":"http://localhost:4002/","userAgent":"Mozilla/5.0 (Windows NT 10.0; WOW64) AppleWebKit/537.36 (KHTML, like Gecko) Chrome/65.0.3325.181 Safari/537.36"}
[2018-07-04T11:46:02.277] [INFO] cheese - {"method":"GET","url":"/blog/list","host":"localhost:4000","message":{"message":"响应时间为：25486"},"userAgent":"axios/0.18.0"}
[2018-07-04T11:46:02.337] [INFO] cheese - {"method":"GET","url":"/tag/list","host":"localhost:4000","message":{"message":"响应时间为：25546"},"userAgent":"axios/0.18.0"}
[2018-07-04T11:46:03.197] [INFO] cheese - {"method":"GET","url":"/tag/list","host":"localhost:4000","message":{"message":"响应时间为：26406"},"referer":"http://localhost:4002/","userAgent":"Mozilla/5.0 (Windows NT 10.0; WOW64) AppleWebKit/537.36 (KHTML, like Gecko) Chrome/65.0.3325.181 Safari/537.36"}
[2018-07-04T11:55:13.730] [INFO] cheese - {"method":"GET","url":"/blog/list","host":"localhost:4000","message":{"message":"响应时间为：79837"},"userAgent":"axios/0.18.0"}
[2018-07-04T11:55:13.783] [INFO] cheese - {"method":"GET","url":"/tag/list","host":"localhost:4000","message":{"message":"响应时间为：79890"},"userAgent":"axios/0.18.0"}
[2018-07-04T11:55:14.659] [INFO] cheese - {"method":"GET","url":"/tag/list","host":"localhost:4000","message":{"message":"响应时间为：80765"},"referer":"http://localhost:4002/","userAgent":"Mozilla/5.0 (Windows NT 10.0; WOW64) AppleWebKit/537.36 (KHTML, like Gecko) Chrome/65.0.3325.181 Safari/537.36"}
[2018-07-04T11:56:41.296] [INFO] cheese - {"method":"GET","url":"/blog/list","host":"localhost:4000","message":{"message":"响应时间为：50894"},"userAgent":"axios/0.18.0"}
[2018-07-04T11:56:41.372] [INFO] cheese - {"method":"GET","url":"/tag/list","host":"localhost:4000","message":{"message":"响应时间为：50970"},"userAgent":"axios/0.18.0"}
[2018-07-04T11:56:42.164] [INFO] cheese - {"method":"GET","url":"/tag/list","host":"localhost:4000","message":{"message":"响应时间为：51762"},"referer":"http://localhost:4002/","userAgent":"Mozilla/5.0 (Windows NT 10.0; WOW64) AppleWebKit/537.36 (KHTML, like Gecko) Chrome/65.0.3325.181 Safari/537.36"}
[2018-07-04T11:59:07.914] [INFO] cheese - {"method":"GET","url":"/tag/list","host":"localhost:4000","message":{"message":"响应时间为：181"},"referer":"http://localhost:4002/","userAgent":"Mozilla/5.0 (Windows NT 10.0; WOW64) AppleWebKit/537.36 (KHTML, like Gecko) Chrome/65.0.3325.181 Safari/537.36"}
[2018-07-04T11:59:07.939] [INFO] cheese - {"method":"GET","url":"/blog/list","host":"localhost:4000","message":{"message":"响应时间为：206"},"referer":"http://localhost:4002/","userAgent":"Mozilla/5.0 (Windows NT 10.0; WOW64) AppleWebKit/537.36 (KHTML, like Gecko) Chrome/65.0.3325.181 Safari/537.36"}
[2018-07-04T11:59:34.494] [INFO] cheese - {"method":"GET","url":"/api/tag/list","host":"localhost:4000","message":{"message":"响应时间为：175"},"referer":"http://localhost:4002/","userAgent":"Mozilla/5.0 (Windows NT 10.0; WOW64) AppleWebKit/537.36 (KHTML, like Gecko) Chrome/65.0.3325.181 Safari/537.36"}
[2018-07-04T12:00:10.954] [INFO] cheese - {"method":"GET","url":"/api/blog/list","host":"localhost:4000","message":{"message":"响应时间为：10997"},"userAgent":"axios/0.18.0"}
[2018-07-04T12:00:11.006] [INFO] cheese - {"method":"GET","url":"/api/tag/list","host":"localhost:4000","message":{"message":"响应时间为：11050"},"userAgent":"axios/0.18.0"}
[2018-07-04T12:00:11.793] [INFO] cheese - {"method":"GET","url":"/api/tag/list","host":"localhost:4000","message":{"message":"响应时间为：11837"},"referer":"http://localhost:4002/","userAgent":"Mozilla/5.0 (Windows NT 10.0; WOW64) AppleWebKit/537.36 (KHTML, like Gecko) Chrome/65.0.3325.181 Safari/537.36"}
[2018-07-04T12:00:28.979] [INFO] cheese - {"method":"GET","url":"/blog/list","host":"localhost:4000","message":{"message":"响应时间为：3234"},"userAgent":"axios/0.18.0"}
[2018-07-04T12:00:29.017] [INFO] cheese - {"method":"GET","url":"/tag/list","host":"localhost:4000","message":{"message":"响应时间为：3274"},"userAgent":"axios/0.18.0"}
[2018-07-04T12:00:29.898] [INFO] cheese - {"method":"GET","url":"/tag/list","host":"localhost:4000","message":{"message":"响应时间为：4155"},"referer":"http://localhost:4002/","userAgent":"Mozilla/5.0 (Windows NT 10.0; WOW64) AppleWebKit/537.36 (KHTML, like Gecko) Chrome/65.0.3325.181 Safari/537.36"}
[2018-07-04T12:00:43.363] [INFO] cheese - {"method":"GET","url":"/blog/list","host":"localhost:4000","message":{"message":"响应时间为：17620"},"userAgent":"axios/0.18.0"}
[2018-07-04T12:00:43.416] [INFO] cheese - {"method":"GET","url":"/tag/list","host":"localhost:4000","message":{"message":"响应时间为：17673"},"userAgent":"axios/0.18.0"}
[2018-07-04T12:00:44.185] [INFO] cheese - {"method":"GET","url":"/tag/list","host":"localhost:4000","message":{"message":"响应时间为：18442"},"referer":"http://localhost:4002/","userAgent":"Mozilla/5.0 (Windows NT 10.0; WOW64) AppleWebKit/537.36 (KHTML, like Gecko) Chrome/65.0.3325.181 Safari/537.36"}
[2018-07-04T12:02:54.958] [INFO] cheese - {"method":"GET","url":"/tag/list","host":"localhost:4000","message":{"message":"响应时间为：13113"},"userAgent":"axios/0.18.0"}
[2018-07-04T12:02:54.981] [INFO] cheese - {"method":"GET","url":"/blog/list","host":"localhost:4000","message":{"message":"响应时间为：13137"},"userAgent":"axios/0.18.0"}
[2018-07-04T12:02:55.005] [INFO] cheese - {"method":"GET","url":"/tag/list","host":"localhost:4000","message":{"message":"响应时间为：13161"},"userAgent":"axios/0.18.0"}
[2018-07-04T12:02:55.768] [INFO] cheese - {"method":"GET","url":"/tag/list","host":"localhost:4000","message":{"message":"响应时间为：13924"},"referer":"http://localhost:4002/","userAgent":"Mozilla/5.0 (Windows NT 10.0; WOW64) AppleWebKit/537.36 (KHTML, like Gecko) Chrome/65.0.3325.181 Safari/537.36"}
[2018-07-04T12:22:05.195] [INFO] cheese - {"method":"GET","url":"/tag/list","host":"localhost:4000","message":{"message":"响应时间为：463"},"referer":"http://localhost:4002/","userAgent":"Mozilla/5.0 (Windows NT 10.0; WOW64) AppleWebKit/537.36 (KHTML, like Gecko) Chrome/65.0.3325.181 Safari/537.36"}
[2018-07-04T12:22:05.231] [INFO] cheese - {"method":"GET","url":"/blog/list","host":"localhost:4000","message":{"message":"响应时间为：500"},"referer":"http://localhost:4002/","userAgent":"Mozilla/5.0 (Windows NT 10.0; WOW64) AppleWebKit/537.36 (KHTML, like Gecko) Chrome/65.0.3325.181 Safari/537.36"}
[2018-07-04T12:22:05.874] [INFO] cheese - {"method":"GET","url":"/blog/list","host":"localhost:4000","message":{"message":"响应时间为：1142"},"userAgent":"axios/0.18.0"}
[2018-07-04T12:22:05.910] [INFO] cheese - {"method":"GET","url":"/tag/list","host":"localhost:4000","message":{"message":"响应时间为：1179"},"userAgent":"axios/0.18.0"}
[2018-07-04T12:22:06.420] [INFO] cheese - {"method":"GET","url":"/tag/list","host":"localhost:4000","message":{"message":"响应时间为：1689"},"referer":"http://localhost:4002/","userAgent":"Mozilla/5.0 (Windows NT 10.0; WOW64) AppleWebKit/537.36 (KHTML, like Gecko) Chrome/65.0.3325.181 Safari/537.36"}
[2018-07-04T12:23:54.988] [INFO] cheese - {"method":"GET","url":"/tag/list","host":"localhost:4000","message":{"message":"响应时间为：110257"},"referer":"http://localhost:4002/","userAgent":"Mozilla/5.0 (Windows NT 10.0; WOW64) AppleWebKit/537.36 (KHTML, like Gecko) Chrome/65.0.3325.181 Safari/537.36"}
[2018-07-04T12:24:02.827] [INFO] cheese - {"method":"GET","url":"/tag/list","host":"localhost:4000","message":{"message":"响应时间为：118096"},"userAgent":"axios/0.18.0"}
[2018-07-04T12:24:03.484] [INFO] cheese - {"method":"GET","url":"/tag/list","host":"localhost:4000","message":{"message":"响应时间为：118753"},"referer":"http://localhost:4002/","userAgent":"Mozilla/5.0 (Windows NT 10.0; WOW64) AppleWebKit/537.36 (KHTML, like Gecko) Chrome/65.0.3325.181 Safari/537.36"}
[2018-07-04T12:24:14.107] [INFO] cheese - {"method":"GET","url":"/tag/list","host":"localhost:4000","message":{"message":"响应时间为：129376"},"referer":"http://localhost:4002/","userAgent":"Mozilla/5.0 (Windows NT 10.0; WOW64) AppleWebKit/537.36 (KHTML, like Gecko) Chrome/65.0.3325.181 Safari/537.36"}
[2018-07-04T12:24:15.114] [INFO] cheese - {"method":"GET","url":"/tag/list","host":"localhost:4000","message":{"message":"响应时间为：130383"},"userAgent":"axios/0.18.0"}
[2018-07-04T12:24:15.576] [INFO] cheese - {"method":"GET","url":"/tag/list","host":"localhost:4000","message":{"message":"响应时间为：130845"},"referer":"http://localhost:4002/","userAgent":"Mozilla/5.0 (Windows NT 10.0; WOW64) AppleWebKit/537.36 (KHTML, like Gecko) Chrome/65.0.3325.181 Safari/537.36"}
[2018-07-04T12:25:16.285] [INFO] cheese - {"method":"GET","url":"/tag/list","host":"localhost:4000","message":{"message":"响应时间为：257"},"referer":"http://localhost:4002/","userAgent":"Mozilla/5.0 (Windows NT 10.0; WOW64) AppleWebKit/537.36 (KHTML, like Gecko) Chrome/65.0.3325.181 Safari/537.36"}
[2018-07-04T12:25:56.865] [INFO] cheese - {"method":"GET","url":"/tag/list","host":"localhost:4000","message":{"message":"响应时间为：425"},"userAgent":"axios/0.18.0"}
[2018-07-04T12:25:57.036] [INFO] cheese - {"method":"GET","url":"/tag/list","host":"localhost:4000","message":{"message":"响应时间为：597"},"referer":"http://localhost:4002/","userAgent":"Mozilla/5.0 (Windows NT 10.0; WOW64) AppleWebKit/537.36 (KHTML, like Gecko) Chrome/65.0.3325.181 Safari/537.36"}
[2018-07-04T12:26:47.425] [INFO] cheese - {"method":"GET","url":"/tag/list","host":"localhost:4000","message":{"message":"响应时间为：258"},"referer":"http://localhost:4002/","userAgent":"Mozilla/5.0 (Windows NT 10.0; WOW64) AppleWebKit/537.36 (KHTML, like Gecko) Chrome/65.0.3325.181 Safari/537.36"}
[2018-07-04T12:26:49.140] [INFO] cheese - {"method":"GET","url":"/tag/list","host":"localhost:4000","message":{"message":"响应时间为：1972"},"userAgent":"axios/0.18.0"}
[2018-07-04T12:26:49.973] [INFO] cheese - {"method":"GET","url":"/tag/list","host":"localhost:4000","message":{"message":"响应时间为：2806"},"referer":"http://localhost:4002/","userAgent":"Mozilla/5.0 (Windows NT 10.0; WOW64) AppleWebKit/537.36 (KHTML, like Gecko) Chrome/65.0.3325.181 Safari/537.36"}
[2018-07-04T12:28:53.451] [INFO] cheese - {"method":"GET","url":"/tag/list","host":"localhost:4000","message":{"message":"响应时间为：304"},"referer":"http://localhost:4002/","userAgent":"Mozilla/5.0 (Windows NT 10.0; WOW64) AppleWebKit/537.36 (KHTML, like Gecko) Chrome/65.0.3325.181 Safari/537.36"}
[2018-07-04T12:29:25.784] [INFO] cheese - {"method":"GET","url":"/api/tag/list","host":"localhost:4000","message":{"message":"响应时间为：191"},"referer":"http://localhost:4002/","userAgent":"Mozilla/5.0 (Windows NT 10.0; WOW64) AppleWebKit/537.36 (KHTML, like Gecko) Chrome/65.0.3325.181 Safari/537.36"}
[2018-07-04T12:30:35.609] [INFO] cheese - {"method":"GET","url":"/api/tag/list","host":"localhost:4000","message":{"message":"响应时间为：10289"},"userAgent":"axios/0.18.0"}
[2018-07-04T12:30:36.414] [INFO] cheese - {"method":"GET","url":"/api/tag/list","host":"localhost:4000","message":{"message":"响应时间为：11095"},"referer":"http://localhost:4002/","userAgent":"Mozilla/5.0 (Windows NT 10.0; WOW64) AppleWebKit/537.36 (KHTML, like Gecko) Chrome/65.0.3325.181 Safari/537.36"}
[2018-07-04T12:40:41.671] [INFO] cheese - {"method":"GET","url":"/tag/list","host":"localhost:4000","message":{"message":"响应时间为：457"},"userAgent":"axios/0.18.0"}
[2018-07-04T12:40:42.243] [INFO] cheese - {"method":"GET","url":"/tag/list","host":"localhost:4000","message":{"message":"响应时间为：1031"},"referer":"http://localhost:4002/","userAgent":"Mozilla/5.0 (Windows NT 10.0; WOW64) AppleWebKit/537.36 (KHTML, like Gecko) Chrome/65.0.3325.181 Safari/537.36"}
[2018-07-04T13:40:53.406] [INFO] cheese - {"method":"GET","url":"/tag/list","host":"localhost:4000","message":{"message":"响应时间为：42792"},"userAgent":"axios/0.18.0"}
[2018-07-04T13:40:53.427] [INFO] cheese - {"method":"GET","url":"/tag/list","host":"localhost:4000","message":{"message":"响应时间为：42813"},"userAgent":"axios/0.18.0"}
[2018-07-04T13:40:53.977] [INFO] cheese - {"method":"GET","url":"/tag/list","host":"localhost:4000","message":{"message":"响应时间为：43364"},"referer":"http://localhost:4002/","userAgent":"Mozilla/5.0 (Windows NT 10.0; WOW64) AppleWebKit/537.36 (KHTML, like Gecko) Chrome/65.0.3325.181 Safari/537.36"}
[2018-07-04T13:41:14.048] [INFO] cheese - {"method":"GET","url":"/tag/list","host":"localhost:4000","message":{"message":"响应时间为：63434"},"userAgent":"axios/0.18.0"}
[2018-07-04T13:41:14.571] [INFO] cheese - {"method":"GET","url":"/tag/list","host":"localhost:4000","message":{"message":"响应时间为：63958"},"referer":"http://localhost:4002/","userAgent":"Mozilla/5.0 (Windows NT 10.0; WOW64) AppleWebKit/537.36 (KHTML, like Gecko) Chrome/65.0.3325.181 Safari/537.36"}
[2018-07-04T13:41:34.935] [INFO] cheese - {"method":"GET","url":"/tag/list","host":"localhost:4000","message":{"message":"响应时间为：643"},"referer":"http://localhost:4002/","userAgent":"Mozilla/5.0 (Windows NT 10.0; WOW64) AppleWebKit/537.36 (KHTML, like Gecko) Chrome/65.0.3325.181 Safari/537.36"}
[2018-07-04T13:41:35.118] [INFO] cheese - {"method":"GET","url":"/blog/list","host":"localhost:4000","message":{"message":"响应时间为：826"},"referer":"http://localhost:4002/","userAgent":"Mozilla/5.0 (Windows NT 10.0; WOW64) AppleWebKit/537.36 (KHTML, like Gecko) Chrome/65.0.3325.181 Safari/537.36"}
[2018-07-04T13:41:40.562] [INFO] cheese - {"method":"GET","url":"/blog/list","host":"localhost:4000","message":{"message":"响应时间为：6270"},"userAgent":"axios/0.18.0"}
[2018-07-04T13:41:40.584] [INFO] cheese - {"method":"GET","url":"/tag/list","host":"localhost:4000","message":{"message":"响应时间为：6292"},"userAgent":"axios/0.18.0"}
[2018-07-04T13:41:41.186] [INFO] cheese - {"method":"GET","url":"/tag/list","host":"localhost:4000","message":{"message":"响应时间为：6894"},"referer":"http://localhost:4002/","userAgent":"Mozilla/5.0 (Windows NT 10.0; WOW64) AppleWebKit/537.36 (KHTML, like Gecko) Chrome/65.0.3325.181 Safari/537.36"}
[2018-07-04T13:42:10.889] [INFO] cheese - {"method":"GET","url":"/tag/list","host":"localhost:4000","message":{"message":"响应时间为：36596"},"referer":"http://localhost:4002/","userAgent":"Mozilla/5.0 (Windows NT 10.0; WOW64) AppleWebKit/537.36 (KHTML, like Gecko) Chrome/65.0.3325.181 Safari/537.36"}
[2018-07-04T13:43:47.542] [INFO] cheese - {"method":"GET","url":"/tag/list","host":"localhost:4000","message":{"message":"响应时间为：745"},"referer":"http://localhost:4002/","userAgent":"Mozilla/5.0 (Windows NT 10.0; WOW64) AppleWebKit/537.36 (KHTML, like Gecko) Chrome/65.0.3325.181 Safari/537.36"}
[2018-07-04T13:43:47.808] [INFO] cheese - {"method":"GET","url":"/blog/list","host":"localhost:4000","message":{"message":"响应时间为：1013"},"referer":"http://localhost:4002/","userAgent":"Mozilla/5.0 (Windows NT 10.0; WOW64) AppleWebKit/537.36 (KHTML, like Gecko) Chrome/65.0.3325.181 Safari/537.36"}
[2018-07-04T13:45:01.337] [INFO] cheese - {"method":"GET","url":"/blog/list","host":"localhost:4000","message":{"message":"响应时间为：1147"},"userAgent":"axios/0.18.0"}
[2018-07-04T13:45:01.389] [INFO] cheese - {"method":"GET","url":"/tag/list","host":"localhost:4000","message":{"message":"响应时间为：1200"},"userAgent":"axios/0.18.0"}
[2018-07-04T13:45:01.961] [INFO] cheese - {"method":"GET","url":"/tag/list","host":"localhost:4000","message":{"message":"响应时间为：1772"},"referer":"http://localhost:4002/","userAgent":"Mozilla/5.0 (Windows NT 10.0; WOW64) AppleWebKit/537.36 (KHTML, like Gecko) Chrome/65.0.3325.181 Safari/537.36"}
[2018-07-04T13:45:24.487] [INFO] cheese - {"method":"GET","url":"/blog/list","host":"localhost:4000","message":{"message":"响应时间为：24298"},"referer":"http://localhost:4002/","userAgent":"Mozilla/5.0 (Windows NT 10.0; WOW64) AppleWebKit/537.36 (KHTML, like Gecko) Chrome/65.0.3325.181 Safari/537.36"}
[2018-07-04T13:45:27.772] [INFO] cheese - {"method":"GET","url":"/blog/list","host":"localhost:4000","message":{"message":"响应时间为：27583"},"userAgent":"axios/0.18.0"}
[2018-07-04T13:45:27.801] [INFO] cheese - {"method":"GET","url":"/tag/list","host":"localhost:4000","message":{"message":"响应时间为：27612"},"userAgent":"axios/0.18.0"}
[2018-07-04T13:45:28.293] [INFO] cheese - {"method":"GET","url":"/tag/list","host":"localhost:4000","message":{"message":"响应时间为：28104"},"referer":"http://localhost:4002/","userAgent":"Mozilla/5.0 (Windows NT 10.0; WOW64) AppleWebKit/537.36 (KHTML, like Gecko) Chrome/65.0.3325.181 Safari/537.36"}
[2018-07-04T13:46:12.901] [INFO] cheese - {"method":"GET","url":"/tag/list","host":"localhost:4000","message":{"message":"响应时间为：273"},"referer":"http://localhost:4002/","userAgent":"Mozilla/5.0 (Windows NT 10.0; WOW64) AppleWebKit/537.36 (KHTML, like Gecko) Chrome/65.0.3325.181 Safari/537.36"}
[2018-07-04T13:46:13.166] [INFO] cheese - {"method":"GET","url":"/blog/list","host":"localhost:4000","message":{"message":"响应时间为：539"},"referer":"http://localhost:4002/","userAgent":"Mozilla/5.0 (Windows NT 10.0; WOW64) AppleWebKit/537.36 (KHTML, like Gecko) Chrome/65.0.3325.181 Safari/537.36"}
[2018-07-04T13:47:14.926] [INFO] cheese - {"method":"GET","url":"/blog/list","host":"localhost:4000","message":{"message":"响应时间为：20421"},"userAgent":"axios/0.18.0"}
[2018-07-04T13:47:14.970] [INFO] cheese - {"method":"GET","url":"/tag/list","host":"localhost:4000","message":{"message":"响应时间为：20466"},"userAgent":"axios/0.18.0"}
[2018-07-04T13:47:15.551] [INFO] cheese - {"method":"GET","url":"/tag/list","host":"localhost:4000","message":{"message":"响应时间为：21047"},"referer":"http://localhost:4002/","userAgent":"Mozilla/5.0 (Windows NT 10.0; WOW64) AppleWebKit/537.36 (KHTML, like Gecko) Chrome/65.0.3325.181 Safari/537.36"}
[2018-07-04T13:47:42.044] [INFO] cheese - {"method":"GET","url":"/blog/list","host":"localhost:4000","message":{"message":"响应时间为：47540"},"referer":"http://localhost:4002/","userAgent":"Mozilla/5.0 (Windows NT 10.0; WOW64) AppleWebKit/537.36 (KHTML, like Gecko) Chrome/65.0.3325.181 Safari/537.36"}
[2018-07-04T13:47:46.434] [INFO] cheese - {"method":"GET","url":"/blog/list","host":"localhost:4000","message":{"message":"响应时间为：51930"},"referer":"http://localhost:4002/","userAgent":"Mozilla/5.0 (Windows NT 10.0; WOW64) AppleWebKit/537.36 (KHTML, like Gecko) Chrome/65.0.3325.181 Safari/537.36"}
[2018-07-04T13:47:59.810] [INFO] cheese - {"method":"GET","url":"/blog/list","host":"localhost:4000","message":{"message":"响应时间为：65306"},"referer":"http://localhost:4002/","userAgent":"Mozilla/5.0 (Windows NT 10.0; WOW64) AppleWebKit/537.36 (KHTML, like Gecko) Chrome/65.0.3325.181 Safari/537.36"}
[2018-07-04T13:48:44.313] [INFO] cheese - {"method":"GET","url":"/blog/list","host":"localhost:4000","message":{"message":"响应时间为：109809"},"userAgent":"axios/0.18.0"}
[2018-07-04T13:48:44.397] [INFO] cheese - {"method":"GET","url":"/tag/list","host":"localhost:4000","message":{"message":"响应时间为：109892"},"userAgent":"axios/0.18.0"}
[2018-07-04T13:48:44.903] [INFO] cheese - {"method":"GET","url":"/tag/list","host":"localhost:4000","message":{"message":"响应时间为：110399"},"referer":"http://localhost:4002/","userAgent":"Mozilla/5.0 (Windows NT 10.0; WOW64) AppleWebKit/537.36 (KHTML, like Gecko) Chrome/65.0.3325.181 Safari/537.36"}
[2018-07-04T13:56:33.995] [INFO] cheese - {"method":"GET","url":"/blog/list","host":"localhost:4000","message":{"message":"响应时间为：579491"},"userAgent":"axios/0.18.0"}
[2018-07-04T13:56:34.030] [INFO] cheese - {"method":"GET","url":"/tag/list","host":"localhost:4000","message":{"message":"响应时间为：579526"},"userAgent":"axios/0.18.0"}
[2018-07-04T13:56:34.488] [INFO] cheese - {"method":"GET","url":"/tag/list","host":"localhost:4000","message":{"message":"响应时间为：579984"},"referer":"http://localhost:4002/","userAgent":"Mozilla/5.0 (Windows NT 10.0; WOW64) AppleWebKit/537.36 (KHTML, like Gecko) Chrome/65.0.3325.181 Safari/537.36"}
[2018-07-04T13:56:53.320] [INFO] cheese - {"method":"GET","url":"/blog/list","host":"localhost:4000","message":{"message":"响应时间为：598815"},"userAgent":"axios/0.18.0"}
[2018-07-04T13:56:53.365] [INFO] cheese - {"method":"GET","url":"/tag/list","host":"localhost:4000","message":{"message":"响应时间为：598861"},"userAgent":"axios/0.18.0"}
[2018-07-04T13:56:53.931] [INFO] cheese - {"method":"GET","url":"/tag/list","host":"localhost:4000","message":{"message":"响应时间为：599427"},"referer":"http://localhost:4002/","userAgent":"Mozilla/5.0 (Windows NT 10.0; WOW64) AppleWebKit/537.36 (KHTML, like Gecko) Chrome/65.0.3325.181 Safari/537.36"}
[2018-07-04T13:57:24.236] [INFO] cheese - {"method":"GET","url":"/blog/list","host":"localhost:4000","message":{"message":"响应时间为：629732"},"userAgent":"axios/0.18.0"}
[2018-07-04T13:57:24.267] [INFO] cheese - {"method":"GET","url":"/tag/list","host":"localhost:4000","message":{"message":"响应时间为：629763"},"userAgent":"axios/0.18.0"}
[2018-07-04T13:57:24.784] [INFO] cheese - {"method":"GET","url":"/tag/list","host":"localhost:4000","message":{"message":"响应时间为：630280"},"referer":"http://localhost:4002/","userAgent":"Mozilla/5.0 (Windows NT 10.0; WOW64) AppleWebKit/537.36 (KHTML, like Gecko) Chrome/65.0.3325.181 Safari/537.36"}
[2018-07-04T13:57:29.774] [INFO] cheese - {"method":"GET","url":"/tag/list","host":"localhost:4000","message":{"message":"响应时间为：635270"},"userAgent":"axios/0.18.0"}
[2018-07-04T13:57:30.264] [INFO] cheese - {"method":"GET","url":"/tag/list","host":"localhost:4000","message":{"message":"响应时间为：635760"},"referer":"http://localhost:4002/d","userAgent":"Mozilla/5.0 (Windows NT 10.0; WOW64) AppleWebKit/537.36 (KHTML, like Gecko) Chrome/65.0.3325.181 Safari/537.36"}
[2018-07-04T13:58:10.459] [INFO] cheese - {"method":"GET","url":"/tag/list","host":"localhost:4000","message":{"message":"响应时间为：675955"},"userAgent":"axios/0.18.0"}
[2018-07-04T13:58:10.978] [INFO] cheese - {"method":"GET","url":"/tag/list","host":"localhost:4000","message":{"message":"响应时间为：676474"},"referer":"http://localhost:4002/d","userAgent":"Mozilla/5.0 (Windows NT 10.0; WOW64) AppleWebKit/537.36 (KHTML, like Gecko) Chrome/65.0.3325.181 Safari/537.36"}
[2018-07-04T13:58:25.159] [INFO] cheese - {"method":"GET","url":"/tag/list","host":"localhost:4000","message":{"message":"响应时间为：690655"},"userAgent":"axios/0.18.0"}
[2018-07-04T13:58:25.743] [INFO] cheese - {"method":"GET","url":"/tag/list","host":"localhost:4000","message":{"message":"响应时间为：691239"},"referer":"http://localhost:4002/d","userAgent":"Mozilla/5.0 (Windows NT 10.0; WOW64) AppleWebKit/537.36 (KHTML, like Gecko) Chrome/65.0.3325.181 Safari/537.36"}
[2018-07-04T14:00:37.819] [INFO] cheese - {"method":"GET","url":"/blog/lista","host":"localhost:4000","message":{"message":"响应时间为：2324"},"userAgent":"axios/0.18.0"}
[2018-07-04T14:00:37.896] [INFO] cheese - {"method":"GET","url":"/tag/list","host":"localhost:4000","message":{"message":"响应时间为：2402"},"userAgent":"axios/0.18.0"}
[2018-07-04T14:00:38.352] [INFO] cheese - {"method":"GET","url":"/tag/list","host":"localhost:4000","message":{"message":"响应时间为：2857"},"referer":"http://localhost:4002/","userAgent":"Mozilla/5.0 (Windows NT 10.0; WOW64) AppleWebKit/537.36 (KHTML, like Gecko) Chrome/65.0.3325.181 Safari/537.36"}
[2018-07-04T14:00:39.676] [INFO] cheese - {"method":"GET","url":"/blog/lista","host":"localhost:4000","message":{"message":"响应时间为：4182"},"userAgent":"axios/0.18.0"}
[2018-07-04T14:00:39.712] [INFO] cheese - {"method":"GET","url":"/tag/list","host":"localhost:4000","message":{"message":"响应时间为：4218"},"userAgent":"axios/0.18.0"}
[2018-07-04T14:00:40.183] [INFO] cheese - {"method":"GET","url":"/tag/list","host":"localhost:4000","message":{"message":"响应时间为：4689"},"referer":"http://localhost:4002/","userAgent":"Mozilla/5.0 (Windows NT 10.0; WOW64) AppleWebKit/537.36 (KHTML, like Gecko) Chrome/65.0.3325.181 Safari/537.36"}
[2018-07-04T14:00:48.078] [INFO] cheese - {"method":"GET","url":"/blog/list","host":"localhost:4000","message":{"message":"响应时间为：764"},"userAgent":"axios/0.18.0"}
[2018-07-04T14:00:48.135] [INFO] cheese - {"method":"GET","url":"/tag/list","host":"localhost:4000","message":{"message":"响应时间为：821"},"userAgent":"axios/0.18.0"}
[2018-07-04T14:00:48.600] [INFO] cheese - {"method":"GET","url":"/tag/list","host":"localhost:4000","message":{"message":"响应时间为：1286"},"referer":"http://localhost:4002/","userAgent":"Mozilla/5.0 (Windows NT 10.0; WOW64) AppleWebKit/537.36 (KHTML, like Gecko) Chrome/65.0.3325.181 Safari/537.36"}
[2018-07-04T14:01:14.618] [INFO] cheese - {"method":"GET","url":"/blog/lista","host":"localhost:4000","message":{"message":"响应时间为：471"},"userAgent":"axios/0.18.0"}
[2018-07-04T14:01:14.704] [INFO] cheese - {"method":"GET","url":"/tag/list","host":"localhost:4000","message":{"message":"响应时间为：558"},"userAgent":"axios/0.18.0"}
[2018-07-04T14:01:15.348] [INFO] cheese - {"method":"GET","url":"/tag/list","host":"localhost:4000","message":{"message":"响应时间为：1202"},"referer":"http://localhost:4002/","userAgent":"Mozilla/5.0 (Windows NT 10.0; WOW64) AppleWebKit/537.36 (KHTML, like Gecko) Chrome/65.0.3325.181 Safari/537.36"}
[2018-07-04T14:01:21.531] [INFO] cheese - {"method":"GET","url":"/blog/lista","host":"localhost:4000","message":{"message":"响应时间为：413"},"userAgent":"axios/0.18.0"}
[2018-07-04T14:01:21.598] [INFO] cheese - {"method":"GET","url":"/tag/list","host":"localhost:4000","message":{"message":"响应时间为：481"},"userAgent":"axios/0.18.0"}
[2018-07-04T14:01:22.032] [INFO] cheese - {"method":"GET","url":"/tag/list","host":"localhost:4000","message":{"message":"响应时间为：915"},"referer":"http://localhost:4002/","userAgent":"Mozilla/5.0 (Windows NT 10.0; WOW64) AppleWebKit/537.36 (KHTML, like Gecko) Chrome/65.0.3325.181 Safari/537.36"}
[2018-07-04T14:07:43.691] [INFO] cheese - {"method":"GET","url":"/blog/lista","host":"localhost:4000","message":{"message":"响应时间为：382574"},"referer":"http://localhost:4002/","userAgent":"Mozilla/5.0 (Windows NT 10.0; WOW64) AppleWebKit/537.36 (KHTML, like Gecko) Chrome/65.0.3325.181 Safari/537.36"}
[2018-07-04T14:09:51.415] [INFO] cheese - {"method":"GET","url":"/tag/list","host":"localhost:4000","message":{"message":"响应时间为：265"},"referer":"http://localhost:4002/","userAgent":"Mozilla/5.0 (Windows NT 10.0; WOW64) AppleWebKit/537.36 (KHTML, like Gecko) Chrome/65.0.3325.181 Safari/537.36"}
[2018-07-04T14:09:51.651] [INFO] cheese - {"method":"GET","url":"/blog/lista","host":"localhost:4000","message":{"message":"响应时间为：501"},"referer":"http://localhost:4002/","userAgent":"Mozilla/5.0 (Windows NT 10.0; WOW64) AppleWebKit/537.36 (KHTML, like Gecko) Chrome/65.0.3325.181 Safari/537.36"}
[2018-07-04T14:13:44.263] [INFO] cheese - {"method":"GET","url":"/blog/lista","host":"localhost:4000","message":{"message":"响应时间为：233113"},"referer":"http://localhost:4002/","userAgent":"Mozilla/5.0 (Windows NT 10.0; WOW64) AppleWebKit/537.36 (KHTML, like Gecko) Chrome/65.0.3325.181 Safari/537.36"}
[2018-07-04T14:13:50.166] [INFO] cheese - {"method":"GET","url":"/blog/lista","host":"localhost:4000","message":{"message":"响应时间为：217"},"referer":"http://localhost:4002/","userAgent":"Mozilla/5.0 (Windows NT 10.0; WOW64) AppleWebKit/537.36 (KHTML, like Gecko) Chrome/65.0.3325.181 Safari/537.36"}
[2018-07-04T14:14:01.175] [INFO] cheese - {"method":"GET","url":"/blog/lista","host":"localhost:4000","message":{"message":"响应时间为：11227"},"userAgent":"axios/0.18.0"}
[2018-07-04T14:15:47.234] [INFO] cheese - {"method":"GET","url":"/blog/lista","host":"localhost:4000","message":{"message":"响应时间为：117286"},"userAgent":"axios/0.18.0"}
[2018-07-04T14:16:24.663] [INFO] cheese - {"method":"GET","url":"/blog/lista","host":"localhost:4000","message":{"message":"响应时间为：154714"},"userAgent":"axios/0.18.0"}
[2018-07-04T14:16:52.983] [INFO] cheese - {"method":"GET","url":"/blog/lista","host":"localhost:4000","message":{"message":"响应时间为：183035"},"userAgent":"axios/0.18.0"}
[2018-07-04T14:17:07.575] [INFO] cheese - {"method":"GET","url":"/blog/lista","host":"localhost:4000","message":{"message":"响应时间为：197627"},"userAgent":"axios/0.18.0"}
[2018-07-04T14:19:45.035] [INFO] cheese - {"method":"GET","url":"/blog/lista","host":"localhost:4000","message":{"message":"响应时间为：355087"},"userAgent":"axios/0.18.0"}
[2018-07-04T14:20:12.004] [INFO] cheese - {"method":"GET","url":"/blog/lista","host":"localhost:4000","message":{"message":"响应时间为：382056"},"userAgent":"axios/0.18.0"}
[2018-07-04T14:23:28.500] [INFO] cheese - {"method":"GET","url":"/blog/lista","host":"localhost:4000","message":{"message":"响应时间为：578552"},"userAgent":"axios/0.18.0"}
[2018-07-04T14:23:52.811] [INFO] cheese - {"method":"GET","url":"/blog/lista","host":"localhost:4000","message":{"message":"响应时间为：602863"},"userAgent":"axios/0.18.0"}
[2018-07-04T14:32:00.940] [INFO] cheese - {"method":"GET","url":"/blog/lista","host":"localhost:4000","message":{"message":"响应时间为：83636"},"userAgent":"axios/0.18.0"}
[2018-07-04T14:47:36.732] [INFO] cheese - {"method":"GET","url":"/blog/list","host":"localhost:4000","message":{"message":"响应时间为：686"},"userAgent":"axios/0.18.0"}
[2018-07-04T14:47:36.772] [INFO] cheese - {"method":"GET","url":"/tag/list","host":"localhost:4000","message":{"message":"响应时间为：726"},"userAgent":"axios/0.18.0"}
[2018-07-04T14:47:37.302] [INFO] cheese - {"method":"GET","url":"/tag/list","host":"localhost:4000","message":{"message":"响应时间为：1256"},"referer":"http://localhost:4002/","userAgent":"Mozilla/5.0 (Windows NT 10.0; WOW64) AppleWebKit/537.36 (KHTML, like Gecko) Chrome/65.0.3325.181 Safari/537.36"}
[2018-07-04T14:48:06.033] [INFO] cheese - {"method":"GET","url":"/blog/list","host":"localhost:4000","message":{"message":"响应时间为：29987"},"referer":"http://localhost:4002/","userAgent":"Mozilla/5.0 (Windows NT 10.0; WOW64) AppleWebKit/537.36 (KHTML, like Gecko) Chrome/65.0.3325.181 Safari/537.36"}
[2018-07-04T14:48:08.691] [INFO] cheese - {"method":"GET","url":"/blog/list","host":"localhost:4000","message":{"message":"响应时间为：32645"},"userAgent":"axios/0.18.0"}
[2018-07-04T14:48:08.735] [INFO] cheese - {"method":"GET","url":"/tag/list","host":"localhost:4000","message":{"message":"响应时间为：32689"},"userAgent":"axios/0.18.0"}
[2018-07-04T14:48:09.259] [INFO] cheese - {"method":"GET","url":"/tag/list","host":"localhost:4000","message":{"message":"响应时间为：33213"},"referer":"http://localhost:4002/","userAgent":"Mozilla/5.0 (Windows NT 10.0; WOW64) AppleWebKit/537.36 (KHTML, like Gecko) Chrome/65.0.3325.181 Safari/537.36"}
[2018-07-04T14:48:18.963] [INFO] cheese - {"method":"GET","url":"/blog/list","host":"localhost:4000","message":{"message":"响应时间为：42917"},"userAgent":"axios/0.18.0"}
[2018-07-04T14:48:18.995] [INFO] cheese - {"method":"GET","url":"/tag/list","host":"localhost:4000","message":{"message":"响应时间为：42949"},"userAgent":"axios/0.18.0"}
[2018-07-04T14:48:19.462] [INFO] cheese - {"method":"GET","url":"/tag/list","host":"localhost:4000","message":{"message":"响应时间为：43416"},"referer":"http://localhost:4002/","userAgent":"Mozilla/5.0 (Windows NT 10.0; WOW64) AppleWebKit/537.36 (KHTML, like Gecko) Chrome/65.0.3325.181 Safari/537.36"}
[2018-07-04T14:49:58.780] [INFO] cheese - {"method":"GET","url":"/blog/list","host":"localhost:4000","message":{"message":"响应时间为：142734"},"referer":"http://localhost:4002/","userAgent":"Mozilla/5.0 (Windows NT 10.0; WOW64) AppleWebKit/537.36 (KHTML, like Gecko) Chrome/65.0.3325.181 Safari/537.36"}
[2018-07-04T14:50:19.271] [INFO] cheese - {"method":"GET","url":"/blog/list","host":"localhost:4000","message":{"message":"响应时间为：163224"},"referer":"http://localhost:4002/","userAgent":"Mozilla/5.0 (Windows NT 10.0; WOW64) AppleWebKit/537.36 (KHTML, like Gecko) Chrome/65.0.3325.181 Safari/537.36"}
[2018-07-04T14:50:22.135] [INFO] cheese - {"method":"GET","url":"/blog/list","host":"localhost:4000","message":{"message":"响应时间为：166089"},"userAgent":"axios/0.18.0"}
[2018-07-04T14:50:22.176] [INFO] cheese - {"method":"GET","url":"/tag/list","host":"localhost:4000","message":{"message":"响应时间为：166130"},"userAgent":"axios/0.18.0"}
[2018-07-04T14:50:22.733] [INFO] cheese - {"method":"GET","url":"/tag/list","host":"localhost:4000","message":{"message":"响应时间为：166687"},"referer":"http://localhost:4002/","userAgent":"Mozilla/5.0 (Windows NT 10.0; WOW64) AppleWebKit/537.36 (KHTML, like Gecko) Chrome/65.0.3325.181 Safari/537.36"}
[2018-07-04T14:51:14.227] [INFO] cheese - {"method":"GET","url":"/blog/list","host":"localhost:4000","message":{"message":"响应时间为：218181"},"referer":"http://localhost:4002/","userAgent":"Mozilla/5.0 (Windows NT 10.0; WOW64) AppleWebKit/537.36 (KHTML, like Gecko) Chrome/65.0.3325.181 Safari/537.36"}
[2018-07-04T14:52:37.509] [INFO] cheese - {"method":"GET","url":"/tag/list","host":"localhost:4000","message":{"message":"响应时间为：301463"},"referer":"http://localhost:4002/","userAgent":"Mozilla/5.0 (Windows NT 10.0; WOW64) AppleWebKit/537.36 (KHTML, like Gecko) Chrome/65.0.3325.181 Safari/537.36"}
[2018-07-04T14:53:33.176] [INFO] cheese - {"method":"GET","url":"/tag/list","host":"localhost:4000","message":{"message":"响应时间为：357130"},"referer":"http://localhost:4002/","userAgent":"Mozilla/5.0 (Windows NT 10.0; WOW64) AppleWebKit/537.36 (KHTML, like Gecko) Chrome/65.0.3325.181 Safari/537.36"}
[2018-07-04T14:53:40.931] [INFO] cheese - {"method":"GET","url":"/blog/list","host":"localhost:4000","message":{"message":"响应时间为：364885"},"userAgent":"axios/0.18.0"}
[2018-07-04T14:53:40.982] [INFO] cheese - {"method":"GET","url":"/tag/list","host":"localhost:4000","message":{"message":"响应时间为：364936"},"userAgent":"axios/0.18.0"}
[2018-07-04T14:53:41.544] [INFO] cheese - {"method":"GET","url":"/tag/list","host":"localhost:4000","message":{"message":"响应时间为：365498"},"referer":"http://localhost:4002/","userAgent":"Mozilla/5.0 (Windows NT 10.0; WOW64) AppleWebKit/537.36 (KHTML, like Gecko) Chrome/65.0.3325.181 Safari/537.36"}
[2018-07-04T14:53:53.724] [INFO] cheese - {"method":"GET","url":"/blog/list","host":"localhost:4000","message":{"message":"响应时间为：377678"},"userAgent":"axios/0.18.0"}
[2018-07-04T14:53:53.769] [INFO] cheese - {"method":"GET","url":"/tag/list","host":"localhost:4000","message":{"message":"响应时间为：377723"},"userAgent":"axios/0.18.0"}
[2018-07-04T14:53:54.238] [INFO] cheese - {"method":"GET","url":"/tag/list","host":"localhost:4000","message":{"message":"响应时间为：378192"},"referer":"http://localhost:4002/","userAgent":"Mozilla/5.0 (Windows NT 10.0; WOW64) AppleWebKit/537.36 (KHTML, like Gecko) Chrome/65.0.3325.181 Safari/537.36"}
[2018-07-04T14:54:19.097] [INFO] cheese - {"method":"GET","url":"/tag/list","host":"localhost:4000","message":{"message":"响应时间为：403051"},"referer":"http://localhost:4002/","userAgent":"Mozilla/5.0 (Windows NT 10.0; WOW64) AppleWebKit/537.36 (KHTML, like Gecko) Chrome/65.0.3325.181 Safari/537.36"}
[2018-07-04T14:54:20.286] [INFO] cheese - {"method":"GET","url":"/blog/list","host":"localhost:4000","message":{"message":"响应时间为：404240"},"userAgent":"axios/0.18.0"}
[2018-07-04T14:54:20.342] [INFO] cheese - {"method":"GET","url":"/tag/list","host":"localhost:4000","message":{"message":"响应时间为：404296"},"userAgent":"axios/0.18.0"}
[2018-07-04T14:54:20.887] [INFO] cheese - {"method":"GET","url":"/tag/list","host":"localhost:4000","message":{"message":"响应时间为：404841"},"referer":"http://localhost:4002/","userAgent":"Mozilla/5.0 (Windows NT 10.0; WOW64) AppleWebKit/537.36 (KHTML, like Gecko) Chrome/65.0.3325.181 Safari/537.36"}
[2018-07-04T14:54:32.538] [INFO] cheese - {"method":"GET","url":"/blog/list","host":"localhost:4000","message":{"message":"响应时间为：416492"},"userAgent":"axios/0.18.0"}
[2018-07-04T14:54:32.587] [INFO] cheese - {"method":"GET","url":"/tag/list","host":"localhost:4000","message":{"message":"响应时间为：416541"},"userAgent":"axios/0.18.0"}
[2018-07-04T14:54:33.052] [INFO] cheese - {"method":"GET","url":"/tag/list","host":"localhost:4000","message":{"message":"响应时间为：417006"},"referer":"http://localhost:4002/","userAgent":"Mozilla/5.0 (Windows NT 10.0; WOW64) AppleWebKit/537.36 (KHTML, like Gecko) Chrome/65.0.3325.181 Safari/537.36"}
[2018-07-04T14:54:53.019] [INFO] cheese - {"method":"GET","url":"/tag/list","host":"localhost:4000","message":{"message":"响应时间为：436973"},"referer":"http://localhost:4002/","userAgent":"Mozilla/5.0 (Windows NT 10.0; WOW64) AppleWebKit/537.36 (KHTML, like Gecko) Chrome/65.0.3325.181 Safari/537.36"}
[2018-07-04T14:56:20.427] [INFO] cheese - {"method":"GET","url":"/tag/list","host":"localhost:4000","message":{"message":"响应时间为：524381"},"referer":"http://localhost:4002/","userAgent":"Mozilla/5.0 (Windows NT 10.0; WOW64) AppleWebKit/537.36 (KHTML, like Gecko) Chrome/65.0.3325.181 Safari/537.36"}
[2018-07-04T14:56:20.707] [INFO] cheese - {"method":"GET","url":"/blog/list","host":"localhost:4000","message":{"message":"响应时间为：524661"},"referer":"http://localhost:4002/","userAgent":"Mozilla/5.0 (Windows NT 10.0; WOW64) AppleWebKit/537.36 (KHTML, like Gecko) Chrome/65.0.3325.181 Safari/537.36"}
[2018-07-04T14:56:53.203] [INFO] cheese - {"method":"GET","url":"/blog/list","host":"localhost:4000","message":{"message":"响应时间为：412"},"userAgent":"axios/0.18.0"}
[2018-07-04T14:56:53.257] [INFO] cheese - {"method":"GET","url":"/tag/list","host":"localhost:4000","message":{"message":"响应时间为：467"},"userAgent":"axios/0.18.0"}
[2018-07-04T14:56:53.309] [INFO] cheese - {"method":"GET","url":"/classify/list","host":"localhost:4000","message":{"message":"响应时间为：519"},"userAgent":"axios/0.18.0"}
[2018-07-04T14:56:53.817] [INFO] cheese - {"method":"GET","url":"/classify/list","host":"localhost:4000","message":{"message":"响应时间为：1027"},"referer":"http://localhost:4002/","userAgent":"Mozilla/5.0 (Windows NT 10.0; WOW64) AppleWebKit/537.36 (KHTML, like Gecko) Chrome/65.0.3325.181 Safari/537.36"}
[2018-07-04T14:56:53.834] [INFO] cheese - {"method":"GET","url":"/tag/list","host":"localhost:4000","message":{"message":"响应时间为：1044"},"referer":"http://localhost:4002/","userAgent":"Mozilla/5.0 (Windows NT 10.0; WOW64) AppleWebKit/537.36 (KHTML, like Gecko) Chrome/65.0.3325.181 Safari/537.36"}
[2018-07-04T14:58:57.117] [INFO] cheese - {"method":"GET","url":"/classify/list","host":"localhost:4000","message":{"message":"响应时间为：713"},"userAgent":"axios/0.18.0"}
[2018-07-04T14:58:57.128] [INFO] cheese - {"method":"GET","url":"/tag/list","host":"localhost:4000","message":{"message":"响应时间为：725"},"userAgent":"axios/0.18.0"}
[2018-07-04T14:58:57.170] [INFO] cheese - {"method":"GET","url":"/classify/list","host":"localhost:4000","message":{"message":"响应时间为：767"},"referer":"http://localhost:4002/article/22","userAgent":"Mozilla/5.0 (Windows NT 10.0; WOW64) AppleWebKit/537.36 (KHTML, like Gecko) Chrome/65.0.3325.181 Safari/537.36"}
[2018-07-04T14:58:57.176] [INFO] cheese - {"method":"GET","url":"/tag/list","host":"localhost:4000","message":{"message":"响应时间为：773"},"referer":"http://localhost:4002/article/22","userAgent":"Mozilla/5.0 (Windows NT 10.0; WOW64) AppleWebKit/537.36 (KHTML, like Gecko) Chrome/65.0.3325.181 Safari/537.36"}
[2018-07-04T15:01:35.989] [INFO] cheese - {"method":"GET","url":"/blog/list","host":"localhost:4000","message":{"message":"响应时间为：159586"},"userAgent":"axios/0.18.0"}
[2018-07-04T15:01:36.057] [INFO] cheese - {"method":"GET","url":"/tag/list","host":"localhost:4000","message":{"message":"响应时间为：159654"},"userAgent":"axios/0.18.0"}
[2018-07-04T15:01:36.060] [INFO] cheese - {"method":"GET","url":"/classify/list","host":"localhost:4000","message":{"message":"响应时间为：159657"},"userAgent":"axios/0.18.0"}
[2018-07-04T15:01:36.667] [INFO] cheese - {"method":"GET","url":"/classify/list","host":"localhost:4000","message":{"message":"响应时间为：160264"},"referer":"http://localhost:4002/","userAgent":"Mozilla/5.0 (Windows NT 10.0; WOW64) AppleWebKit/537.36 (KHTML, like Gecko) Chrome/65.0.3325.181 Safari/537.36"}
[2018-07-04T15:01:36.671] [INFO] cheese - {"method":"GET","url":"/tag/list","host":"localhost:4000","message":{"message":"响应时间为：160268"},"referer":"http://localhost:4002/","userAgent":"Mozilla/5.0 (Windows NT 10.0; WOW64) AppleWebKit/537.36 (KHTML, like Gecko) Chrome/65.0.3325.181 Safari/537.36"}
[2018-07-04T15:01:39.018] [INFO] cheese - {"method":"GET","url":"/blog/list","host":"localhost:4000","message":{"message":"响应时间为：162615"},"referer":"http://localhost:4002/","userAgent":"Mozilla/5.0 (Windows NT 10.0; WOW64) AppleWebKit/537.36 (KHTML, like Gecko) Chrome/65.0.3325.181 Safari/537.36"}
[2018-07-04T15:01:57.182] [INFO] cheese - {"method":"GET","url":"/blog/list","host":"localhost:4000","message":{"message":"响应时间为：180779"},"userAgent":"axios/0.18.0"}
[2018-07-04T15:01:57.238] [INFO] cheese - {"method":"GET","url":"/classify/list","host":"localhost:4000","message":{"message":"响应时间为：180834"},"userAgent":"axios/0.18.0"}
[2018-07-04T15:01:57.245] [INFO] cheese - {"method":"GET","url":"/tag/list","host":"localhost:4000","message":{"message":"响应时间为：180842"},"userAgent":"axios/0.18.0"}
[2018-07-04T15:01:57.779] [INFO] cheese - {"method":"GET","url":"/classify/list","host":"localhost:4000","message":{"message":"响应时间为：181376"},"referer":"http://localhost:4002/","userAgent":"Mozilla/5.0 (Windows NT 10.0; WOW64) AppleWebKit/537.36 (KHTML, like Gecko) Chrome/65.0.3325.181 Safari/537.36"}
[2018-07-04T15:01:57.789] [INFO] cheese - {"method":"GET","url":"/tag/list","host":"localhost:4000","message":{"message":"响应时间为：181386"},"referer":"http://localhost:4002/","userAgent":"Mozilla/5.0 (Windows NT 10.0; WOW64) AppleWebKit/537.36 (KHTML, like Gecko) Chrome/65.0.3325.181 Safari/537.36"}
[2018-07-04T15:02:00.479] [INFO] cheese - {"method":"GET","url":"/blog/list","host":"localhost:4000","message":{"message":"响应时间为：184076"},"referer":"http://localhost:4002/","userAgent":"Mozilla/5.0 (Windows NT 10.0; WOW64) AppleWebKit/537.36 (KHTML, like Gecko) Chrome/65.0.3325.181 Safari/537.36"}
[2018-07-04T15:02:07.248] [INFO] cheese - {"method":"GET","url":"/blog/list","host":"localhost:4000","message":{"message":"响应时间为：190845"},"referer":"http://localhost:4002/","userAgent":"Mozilla/5.0 (Windows NT 10.0; WOW64) AppleWebKit/537.36 (KHTML, like Gecko) Chrome/65.0.3325.181 Safari/537.36"}
[2018-07-04T15:03:44.025] [INFO] cheese - {"method":"GET","url":"/blog/list","host":"localhost:4000","message":{"message":"响应时间为：287622"},"userAgent":"axios/0.18.0"}
[2018-07-04T15:03:44.098] [INFO] cheese - {"method":"GET","url":"/classify/list","host":"localhost:4000","message":{"message":"响应时间为：287695"},"userAgent":"axios/0.18.0"}
[2018-07-04T15:03:44.116] [INFO] cheese - {"method":"GET","url":"/tag/list","host":"localhost:4000","message":{"message":"响应时间为：287713"},"userAgent":"axios/0.18.0"}
[2018-07-04T15:03:44.701] [INFO] cheese - {"method":"GET","url":"/classify/list","host":"localhost:4000","message":{"message":"响应时间为：288298"},"referer":"http://localhost:4002/","userAgent":"Mozilla/5.0 (Windows NT 10.0; WOW64) AppleWebKit/537.36 (KHTML, like Gecko) Chrome/65.0.3325.181 Safari/537.36"}
[2018-07-04T15:03:44.714] [INFO] cheese - {"method":"GET","url":"/tag/list","host":"localhost:4000","message":{"message":"响应时间为：288311"},"referer":"http://localhost:4002/","userAgent":"Mozilla/5.0 (Windows NT 10.0; WOW64) AppleWebKit/537.36 (KHTML, like Gecko) Chrome/65.0.3325.181 Safari/537.36"}
[2018-07-04T15:03:47.994] [INFO] cheese - {"method":"GET","url":"/blog/list","host":"localhost:4000","message":{"message":"响应时间为：291591"},"referer":"http://localhost:4002/","userAgent":"Mozilla/5.0 (Windows NT 10.0; WOW64) AppleWebKit/537.36 (KHTML, like Gecko) Chrome/65.0.3325.181 Safari/537.36"}
[2018-07-04T15:04:18.373] [INFO] cheese - {"method":"GET","url":"/blog/list","host":"localhost:4000","message":{"message":"响应时间为：321970"},"userAgent":"axios/0.18.0"}
[2018-07-04T15:04:18.430] [INFO] cheese - {"method":"GET","url":"/classify/list","host":"localhost:4000","message":{"message":"响应时间为：322027"},"userAgent":"axios/0.18.0"}
[2018-07-04T15:04:18.438] [INFO] cheese - {"method":"GET","url":"/tag/list","host":"localhost:4000","message":{"message":"响应时间为：322035"},"userAgent":"axios/0.18.0"}
[2018-07-04T15:04:18.964] [INFO] cheese - {"method":"GET","url":"/classify/list","host":"localhost:4000","message":{"message":"响应时间为：322561"},"referer":"http://localhost:4002/","userAgent":"Mozilla/5.0 (Windows NT 10.0; WOW64) AppleWebKit/537.36 (KHTML, like Gecko) Chrome/65.0.3325.181 Safari/537.36"}
[2018-07-04T15:04:18.970] [INFO] cheese - {"method":"GET","url":"/tag/list","host":"localhost:4000","message":{"message":"响应时间为：322567"},"referer":"http://localhost:4002/","userAgent":"Mozilla/5.0 (Windows NT 10.0; WOW64) AppleWebKit/537.36 (KHTML, like Gecko) Chrome/65.0.3325.181 Safari/537.36"}
[2018-07-04T15:05:01.667] [INFO] cheese - {"method":"GET","url":"/blog/list","host":"localhost:4000","message":{"message":"响应时间为：8786"},"userAgent":"axios/0.18.0"}
[2018-07-04T15:05:01.717] [INFO] cheese - {"method":"GET","url":"/classify/list","host":"localhost:4000","message":{"message":"响应时间为：8836"},"userAgent":"axios/0.18.0"}
[2018-07-04T15:05:01.728] [INFO] cheese - {"method":"GET","url":"/tag/list","host":"localhost:4000","message":{"message":"响应时间为：8848"},"userAgent":"axios/0.18.0"}
[2018-07-04T15:05:02.229] [INFO] cheese - {"method":"GET","url":"/classify/list","host":"localhost:4000","message":{"message":"响应时间为：9349"},"referer":"http://localhost:4002/","userAgent":"Mozilla/5.0 (Windows NT 10.0; WOW64) AppleWebKit/537.36 (KHTML, like Gecko) Chrome/65.0.3325.181 Safari/537.36"}
[2018-07-04T15:05:02.236] [INFO] cheese - {"method":"GET","url":"/tag/list","host":"localhost:4000","message":{"message":"响应时间为：9355"},"referer":"http://localhost:4002/","userAgent":"Mozilla/5.0 (Windows NT 10.0; WOW64) AppleWebKit/537.36 (KHTML, like Gecko) Chrome/65.0.3325.181 Safari/537.36"}
[2018-07-04T15:05:22.857] [INFO] cheese - {"method":"GET","url":"/blog/list","host":"localhost:4000","message":{"message":"响应时间为：8430"},"userAgent":"axios/0.18.0"}
[2018-07-04T15:05:22.935] [INFO] cheese - {"method":"GET","url":"/classify/list","host":"localhost:4000","message":{"message":"响应时间为：8507"},"userAgent":"axios/0.18.0"}
[2018-07-04T15:05:22.942] [INFO] cheese - {"method":"GET","url":"/tag/list","host":"localhost:4000","message":{"message":"响应时间为：8515"},"userAgent":"axios/0.18.0"}
[2018-07-04T15:05:23.464] [INFO] cheese - {"method":"GET","url":"/classify/list","host":"localhost:4000","message":{"message":"响应时间为：9037"},"referer":"http://localhost:4002/","userAgent":"Mozilla/5.0 (Windows NT 10.0; WOW64) AppleWebKit/537.36 (KHTML, like Gecko) Chrome/65.0.3325.181 Safari/537.36"}
[2018-07-04T15:05:23.471] [INFO] cheese - {"method":"GET","url":"/tag/list","host":"localhost:4000","message":{"message":"响应时间为：9044"},"referer":"http://localhost:4002/","userAgent":"Mozilla/5.0 (Windows NT 10.0; WOW64) AppleWebKit/537.36 (KHTML, like Gecko) Chrome/65.0.3325.181 Safari/537.36"}
[2018-07-04T15:14:29.955] [INFO] cheese - {"method":"GET","url":"/blog/list","host":"localhost:4000","message":{"message":"响应时间为：62265"},"userAgent":"axios/0.18.0"}
[2018-07-04T15:14:30.020] [INFO] cheese - {"method":"GET","url":"/tag/list","host":"localhost:4000","message":{"message":"响应时间为：62331"},"userAgent":"axios/0.18.0"}
[2018-07-04T15:14:30.027] [INFO] cheese - {"method":"GET","url":"/classify/list","host":"localhost:4000","message":{"message":"响应时间为：62338"},"userAgent":"axios/0.18.0"}
[2018-07-04T15:14:30.497] [INFO] cheese - {"method":"GET","url":"/classify/list","host":"localhost:4000","message":{"message":"响应时间为：62808"},"referer":"http://localhost:4002/","userAgent":"Mozilla/5.0 (Windows NT 10.0; WOW64) AppleWebKit/537.36 (KHTML, like Gecko) Chrome/65.0.3325.181 Safari/537.36"}
[2018-07-04T15:14:30.501] [INFO] cheese - {"method":"GET","url":"/tag/list","host":"localhost:4000","message":{"message":"响应时间为：62812"},"referer":"http://localhost:4002/","userAgent":"Mozilla/5.0 (Windows NT 10.0; WOW64) AppleWebKit/537.36 (KHTML, like Gecko) Chrome/65.0.3325.181 Safari/537.36"}
[2018-07-04T15:29:25.963] [INFO] cheese - {"method":"GET","url":"/blog/list","host":"localhost:4000","message":{"message":"响应时间为：200735"},"referer":"http://localhost:4002/","userAgent":"Mozilla/5.0 (Windows NT 10.0; WOW64) AppleWebKit/537.36 (KHTML, like Gecko) Chrome/65.0.3325.181 Safari/537.36"}
[2018-07-04T15:29:51.256] [INFO] cheese - {"method":"GET","url":"/blog/list","host":"localhost:4000","message":{"message":"响应时间为：226029"},"userAgent":"axios/0.18.0"}
[2018-07-04T15:30:42.402] [INFO] cheese - {"method":"GET","url":"/blog/list","host":"localhost:4000","message":{"message":"响应时间为：277175"},"userAgent":"axios/0.18.0"}
[2018-07-04T15:31:00.138] [INFO] cheese - {"method":"GET","url":"/blog/list","host":"localhost:4000","message":{"message":"响应时间为：294911"},"userAgent":"axios/0.18.0"}
[2018-07-04T15:31:00.384] [INFO] cheese - {"method":"GET","url":"/classify/list","host":"localhost:4000","message":{"message":"响应时间为：295157"},"userAgent":"axios/0.18.0"}
[2018-07-04T15:31:00.393] [INFO] cheese - {"method":"GET","url":"/tag/list","host":"localhost:4000","message":{"message":"响应时间为：295166"},"userAgent":"axios/0.18.0"}
[2018-07-04T15:31:01.006] [INFO] cheese - {"method":"GET","url":"/classify/list","host":"localhost:4000","message":{"message":"响应时间为：295779"},"referer":"http://localhost:4002/","userAgent":"Mozilla/5.0 (Windows NT 10.0; WOW64) AppleWebKit/537.36 (KHTML, like Gecko) Chrome/65.0.3325.181 Safari/537.36"}
[2018-07-04T15:31:01.014] [INFO] cheese - {"method":"GET","url":"/tag/list","host":"localhost:4000","message":{"message":"响应时间为：295787"},"referer":"http://localhost:4002/","userAgent":"Mozilla/5.0 (Windows NT 10.0; WOW64) AppleWebKit/537.36 (KHTML, like Gecko) Chrome/65.0.3325.181 Safari/537.36"}
[2018-07-04T15:31:13.702] [INFO] cheese - {"method":"GET","url":"/blog/list","host":"localhost:4000","message":{"message":"响应时间为：308474"},"referer":"http://localhost:4002/","userAgent":"Mozilla/5.0 (Windows NT 10.0; WOW64) AppleWebKit/537.36 (KHTML, like Gecko) Chrome/65.0.3325.181 Safari/537.36"}
[2018-07-04T15:31:15.554] [INFO] cheese - {"method":"GET","url":"/blog/list","host":"localhost:4000","message":{"message":"响应时间为：310327"},"userAgent":"axios/0.18.0"}
[2018-07-04T15:31:15.597] [INFO] cheese - {"method":"GET","url":"/classify/list","host":"localhost:4000","message":{"message":"响应时间为：310370"},"userAgent":"axios/0.18.0"}
[2018-07-04T15:31:15.604] [INFO] cheese - {"method":"GET","url":"/tag/list","host":"localhost:4000","message":{"message":"响应时间为：310377"},"userAgent":"axios/0.18.0"}
[2018-07-04T15:31:16.118] [INFO] cheese - {"method":"GET","url":"/classify/list","host":"localhost:4000","message":{"message":"响应时间为：310890"},"referer":"http://localhost:4002/","userAgent":"Mozilla/5.0 (Windows NT 10.0; WOW64) AppleWebKit/537.36 (KHTML, like Gecko) Chrome/65.0.3325.181 Safari/537.36"}
[2018-07-04T15:31:16.122] [INFO] cheese - {"method":"GET","url":"/tag/list","host":"localhost:4000","message":{"message":"响应时间为：310895"},"referer":"http://localhost:4002/","userAgent":"Mozilla/5.0 (Windows NT 10.0; WOW64) AppleWebKit/537.36 (KHTML, like Gecko) Chrome/65.0.3325.181 Safari/537.36"}
[2018-07-04T15:34:10.526] [INFO] cheese - {"method":"GET","url":"/blog/list","host":"localhost:4000","message":{"message":"响应时间为：311"},"userAgent":"axios/0.18.0"}
[2018-07-04T15:34:10.568] [INFO] cheese - {"method":"GET","url":"/classify/list","host":"localhost:4000","message":{"message":"响应时间为：354"},"userAgent":"axios/0.18.0"}
[2018-07-04T15:34:10.573] [INFO] cheese - {"method":"GET","url":"/tag/list","host":"localhost:4000","message":{"message":"响应时间为：359"},"userAgent":"axios/0.18.0"}
[2018-07-04T15:34:11.072] [INFO] cheese - {"method":"GET","url":"/tag/list","host":"localhost:4000","message":{"message":"响应时间为：858"},"referer":"http://localhost:4002/","userAgent":"Mozilla/5.0 (Windows NT 10.0; WOW64) AppleWebKit/537.36 (KHTML, like Gecko) Chrome/65.0.3325.181 Safari/537.36"}
[2018-07-04T15:34:11.078] [INFO] cheese - {"method":"GET","url":"/classify/list","host":"localhost:4000","message":{"message":"响应时间为：864"},"referer":"http://localhost:4002/","userAgent":"Mozilla/5.0 (Windows NT 10.0; WOW64) AppleWebKit/537.36 (KHTML, like Gecko) Chrome/65.0.3325.181 Safari/537.36"}
[2018-07-04T15:40:43.028] [INFO] cheese - {"method":"GET","url":"/blog/list","host":"localhost:4000","message":{"message":"响应时间为：3335"},"userAgent":"axios/0.18.0"}
[2018-07-04T15:40:43.258] [INFO] cheese - {"method":"GET","url":"/classify/list","host":"localhost:4000","message":{"message":"响应时间为：3566"},"userAgent":"axios/0.18.0"}
[2018-07-04T15:40:43.264] [INFO] cheese - {"method":"GET","url":"/tag/list","host":"localhost:4000","message":{"message":"响应时间为：3572"},"userAgent":"axios/0.18.0"}
[2018-07-04T15:40:43.813] [INFO] cheese - {"method":"GET","url":"/classify/list","host":"localhost:4000","message":{"message":"响应时间为：4121"},"referer":"http://localhost:4002/","userAgent":"Mozilla/5.0 (Windows NT 10.0; WOW64) AppleWebKit/537.36 (KHTML, like Gecko) Chrome/65.0.3325.181 Safari/537.36"}
[2018-07-04T15:40:43.816] [INFO] cheese - {"method":"GET","url":"/tag/list","host":"localhost:4000","message":{"message":"响应时间为：4124"},"referer":"http://localhost:4002/","userAgent":"Mozilla/5.0 (Windows NT 10.0; WOW64) AppleWebKit/537.36 (KHTML, like Gecko) Chrome/65.0.3325.181 Safari/537.36"}
[2018-07-04T15:40:59.292] [INFO] cheese - {"method":"GET","url":"/blog/list","host":"localhost:4000","message":{"message":"响应时间为：19600"},"referer":"http://localhost:4002/","userAgent":"Mozilla/5.0 (Windows NT 10.0; WOW64) AppleWebKit/537.36 (KHTML, like Gecko) Chrome/65.0.3325.181 Safari/537.36"}
[2018-07-04T15:41:03.570] [INFO] cheese - {"method":"GET","url":"/blog/list","host":"localhost:4000","message":{"message":"响应时间为：23877"},"userAgent":"axios/0.18.0"}
[2018-07-04T15:41:03.702] [INFO] cheese - {"method":"GET","url":"/classify/list","host":"localhost:4000","message":{"message":"响应时间为：24010"},"userAgent":"axios/0.18.0"}
[2018-07-04T15:41:03.705] [INFO] cheese - {"method":"GET","url":"/tag/list","host":"localhost:4000","message":{"message":"响应时间为：24013"},"userAgent":"axios/0.18.0"}
[2018-07-04T15:41:04.270] [INFO] cheese - {"method":"GET","url":"/classify/list","host":"localhost:4000","message":{"message":"响应时间为：24578"},"referer":"http://localhost:4002/","userAgent":"Mozilla/5.0 (Windows NT 10.0; WOW64) AppleWebKit/537.36 (KHTML, like Gecko) Chrome/65.0.3325.181 Safari/537.36"}
[2018-07-04T15:41:04.279] [INFO] cheese - {"method":"GET","url":"/tag/list","host":"localhost:4000","message":{"message":"响应时间为：24587"},"referer":"http://localhost:4002/","userAgent":"Mozilla/5.0 (Windows NT 10.0; WOW64) AppleWebKit/537.36 (KHTML, like Gecko) Chrome/65.0.3325.181 Safari/537.36"}
[2018-07-04T15:41:07.794] [INFO] cheese - {"method":"GET","url":"/blog/list","host":"localhost:4000","message":{"message":"响应时间为：28102"},"referer":"http://localhost:4002/","userAgent":"Mozilla/5.0 (Windows NT 10.0; WOW64) AppleWebKit/537.36 (KHTML, like Gecko) Chrome/65.0.3325.181 Safari/537.36"}
[2018-07-04T15:41:09.805] [INFO] cheese - {"method":"GET","url":"/blog/list","host":"localhost:4000","message":{"message":"响应时间为：30113"},"userAgent":"axios/0.18.0"}
[2018-07-04T15:41:09.917] [INFO] cheese - {"method":"GET","url":"/classify/list","host":"localhost:4000","message":{"message":"响应时间为：30225"},"userAgent":"axios/0.18.0"}
[2018-07-04T15:41:09.921] [INFO] cheese - {"method":"GET","url":"/tag/list","host":"localhost:4000","message":{"message":"响应时间为：30229"},"userAgent":"axios/0.18.0"}
[2018-07-04T15:41:10.459] [INFO] cheese - {"method":"GET","url":"/classify/list","host":"localhost:4000","message":{"message":"响应时间为：30767"},"referer":"http://localhost:4002/","userAgent":"Mozilla/5.0 (Windows NT 10.0; WOW64) AppleWebKit/537.36 (KHTML, like Gecko) Chrome/65.0.3325.181 Safari/537.36"}
[2018-07-04T15:41:10.466] [INFO] cheese - {"method":"GET","url":"/tag/list","host":"localhost:4000","message":{"message":"响应时间为：30774"},"referer":"http://localhost:4002/","userAgent":"Mozilla/5.0 (Windows NT 10.0; WOW64) AppleWebKit/537.36 (KHTML, like Gecko) Chrome/65.0.3325.181 Safari/537.36"}
[2018-07-04T15:46:19.783] [INFO] cheese - {"method":"GET","url":"/blog/list","host":"localhost:4000","message":{"message":"响应时间为：340091"},"referer":"http://localhost:4002/","userAgent":"Mozilla/5.0 (Windows NT 10.0; WOW64) AppleWebKit/537.36 (KHTML, like Gecko) Chrome/65.0.3325.181 Safari/537.36"}
[2018-07-04T15:46:43.277] [INFO] cheese - {"method":"GET","url":"/blog/list","host":"localhost:4000","message":{"message":"响应时间为：363585"},"userAgent":"axios/0.18.0"}
