[2018-07-16T00:00:07.864] [INFO] cheese - {"method":"GET","url":"/client/series/list","host":"localhost:4000","message":{"message":"响应时间为：139090"},"userAgent":"axios/0.18.0"}
[2018-07-16T00:00:07.874] [INFO] cheese - {"method":"GET","url":"/client/blog/list?pageindex=1","host":"localhost:4000","message":{"message":"响应时间为：139100"},"userAgent":"axios/0.18.0"}
[2018-07-16T00:00:07.929] [INFO] cheese - {"method":"GET","url":"/classify/list","host":"localhost:4000","message":{"message":"响应时间为：139155"},"userAgent":"axios/0.18.0"}
[2018-07-16T00:00:07.934] [INFO] cheese - {"method":"GET","url":"/tag/list","host":"localhost:4000","message":{"message":"响应时间为：139160"},"userAgent":"axios/0.18.0"}
[2018-07-16T00:00:08.735] [INFO] cheese - {"method":"GET","url":"/classify/list","host":"localhost:4000","message":{"message":"响应时间为：139961"},"referer":"http://localhost:4002/","userAgent":"Mozilla/5.0 (X11; Linux x86_64) AppleWebKit/537.36 (KHTML, like Gecko) Chrome/67.0.3396.87 Safari/537.36"}
[2018-07-16T00:00:08.743] [INFO] cheese - {"method":"GET","url":"/tag/list","host":"localhost:4000","message":{"message":"响应时间为：139969"},"referer":"http://localhost:4002/","userAgent":"Mozilla/5.0 (X11; Linux x86_64) AppleWebKit/537.36 (KHTML, like Gecko) Chrome/67.0.3396.87 Safari/537.36"}
[2018-07-16T00:00:10.057] [INFO] cheese - {"method":"GET","url":"/tool/list","host":"localhost:4000","message":{"message":"响应时间为：141283"},"referer":"http://localhost:4002/","userAgent":"Mozilla/5.0 (X11; Linux x86_64) AppleWebKit/537.36 (KHTML, like Gecko) Chrome/67.0.3396.87 Safari/537.36"}
[2018-07-16T00:01:54.309] [INFO] cheese - {"method":"GET","url":"/tool/list","host":"localhost:4000","message":{"message":"响应时间为：245535"},"userAgent":"axios/0.18.0"}
[2018-07-16T00:03:02.952] [INFO] cheese - {"method":"GET","url":"/tool/list","host":"localhost:4000","message":{"message":"响应时间为：314178"},"referer":"http://localhost:4002/tool","userAgent":"Mozilla/5.0 (X11; Linux x86_64) AppleWebKit/537.36 (KHTML, like Gecko) Chrome/67.0.3396.87 Safari/537.36"}
[2018-07-16T00:03:03.512] [INFO] cheese - {"method":"GET","url":"/tool/list","host":"localhost:4000","message":{"message":"响应时间为：314738"},"userAgent":"axios/0.18.0"}
[2018-07-16T00:03:21.178] [INFO] cheese - {"method":"GET","url":"/tool/list","host":"localhost:4000","message":{"message":"响应时间为：332404"},"referer":"http://localhost:4002/tool","userAgent":"Mozilla/5.0 (X11; Linux x86_64) AppleWebKit/537.36 (KHTML, like Gecko) Chrome/67.0.3396.87 Safari/537.36"}
[2018-07-16T00:03:21.444] [INFO] cheese - {"method":"GET","url":"/tool/list","host":"localhost:4000","message":{"message":"响应时间为：332670"},"userAgent":"axios/0.18.0"}
[2018-07-16T00:03:40.612] [INFO] cheese - {"method":"GET","url":"/tool/list","host":"localhost:4000","message":{"message":"响应时间为：351838"},"referer":"http://localhost:4002/tool","userAgent":"Mozilla/5.0 (X11; Linux x86_64) AppleWebKit/537.36 (KHTML, like Gecko) Chrome/67.0.3396.87 Safari/537.36"}
[2018-07-16T00:04:17.223] [INFO] cheese - {"method":"GET","url":"/tool/list","host":"localhost:4000","message":{"message":"响应时间为：388449"},"referer":"http://localhost:4002/tool","userAgent":"Mozilla/5.0 (X11; Linux x86_64) AppleWebKit/537.36 (KHTML, like Gecko) Chrome/67.0.3396.87 Safari/537.36"}
[2018-07-16T00:04:19.013] [INFO] cheese - {"method":"GET","url":"/tool/list","host":"localhost:4000","message":{"message":"响应时间为：390239"},"userAgent":"axios/0.18.0"}
[2018-07-16T00:05:00.141] [INFO] cheese - {"method":"GET","url":"/tool/list","host":"localhost:4000","message":{"message":"响应时间为：431367"},"userAgent":"axios/0.18.0"}
[2018-07-16T00:05:33.463] [INFO] cheese - {"method":"GET","url":"/tool/list","host":"localhost:4000","message":{"message":"响应时间为：464689"},"referer":"http://localhost:4002/about","userAgent":"Mozilla/5.0 (X11; Linux x86_64) AppleWebKit/537.36 (KHTML, like Gecko) Chrome/67.0.3396.87 Safari/537.36"}
[2018-07-16T00:05:46.137] [INFO] cheese - {"method":"GET","url":"/tool/list","host":"localhost:4000","message":{"message":"响应时间为：477363"},"referer":"http://localhost:4002/tool","userAgent":"Mozilla/5.0 (X11; Linux x86_64) AppleWebKit/537.36 (KHTML, like Gecko) Chrome/67.0.3396.87 Safari/537.36"}
[2018-07-16T00:05:53.814] [INFO] cheese - {"method":"GET","url":"/tool/list","host":"localhost:4000","message":{"message":"响应时间为：485040"},"referer":"http://localhost:4002/tool","userAgent":"Mozilla/5.0 (X11; Linux x86_64) AppleWebKit/537.36 (KHTML, like Gecko) Chrome/67.0.3396.87 Safari/537.36"}
[2018-07-16T00:05:55.275] [INFO] cheese - {"method":"GET","url":"/tool/list","host":"localhost:4000","message":{"message":"响应时间为：486501"},"userAgent":"axios/0.18.0"}
[2018-07-16T00:08:52.035] [INFO] cheese - {"method":"GET","url":"/tool/list","host":"localhost:4000","message":{"message":"响应时间为：663261"},"referer":"http://localhost:4002/tool","userAgent":"Mozilla/5.0 (X11; Linux x86_64) AppleWebKit/537.36 (KHTML, like Gecko) Chrome/67.0.3396.87 Safari/537.36"}
[2018-07-16T00:11:50.596] [INFO] cheese - {"method":"GET","url":"/tool/list","host":"localhost:4000","message":{"message":"响应时间为：841821"},"userAgent":"axios/0.18.0"}
[2018-07-16T00:13:47.691] [INFO] cheese - {"method":"GET","url":"/tool/list","host":"localhost:4000","message":{"message":"响应时间为：947"},"userAgent":"axios/0.18.0"}
[2018-07-16T00:13:58.660] [INFO] cheese - {"method":"GET","url":"/tool/list","host":"localhost:4000","message":{"message":"响应时间为：11916"},"userAgent":"axios/0.18.0"}
[2018-07-16T00:14:00.491] [INFO] cheese - {"method":"GET","url":"/tool/detail?id=5b4b6603329f0943448ad8cf","host":"localhost:4000","message":{"message":"响应时间为：13747"},"referer":"http://localhost:4002/tool","userAgent":"Mozilla/5.0 (X11; Linux x86_64) AppleWebKit/537.36 (KHTML, like Gecko) Chrome/67.0.3396.87 Safari/537.36"}
[2018-07-16T00:14:00.617] [INFO] cheese - {"method":"GET","url":"/classify/list","host":"localhost:4000","message":{"message":"响应时间为：13873"},"referer":"http://localhost:4002/tool/5b4b6603329f0943448ad8cf","userAgent":"Mozilla/5.0 (X11; Linux x86_64) AppleWebKit/537.36 (KHTML, like Gecko) Chrome/67.0.3396.87 Safari/537.36"}
[2018-07-16T00:14:00.624] [INFO] cheese - {"method":"GET","url":"/tag/list","host":"localhost:4000","message":{"message":"响应时间为：13880"},"referer":"http://localhost:4002/tool/5b4b6603329f0943448ad8cf","userAgent":"Mozilla/5.0 (X11; Linux x86_64) AppleWebKit/537.36 (KHTML, like Gecko) Chrome/67.0.3396.87 Safari/537.36"}
[2018-07-16T00:14:41.867] [INFO] cheese - {"method":"GET","url":"/tool/detail?id=5b4b6603329f0943448ad8cf","host":"localhost:4000","message":{"message":"响应时间为：55123"},"userAgent":"axios/0.18.0"}
[2018-07-16T00:14:48.542] [INFO] cheese - {"method":"GET","url":"/tool/list","host":"localhost:4000","message":{"message":"响应时间为：61798"},"referer":"http://localhost:4002/tool/5b4b6603329f0943448ad8cf","userAgent":"Mozilla/5.0 (X11; Linux x86_64) AppleWebKit/537.36 (KHTML, like Gecko) Chrome/67.0.3396.87 Safari/537.36"}
[2018-07-16T00:14:50.074] [INFO] cheese - {"method":"GET","url":"/tool/detail?id=5b4b6603329f0943448ad8cf","host":"localhost:4000","message":{"message":"响应时间为：63330"},"referer":"http://localhost:4002/tool","userAgent":"Mozilla/5.0 (X11; Linux x86_64) AppleWebKit/537.36 (KHTML, like Gecko) Chrome/67.0.3396.87 Safari/537.36"}
[2018-07-16T00:16:56.822] [INFO] cheese - {"method":"GET","url":"/tool/list","host":"localhost:4000","message":{"message":"响应时间为：190077"},"referer":"http://localhost:4002/tool/5b4b6603329f0943448ad8cf","userAgent":"Mozilla/5.0 (X11; Linux x86_64) AppleWebKit/537.36 (KHTML, like Gecko) Chrome/67.0.3396.87 Safari/537.36"}
[2018-07-16T00:16:59.160] [INFO] cheese - {"method":"GET","url":"/tool/detail?id=5b4b6603329f0943448ad8cf","host":"localhost:4000","message":{"message":"响应时间为：192416"},"referer":"http://localhost:4002/tool","userAgent":"Mozilla/5.0 (X11; Linux x86_64) AppleWebKit/537.36 (KHTML, like Gecko) Chrome/67.0.3396.87 Safari/537.36"}
[2018-07-16T00:17:02.463] [INFO] cheese - {"method":"GET","url":"/tool/list","host":"localhost:4000","message":{"message":"响应时间为：195719"},"referer":"http://localhost:4002/tool/5b4b6603329f0943448ad8cf","userAgent":"Mozilla/5.0 (X11; Linux x86_64) AppleWebKit/537.36 (KHTML, like Gecko) Chrome/67.0.3396.87 Safari/537.36"}
[2018-07-16T00:17:23.504] [INFO] cheese - {"method":"GET","url":"/tool/detail?id=5b4b6603329f0943448ad8cf","host":"localhost:4000","message":{"message":"响应时间为：216760"},"referer":"http://localhost:4002/tool","userAgent":"Mozilla/5.0 (X11; Linux x86_64) AppleWebKit/537.36 (KHTML, like Gecko) Chrome/67.0.3396.87 Safari/537.36"}
[2018-07-16T00:17:26.286] [INFO] cheese - {"method":"GET","url":"/tool/list","host":"localhost:4000","message":{"message":"响应时间为：219542"},"referer":"http://localhost:4002/about","userAgent":"Mozilla/5.0 (X11; Linux x86_64) AppleWebKit/537.36 (KHTML, like Gecko) Chrome/67.0.3396.87 Safari/537.36"}
[2018-07-16T00:17:29.367] [INFO] cheese - {"method":"GET","url":"/client/series/list","host":"localhost:4000","message":{"message":"响应时间为：222623"},"referer":"http://localhost:4002/project","userAgent":"Mozilla/5.0 (X11; Linux x86_64) AppleWebKit/537.36 (KHTML, like Gecko) Chrome/67.0.3396.87 Safari/537.36"}
[2018-07-16T00:17:29.558] [INFO] cheese - {"method":"GET","url":"/client/blog/list?pageindex=1","host":"localhost:4000","message":{"message":"响应时间为：222814"},"referer":"http://localhost:4002/project","userAgent":"Mozilla/5.0 (X11; Linux x86_64) AppleWebKit/537.36 (KHTML, like Gecko) Chrome/67.0.3396.87 Safari/537.36"}
[2018-07-16T00:17:29.785] [INFO] cheese - {"method":"GET","url":"/classify/list","host":"localhost:4000","message":{"message":"响应时间为：223040"},"referer":"http://localhost:4002/","userAgent":"Mozilla/5.0 (X11; Linux x86_64) AppleWebKit/537.36 (KHTML, like Gecko) Chrome/67.0.3396.87 Safari/537.36"}
[2018-07-16T00:17:29.795] [INFO] cheese - {"method":"GET","url":"/tag/list","host":"localhost:4000","message":{"message":"响应时间为：223051"},"referer":"http://localhost:4002/","userAgent":"Mozilla/5.0 (X11; Linux x86_64) AppleWebKit/537.36 (KHTML, like Gecko) Chrome/67.0.3396.87 Safari/537.36"}
[2018-07-16T00:17:32.817] [INFO] cheese - {"method":"GET","url":"/tool/list","host":"localhost:4000","message":{"message":"响应时间为：226073"},"referer":"http://localhost:4002/","userAgent":"Mozilla/5.0 (X11; Linux x86_64) AppleWebKit/537.36 (KHTML, like Gecko) Chrome/67.0.3396.87 Safari/537.36"}
[2018-07-16T00:17:34.620] [INFO] cheese - {"method":"GET","url":"/tool/detail?id=5b4b6603329f0943448ad8cf","host":"localhost:4000","message":{"message":"响应时间为：227875"},"referer":"http://localhost:4002/tool","userAgent":"Mozilla/5.0 (X11; Linux x86_64) AppleWebKit/537.36 (KHTML, like Gecko) Chrome/67.0.3396.87 Safari/537.36"}
[2018-07-16T00:17:36.334] [INFO] cheese - {"method":"GET","url":"/client/blog/list?pageindex=1","host":"localhost:4000","message":{"message":"响应时间为：229590"},"referer":"http://localhost:4002/tool/5b4b6603329f0943448ad8cf","userAgent":"Mozilla/5.0 (X11; Linux x86_64) AppleWebKit/537.36 (KHTML, like Gecko) Chrome/67.0.3396.87 Safari/537.36"}
[2018-07-16T00:17:36.336] [INFO] cheese - {"method":"GET","url":"/client/series/list","host":"localhost:4000","message":{"message":"响应时间为：229592"},"referer":"http://localhost:4002/tool/5b4b6603329f0943448ad8cf","userAgent":"Mozilla/5.0 (X11; Linux x86_64) AppleWebKit/537.36 (KHTML, like Gecko) Chrome/67.0.3396.87 Safari/537.36"}
[2018-07-16T00:17:36.461] [INFO] cheese - {"method":"GET","url":"/classify/list","host":"localhost:4000","message":{"message":"响应时间为：229717"},"referer":"http://localhost:4002/","userAgent":"Mozilla/5.0 (X11; Linux x86_64) AppleWebKit/537.36 (KHTML, like Gecko) Chrome/67.0.3396.87 Safari/537.36"}
[2018-07-16T00:17:36.476] [INFO] cheese - {"method":"GET","url":"/tag/list","host":"localhost:4000","message":{"message":"响应时间为：229732"},"referer":"http://localhost:4002/","userAgent":"Mozilla/5.0 (X11; Linux x86_64) AppleWebKit/537.36 (KHTML, like Gecko) Chrome/67.0.3396.87 Safari/537.36"}
[2018-07-16T00:17:39.520] [INFO] cheese - {"method":"GET","url":"/tool/list","host":"localhost:4000","message":{"message":"响应时间为：232776"},"referer":"http://localhost:4002/","userAgent":"Mozilla/5.0 (X11; Linux x86_64) AppleWebKit/537.36 (KHTML, like Gecko) Chrome/67.0.3396.87 Safari/537.36"}
[2018-07-16T00:17:50.745] [INFO] cheese - {"method":"GET","url":"/tool/list","host":"localhost:4000","message":{"message":"响应时间为：244000"},"referer":"http://localhost:4002/tool","userAgent":"Mozilla/5.0 (X11; Linux x86_64) AppleWebKit/537.36 (KHTML, like Gecko) Chrome/67.0.3396.87 Safari/537.36"}
[2018-07-16T00:18:43.025] [INFO] cheese - {"method":"GET","url":"/tool/list","host":"localhost:4000","message":{"message":"响应时间为：296281"},"referer":"http://localhost:4002/tool","userAgent":"Mozilla/5.0 (X11; Linux x86_64) AppleWebKit/537.36 (KHTML, like Gecko) Chrome/67.0.3396.87 Safari/537.36"}
[2018-07-16T00:19:53.073] [INFO] cheese - {"method":"GET","url":"/tool/detail?id=5b4b6603329f0943448ad8cf","host":"localhost:4000","message":{"message":"响应时间为：366329"},"referer":"http://localhost:4002/tool","userAgent":"Mozilla/5.0 (X11; Linux x86_64) AppleWebKit/537.36 (KHTML, like Gecko) Chrome/67.0.3396.87 Safari/537.36"}
[2018-07-16T00:19:55.343] [INFO] cheese - {"method":"GET","url":"/tool/list","host":"localhost:4000","message":{"message":"响应时间为：368599"},"referer":"http://localhost:4002/tool/5b4b6603329f0943448ad8cf","userAgent":"Mozilla/5.0 (X11; Linux x86_64) AppleWebKit/537.36 (KHTML, like Gecko) Chrome/67.0.3396.87 Safari/537.36"}
[2018-07-16T00:20:01.706] [INFO] cheese - {"method":"GET","url":"/tool/list","host":"localhost:4000","message":{"message":"响应时间为：374962"},"referer":"http://localhost:4002/about","userAgent":"Mozilla/5.0 (X11; Linux x86_64) AppleWebKit/537.36 (KHTML, like Gecko) Chrome/67.0.3396.87 Safari/537.36"}
[2018-07-16T00:20:02.823] [INFO] cheese - {"method":"GET","url":"/client/blog/list?pageindex=1","host":"localhost:4000","message":{"message":"响应时间为：376078"},"referer":"http://localhost:4002/tool","userAgent":"Mozilla/5.0 (X11; Linux x86_64) AppleWebKit/537.36 (KHTML, like Gecko) Chrome/67.0.3396.87 Safari/537.36"}
[2018-07-16T00:20:02.825] [INFO] cheese - {"method":"GET","url":"/client/series/list","host":"localhost:4000","message":{"message":"响应时间为：376081"},"referer":"http://localhost:4002/tool","userAgent":"Mozilla/5.0 (X11; Linux x86_64) AppleWebKit/537.36 (KHTML, like Gecko) Chrome/67.0.3396.87 Safari/537.36"}
[2018-07-16T00:20:02.972] [INFO] cheese - {"method":"GET","url":"/classify/list","host":"localhost:4000","message":{"message":"响应时间为：376228"},"referer":"http://localhost:4002/","userAgent":"Mozilla/5.0 (X11; Linux x86_64) AppleWebKit/537.36 (KHTML, like Gecko) Chrome/67.0.3396.87 Safari/537.36"}
[2018-07-16T00:20:02.978] [INFO] cheese - {"method":"GET","url":"/tag/list","host":"localhost:4000","message":{"message":"响应时间为：376234"},"referer":"http://localhost:4002/","userAgent":"Mozilla/5.0 (X11; Linux x86_64) AppleWebKit/537.36 (KHTML, like Gecko) Chrome/67.0.3396.87 Safari/537.36"}
[2018-07-16T00:20:11.323] [INFO] cheese - {"method":"GET","url":"/client/series/list","host":"localhost:4000","message":{"message":"响应时间为：384579"},"userAgent":"axios/0.18.0"}
[2018-07-16T00:20:11.325] [INFO] cheese - {"method":"GET","url":"/client/blog/list?pageindex=1","host":"localhost:4000","message":{"message":"响应时间为：384581"},"userAgent":"axios/0.18.0"}
[2018-07-16T00:20:11.363] [INFO] cheese - {"method":"GET","url":"/classify/list","host":"localhost:4000","message":{"message":"响应时间为：384619"},"userAgent":"axios/0.18.0"}
[2018-07-16T00:20:11.366] [INFO] cheese - {"method":"GET","url":"/tag/list","host":"localhost:4000","message":{"message":"响应时间为：384622"},"userAgent":"axios/0.18.0"}
[2018-07-16T00:20:26.579] [INFO] cheese - {"method":"GET","url":"/classify/list","host":"localhost:4000","message":{"message":"响应时间为：399835"},"referer":"http://localhost:4002/","userAgent":"Mozilla/5.0 (X11; Linux x86_64) AppleWebKit/537.36 (KHTML, like Gecko) Chrome/67.0.3396.87 Safari/537.36"}
[2018-07-16T00:20:26.592] [INFO] cheese - {"method":"GET","url":"/tag/list","host":"localhost:4000","message":{"message":"响应时间为：399847"},"referer":"http://localhost:4002/","userAgent":"Mozilla/5.0 (X11; Linux x86_64) AppleWebKit/537.36 (KHTML, like Gecko) Chrome/67.0.3396.87 Safari/537.36"}
[2018-07-16T00:20:34.672] [INFO] cheese - {"method":"GET","url":"/tool/list","host":"localhost:4000","message":{"message":"响应时间为：407928"},"referer":"http://localhost:4002/about","userAgent":"Mozilla/5.0 (X11; Linux x86_64) AppleWebKit/537.36 (KHTML, like Gecko) Chrome/67.0.3396.87 Safari/537.36"}
[2018-07-16T00:20:36.800] [INFO] cheese - {"method":"GET","url":"/client/blog/list?pageindex=1","host":"localhost:4000","message":{"message":"响应时间为：410056"},"referer":"http://localhost:4002/project","userAgent":"Mozilla/5.0 (X11; Linux x86_64) AppleWebKit/537.36 (KHTML, like Gecko) Chrome/67.0.3396.87 Safari/537.36"}
[2018-07-16T00:20:36.811] [INFO] cheese - {"method":"GET","url":"/client/series/list","host":"localhost:4000","message":{"message":"响应时间为：410067"},"referer":"http://localhost:4002/project","userAgent":"Mozilla/5.0 (X11; Linux x86_64) AppleWebKit/537.36 (KHTML, like Gecko) Chrome/67.0.3396.87 Safari/537.36"}
[2018-07-16T00:20:36.954] [INFO] cheese - {"method":"GET","url":"/classify/list","host":"localhost:4000","message":{"message":"响应时间为：410210"},"referer":"http://localhost:4002/","userAgent":"Mozilla/5.0 (X11; Linux x86_64) AppleWebKit/537.36 (KHTML, like Gecko) Chrome/67.0.3396.87 Safari/537.36"}
[2018-07-16T00:20:36.962] [INFO] cheese - {"method":"GET","url":"/tag/list","host":"localhost:4000","message":{"message":"响应时间为：410218"},"referer":"http://localhost:4002/","userAgent":"Mozilla/5.0 (X11; Linux x86_64) AppleWebKit/537.36 (KHTML, like Gecko) Chrome/67.0.3396.87 Safari/537.36"}
[2018-07-16T00:20:59.128] [INFO] cheese - {"method":"GET","url":"/client/blog/list?pageindex=1","host":"localhost:4000","message":{"message":"响应时间为：432384"},"referer":"http://localhost:4002/project","userAgent":"Mozilla/5.0 (X11; Linux x86_64) AppleWebKit/537.36 (KHTML, like Gecko) Chrome/67.0.3396.87 Safari/537.36"}
[2018-07-16T00:20:59.139] [INFO] cheese - {"method":"GET","url":"/client/series/list","host":"localhost:4000","message":{"message":"响应时间为：432395"},"referer":"http://localhost:4002/project","userAgent":"Mozilla/5.0 (X11; Linux x86_64) AppleWebKit/537.36 (KHTML, like Gecko) Chrome/67.0.3396.87 Safari/537.36"}
[2018-07-16T00:20:59.257] [INFO] cheese - {"method":"GET","url":"/classify/list","host":"localhost:4000","message":{"message":"响应时间为：432513"},"referer":"http://localhost:4002/","userAgent":"Mozilla/5.0 (X11; Linux x86_64) AppleWebKit/537.36 (KHTML, like Gecko) Chrome/67.0.3396.87 Safari/537.36"}
[2018-07-16T00:20:59.280] [INFO] cheese - {"method":"GET","url":"/tag/list","host":"localhost:4000","message":{"message":"响应时间为：432536"},"referer":"http://localhost:4002/","userAgent":"Mozilla/5.0 (X11; Linux x86_64) AppleWebKit/537.36 (KHTML, like Gecko) Chrome/67.0.3396.87 Safari/537.36"}
[2018-07-16T00:21:01.421] [INFO] cheese - {"method":"GET","url":"/client/blog/list?pageindex=1","host":"localhost:4000","message":{"message":"响应时间为：434677"},"referer":"http://localhost:4002/project","userAgent":"Mozilla/5.0 (X11; Linux x86_64) AppleWebKit/537.36 (KHTML, like Gecko) Chrome/67.0.3396.87 Safari/537.36"}
[2018-07-16T00:21:01.422] [INFO] cheese - {"method":"GET","url":"/client/series/list","host":"localhost:4000","message":{"message":"响应时间为：434678"},"referer":"http://localhost:4002/project","userAgent":"Mozilla/5.0 (X11; Linux x86_64) AppleWebKit/537.36 (KHTML, like Gecko) Chrome/67.0.3396.87 Safari/537.36"}
[2018-07-16T00:21:01.556] [INFO] cheese - {"method":"GET","url":"/classify/list","host":"localhost:4000","message":{"message":"响应时间为：434812"},"referer":"http://localhost:4002/","userAgent":"Mozilla/5.0 (X11; Linux x86_64) AppleWebKit/537.36 (KHTML, like Gecko) Chrome/67.0.3396.87 Safari/537.36"}
[2018-07-16T00:21:01.579] [INFO] cheese - {"method":"GET","url":"/tag/list","host":"localhost:4000","message":{"message":"响应时间为：434835"},"referer":"http://localhost:4002/","userAgent":"Mozilla/5.0 (X11; Linux x86_64) AppleWebKit/537.36 (KHTML, like Gecko) Chrome/67.0.3396.87 Safari/537.36"}
[2018-07-16T00:21:02.937] [INFO] cheese - {"method":"GET","url":"/client/blog/list?pageindex=1","host":"localhost:4000","message":{"message":"响应时间为：436193"},"userAgent":"axios/0.18.0"}
[2018-07-16T00:21:02.939] [INFO] cheese - {"method":"GET","url":"/client/series/list","host":"localhost:4000","message":{"message":"响应时间为：436195"},"userAgent":"axios/0.18.0"}
[2018-07-16T00:21:02.993] [INFO] cheese - {"method":"GET","url":"/classify/list","host":"localhost:4000","message":{"message":"响应时间为：436249"},"userAgent":"axios/0.18.0"}
[2018-07-16T00:21:03.032] [INFO] cheese - {"method":"GET","url":"/tag/list","host":"localhost:4000","message":{"message":"响应时间为：436288"},"userAgent":"axios/0.18.0"}
[2018-07-16T00:21:03.876] [INFO] cheese - {"method":"GET","url":"/classify/list","host":"localhost:4000","message":{"message":"响应时间为：437132"},"referer":"http://localhost:4002/","userAgent":"Mozilla/5.0 (X11; Linux x86_64) AppleWebKit/537.36 (KHTML, like Gecko) Chrome/67.0.3396.87 Safari/537.36"}
[2018-07-16T00:21:03.888] [INFO] cheese - {"method":"GET","url":"/tag/list","host":"localhost:4000","message":{"message":"响应时间为：437144"},"referer":"http://localhost:4002/","userAgent":"Mozilla/5.0 (X11; Linux x86_64) AppleWebKit/537.36 (KHTML, like Gecko) Chrome/67.0.3396.87 Safari/537.36"}
[2018-07-16T00:21:06.172] [INFO] cheese - {"method":"GET","url":"/client/blog/list?pageindex=1","host":"localhost:4000","message":{"message":"响应时间为：439428"},"referer":"http://localhost:4002/project","userAgent":"Mozilla/5.0 (X11; Linux x86_64) AppleWebKit/537.36 (KHTML, like Gecko) Chrome/67.0.3396.87 Safari/537.36"}
[2018-07-16T00:21:06.173] [INFO] cheese - {"method":"GET","url":"/client/series/list","host":"localhost:4000","message":{"message":"响应时间为：439429"},"referer":"http://localhost:4002/project","userAgent":"Mozilla/5.0 (X11; Linux x86_64) AppleWebKit/537.36 (KHTML, like Gecko) Chrome/67.0.3396.87 Safari/537.36"}
[2018-07-16T00:21:06.302] [INFO] cheese - {"method":"GET","url":"/classify/list","host":"localhost:4000","message":{"message":"响应时间为：439558"},"referer":"http://localhost:4002/","userAgent":"Mozilla/5.0 (X11; Linux x86_64) AppleWebKit/537.36 (KHTML, like Gecko) Chrome/67.0.3396.87 Safari/537.36"}
[2018-07-16T00:21:06.308] [INFO] cheese - {"method":"GET","url":"/tag/list","host":"localhost:4000","message":{"message":"响应时间为：439564"},"referer":"http://localhost:4002/","userAgent":"Mozilla/5.0 (X11; Linux x86_64) AppleWebKit/537.36 (KHTML, like Gecko) Chrome/67.0.3396.87 Safari/537.36"}
[2018-07-16T00:21:09.598] [INFO] cheese - {"method":"GET","url":"/client/series/list","host":"localhost:4000","message":{"message":"响应时间为：442853"},"referer":"http://localhost:4002/project","userAgent":"Mozilla/5.0 (X11; Linux x86_64) AppleWebKit/537.36 (KHTML, like Gecko) Chrome/67.0.3396.87 Safari/537.36"}
[2018-07-16T00:21:09.601] [INFO] cheese - {"method":"GET","url":"/client/blog/list?pageindex=1","host":"localhost:4000","message":{"message":"响应时间为：442857"},"referer":"http://localhost:4002/project","userAgent":"Mozilla/5.0 (X11; Linux x86_64) AppleWebKit/537.36 (KHTML, like Gecko) Chrome/67.0.3396.87 Safari/537.36"}
[2018-07-16T00:21:09.716] [INFO] cheese - {"method":"GET","url":"/classify/list","host":"localhost:4000","message":{"message":"响应时间为：442972"},"referer":"http://localhost:4002/","userAgent":"Mozilla/5.0 (X11; Linux x86_64) AppleWebKit/537.36 (KHTML, like Gecko) Chrome/67.0.3396.87 Safari/537.36"}
[2018-07-16T00:21:09.737] [INFO] cheese - {"method":"GET","url":"/tag/list","host":"localhost:4000","message":{"message":"响应时间为：442993"},"referer":"http://localhost:4002/","userAgent":"Mozilla/5.0 (X11; Linux x86_64) AppleWebKit/537.36 (KHTML, like Gecko) Chrome/67.0.3396.87 Safari/537.36"}
[2018-07-16T00:21:12.660] [INFO] cheese - {"method":"GET","url":"/client/blog/list?pageindex=1","host":"localhost:4000","message":{"message":"响应时间为：445916"},"referer":"http://localhost:4002/project","userAgent":"Mozilla/5.0 (X11; Linux x86_64) AppleWebKit/537.36 (KHTML, like Gecko) Chrome/67.0.3396.87 Safari/537.36"}
[2018-07-16T00:21:12.664] [INFO] cheese - {"method":"GET","url":"/client/series/list","host":"localhost:4000","message":{"message":"响应时间为：445920"},"referer":"http://localhost:4002/project","userAgent":"Mozilla/5.0 (X11; Linux x86_64) AppleWebKit/537.36 (KHTML, like Gecko) Chrome/67.0.3396.87 Safari/537.36"}
[2018-07-16T00:21:12.782] [INFO] cheese - {"method":"GET","url":"/classify/list","host":"localhost:4000","message":{"message":"响应时间为：446038"},"referer":"http://localhost:4002/","userAgent":"Mozilla/5.0 (X11; Linux x86_64) AppleWebKit/537.36 (KHTML, like Gecko) Chrome/67.0.3396.87 Safari/537.36"}
[2018-07-16T00:21:12.795] [INFO] cheese - {"method":"GET","url":"/tag/list","host":"localhost:4000","message":{"message":"响应时间为：446051"},"referer":"http://localhost:4002/","userAgent":"Mozilla/5.0 (X11; Linux x86_64) AppleWebKit/537.36 (KHTML, like Gecko) Chrome/67.0.3396.87 Safari/537.36"}
[2018-07-16T00:21:17.230] [INFO] cheese - {"method":"GET","url":"/client/series/list","host":"localhost:4000","message":{"message":"响应时间为：450486"},"referer":"http://localhost:4002/project","userAgent":"Mozilla/5.0 (X11; Linux x86_64) AppleWebKit/537.36 (KHTML, like Gecko) Chrome/67.0.3396.87 Safari/537.36"}
[2018-07-16T00:21:17.232] [INFO] cheese - {"method":"GET","url":"/client/blog/list?pageindex=1","host":"localhost:4000","message":{"message":"响应时间为：450488"},"referer":"http://localhost:4002/project","userAgent":"Mozilla/5.0 (X11; Linux x86_64) AppleWebKit/537.36 (KHTML, like Gecko) Chrome/67.0.3396.87 Safari/537.36"}
[2018-07-16T00:21:17.343] [INFO] cheese - {"method":"GET","url":"/classify/list","host":"localhost:4000","message":{"message":"响应时间为：450598"},"referer":"http://localhost:4002/","userAgent":"Mozilla/5.0 (X11; Linux x86_64) AppleWebKit/537.36 (KHTML, like Gecko) Chrome/67.0.3396.87 Safari/537.36"}
[2018-07-16T00:21:17.358] [INFO] cheese - {"method":"GET","url":"/tag/list","host":"localhost:4000","message":{"message":"响应时间为：450614"},"referer":"http://localhost:4002/","userAgent":"Mozilla/5.0 (X11; Linux x86_64) AppleWebKit/537.36 (KHTML, like Gecko) Chrome/67.0.3396.87 Safari/537.36"}
[2018-07-16T00:21:20.487] [INFO] cheese - {"method":"GET","url":"/client/blog/list?pageindex=1","host":"localhost:4000","message":{"message":"响应时间为：453743"},"referer":"http://localhost:4002/project","userAgent":"Mozilla/5.0 (X11; Linux x86_64) AppleWebKit/537.36 (KHTML, like Gecko) Chrome/67.0.3396.87 Safari/537.36"}
[2018-07-16T00:21:20.501] [INFO] cheese - {"method":"GET","url":"/client/series/list","host":"localhost:4000","message":{"message":"响应时间为：453757"},"referer":"http://localhost:4002/project","userAgent":"Mozilla/5.0 (X11; Linux x86_64) AppleWebKit/537.36 (KHTML, like Gecko) Chrome/67.0.3396.87 Safari/537.36"}
[2018-07-16T00:21:20.638] [INFO] cheese - {"method":"GET","url":"/classify/list","host":"localhost:4000","message":{"message":"响应时间为：453894"},"referer":"http://localhost:4002/","userAgent":"Mozilla/5.0 (X11; Linux x86_64) AppleWebKit/537.36 (KHTML, like Gecko) Chrome/67.0.3396.87 Safari/537.36"}
[2018-07-16T00:21:20.650] [INFO] cheese - {"method":"GET","url":"/tag/list","host":"localhost:4000","message":{"message":"响应时间为：453906"},"referer":"http://localhost:4002/","userAgent":"Mozilla/5.0 (X11; Linux x86_64) AppleWebKit/537.36 (KHTML, like Gecko) Chrome/67.0.3396.87 Safari/537.36"}
[2018-07-16T00:21:23.914] [INFO] cheese - {"method":"GET","url":"/client/series/list","host":"localhost:4000","message":{"message":"响应时间为：457169"},"referer":"http://localhost:4002/project","userAgent":"Mozilla/5.0 (X11; Linux x86_64) AppleWebKit/537.36 (KHTML, like Gecko) Chrome/67.0.3396.87 Safari/537.36"}
[2018-07-16T00:21:23.917] [INFO] cheese - {"method":"GET","url":"/client/blog/list?pageindex=1","host":"localhost:4000","message":{"message":"响应时间为：457173"},"referer":"http://localhost:4002/project","userAgent":"Mozilla/5.0 (X11; Linux x86_64) AppleWebKit/537.36 (KHTML, like Gecko) Chrome/67.0.3396.87 Safari/537.36"}
[2018-07-16T00:21:24.029] [INFO] cheese - {"method":"GET","url":"/classify/list","host":"localhost:4000","message":{"message":"响应时间为：457285"},"referer":"http://localhost:4002/","userAgent":"Mozilla/5.0 (X11; Linux x86_64) AppleWebKit/537.36 (KHTML, like Gecko) Chrome/67.0.3396.87 Safari/537.36"}
[2018-07-16T00:21:24.039] [INFO] cheese - {"method":"GET","url":"/tag/list","host":"localhost:4000","message":{"message":"响应时间为：457295"},"referer":"http://localhost:4002/","userAgent":"Mozilla/5.0 (X11; Linux x86_64) AppleWebKit/537.36 (KHTML, like Gecko) Chrome/67.0.3396.87 Safari/537.36"}
[2018-07-16T00:21:26.877] [INFO] cheese - {"method":"GET","url":"/client/series/list","host":"localhost:4000","message":{"message":"响应时间为：460132"},"referer":"http://localhost:4002/project","userAgent":"Mozilla/5.0 (X11; Linux x86_64) AppleWebKit/537.36 (KHTML, like Gecko) Chrome/67.0.3396.87 Safari/537.36"}
[2018-07-16T00:21:26.881] [INFO] cheese - {"method":"GET","url":"/client/blog/list?pageindex=1","host":"localhost:4000","message":{"message":"响应时间为：460136"},"referer":"http://localhost:4002/project","userAgent":"Mozilla/5.0 (X11; Linux x86_64) AppleWebKit/537.36 (KHTML, like Gecko) Chrome/67.0.3396.87 Safari/537.36"}
[2018-07-16T00:21:26.988] [INFO] cheese - {"method":"GET","url":"/classify/list","host":"localhost:4000","message":{"message":"响应时间为：460243"},"referer":"http://localhost:4002/","userAgent":"Mozilla/5.0 (X11; Linux x86_64) AppleWebKit/537.36 (KHTML, like Gecko) Chrome/67.0.3396.87 Safari/537.36"}
[2018-07-16T00:21:27.004] [INFO] cheese - {"method":"GET","url":"/tag/list","host":"localhost:4000","message":{"message":"响应时间为：460260"},"referer":"http://localhost:4002/","userAgent":"Mozilla/5.0 (X11; Linux x86_64) AppleWebKit/537.36 (KHTML, like Gecko) Chrome/67.0.3396.87 Safari/537.36"}
[2018-07-16T00:22:28.559] [INFO] cheese - {"method":"GET","url":"/client/blog/list?pageindex=1","host":"localhost:4000","message":{"message":"响应时间为：521815"},"referer":"http://localhost:4002/project","userAgent":"Mozilla/5.0 (X11; Linux x86_64) AppleWebKit/537.36 (KHTML, like Gecko) Chrome/67.0.3396.87 Safari/537.36"}
[2018-07-16T00:22:28.586] [INFO] cheese - {"method":"GET","url":"/client/series/list","host":"localhost:4000","message":{"message":"响应时间为：521842"},"referer":"http://localhost:4002/project","userAgent":"Mozilla/5.0 (X11; Linux x86_64) AppleWebKit/537.36 (KHTML, like Gecko) Chrome/67.0.3396.87 Safari/537.36"}
[2018-07-16T00:22:28.737] [INFO] cheese - {"method":"GET","url":"/classify/list","host":"localhost:4000","message":{"message":"响应时间为：521993"},"referer":"http://localhost:4002/","userAgent":"Mozilla/5.0 (X11; Linux x86_64) AppleWebKit/537.36 (KHTML, like Gecko) Chrome/67.0.3396.87 Safari/537.36"}
[2018-07-16T00:22:28.749] [INFO] cheese - {"method":"GET","url":"/tag/list","host":"localhost:4000","message":{"message":"响应时间为：522005"},"referer":"http://localhost:4002/","userAgent":"Mozilla/5.0 (X11; Linux x86_64) AppleWebKit/537.36 (KHTML, like Gecko) Chrome/67.0.3396.87 Safari/537.36"}
[2018-07-16T00:22:30.996] [INFO] cheese - {"method":"GET","url":"/client/series/list","host":"localhost:4000","message":{"message":"响应时间为：524252"},"referer":"http://localhost:4002/project","userAgent":"Mozilla/5.0 (X11; Linux x86_64) AppleWebKit/537.36 (KHTML, like Gecko) Chrome/67.0.3396.87 Safari/537.36"}
[2018-07-16T00:22:30.998] [INFO] cheese - {"method":"GET","url":"/client/blog/list?pageindex=1","host":"localhost:4000","message":{"message":"响应时间为：524254"},"referer":"http://localhost:4002/project","userAgent":"Mozilla/5.0 (X11; Linux x86_64) AppleWebKit/537.36 (KHTML, like Gecko) Chrome/67.0.3396.87 Safari/537.36"}
[2018-07-16T00:22:31.120] [INFO] cheese - {"method":"GET","url":"/classify/list","host":"localhost:4000","message":{"message":"响应时间为：524375"},"referer":"http://localhost:4002/","userAgent":"Mozilla/5.0 (X11; Linux x86_64) AppleWebKit/537.36 (KHTML, like Gecko) Chrome/67.0.3396.87 Safari/537.36"}
[2018-07-16T00:22:31.123] [INFO] cheese - {"method":"GET","url":"/tag/list","host":"localhost:4000","message":{"message":"响应时间为：524379"},"referer":"http://localhost:4002/","userAgent":"Mozilla/5.0 (X11; Linux x86_64) AppleWebKit/537.36 (KHTML, like Gecko) Chrome/67.0.3396.87 Safari/537.36"}
[2018-07-16T00:22:33.421] [INFO] cheese - {"method":"GET","url":"/client/series/list","host":"localhost:4000","message":{"message":"响应时间为：526677"},"referer":"http://localhost:4002/project","userAgent":"Mozilla/5.0 (X11; Linux x86_64) AppleWebKit/537.36 (KHTML, like Gecko) Chrome/67.0.3396.87 Safari/537.36"}
[2018-07-16T00:22:33.424] [INFO] cheese - {"method":"GET","url":"/client/blog/list?pageindex=1","host":"localhost:4000","message":{"message":"响应时间为：526680"},"referer":"http://localhost:4002/project","userAgent":"Mozilla/5.0 (X11; Linux x86_64) AppleWebKit/537.36 (KHTML, like Gecko) Chrome/67.0.3396.87 Safari/537.36"}
[2018-07-16T00:22:33.547] [INFO] cheese - {"method":"GET","url":"/classify/list","host":"localhost:4000","message":{"message":"响应时间为：526803"},"referer":"http://localhost:4002/","userAgent":"Mozilla/5.0 (X11; Linux x86_64) AppleWebKit/537.36 (KHTML, like Gecko) Chrome/67.0.3396.87 Safari/537.36"}
[2018-07-16T00:22:33.553] [INFO] cheese - {"method":"GET","url":"/tag/list","host":"localhost:4000","message":{"message":"响应时间为：526809"},"referer":"http://localhost:4002/","userAgent":"Mozilla/5.0 (X11; Linux x86_64) AppleWebKit/537.36 (KHTML, like Gecko) Chrome/67.0.3396.87 Safari/537.36"}
[2018-07-16T00:22:49.543] [INFO] cheese - {"method":"GET","url":"/client/series/list","host":"localhost:4000","message":{"message":"响应时间为：542799"},"userAgent":"axios/0.18.0"}
[2018-07-16T00:22:49.545] [INFO] cheese - {"method":"GET","url":"/client/blog/list?pageindex=1","host":"localhost:4000","message":{"message":"响应时间为：542801"},"userAgent":"axios/0.18.0"}
[2018-07-16T00:22:49.597] [INFO] cheese - {"method":"GET","url":"/classify/list","host":"localhost:4000","message":{"message":"响应时间为：542853"},"userAgent":"axios/0.18.0"}
[2018-07-16T00:22:49.600] [INFO] cheese - {"method":"GET","url":"/tag/list","host":"localhost:4000","message":{"message":"响应时间为：542856"},"userAgent":"axios/0.18.0"}
[2018-07-16T00:22:50.360] [INFO] cheese - {"method":"GET","url":"/classify/list","host":"localhost:4000","message":{"message":"响应时间为：543616"},"referer":"http://localhost:4002/","userAgent":"Mozilla/5.0 (X11; Linux x86_64) AppleWebKit/537.36 (KHTML, like Gecko) Chrome/67.0.3396.87 Safari/537.36"}
[2018-07-16T00:22:50.455] [INFO] cheese - {"method":"GET","url":"/tag/list","host":"localhost:4000","message":{"message":"响应时间为：543711"},"referer":"http://localhost:4002/","userAgent":"Mozilla/5.0 (X11; Linux x86_64) AppleWebKit/537.36 (KHTML, like Gecko) Chrome/67.0.3396.87 Safari/537.36"}
[2018-07-16T00:22:54.458] [INFO] cheese - {"method":"GET","url":"/client/blog/list?pageindex=1","host":"localhost:4000","message":{"message":"响应时间为：547714"},"referer":"http://localhost:4002/project","userAgent":"Mozilla/5.0 (X11; Linux x86_64) AppleWebKit/537.36 (KHTML, like Gecko) Chrome/67.0.3396.87 Safari/537.36"}
[2018-07-16T00:22:54.461] [INFO] cheese - {"method":"GET","url":"/client/series/list","host":"localhost:4000","message":{"message":"响应时间为：547717"},"referer":"http://localhost:4002/project","userAgent":"Mozilla/5.0 (X11; Linux x86_64) AppleWebKit/537.36 (KHTML, like Gecko) Chrome/67.0.3396.87 Safari/537.36"}
[2018-07-16T00:22:54.548] [INFO] cheese - {"method":"GET","url":"/classify/list","host":"localhost:4000","message":{"message":"响应时间为：547804"},"referer":"http://localhost:4002/","userAgent":"Mozilla/5.0 (X11; Linux x86_64) AppleWebKit/537.36 (KHTML, like Gecko) Chrome/67.0.3396.87 Safari/537.36"}
[2018-07-16T00:22:54.554] [INFO] cheese - {"method":"GET","url":"/tag/list","host":"localhost:4000","message":{"message":"响应时间为：547810"},"referer":"http://localhost:4002/","userAgent":"Mozilla/5.0 (X11; Linux x86_64) AppleWebKit/537.36 (KHTML, like Gecko) Chrome/67.0.3396.87 Safari/537.36"}
