[2018-07-29T12:11:49.702] [INFO] cheese - {"method":"GET","url":"/client/series/list","host":"localhost:4000","message":{"message":"响应时间为：5278817"},"userAgent":"axios/0.18.0"}
[2018-07-29T12:11:49.743] [INFO] cheese - {"method":"GET","url":"/client/blog/list?pageindex=1","host":"localhost:4000","message":{"message":"响应时间为：5278859"},"userAgent":"axios/0.18.0"}
[2018-07-29T12:11:49.814] [INFO] cheese - {"method":"GET","url":"/classify/list","host":"localhost:4000","message":{"message":"响应时间为：5278930"},"userAgent":"axios/0.18.0"}
[2018-07-29T12:11:49.817] [INFO] cheese - {"method":"GET","url":"/tag/list","host":"localhost:4000","message":{"message":"响应时间为：5278933"},"userAgent":"axios/0.18.0"}
[2018-07-29T12:11:50.745] [INFO] cheese - {"method":"GET","url":"/classify/list","host":"localhost:4000","message":{"message":"响应时间为：5279861"},"referer":"http://localhost:4002/","userAgent":"Mozilla/5.0 (X11; Linux x86_64) AppleWebKit/537.36 (KHTML, like Gecko) Chrome/67.0.3396.87 Safari/537.36"}
[2018-07-29T12:11:50.758] [INFO] cheese - {"method":"GET","url":"/tag/list","host":"localhost:4000","message":{"message":"响应时间为：5279873"},"referer":"http://localhost:4002/","userAgent":"Mozilla/5.0 (X11; Linux x86_64) AppleWebKit/537.36 (KHTML, like Gecko) Chrome/67.0.3396.87 Safari/537.36"}
[2018-07-29T12:12:00.486] [INFO] cheese - {"method":"GET","url":"/client/series/list","host":"localhost:4000","message":{"message":"响应时间为：5289602"},"userAgent":"axios/0.18.0"}
[2018-07-29T12:12:00.494] [INFO] cheese - {"method":"GET","url":"/client/blog/list?pageindex=1","host":"localhost:4000","message":{"message":"响应时间为：5289610"},"userAgent":"axios/0.18.0"}
[2018-07-29T12:12:00.536] [INFO] cheese - {"method":"GET","url":"/classify/list","host":"localhost:4000","message":{"message":"响应时间为：5289652"},"userAgent":"axios/0.18.0"}
[2018-07-29T12:12:00.542] [INFO] cheese - {"method":"GET","url":"/tag/list","host":"localhost:4000","message":{"message":"响应时间为：5289658"},"userAgent":"axios/0.18.0"}
[2018-07-29T12:12:01.371] [INFO] cheese - {"method":"GET","url":"/classify/list","host":"localhost:4000","message":{"message":"响应时间为：5290487"},"referer":"http://localhost:4002/","userAgent":"Mozilla/5.0 (X11; Linux x86_64) AppleWebKit/537.36 (KHTML, like Gecko) Chrome/67.0.3396.87 Safari/537.36"}
[2018-07-29T12:12:01.374] [INFO] cheese - {"method":"GET","url":"/tag/list","host":"localhost:4000","message":{"message":"响应时间为：5290490"},"referer":"http://localhost:4002/","userAgent":"Mozilla/5.0 (X11; Linux x86_64) AppleWebKit/537.36 (KHTML, like Gecko) Chrome/67.0.3396.87 Safari/537.36"}
[2018-07-29T12:12:36.138] [INFO] cheese - {"method":"GET","url":"/tag/list","host":"localhost:4000","message":{"message":"响应时间为：5325254"},"referer":"http://localhost:4002/","userAgent":"Mozilla/5.0 (X11; Linux x86_64) AppleWebKit/537.36 (KHTML, like Gecko) Chrome/67.0.3396.87 Safari/537.36"}
[2018-07-29T12:12:36.143] [INFO] cheese - {"method":"GET","url":"/classify/list","host":"localhost:4000","message":{"message":"响应时间为：5325259"},"referer":"http://localhost:4002/","userAgent":"Mozilla/5.0 (X11; Linux x86_64) AppleWebKit/537.36 (KHTML, like Gecko) Chrome/67.0.3396.87 Safari/537.36"}
[2018-07-29T12:12:57.974] [INFO] cheese - {"method":"GET","url":"/client/series/list","host":"localhost:4000","message":{"message":"响应时间为：5347090"},"userAgent":"axios/0.18.0"}
[2018-07-29T12:12:57.987] [INFO] cheese - {"method":"GET","url":"/client/blog/list?pageindex=1","host":"localhost:4000","message":{"message":"响应时间为：5347102"},"userAgent":"axios/0.18.0"}
[2018-07-29T12:12:58.056] [INFO] cheese - {"method":"GET","url":"/classify/list","host":"localhost:4000","message":{"message":"响应时间为：5347172"},"userAgent":"axios/0.18.0"}
[2018-07-29T12:12:58.059] [INFO] cheese - {"method":"GET","url":"/tag/list","host":"localhost:4000","message":{"message":"响应时间为：5347175"},"userAgent":"axios/0.18.0"}
[2018-07-29T12:12:58.159] [INFO] cheese - {"method":"GET","url":"/classify/list","host":"localhost:4000","message":{"message":"响应时间为：5347275"},"referer":"http://localhost:4002/","userAgent":"Mozilla/5.0 (X11; Linux x86_64) AppleWebKit/537.36 (KHTML, like Gecko) Chrome/67.0.3396.87 Safari/537.36"}
[2018-07-29T12:12:58.162] [INFO] cheese - {"method":"GET","url":"/tag/list","host":"localhost:4000","message":{"message":"响应时间为：5347278"},"referer":"http://localhost:4002/","userAgent":"Mozilla/5.0 (X11; Linux x86_64) AppleWebKit/537.36 (KHTML, like Gecko) Chrome/67.0.3396.87 Safari/537.36"}
[2018-07-29T12:12:59.077] [INFO] cheese - {"method":"GET","url":"/classify/list","host":"localhost:4000","message":{"message":"响应时间为：5348193"},"referer":"http://localhost:4002/","userAgent":"Mozilla/5.0 (X11; Linux x86_64) AppleWebKit/537.36 (KHTML, like Gecko) Chrome/67.0.3396.87 Safari/537.36"}
[2018-07-29T12:12:59.092] [INFO] cheese - {"method":"GET","url":"/tag/list","host":"localhost:4000","message":{"message":"响应时间为：5348208"},"referer":"http://localhost:4002/","userAgent":"Mozilla/5.0 (X11; Linux x86_64) AppleWebKit/537.36 (KHTML, like Gecko) Chrome/67.0.3396.87 Safari/537.36"}
[2018-07-29T12:13:33.596] [INFO] cheese - {"method":"GET","url":"/classify/list","host":"localhost:4000","message":{"message":"响应时间为：5382712"},"referer":"http://localhost:4002/","userAgent":"Mozilla/5.0 (X11; Linux x86_64) AppleWebKit/537.36 (KHTML, like Gecko) Chrome/67.0.3396.87 Safari/537.36"}
[2018-07-29T12:13:33.606] [INFO] cheese - {"method":"GET","url":"/tag/list","host":"localhost:4000","message":{"message":"响应时间为：5382722"},"referer":"http://localhost:4002/","userAgent":"Mozilla/5.0 (X11; Linux x86_64) AppleWebKit/537.36 (KHTML, like Gecko) Chrome/67.0.3396.87 Safari/537.36"}
[2018-07-29T12:13:35.091] [INFO] cheese - {"method":"GET","url":"/client/blog/list?pageindex=1","host":"localhost:4000","message":{"message":"响应时间为：5384207"},"userAgent":"axios/0.18.0"}
[2018-07-29T12:13:35.103] [INFO] cheese - {"method":"GET","url":"/client/series/list","host":"localhost:4000","message":{"message":"响应时间为：5384219"},"userAgent":"axios/0.18.0"}
[2018-07-29T12:13:35.168] [INFO] cheese - {"method":"GET","url":"/classify/list","host":"localhost:4000","message":{"message":"响应时间为：5384284"},"userAgent":"axios/0.18.0"}
[2018-07-29T12:13:35.173] [INFO] cheese - {"method":"GET","url":"/tag/list","host":"localhost:4000","message":{"message":"响应时间为：5384289"},"userAgent":"axios/0.18.0"}
[2018-07-29T12:13:35.987] [INFO] cheese - {"method":"GET","url":"/classify/list","host":"localhost:4000","message":{"message":"响应时间为：5385103"},"referer":"http://localhost:4002/","userAgent":"Mozilla/5.0 (X11; Linux x86_64) AppleWebKit/537.36 (KHTML, like Gecko) Chrome/67.0.3396.87 Safari/537.36"}
[2018-07-29T12:13:36.003] [INFO] cheese - {"method":"GET","url":"/tag/list","host":"localhost:4000","message":{"message":"响应时间为：5385119"},"referer":"http://localhost:4002/","userAgent":"Mozilla/5.0 (X11; Linux x86_64) AppleWebKit/537.36 (KHTML, like Gecko) Chrome/67.0.3396.87 Safari/537.36"}
[2018-07-29T12:13:49.627] [INFO] cheese - {"method":"GET","url":"/client/series/list","host":"localhost:4000","message":{"message":"响应时间为：5398743"},"userAgent":"axios/0.18.0"}
[2018-07-29T12:13:49.632] [INFO] cheese - {"method":"GET","url":"/client/blog/list?pageindex=1","host":"localhost:4000","message":{"message":"响应时间为：5398747"},"userAgent":"axios/0.18.0"}
[2018-07-29T12:13:49.704] [INFO] cheese - {"method":"GET","url":"/classify/list","host":"localhost:4000","message":{"message":"响应时间为：5398820"},"userAgent":"axios/0.18.0"}
[2018-07-29T12:13:49.712] [INFO] cheese - {"method":"GET","url":"/tag/list","host":"localhost:4000","message":{"message":"响应时间为：5398828"},"userAgent":"axios/0.18.0"}
[2018-07-29T12:13:50.518] [INFO] cheese - {"method":"GET","url":"/classify/list","host":"localhost:4000","message":{"message":"响应时间为：5399634"},"referer":"http://localhost:4002/","userAgent":"Mozilla/5.0 (X11; Linux x86_64) AppleWebKit/537.36 (KHTML, like Gecko) Chrome/67.0.3396.87 Safari/537.36"}
[2018-07-29T12:13:50.525] [INFO] cheese - {"method":"GET","url":"/tag/list","host":"localhost:4000","message":{"message":"响应时间为：5399641"},"referer":"http://localhost:4002/","userAgent":"Mozilla/5.0 (X11; Linux x86_64) AppleWebKit/537.36 (KHTML, like Gecko) Chrome/67.0.3396.87 Safari/537.36"}
[2018-07-29T12:16:10.889] [INFO] cheese - {"method":"GET","url":"/classify/list","host":"localhost:4000","message":{"message":"响应时间为：5540005"},"referer":"http://localhost:4002/","userAgent":"Mozilla/5.0 (X11; Linux x86_64) AppleWebKit/537.36 (KHTML, like Gecko) Chrome/67.0.3396.87 Safari/537.36"}
[2018-07-29T12:16:10.903] [INFO] cheese - {"method":"GET","url":"/tag/list","host":"localhost:4000","message":{"message":"响应时间为：5540019"},"referer":"http://localhost:4002/","userAgent":"Mozilla/5.0 (X11; Linux x86_64) AppleWebKit/537.36 (KHTML, like Gecko) Chrome/67.0.3396.87 Safari/537.36"}
[2018-07-29T12:16:24.444] [INFO] cheese - {"method":"GET","url":"/client/series/list","host":"localhost:4000","message":{"message":"响应时间为：5553560"},"userAgent":"axios/0.18.0"}
[2018-07-29T12:16:24.446] [INFO] cheese - {"method":"GET","url":"/client/blog/list?pageindex=1","host":"localhost:4000","message":{"message":"响应时间为：5553562"},"userAgent":"axios/0.18.0"}
[2018-07-29T12:16:24.505] [INFO] cheese - {"method":"GET","url":"/classify/list","host":"localhost:4000","message":{"message":"响应时间为：5553621"},"userAgent":"axios/0.18.0"}
[2018-07-29T12:16:24.509] [INFO] cheese - {"method":"GET","url":"/tag/list","host":"localhost:4000","message":{"message":"响应时间为：5553625"},"userAgent":"axios/0.18.0"}
[2018-07-29T12:16:25.367] [INFO] cheese - {"method":"GET","url":"/classify/list","host":"localhost:4000","message":{"message":"响应时间为：5554483"},"referer":"http://localhost:4002/","userAgent":"Mozilla/5.0 (X11; Linux x86_64) AppleWebKit/537.36 (KHTML, like Gecko) Chrome/67.0.3396.87 Safari/537.36"}
[2018-07-29T12:16:25.376] [INFO] cheese - {"method":"GET","url":"/tag/list","host":"localhost:4000","message":{"message":"响应时间为：5554492"},"referer":"http://localhost:4002/","userAgent":"Mozilla/5.0 (X11; Linux x86_64) AppleWebKit/537.36 (KHTML, like Gecko) Chrome/67.0.3396.87 Safari/537.36"}
[2018-07-29T12:16:37.559] [INFO] cheese - {"method":"GET","url":"/client/blog/list?pageindex=1","host":"localhost:4000","message":{"message":"响应时间为：5566675"},"userAgent":"axios/0.18.0"}
[2018-07-29T12:16:37.565] [INFO] cheese - {"method":"GET","url":"/client/series/list","host":"localhost:4000","message":{"message":"响应时间为：5566681"},"userAgent":"axios/0.18.0"}
[2018-07-29T12:16:37.625] [INFO] cheese - {"method":"GET","url":"/classify/list","host":"localhost:4000","message":{"message":"响应时间为：5566741"},"userAgent":"axios/0.18.0"}
[2018-07-29T12:16:37.633] [INFO] cheese - {"method":"GET","url":"/tag/list","host":"localhost:4000","message":{"message":"响应时间为：5566749"},"userAgent":"axios/0.18.0"}
[2018-07-29T12:16:38.461] [INFO] cheese - {"method":"GET","url":"/classify/list","host":"localhost:4000","message":{"message":"响应时间为：5567577"},"referer":"http://localhost:4002/","userAgent":"Mozilla/5.0 (X11; Linux x86_64) AppleWebKit/537.36 (KHTML, like Gecko) Chrome/67.0.3396.87 Safari/537.36"}
[2018-07-29T12:16:38.486] [INFO] cheese - {"method":"GET","url":"/tag/list","host":"localhost:4000","message":{"message":"响应时间为：5567602"},"referer":"http://localhost:4002/","userAgent":"Mozilla/5.0 (X11; Linux x86_64) AppleWebKit/537.36 (KHTML, like Gecko) Chrome/67.0.3396.87 Safari/537.36"}
[2018-07-29T12:17:41.821] [INFO] cheese - {"method":"GET","url":"/client/series/list","host":"localhost:4000","message":{"message":"响应时间为：5630937"},"userAgent":"axios/0.18.0"}
[2018-07-29T12:17:41.825] [INFO] cheese - {"method":"GET","url":"/client/blog/list?pageindex=1","host":"localhost:4000","message":{"message":"响应时间为：5630941"},"userAgent":"axios/0.18.0"}
[2018-07-29T12:21:36.727] [INFO] cheese - {"method":"GET","url":"/client/series/list","host":"localhost:4000","message":{"message":"响应时间为：5865843"},"userAgent":"axios/0.18.0"}
[2018-07-29T12:21:36.731] [INFO] cheese - {"method":"GET","url":"/client/blog/list?pageindex=1","host":"localhost:4000","message":{"message":"响应时间为：5865847"},"userAgent":"axios/0.18.0"}
[2018-07-29T12:21:36.765] [INFO] cheese - {"method":"GET","url":"/classify/list","host":"localhost:4000","message":{"message":"响应时间为：5865880"},"userAgent":"axios/0.18.0"}
[2018-07-29T12:21:36.773] [INFO] cheese - {"method":"GET","url":"/tag/list","host":"localhost:4000","message":{"message":"响应时间为：5865889"},"userAgent":"axios/0.18.0"}
[2018-07-29T12:21:37.606] [INFO] cheese - {"method":"GET","url":"/classify/list","host":"localhost:4000","message":{"message":"响应时间为：5866722"},"referer":"http://localhost:4002/","userAgent":"Mozilla/5.0 (X11; Linux x86_64) AppleWebKit/537.36 (KHTML, like Gecko) Chrome/67.0.3396.87 Safari/537.36"}
[2018-07-29T12:21:37.614] [INFO] cheese - {"method":"GET","url":"/tag/list","host":"localhost:4000","message":{"message":"响应时间为：5866730"},"referer":"http://localhost:4002/","userAgent":"Mozilla/5.0 (X11; Linux x86_64) AppleWebKit/537.36 (KHTML, like Gecko) Chrome/67.0.3396.87 Safari/537.36"}
[2018-07-29T12:22:08.919] [INFO] cheese - {"method":"GET","url":"/client/blog/list?pageindex=1","host":"localhost:4000","message":{"message":"响应时间为：5898035"},"userAgent":"axios/0.18.0"}
[2018-07-29T12:22:08.922] [INFO] cheese - {"method":"GET","url":"/client/series/list","host":"localhost:4000","message":{"message":"响应时间为：5898038"},"userAgent":"axios/0.18.0"}
[2018-07-29T12:22:08.998] [INFO] cheese - {"method":"GET","url":"/classify/list","host":"localhost:4000","message":{"message":"响应时间为：5898114"},"userAgent":"axios/0.18.0"}
[2018-07-29T12:22:09.007] [INFO] cheese - {"method":"GET","url":"/tag/list","host":"localhost:4000","message":{"message":"响应时间为：5898123"},"userAgent":"axios/0.18.0"}
[2018-07-29T12:22:09.937] [INFO] cheese - {"method":"GET","url":"/classify/list","host":"localhost:4000","message":{"message":"响应时间为：5899053"},"referer":"http://localhost:4002/","userAgent":"Mozilla/5.0 (X11; Linux x86_64) AppleWebKit/537.36 (KHTML, like Gecko) Chrome/67.0.3396.87 Safari/537.36"}
[2018-07-29T12:22:09.946] [INFO] cheese - {"method":"GET","url":"/tag/list","host":"localhost:4000","message":{"message":"响应时间为：5899062"},"referer":"http://localhost:4002/","userAgent":"Mozilla/5.0 (X11; Linux x86_64) AppleWebKit/537.36 (KHTML, like Gecko) Chrome/67.0.3396.87 Safari/537.36"}
[2018-07-29T12:22:37.698] [INFO] cheese - {"method":"GET","url":"/client/blog/list?pageindex=1","host":"localhost:4000","message":{"message":"响应时间为：5926814"},"userAgent":"axios/0.18.0"}
[2018-07-29T12:22:37.714] [INFO] cheese - {"method":"GET","url":"/client/series/list","host":"localhost:4000","message":{"message":"响应时间为：5926830"},"userAgent":"axios/0.18.0"}
[2018-07-29T12:22:37.904] [INFO] cheese - {"method":"GET","url":"/classify/list","host":"localhost:4000","message":{"message":"响应时间为：5927020"},"userAgent":"axios/0.18.0"}
[2018-07-29T12:22:37.910] [INFO] cheese - {"method":"GET","url":"/tag/list","host":"localhost:4000","message":{"message":"响应时间为：5927026"},"userAgent":"axios/0.18.0"}
[2018-07-29T12:22:38.936] [INFO] cheese - {"method":"GET","url":"/classify/list","host":"localhost:4000","message":{"message":"响应时间为：5928052"},"referer":"http://localhost:4002/","userAgent":"Mozilla/5.0 (X11; Linux x86_64) AppleWebKit/537.36 (KHTML, like Gecko) Chrome/67.0.3396.87 Safari/537.36"}
[2018-07-29T12:22:38.943] [INFO] cheese - {"method":"GET","url":"/tag/list","host":"localhost:4000","message":{"message":"响应时间为：5928059"},"referer":"http://localhost:4002/","userAgent":"Mozilla/5.0 (X11; Linux x86_64) AppleWebKit/537.36 (KHTML, like Gecko) Chrome/67.0.3396.87 Safari/537.36"}
[2018-07-29T12:23:24.077] [INFO] cheese - {"method":"GET","url":"/client/blog/list?pageindex=1","host":"localhost:4000","message":{"message":"响应时间为：5973193"},"userAgent":"axios/0.18.0"}
[2018-07-29T12:23:24.081] [INFO] cheese - {"method":"GET","url":"/client/series/list","host":"localhost:4000","message":{"message":"响应时间为：5973197"},"userAgent":"axios/0.18.0"}
[2018-07-29T12:23:24.148] [INFO] cheese - {"method":"GET","url":"/classify/list","host":"localhost:4000","message":{"message":"响应时间为：5973264"},"userAgent":"axios/0.18.0"}
[2018-07-29T12:23:24.153] [INFO] cheese - {"method":"GET","url":"/tag/list","host":"localhost:4000","message":{"message":"响应时间为：5973269"},"userAgent":"axios/0.18.0"}
[2018-07-29T12:23:25.019] [INFO] cheese - {"method":"GET","url":"/classify/list","host":"localhost:4000","message":{"message":"响应时间为：5974135"},"referer":"http://localhost:4002/","userAgent":"Mozilla/5.0 (X11; Linux x86_64) AppleWebKit/537.36 (KHTML, like Gecko) Chrome/67.0.3396.87 Safari/537.36"}
[2018-07-29T12:23:25.032] [INFO] cheese - {"method":"GET","url":"/tag/list","host":"localhost:4000","message":{"message":"响应时间为：5974148"},"referer":"http://localhost:4002/","userAgent":"Mozilla/5.0 (X11; Linux x86_64) AppleWebKit/537.36 (KHTML, like Gecko) Chrome/67.0.3396.87 Safari/537.36"}
[2018-07-29T12:23:50.016] [INFO] cheese - {"method":"GET","url":"/classify/list","host":"localhost:4000","message":{"message":"响应时间为：5999132"},"referer":"http://localhost:4002/","userAgent":"Mozilla/5.0 (X11; Linux x86_64) AppleWebKit/537.36 (KHTML, like Gecko) Chrome/67.0.3396.87 Safari/537.36"}
[2018-07-29T12:23:50.019] [INFO] cheese - {"method":"GET","url":"/tag/list","host":"localhost:4000","message":{"message":"响应时间为：5999135"},"referer":"http://localhost:4002/","userAgent":"Mozilla/5.0 (X11; Linux x86_64) AppleWebKit/537.36 (KHTML, like Gecko) Chrome/67.0.3396.87 Safari/537.36"}
[2018-07-29T12:23:53.731] [INFO] cheese - {"method":"GET","url":"/client/series/list","host":"localhost:4000","message":{"message":"响应时间为：6002847"},"userAgent":"axios/0.18.0"}
[2018-07-29T12:23:53.743] [INFO] cheese - {"method":"GET","url":"/client/blog/list?pageindex=1","host":"localhost:4000","message":{"message":"响应时间为：6002859"},"userAgent":"axios/0.18.0"}
[2018-07-29T12:23:53.801] [INFO] cheese - {"method":"GET","url":"/classify/list","host":"localhost:4000","message":{"message":"响应时间为：6002917"},"userAgent":"axios/0.18.0"}
[2018-07-29T12:23:53.804] [INFO] cheese - {"method":"GET","url":"/tag/list","host":"localhost:4000","message":{"message":"响应时间为：6002920"},"userAgent":"axios/0.18.0"}
[2018-07-29T12:23:54.641] [INFO] cheese - {"method":"GET","url":"/classify/list","host":"localhost:4000","message":{"message":"响应时间为：6003757"},"referer":"http://localhost:4002/","userAgent":"Mozilla/5.0 (X11; Linux x86_64) AppleWebKit/537.36 (KHTML, like Gecko) Chrome/67.0.3396.87 Safari/537.36"}
[2018-07-29T12:23:54.659] [INFO] cheese - {"method":"GET","url":"/tag/list","host":"localhost:4000","message":{"message":"响应时间为：6003775"},"referer":"http://localhost:4002/","userAgent":"Mozilla/5.0 (X11; Linux x86_64) AppleWebKit/537.36 (KHTML, like Gecko) Chrome/67.0.3396.87 Safari/537.36"}
[2018-07-29T12:24:12.224] [INFO] cheese - {"method":"GET","url":"/client/series/list","host":"localhost:4000","message":{"message":"响应时间为：6021340"},"userAgent":"axios/0.18.0"}
[2018-07-29T12:24:12.226] [INFO] cheese - {"method":"GET","url":"/client/blog/list?pageindex=1","host":"localhost:4000","message":{"message":"响应时间为：6021342"},"userAgent":"axios/0.18.0"}
[2018-07-29T12:24:12.277] [INFO] cheese - {"method":"GET","url":"/classify/list","host":"localhost:4000","message":{"message":"响应时间为：6021392"},"userAgent":"axios/0.18.0"}
[2018-07-29T12:24:12.284] [INFO] cheese - {"method":"GET","url":"/tag/list","host":"localhost:4000","message":{"message":"响应时间为：6021399"},"userAgent":"axios/0.18.0"}
[2018-07-29T12:24:13.311] [INFO] cheese - {"method":"GET","url":"/classify/list","host":"localhost:4000","message":{"message":"响应时间为：6022427"},"referer":"http://localhost:4002/","userAgent":"Mozilla/5.0 (X11; Linux x86_64) AppleWebKit/537.36 (KHTML, like Gecko) Chrome/67.0.3396.87 Safari/537.36"}
[2018-07-29T12:24:13.335] [INFO] cheese - {"method":"GET","url":"/tag/list","host":"localhost:4000","message":{"message":"响应时间为：6022451"},"referer":"http://localhost:4002/","userAgent":"Mozilla/5.0 (X11; Linux x86_64) AppleWebKit/537.36 (KHTML, like Gecko) Chrome/67.0.3396.87 Safari/537.36"}
[2018-07-29T12:24:31.325] [INFO] cheese - {"method":"GET","url":"/client/series/list","host":"localhost:4000","message":{"message":"响应时间为：6040441"},"userAgent":"axios/0.18.0"}
[2018-07-29T12:24:31.328] [INFO] cheese - {"method":"GET","url":"/client/blog/list?pageindex=1","host":"localhost:4000","message":{"message":"响应时间为：6040444"},"userAgent":"axios/0.18.0"}
[2018-07-29T12:24:31.402] [INFO] cheese - {"method":"GET","url":"/classify/list","host":"localhost:4000","message":{"message":"响应时间为：6040518"},"userAgent":"axios/0.18.0"}
[2018-07-29T12:24:31.406] [INFO] cheese - {"method":"GET","url":"/tag/list","host":"localhost:4000","message":{"message":"响应时间为：6040522"},"userAgent":"axios/0.18.0"}
[2018-07-29T12:24:31.532] [INFO] cheese - {"method":"GET","url":"/classify/list","host":"localhost:4000","message":{"message":"响应时间为：6040648"},"referer":"http://localhost:4002/","userAgent":"Mozilla/5.0 (X11; Linux x86_64) AppleWebKit/537.36 (KHTML, like Gecko) Chrome/67.0.3396.87 Safari/537.36"}
[2018-07-29T12:24:31.536] [INFO] cheese - {"method":"GET","url":"/tag/list","host":"localhost:4000","message":{"message":"响应时间为：6040652"},"referer":"http://localhost:4002/","userAgent":"Mozilla/5.0 (X11; Linux x86_64) AppleWebKit/537.36 (KHTML, like Gecko) Chrome/67.0.3396.87 Safari/537.36"}
[2018-07-29T12:24:32.539] [INFO] cheese - {"method":"GET","url":"/classify/list","host":"localhost:4000","message":{"message":"响应时间为：6041655"},"referer":"http://localhost:4002/","userAgent":"Mozilla/5.0 (X11; Linux x86_64) AppleWebKit/537.36 (KHTML, like Gecko) Chrome/67.0.3396.87 Safari/537.36"}
[2018-07-29T12:24:32.550] [INFO] cheese - {"method":"GET","url":"/tag/list","host":"localhost:4000","message":{"message":"响应时间为：6041666"},"referer":"http://localhost:4002/","userAgent":"Mozilla/5.0 (X11; Linux x86_64) AppleWebKit/537.36 (KHTML, like Gecko) Chrome/67.0.3396.87 Safari/537.36"}
[2018-07-29T12:25:17.077] [INFO] cheese - {"method":"GET","url":"/classify/list","host":"localhost:4000","message":{"message":"响应时间为：6086193"},"referer":"http://localhost:4002/","userAgent":"Mozilla/5.0 (X11; Linux x86_64) AppleWebKit/537.36 (KHTML, like Gecko) Chrome/67.0.3396.87 Safari/537.36"}
[2018-07-29T12:25:17.088] [INFO] cheese - {"method":"GET","url":"/tag/list","host":"localhost:4000","message":{"message":"响应时间为：6086204"},"referer":"http://localhost:4002/","userAgent":"Mozilla/5.0 (X11; Linux x86_64) AppleWebKit/537.36 (KHTML, like Gecko) Chrome/67.0.3396.87 Safari/537.36"}
[2018-07-29T12:25:53.947] [INFO] cheese - {"method":"GET","url":"/classify/list","host":"localhost:4000","message":{"message":"响应时间为：6123063"},"referer":"http://localhost:4002/","userAgent":"Mozilla/5.0 (X11; Linux x86_64) AppleWebKit/537.36 (KHTML, like Gecko) Chrome/67.0.3396.87 Safari/537.36"}
[2018-07-29T12:25:53.953] [INFO] cheese - {"method":"GET","url":"/tag/list","host":"localhost:4000","message":{"message":"响应时间为：6123069"},"referer":"http://localhost:4002/","userAgent":"Mozilla/5.0 (X11; Linux x86_64) AppleWebKit/537.36 (KHTML, like Gecko) Chrome/67.0.3396.87 Safari/537.36"}
[2018-07-29T12:26:18.733] [INFO] cheese - {"method":"GET","url":"/tag/list","host":"localhost:4000","message":{"message":"响应时间为：6147849"},"referer":"http://localhost:4002/","userAgent":"Mozilla/5.0 (X11; Linux x86_64) AppleWebKit/537.36 (KHTML, like Gecko) Chrome/67.0.3396.87 Safari/537.36"}
[2018-07-29T12:26:18.739] [INFO] cheese - {"method":"GET","url":"/classify/list","host":"localhost:4000","message":{"message":"响应时间为：6147855"},"referer":"http://localhost:4002/","userAgent":"Mozilla/5.0 (X11; Linux x86_64) AppleWebKit/537.36 (KHTML, like Gecko) Chrome/67.0.3396.87 Safari/537.36"}
[2018-07-29T12:26:25.542] [INFO] cheese - {"method":"GET","url":"/client/series/list","host":"localhost:4000","message":{"message":"响应时间为：6154658"},"userAgent":"axios/0.18.0"}
[2018-07-29T12:26:25.547] [INFO] cheese - {"method":"GET","url":"/client/blog/list?pageindex=1","host":"localhost:4000","message":{"message":"响应时间为：6154663"},"userAgent":"axios/0.18.0"}
[2018-07-29T12:26:25.602] [INFO] cheese - {"method":"GET","url":"/classify/list","host":"localhost:4000","message":{"message":"响应时间为：6154718"},"userAgent":"axios/0.18.0"}
[2018-07-29T12:26:25.605] [INFO] cheese - {"method":"GET","url":"/tag/list","host":"localhost:4000","message":{"message":"响应时间为：6154721"},"userAgent":"axios/0.18.0"}
[2018-07-29T12:26:26.570] [INFO] cheese - {"method":"GET","url":"/classify/list","host":"localhost:4000","message":{"message":"响应时间为：6155686"},"referer":"http://localhost:4002/","userAgent":"Mozilla/5.0 (X11; Linux x86_64) AppleWebKit/537.36 (KHTML, like Gecko) Chrome/67.0.3396.87 Safari/537.36"}
[2018-07-29T12:26:26.581] [INFO] cheese - {"method":"GET","url":"/tag/list","host":"localhost:4000","message":{"message":"响应时间为：6155697"},"referer":"http://localhost:4002/","userAgent":"Mozilla/5.0 (X11; Linux x86_64) AppleWebKit/537.36 (KHTML, like Gecko) Chrome/67.0.3396.87 Safari/537.36"}
[2018-07-29T12:27:16.388] [INFO] cheese - {"method":"GET","url":"/classify/list","host":"localhost:4000","message":{"message":"响应时间为：6205504"},"referer":"http://localhost:4002/","userAgent":"Mozilla/5.0 (X11; Linux x86_64) AppleWebKit/537.36 (KHTML, like Gecko) Chrome/67.0.3396.87 Safari/537.36"}
[2018-07-29T12:27:16.394] [INFO] cheese - {"method":"GET","url":"/tag/list","host":"localhost:4000","message":{"message":"响应时间为：6205510"},"referer":"http://localhost:4002/","userAgent":"Mozilla/5.0 (X11; Linux x86_64) AppleWebKit/537.36 (KHTML, like Gecko) Chrome/67.0.3396.87 Safari/537.36"}
[2018-07-29T12:28:37.650] [INFO] cheese - {"method":"GET","url":"/classify/list","host":"localhost:4000","message":{"message":"响应时间为：6286765"},"referer":"http://localhost:4002/","userAgent":"Mozilla/5.0 (X11; Linux x86_64) AppleWebKit/537.36 (KHTML, like Gecko) Chrome/67.0.3396.87 Safari/537.36"}
[2018-07-29T12:28:37.655] [INFO] cheese - {"method":"GET","url":"/tag/list","host":"localhost:4000","message":{"message":"响应时间为：6286771"},"referer":"http://localhost:4002/","userAgent":"Mozilla/5.0 (X11; Linux x86_64) AppleWebKit/537.36 (KHTML, like Gecko) Chrome/67.0.3396.87 Safari/537.36"}
[2018-07-29T12:28:37.868] [INFO] cheese - {"method":"GET","url":"/client/series/list","host":"localhost:4000","message":{"message":"响应时间为：6286984"},"userAgent":"axios/0.18.0"}
[2018-07-29T12:28:37.878] [INFO] cheese - {"method":"GET","url":"/client/blog/list?pageindex=1","host":"localhost:4000","message":{"message":"响应时间为：6286993"},"userAgent":"axios/0.18.0"}
[2018-07-29T12:28:37.940] [INFO] cheese - {"method":"GET","url":"/classify/list","host":"localhost:4000","message":{"message":"响应时间为：6287056"},"userAgent":"axios/0.18.0"}
[2018-07-29T12:28:37.945] [INFO] cheese - {"method":"GET","url":"/tag/list","host":"localhost:4000","message":{"message":"响应时间为：6287061"},"userAgent":"axios/0.18.0"}
[2018-07-29T12:28:38.955] [INFO] cheese - {"method":"GET","url":"/classify/list","host":"localhost:4000","message":{"message":"响应时间为：6288071"},"referer":"http://localhost:4002/","userAgent":"Mozilla/5.0 (X11; Linux x86_64) AppleWebKit/537.36 (KHTML, like Gecko) Chrome/67.0.3396.87 Safari/537.36"}
[2018-07-29T12:28:38.967] [INFO] cheese - {"method":"GET","url":"/tag/list","host":"localhost:4000","message":{"message":"响应时间为：6288083"},"referer":"http://localhost:4002/","userAgent":"Mozilla/5.0 (X11; Linux x86_64) AppleWebKit/537.36 (KHTML, like Gecko) Chrome/67.0.3396.87 Safari/537.36"}
[2018-07-29T12:29:08.759] [INFO] cheese - {"method":"GET","url":"/client/blog/list?pageindex=1","host":"localhost:4000","message":{"message":"响应时间为：6317875"},"userAgent":"axios/0.18.0"}
[2018-07-29T12:29:08.760] [INFO] cheese - {"method":"GET","url":"/client/series/list","host":"localhost:4000","message":{"message":"响应时间为：6317876"},"userAgent":"axios/0.18.0"}
[2018-07-29T12:29:08.803] [INFO] cheese - {"method":"GET","url":"/classify/list","host":"localhost:4000","message":{"message":"响应时间为：6317919"},"userAgent":"axios/0.18.0"}
[2018-07-29T12:29:08.813] [INFO] cheese - {"method":"GET","url":"/tag/list","host":"localhost:4000","message":{"message":"响应时间为：6317928"},"userAgent":"axios/0.18.0"}
[2018-07-29T12:29:08.958] [INFO] cheese - {"method":"GET","url":"/tag/list","host":"localhost:4000","message":{"message":"响应时间为：6318074"},"referer":"http://localhost:4002/","userAgent":"Mozilla/5.0 (X11; Linux x86_64) AppleWebKit/537.36 (KHTML, like Gecko) Chrome/67.0.3396.87 Safari/537.36"}
[2018-07-29T12:29:09.915] [INFO] cheese - {"method":"GET","url":"/classify/list","host":"localhost:4000","message":{"message":"响应时间为：6319031"},"referer":"http://localhost:4002/","userAgent":"Mozilla/5.0 (X11; Linux x86_64) AppleWebKit/537.36 (KHTML, like Gecko) Chrome/67.0.3396.87 Safari/537.36"}
[2018-07-29T12:29:09.927] [INFO] cheese - {"method":"GET","url":"/tag/list","host":"localhost:4000","message":{"message":"响应时间为：6319043"},"referer":"http://localhost:4002/","userAgent":"Mozilla/5.0 (X11; Linux x86_64) AppleWebKit/537.36 (KHTML, like Gecko) Chrome/67.0.3396.87 Safari/537.36"}
[2018-07-29T12:30:05.288] [INFO] cheese - {"method":"GET","url":"/client/series/list","host":"localhost:4000","message":{"message":"响应时间为：6374404"},"userAgent":"axios/0.18.0"}
[2018-07-29T12:30:05.297] [INFO] cheese - {"method":"GET","url":"/client/blog/list?pageindex=1","host":"localhost:4000","message":{"message":"响应时间为：6374413"},"userAgent":"axios/0.18.0"}
[2018-07-29T12:30:05.457] [INFO] cheese - {"method":"GET","url":"/classify/list","host":"localhost:4000","message":{"message":"响应时间为：6374573"},"userAgent":"axios/0.18.0"}
[2018-07-29T12:30:05.472] [INFO] cheese - {"method":"GET","url":"/tag/list","host":"localhost:4000","message":{"message":"响应时间为：6374588"},"userAgent":"axios/0.18.0"}
[2018-07-29T12:30:05.571] [INFO] cheese - {"method":"GET","url":"/classify/list","host":"localhost:4000","message":{"message":"响应时间为：6374687"},"referer":"http://localhost:4002/","userAgent":"Mozilla/5.0 (X11; Linux x86_64) AppleWebKit/537.36 (KHTML, like Gecko) Chrome/67.0.3396.87 Safari/537.36"}
[2018-07-29T12:30:05.573] [INFO] cheese - {"method":"GET","url":"/tag/list","host":"localhost:4000","message":{"message":"响应时间为：6374689"},"referer":"http://localhost:4002/","userAgent":"Mozilla/5.0 (X11; Linux x86_64) AppleWebKit/537.36 (KHTML, like Gecko) Chrome/67.0.3396.87 Safari/537.36"}
[2018-07-29T12:30:06.438] [INFO] cheese - {"method":"GET","url":"/classify/list","host":"localhost:4000","message":{"message":"响应时间为：6375554"},"referer":"http://localhost:4002/","userAgent":"Mozilla/5.0 (X11; Linux x86_64) AppleWebKit/537.36 (KHTML, like Gecko) Chrome/67.0.3396.87 Safari/537.36"}
[2018-07-29T12:30:06.448] [INFO] cheese - {"method":"GET","url":"/tag/list","host":"localhost:4000","message":{"message":"响应时间为：6375564"},"referer":"http://localhost:4002/","userAgent":"Mozilla/5.0 (X11; Linux x86_64) AppleWebKit/537.36 (KHTML, like Gecko) Chrome/67.0.3396.87 Safari/537.36"}
[2018-07-29T12:30:23.444] [INFO] cheese - {"method":"GET","url":"/classify/list","host":"localhost:4000","message":{"message":"响应时间为：6392560"},"referer":"http://localhost:4002/","userAgent":"Mozilla/5.0 (X11; Linux x86_64) AppleWebKit/537.36 (KHTML, like Gecko) Chrome/67.0.3396.87 Safari/537.36"}
[2018-07-29T12:30:23.448] [INFO] cheese - {"method":"GET","url":"/tag/list","host":"localhost:4000","message":{"message":"响应时间为：6392564"},"referer":"http://localhost:4002/","userAgent":"Mozilla/5.0 (X11; Linux x86_64) AppleWebKit/537.36 (KHTML, like Gecko) Chrome/67.0.3396.87 Safari/537.36"}
[2018-07-29T12:31:43.228] [INFO] cheese - {"method":"GET","url":"/classify/list","host":"localhost:4000","message":{"message":"响应时间为：6472344"},"referer":"http://localhost:4002/","userAgent":"Mozilla/5.0 (X11; Linux x86_64) AppleWebKit/537.36 (KHTML, like Gecko) Chrome/67.0.3396.87 Safari/537.36"}
[2018-07-29T12:31:43.231] [INFO] cheese - {"method":"GET","url":"/tag/list","host":"localhost:4000","message":{"message":"响应时间为：6472347"},"referer":"http://localhost:4002/","userAgent":"Mozilla/5.0 (X11; Linux x86_64) AppleWebKit/537.36 (KHTML, like Gecko) Chrome/67.0.3396.87 Safari/537.36"}
[2018-07-29T12:31:45.279] [INFO] cheese - {"method":"GET","url":"/client/series/list","host":"localhost:4000","message":{"message":"响应时间为：6474395"},"userAgent":"axios/0.18.0"}
[2018-07-29T12:31:45.286] [INFO] cheese - {"method":"GET","url":"/client/blog/list?pageindex=1","host":"localhost:4000","message":{"message":"响应时间为：6474401"},"userAgent":"axios/0.18.0"}
[2018-07-29T12:31:45.338] [INFO] cheese - {"method":"GET","url":"/tag/list","host":"localhost:4000","message":{"message":"响应时间为：6474454"},"userAgent":"axios/0.18.0"}
[2018-07-29T12:31:45.341] [INFO] cheese - {"method":"GET","url":"/classify/list","host":"localhost:4000","message":{"message":"响应时间为：6474457"},"userAgent":"axios/0.18.0"}
[2018-07-29T12:31:46.276] [INFO] cheese - {"method":"GET","url":"/classify/list","host":"localhost:4000","message":{"message":"响应时间为：6475392"},"referer":"http://localhost:4002/","userAgent":"Mozilla/5.0 (X11; Linux x86_64) AppleWebKit/537.36 (KHTML, like Gecko) Chrome/67.0.3396.87 Safari/537.36"}
[2018-07-29T12:31:46.295] [INFO] cheese - {"method":"GET","url":"/tag/list","host":"localhost:4000","message":{"message":"响应时间为：6475411"},"referer":"http://localhost:4002/","userAgent":"Mozilla/5.0 (X11; Linux x86_64) AppleWebKit/537.36 (KHTML, like Gecko) Chrome/67.0.3396.87 Safari/537.36"}
[2018-07-29T12:35:07.201] [INFO] cheese - {"method":"GET","url":"/classify/list","host":"localhost:4000","message":{"message":"响应时间为：6676316"},"referer":"http://localhost:4002/","userAgent":"Mozilla/5.0 (X11; Linux x86_64) AppleWebKit/537.36 (KHTML, like Gecko) Chrome/67.0.3396.87 Safari/537.36"}
[2018-07-29T12:35:07.208] [INFO] cheese - {"method":"GET","url":"/tag/list","host":"localhost:4000","message":{"message":"响应时间为：6676324"},"referer":"http://localhost:4002/","userAgent":"Mozilla/5.0 (X11; Linux x86_64) AppleWebKit/537.36 (KHTML, like Gecko) Chrome/67.0.3396.87 Safari/537.36"}
[2018-07-29T12:35:51.515] [INFO] cheese - {"method":"GET","url":"/client/series/list","host":"localhost:4000","message":{"message":"响应时间为：6720631"},"userAgent":"axios/0.18.0"}
[2018-07-29T12:35:51.534] [INFO] cheese - {"method":"GET","url":"/client/blog/list?pageindex=1","host":"localhost:4000","message":{"message":"响应时间为：6720650"},"userAgent":"axios/0.18.0"}
[2018-07-29T12:35:51.713] [INFO] cheese - {"method":"GET","url":"/classify/list","host":"localhost:4000","message":{"message":"响应时间为：6720829"},"userAgent":"axios/0.18.0"}
[2018-07-29T12:35:51.719] [INFO] cheese - {"method":"GET","url":"/tag/list","host":"localhost:4000","message":{"message":"响应时间为：6720835"},"userAgent":"axios/0.18.0"}
[2018-07-29T12:35:52.707] [INFO] cheese - {"method":"GET","url":"/classify/list","host":"localhost:4000","message":{"message":"响应时间为：6721823"},"referer":"http://localhost:4002/","userAgent":"Mozilla/5.0 (X11; Linux x86_64) AppleWebKit/537.36 (KHTML, like Gecko) Chrome/67.0.3396.87 Safari/537.36"}
[2018-07-29T12:35:52.729] [INFO] cheese - {"method":"GET","url":"/tag/list","host":"localhost:4000","message":{"message":"响应时间为：6721845"},"referer":"http://localhost:4002/","userAgent":"Mozilla/5.0 (X11; Linux x86_64) AppleWebKit/537.36 (KHTML, like Gecko) Chrome/67.0.3396.87 Safari/537.36"}
[2018-07-29T12:36:06.577] [INFO] cheese - {"method":"GET","url":"/classify/list","host":"localhost:4000","message":{"message":"响应时间为：6735693"},"referer":"http://localhost:4002/","userAgent":"Mozilla/5.0 (X11; Linux x86_64) AppleWebKit/537.36 (KHTML, like Gecko) Chrome/67.0.3396.87 Safari/537.36"}
[2018-07-29T12:36:06.580] [INFO] cheese - {"method":"GET","url":"/tag/list","host":"localhost:4000","message":{"message":"响应时间为：6735696"},"referer":"http://localhost:4002/","userAgent":"Mozilla/5.0 (X11; Linux x86_64) AppleWebKit/537.36 (KHTML, like Gecko) Chrome/67.0.3396.87 Safari/537.36"}
[2018-07-29T12:43:38.684] [INFO] cheese - {"method":"GET","url":"/classify/list","host":"localhost:4000","message":{"message":"响应时间为：7187800"},"referer":"http://localhost:4002/","userAgent":"Mozilla/5.0 (X11; Linux x86_64) AppleWebKit/537.36 (KHTML, like Gecko) Chrome/67.0.3396.87 Safari/537.36"}
[2018-07-29T12:43:38.688] [INFO] cheese - {"method":"GET","url":"/tag/list","host":"localhost:4000","message":{"message":"响应时间为：7187804"},"referer":"http://localhost:4002/","userAgent":"Mozilla/5.0 (X11; Linux x86_64) AppleWebKit/537.36 (KHTML, like Gecko) Chrome/67.0.3396.87 Safari/537.36"}
[2018-07-29T12:43:48.406] [INFO] cheese - {"method":"GET","url":"/client/series/list","host":"localhost:4000","message":{"message":"响应时间为：7197522"},"userAgent":"axios/0.18.0"}
[2018-07-29T12:43:48.413] [INFO] cheese - {"method":"GET","url":"/client/blog/list?pageindex=1","host":"localhost:4000","message":{"message":"响应时间为：7197528"},"userAgent":"axios/0.18.0"}
[2018-07-29T12:43:48.473] [INFO] cheese - {"method":"GET","url":"/classify/list","host":"localhost:4000","message":{"message":"响应时间为：7197588"},"userAgent":"axios/0.18.0"}
[2018-07-29T12:43:48.479] [INFO] cheese - {"method":"GET","url":"/tag/list","host":"localhost:4000","message":{"message":"响应时间为：7197595"},"userAgent":"axios/0.18.0"}
[2018-07-29T12:43:49.466] [INFO] cheese - {"method":"GET","url":"/classify/list","host":"localhost:4000","message":{"message":"响应时间为：7198582"},"referer":"http://localhost:4002/","userAgent":"Mozilla/5.0 (X11; Linux x86_64) AppleWebKit/537.36 (KHTML, like Gecko) Chrome/67.0.3396.87 Safari/537.36"}
[2018-07-29T12:43:49.481] [INFO] cheese - {"method":"GET","url":"/tag/list","host":"localhost:4000","message":{"message":"响应时间为：7198597"},"referer":"http://localhost:4002/","userAgent":"Mozilla/5.0 (X11; Linux x86_64) AppleWebKit/537.36 (KHTML, like Gecko) Chrome/67.0.3396.87 Safari/537.36"}
[2018-07-29T12:44:56.127] [INFO] cheese - {"method":"GET","url":"/classify/list","host":"localhost:4000","message":{"message":"响应时间为：7265242"},"referer":"http://localhost:4002/","userAgent":"Mozilla/5.0 (X11; Linux x86_64) AppleWebKit/537.36 (KHTML, like Gecko) Chrome/67.0.3396.87 Safari/537.36"}
[2018-07-29T12:44:56.129] [INFO] cheese - {"method":"GET","url":"/tag/list","host":"localhost:4000","message":{"message":"响应时间为：7265245"},"referer":"http://localhost:4002/","userAgent":"Mozilla/5.0 (X11; Linux x86_64) AppleWebKit/537.36 (KHTML, like Gecko) Chrome/67.0.3396.87 Safari/537.36"}
[2018-07-29T12:45:08.772] [INFO] cheese - {"method":"GET","url":"/client/series/list","host":"localhost:4000","message":{"message":"响应时间为：7277888"},"userAgent":"axios/0.18.0"}
[2018-07-29T12:45:08.774] [INFO] cheese - {"method":"GET","url":"/client/blog/list?pageindex=1","host":"localhost:4000","message":{"message":"响应时间为：7277890"},"userAgent":"axios/0.18.0"}
[2018-07-29T12:45:08.852] [INFO] cheese - {"method":"GET","url":"/classify/list","host":"localhost:4000","message":{"message":"响应时间为：7277968"},"userAgent":"axios/0.18.0"}
[2018-07-29T12:45:08.859] [INFO] cheese - {"method":"GET","url":"/tag/list","host":"localhost:4000","message":{"message":"响应时间为：7277975"},"userAgent":"axios/0.18.0"}
[2018-07-29T12:45:09.818] [INFO] cheese - {"method":"GET","url":"/classify/list","host":"localhost:4000","message":{"message":"响应时间为：7278934"},"referer":"http://localhost:4002/","userAgent":"Mozilla/5.0 (X11; Linux x86_64) AppleWebKit/537.36 (KHTML, like Gecko) Chrome/67.0.3396.87 Safari/537.36"}
[2018-07-29T12:45:09.821] [INFO] cheese - {"method":"GET","url":"/tag/list","host":"localhost:4000","message":{"message":"响应时间为：7278937"},"referer":"http://localhost:4002/","userAgent":"Mozilla/5.0 (X11; Linux x86_64) AppleWebKit/537.36 (KHTML, like Gecko) Chrome/67.0.3396.87 Safari/537.36"}
[2018-07-29T12:45:31.462] [INFO] cheese - {"method":"GET","url":"/client/series/list","host":"localhost:4000","message":{"message":"响应时间为：7300578"},"userAgent":"axios/0.18.0"}
[2018-07-29T12:45:31.467] [INFO] cheese - {"method":"GET","url":"/client/blog/list?pageindex=1","host":"localhost:4000","message":{"message":"响应时间为：7300583"},"userAgent":"axios/0.18.0"}
[2018-07-29T12:45:31.520] [INFO] cheese - {"method":"GET","url":"/classify/list","host":"localhost:4000","message":{"message":"响应时间为：7300635"},"userAgent":"axios/0.18.0"}
[2018-07-29T12:45:31.525] [INFO] cheese - {"method":"GET","url":"/tag/list","host":"localhost:4000","message":{"message":"响应时间为：7300641"},"userAgent":"axios/0.18.0"}
[2018-07-29T12:45:32.514] [INFO] cheese - {"method":"GET","url":"/classify/list","host":"localhost:4000","message":{"message":"响应时间为：7301630"},"referer":"http://localhost:4002/","userAgent":"Mozilla/5.0 (X11; Linux x86_64) AppleWebKit/537.36 (KHTML, like Gecko) Chrome/67.0.3396.87 Safari/537.36"}
[2018-07-29T12:45:32.517] [INFO] cheese - {"method":"GET","url":"/tag/list","host":"localhost:4000","message":{"message":"响应时间为：7301633"},"referer":"http://localhost:4002/","userAgent":"Mozilla/5.0 (X11; Linux x86_64) AppleWebKit/537.36 (KHTML, like Gecko) Chrome/67.0.3396.87 Safari/537.36"}
[2018-07-29T12:48:45.779] [INFO] cheese - {"method":"GET","url":"/client/series/list","host":"localhost:4000","message":{"message":"响应时间为：7494894"},"userAgent":"axios/0.18.0"}
[2018-07-29T12:48:45.785] [INFO] cheese - {"method":"GET","url":"/client/blog/list?pageindex=1","host":"localhost:4000","message":{"message":"响应时间为：7494901"},"userAgent":"axios/0.18.0"}
[2018-07-29T12:48:45.870] [INFO] cheese - {"method":"GET","url":"/classify/list","host":"localhost:4000","message":{"message":"响应时间为：7494985"},"userAgent":"axios/0.18.0"}
[2018-07-29T12:48:45.876] [INFO] cheese - {"method":"GET","url":"/tag/list","host":"localhost:4000","message":{"message":"响应时间为：7494992"},"userAgent":"axios/0.18.0"}
[2018-07-29T12:48:46.831] [INFO] cheese - {"method":"GET","url":"/classify/list","host":"localhost:4000","message":{"message":"响应时间为：7495947"},"referer":"http://localhost:4002/","userAgent":"Mozilla/5.0 (X11; Linux x86_64) AppleWebKit/537.36 (KHTML, like Gecko) Chrome/67.0.3396.87 Safari/537.36"}
[2018-07-29T12:48:46.838] [INFO] cheese - {"method":"GET","url":"/tag/list","host":"localhost:4000","message":{"message":"响应时间为：7495954"},"referer":"http://localhost:4002/","userAgent":"Mozilla/5.0 (X11; Linux x86_64) AppleWebKit/537.36 (KHTML, like Gecko) Chrome/67.0.3396.87 Safari/537.36"}
[2018-07-29T12:49:18.494] [INFO] cheese - {"method":"GET","url":"/client/series/list","host":"localhost:4000","message":{"message":"响应时间为：7527610"},"userAgent":"axios/0.18.0"}
[2018-07-29T12:49:18.499] [INFO] cheese - {"method":"GET","url":"/client/blog/list?pageindex=1","host":"localhost:4000","message":{"message":"响应时间为：7527615"},"userAgent":"axios/0.18.0"}
[2018-07-29T12:49:18.546] [INFO] cheese - {"method":"GET","url":"/classify/list","host":"localhost:4000","message":{"message":"响应时间为：7527662"},"userAgent":"axios/0.18.0"}
[2018-07-29T12:49:18.550] [INFO] cheese - {"method":"GET","url":"/tag/list","host":"localhost:4000","message":{"message":"响应时间为：7527666"},"userAgent":"axios/0.18.0"}
[2018-07-29T12:49:19.635] [INFO] cheese - {"method":"GET","url":"/classify/list","host":"localhost:4000","message":{"message":"响应时间为：7528751"},"referer":"http://localhost:4002/","userAgent":"Mozilla/5.0 (X11; Linux x86_64) AppleWebKit/537.36 (KHTML, like Gecko) Chrome/67.0.3396.87 Safari/537.36"}
[2018-07-29T12:49:19.644] [INFO] cheese - {"method":"GET","url":"/tag/list","host":"localhost:4000","message":{"message":"响应时间为：7528760"},"referer":"http://localhost:4002/","userAgent":"Mozilla/5.0 (X11; Linux x86_64) AppleWebKit/537.36 (KHTML, like Gecko) Chrome/67.0.3396.87 Safari/537.36"}
[2018-07-29T12:49:54.905] [INFO] cheese - {"method":"GET","url":"/classify/list","host":"localhost:4000","message":{"message":"响应时间为：7564021"},"referer":"http://localhost:4002/","userAgent":"Mozilla/5.0 (X11; Linux x86_64) AppleWebKit/537.36 (KHTML, like Gecko) Chrome/67.0.3396.87 Safari/537.36"}
[2018-07-29T12:49:54.908] [INFO] cheese - {"method":"GET","url":"/tag/list","host":"localhost:4000","message":{"message":"响应时间为：7564024"},"referer":"http://localhost:4002/","userAgent":"Mozilla/5.0 (X11; Linux x86_64) AppleWebKit/537.36 (KHTML, like Gecko) Chrome/67.0.3396.87 Safari/537.36"}
[2018-07-29T12:49:54.974] [INFO] cheese - {"method":"GET","url":"/client/series/list","host":"localhost:4000","message":{"message":"响应时间为：7564090"},"userAgent":"axios/0.18.0"}
[2018-07-29T12:49:54.979] [INFO] cheese - {"method":"GET","url":"/client/blog/list?pageindex=1","host":"localhost:4000","message":{"message":"响应时间为：7564095"},"userAgent":"axios/0.18.0"}
[2018-07-29T12:49:55.038] [INFO] cheese - {"method":"GET","url":"/classify/list","host":"localhost:4000","message":{"message":"响应时间为：7564154"},"userAgent":"axios/0.18.0"}
[2018-07-29T12:49:55.042] [INFO] cheese - {"method":"GET","url":"/tag/list","host":"localhost:4000","message":{"message":"响应时间为：7564157"},"userAgent":"axios/0.18.0"}
[2018-07-29T12:49:56.062] [INFO] cheese - {"method":"GET","url":"/classify/list","host":"localhost:4000","message":{"message":"响应时间为：7565178"},"referer":"http://localhost:4002/","userAgent":"Mozilla/5.0 (X11; Linux x86_64) AppleWebKit/537.36 (KHTML, like Gecko) Chrome/67.0.3396.87 Safari/537.36"}
[2018-07-29T12:49:56.071] [INFO] cheese - {"method":"GET","url":"/tag/list","host":"localhost:4000","message":{"message":"响应时间为：7565187"},"referer":"http://localhost:4002/","userAgent":"Mozilla/5.0 (X11; Linux x86_64) AppleWebKit/537.36 (KHTML, like Gecko) Chrome/67.0.3396.87 Safari/537.36"}
[2018-07-29T12:52:43.640] [INFO] cheese - {"method":"GET","url":"/classify/list","host":"localhost:4000","message":{"message":"响应时间为：7732756"},"referer":"http://localhost:4002/","userAgent":"Mozilla/5.0 (X11; Linux x86_64) AppleWebKit/537.36 (KHTML, like Gecko) Chrome/67.0.3396.87 Safari/537.36"}
[2018-07-29T12:52:43.644] [INFO] cheese - {"method":"GET","url":"/tag/list","host":"localhost:4000","message":{"message":"响应时间为：7732760"},"referer":"http://localhost:4002/","userAgent":"Mozilla/5.0 (X11; Linux x86_64) AppleWebKit/537.36 (KHTML, like Gecko) Chrome/67.0.3396.87 Safari/537.36"}
[2018-07-29T12:52:50.955] [INFO] cheese - {"method":"GET","url":"/classify/list","host":"localhost:4000","message":{"message":"响应时间为：7740071"},"referer":"http://localhost:4002/","userAgent":"Mozilla/5.0 (X11; Linux x86_64) AppleWebKit/537.36 (KHTML, like Gecko) Chrome/67.0.3396.87 Safari/537.36"}
[2018-07-29T12:52:50.958] [INFO] cheese - {"method":"GET","url":"/tag/list","host":"localhost:4000","message":{"message":"响应时间为：7740074"},"referer":"http://localhost:4002/","userAgent":"Mozilla/5.0 (X11; Linux x86_64) AppleWebKit/537.36 (KHTML, like Gecko) Chrome/67.0.3396.87 Safari/537.36"}
[2018-07-29T12:52:54.464] [INFO] cheese - {"method":"GET","url":"/client/series/list","host":"localhost:4000","message":{"message":"响应时间为：7743580"},"userAgent":"axios/0.18.0"}
[2018-07-29T12:52:54.475] [INFO] cheese - {"method":"GET","url":"/client/blog/list?pageindex=1","host":"localhost:4000","message":{"message":"响应时间为：7743591"},"userAgent":"axios/0.18.0"}
[2018-07-29T12:52:54.544] [INFO] cheese - {"method":"GET","url":"/classify/list","host":"localhost:4000","message":{"message":"响应时间为：7743660"},"userAgent":"axios/0.18.0"}
[2018-07-29T12:52:54.551] [INFO] cheese - {"method":"GET","url":"/tag/list","host":"localhost:4000","message":{"message":"响应时间为：7743667"},"userAgent":"axios/0.18.0"}
[2018-07-29T12:52:55.672] [INFO] cheese - {"method":"GET","url":"/classify/list","host":"localhost:4000","message":{"message":"响应时间为：7744788"},"referer":"http://localhost:4002/","userAgent":"Mozilla/5.0 (X11; Linux x86_64) AppleWebKit/537.36 (KHTML, like Gecko) Chrome/67.0.3396.87 Safari/537.36"}
[2018-07-29T12:52:55.675] [INFO] cheese - {"method":"GET","url":"/tag/list","host":"localhost:4000","message":{"message":"响应时间为：7744791"},"referer":"http://localhost:4002/","userAgent":"Mozilla/5.0 (X11; Linux x86_64) AppleWebKit/537.36 (KHTML, like Gecko) Chrome/67.0.3396.87 Safari/537.36"}
[2018-07-29T12:53:16.419] [INFO] cheese - {"method":"GET","url":"/client/blog/list?pageindex=1","host":"localhost:4000","message":{"message":"响应时间为：7765535"},"userAgent":"axios/0.18.0"}
[2018-07-29T12:53:16.437] [INFO] cheese - {"method":"GET","url":"/client/series/list","host":"localhost:4000","message":{"message":"响应时间为：7765552"},"userAgent":"axios/0.18.0"}
[2018-07-29T12:53:16.490] [INFO] cheese - {"method":"GET","url":"/classify/list","host":"localhost:4000","message":{"message":"响应时间为：7765606"},"userAgent":"axios/0.18.0"}
[2018-07-29T12:53:16.496] [INFO] cheese - {"method":"GET","url":"/tag/list","host":"localhost:4000","message":{"message":"响应时间为：7765612"},"userAgent":"axios/0.18.0"}
[2018-07-29T12:53:17.463] [INFO] cheese - {"method":"GET","url":"/classify/list","host":"localhost:4000","message":{"message":"响应时间为：7766579"},"referer":"http://localhost:4002/","userAgent":"Mozilla/5.0 (X11; Linux x86_64) AppleWebKit/537.36 (KHTML, like Gecko) Chrome/67.0.3396.87 Safari/537.36"}
[2018-07-29T12:53:17.467] [INFO] cheese - {"method":"GET","url":"/tag/list","host":"localhost:4000","message":{"message":"响应时间为：7766583"},"referer":"http://localhost:4002/","userAgent":"Mozilla/5.0 (X11; Linux x86_64) AppleWebKit/537.36 (KHTML, like Gecko) Chrome/67.0.3396.87 Safari/537.36"}
[2018-07-29T12:54:18.600] [INFO] cheese - {"method":"GET","url":"/client/series/list","host":"localhost:4000","message":{"message":"响应时间为：7827716"},"userAgent":"axios/0.18.0"}
[2018-07-29T12:54:18.606] [INFO] cheese - {"method":"GET","url":"/client/blog/list?pageindex=1","host":"localhost:4000","message":{"message":"响应时间为：7827722"},"userAgent":"axios/0.18.0"}
[2018-07-29T12:54:30.228] [INFO] cheese - {"method":"GET","url":"/client/series/list","host":"localhost:4000","message":{"message":"响应时间为：7839344"},"userAgent":"axios/0.18.0"}
[2018-07-29T12:54:30.232] [INFO] cheese - {"method":"GET","url":"/client/blog/list?pageindex=1","host":"localhost:4000","message":{"message":"响应时间为：7839348"},"userAgent":"axios/0.18.0"}
[2018-07-29T12:54:30.269] [INFO] cheese - {"method":"GET","url":"/classify/list","host":"localhost:4000","message":{"message":"响应时间为：7839385"},"userAgent":"axios/0.18.0"}
[2018-07-29T12:54:30.274] [INFO] cheese - {"method":"GET","url":"/tag/list","host":"localhost:4000","message":{"message":"响应时间为：7839390"},"userAgent":"axios/0.18.0"}
[2018-07-29T12:54:31.117] [INFO] cheese - {"method":"GET","url":"/classify/list","host":"localhost:4000","message":{"message":"响应时间为：7840233"},"referer":"http://localhost:4002/","userAgent":"Mozilla/5.0 (X11; Linux x86_64) AppleWebKit/537.36 (KHTML, like Gecko) Chrome/67.0.3396.87 Safari/537.36"}
[2018-07-29T12:54:31.128] [INFO] cheese - {"method":"GET","url":"/tag/list","host":"localhost:4000","message":{"message":"响应时间为：7840244"},"referer":"http://localhost:4002/","userAgent":"Mozilla/5.0 (X11; Linux x86_64) AppleWebKit/537.36 (KHTML, like Gecko) Chrome/67.0.3396.87 Safari/537.36"}
[2018-07-29T12:55:30.861] [INFO] cheese - {"method":"GET","url":"/client/blog/list?pageindex=1","host":"localhost:4000","message":{"message":"响应时间为：7899977"},"userAgent":"axios/0.18.0"}
[2018-07-29T12:55:30.887] [INFO] cheese - {"method":"GET","url":"/client/series/list","host":"localhost:4000","message":{"message":"响应时间为：7900003"},"userAgent":"axios/0.18.0"}
[2018-07-29T12:55:31.211] [INFO] cheese - {"method":"GET","url":"/classify/list","host":"localhost:4000","message":{"message":"响应时间为：7900327"},"userAgent":"axios/0.18.0"}
[2018-07-29T12:55:31.214] [INFO] cheese - {"method":"GET","url":"/tag/list","host":"localhost:4000","message":{"message":"响应时间为：7900330"},"userAgent":"axios/0.18.0"}
[2018-07-29T12:55:32.183] [INFO] cheese - {"method":"GET","url":"/classify/list","host":"localhost:4000","message":{"message":"响应时间为：7901299"},"referer":"http://localhost:4002/","userAgent":"Mozilla/5.0 (X11; Linux x86_64) AppleWebKit/537.36 (KHTML, like Gecko) Chrome/67.0.3396.87 Safari/537.36"}
[2018-07-29T12:55:32.192] [INFO] cheese - {"method":"GET","url":"/tag/list","host":"localhost:4000","message":{"message":"响应时间为：7901308"},"referer":"http://localhost:4002/","userAgent":"Mozilla/5.0 (X11; Linux x86_64) AppleWebKit/537.36 (KHTML, like Gecko) Chrome/67.0.3396.87 Safari/537.36"}
[2018-07-29T12:55:47.646] [INFO] cheese - {"method":"GET","url":"/classify/list","host":"localhost:4000","message":{"message":"响应时间为：7916762"},"referer":"http://localhost:4002/","userAgent":"Mozilla/5.0 (X11; Linux x86_64) AppleWebKit/537.36 (KHTML, like Gecko) Chrome/67.0.3396.87 Safari/537.36"}
[2018-07-29T12:55:47.653] [INFO] cheese - {"method":"GET","url":"/tag/list","host":"localhost:4000","message":{"message":"响应时间为：7916769"},"referer":"http://localhost:4002/","userAgent":"Mozilla/5.0 (X11; Linux x86_64) AppleWebKit/537.36 (KHTML, like Gecko) Chrome/67.0.3396.87 Safari/537.36"}
[2018-07-29T13:14:52.677] [INFO] cheese - {"method":"GET","url":"/classify/list","host":"localhost:4000","message":{"message":"响应时间为：9061793"},"referer":"http://localhost:4002/","userAgent":"Mozilla/5.0 (X11; Linux x86_64) AppleWebKit/537.36 (KHTML, like Gecko) Chrome/67.0.3396.87 Safari/537.36"}
[2018-07-29T13:14:52.679] [INFO] cheese - {"method":"GET","url":"/tag/list","host":"localhost:4000","message":{"message":"响应时间为：9061795"},"referer":"http://localhost:4002/","userAgent":"Mozilla/5.0 (X11; Linux x86_64) AppleWebKit/537.36 (KHTML, like Gecko) Chrome/67.0.3396.87 Safari/537.36"}
[2018-07-29T13:14:54.805] [INFO] cheese - {"method":"GET","url":"/client/series/list","host":"localhost:4000","message":{"message":"响应时间为：9063920"},"userAgent":"axios/0.18.0"}
[2018-07-29T13:14:54.809] [INFO] cheese - {"method":"GET","url":"/client/blog/list?pageindex=1","host":"localhost:4000","message":{"message":"响应时间为：9063925"},"userAgent":"axios/0.18.0"}
[2018-07-29T13:14:54.869] [INFO] cheese - {"method":"GET","url":"/classify/list","host":"localhost:4000","message":{"message":"响应时间为：9063985"},"userAgent":"axios/0.18.0"}
[2018-07-29T13:14:54.872] [INFO] cheese - {"method":"GET","url":"/tag/list","host":"localhost:4000","message":{"message":"响应时间为：9063988"},"userAgent":"axios/0.18.0"}
[2018-07-29T13:14:55.855] [INFO] cheese - {"method":"GET","url":"/classify/list","host":"localhost:4000","message":{"message":"响应时间为：9064971"},"referer":"http://localhost:4002/","userAgent":"Mozilla/5.0 (X11; Linux x86_64) AppleWebKit/537.36 (KHTML, like Gecko) Chrome/67.0.3396.87 Safari/537.36"}
[2018-07-29T13:14:55.865] [INFO] cheese - {"method":"GET","url":"/tag/list","host":"localhost:4000","message":{"message":"响应时间为：9064981"},"referer":"http://localhost:4002/","userAgent":"Mozilla/5.0 (X11; Linux x86_64) AppleWebKit/537.36 (KHTML, like Gecko) Chrome/67.0.3396.87 Safari/537.36"}
