[2019-03-09T23:01:45.705] [INFO] cheese - {"method":"POST","url":"/admin/user/login","host":"localhost:4000","message":{"message":"响应时间为：1197"},"referer":"http://localhost:4001/","userAgent":"Mozilla/5.0 (X11; Linux x86_64) AppleWebKit/537.36 (KHTML, like Gecko) Chrome/67.0.3396.87 Safari/537.36"}
[2019-03-09T23:01:45.748] [INFO] cheese - {"method":"GET","url":"/admin/user/info","host":"localhost:4000","message":{"message":"响应时间为：1241"},"referer":"http://localhost:4001/","userAgent":"Mozilla/5.0 (X11; Linux x86_64) AppleWebKit/537.36 (KHTML, like Gecko) Chrome/67.0.3396.87 Safari/537.36"}
[2019-03-09T23:01:49.911] [INFO] cheese - {"method":"GET","url":"/blog/list?pagesize=1000","host":"localhost:4000","message":{"message":"响应时间为：5404"},"referer":"http://localhost:4001/","userAgent":"Mozilla/5.0 (X11; Linux x86_64) AppleWebKit/537.36 (KHTML, like Gecko) Chrome/67.0.3396.87 Safari/537.36"}
[2019-03-09T23:01:49.941] [INFO] cheese - {"method":"GET","url":"/tag/list","host":"localhost:4000","message":{"message":"响应时间为：5434"},"referer":"http://localhost:4001/","userAgent":"Mozilla/5.0 (X11; Linux x86_64) AppleWebKit/537.36 (KHTML, like Gecko) Chrome/67.0.3396.87 Safari/537.36"}
[2019-03-09T23:01:49.957] [INFO] cheese - {"method":"GET","url":"/classify/list","host":"localhost:4000","message":{"message":"响应时间为：5450"},"referer":"http://localhost:4001/","userAgent":"Mozilla/5.0 (X11; Linux x86_64) AppleWebKit/537.36 (KHTML, like Gecko) Chrome/67.0.3396.87 Safari/537.36"}
[2019-03-09T23:01:53.716] [INFO] cheese - {"method":"GET","url":"/blog/detail?id=5c2241d12b32191651248e66","host":"localhost:4000","message":{"message":"响应时间为：9208"},"referer":"http://localhost:4001/","userAgent":"Mozilla/5.0 (X11; Linux x86_64) AppleWebKit/537.36 (KHTML, like Gecko) Chrome/67.0.3396.87 Safari/537.36"}
[2019-03-09T23:01:53.729] [INFO] cheese - {"method":"GET","url":"/tag/list","host":"localhost:4000","message":{"message":"响应时间为：9222"},"referer":"http://localhost:4001/","userAgent":"Mozilla/5.0 (X11; Linux x86_64) AppleWebKit/537.36 (KHTML, like Gecko) Chrome/67.0.3396.87 Safari/537.36"}
[2019-03-09T23:01:53.738] [INFO] cheese - {"method":"GET","url":"/classify/list","host":"localhost:4000","message":{"message":"响应时间为：9230"},"referer":"http://localhost:4001/","userAgent":"Mozilla/5.0 (X11; Linux x86_64) AppleWebKit/537.36 (KHTML, like Gecko) Chrome/67.0.3396.87 Safari/537.36"}
[2019-03-09T23:01:53.839] [INFO] cheese - {"method":"GET","url":"/series/list","host":"localhost:4000","message":{"message":"响应时间为：9332"},"referer":"http://localhost:4001/","userAgent":"Mozilla/5.0 (X11; Linux x86_64) AppleWebKit/537.36 (KHTML, like Gecko) Chrome/67.0.3396.87 Safari/537.36"}
[2019-03-09T23:04:42.189] [INFO] cheese - {"method":"GET","url":"/tag/list","host":"localhost:4000","message":{"message":"响应时间为：177682"},"referer":"http://localhost:4001/","userAgent":"Mozilla/5.0 (X11; Linux x86_64) AppleWebKit/537.36 (KHTML, like Gecko) Chrome/67.0.3396.87 Safari/537.36"}
[2019-03-09T23:04:42.199] [INFO] cheese - {"method":"GET","url":"/classify/list","host":"localhost:4000","message":{"message":"响应时间为：177692"},"referer":"http://localhost:4001/","userAgent":"Mozilla/5.0 (X11; Linux x86_64) AppleWebKit/537.36 (KHTML, like Gecko) Chrome/67.0.3396.87 Safari/537.36"}
[2019-03-09T23:04:42.212] [INFO] cheese - {"method":"GET","url":"/series/list","host":"localhost:4000","message":{"message":"响应时间为：177705"},"referer":"http://localhost:4001/","userAgent":"Mozilla/5.0 (X11; Linux x86_64) AppleWebKit/537.36 (KHTML, like Gecko) Chrome/67.0.3396.87 Safari/537.36"}
[2019-03-09T23:06:04.765] [INFO] cheese - {"method":"GET","url":"/tag/list","host":"localhost:4000","message":{"message":"响应时间为：260258"},"referer":"http://localhost:4001/","userAgent":"Mozilla/5.0 (X11; Linux x86_64) AppleWebKit/537.36 (KHTML, like Gecko) Chrome/67.0.3396.87 Safari/537.36"}
[2019-03-09T23:06:04.771] [INFO] cheese - {"method":"GET","url":"/classify/list","host":"localhost:4000","message":{"message":"响应时间为：260264"},"referer":"http://localhost:4001/","userAgent":"Mozilla/5.0 (X11; Linux x86_64) AppleWebKit/537.36 (KHTML, like Gecko) Chrome/67.0.3396.87 Safari/537.36"}
[2019-03-09T23:06:04.800] [INFO] cheese - {"method":"GET","url":"/series/list","host":"localhost:4000","message":{"message":"响应时间为：260293"},"referer":"http://localhost:4001/","userAgent":"Mozilla/5.0 (X11; Linux x86_64) AppleWebKit/537.36 (KHTML, like Gecko) Chrome/67.0.3396.87 Safari/537.36"}
[2019-03-09T23:06:21.718] [INFO] cheese - {"method":"GET","url":"/admin/user/info?token=eyJhbGciOiJIUzI1NiIsInR5cCI6IkpXVCJ9.eyJfaWQiOiI1YjJkYzQzNjdkMTVhNTMzNmY4MDM3Y2MiLCJ1c2VybmFtZSI6IndwYmVzdCIsIm5hbWUiOiJ3cGJlc3QiLCJyb2xlcyI6WyJhZG1pbiJdLCJpYXQiOjE1NTIxNDM3MDUsImV4cCI6MTU1MjIzMDEwNX0.41nzs1YGtdcRhvnHYf66PexnEsp4-pSD4gwtYlKiqpc","host":"localhost:4000","message":{"message":"响应时间为：277211"},"referer":"http://localhost:4001/","userAgent":"Mozilla/5.0 (X11; Linux x86_64) AppleWebKit/537.36 (KHTML, like Gecko) Chrome/67.0.3396.87 Safari/537.36"}
[2019-03-09T23:06:22.365] [INFO] cheese - {"method":"GET","url":"/blog/detail?id=5c2241d12b32191651248e66","host":"localhost:4000","message":{"message":"响应时间为：277858"},"referer":"http://localhost:4001/","userAgent":"Mozilla/5.0 (X11; Linux x86_64) AppleWebKit/537.36 (KHTML, like Gecko) Chrome/67.0.3396.87 Safari/537.36"}
[2019-03-09T23:06:22.373] [INFO] cheese - {"method":"GET","url":"/tag/list","host":"localhost:4000","message":{"message":"响应时间为：277866"},"referer":"http://localhost:4001/","userAgent":"Mozilla/5.0 (X11; Linux x86_64) AppleWebKit/537.36 (KHTML, like Gecko) Chrome/67.0.3396.87 Safari/537.36"}
[2019-03-09T23:06:22.390] [INFO] cheese - {"method":"GET","url":"/classify/list","host":"localhost:4000","message":{"message":"响应时间为：277883"},"referer":"http://localhost:4001/","userAgent":"Mozilla/5.0 (X11; Linux x86_64) AppleWebKit/537.36 (KHTML, like Gecko) Chrome/67.0.3396.87 Safari/537.36"}
[2019-03-09T23:06:22.426] [INFO] cheese - {"method":"GET","url":"/series/list","host":"localhost:4000","message":{"message":"响应时间为：277918"},"referer":"http://localhost:4001/","userAgent":"Mozilla/5.0 (X11; Linux x86_64) AppleWebKit/537.36 (KHTML, like Gecko) Chrome/67.0.3396.87 Safari/537.36"}
[2019-03-09T23:06:55.051] [INFO] cheese - {"method":"GET","url":"/admin/user/info?token=eyJhbGciOiJIUzI1NiIsInR5cCI6IkpXVCJ9.eyJfaWQiOiI1YjJkYzQzNjdkMTVhNTMzNmY4MDM3Y2MiLCJ1c2VybmFtZSI6IndwYmVzdCIsIm5hbWUiOiJ3cGJlc3QiLCJyb2xlcyI6WyJhZG1pbiJdLCJpYXQiOjE1NTIxNDM3MDUsImV4cCI6MTU1MjIzMDEwNX0.41nzs1YGtdcRhvnHYf66PexnEsp4-pSD4gwtYlKiqpc","host":"localhost:4000","message":{"message":"响应时间为：310543"},"referer":"http://localhost:4001/","userAgent":"Mozilla/5.0 (X11; Linux x86_64) AppleWebKit/537.36 (KHTML, like Gecko) Chrome/67.0.3396.87 Safari/537.36"}
[2019-03-09T23:06:55.646] [INFO] cheese - {"method":"GET","url":"/blog/detail?id=5c2241d12b32191651248e66","host":"localhost:4000","message":{"message":"响应时间为：311139"},"referer":"http://localhost:4001/","userAgent":"Mozilla/5.0 (X11; Linux x86_64) AppleWebKit/537.36 (KHTML, like Gecko) Chrome/67.0.3396.87 Safari/537.36"}
[2019-03-09T23:06:55.660] [INFO] cheese - {"method":"GET","url":"/tag/list","host":"localhost:4000","message":{"message":"响应时间为：311153"},"referer":"http://localhost:4001/","userAgent":"Mozilla/5.0 (X11; Linux x86_64) AppleWebKit/537.36 (KHTML, like Gecko) Chrome/67.0.3396.87 Safari/537.36"}
[2019-03-09T23:06:55.664] [INFO] cheese - {"method":"GET","url":"/classify/list","host":"localhost:4000","message":{"message":"响应时间为：311157"},"referer":"http://localhost:4001/","userAgent":"Mozilla/5.0 (X11; Linux x86_64) AppleWebKit/537.36 (KHTML, like Gecko) Chrome/67.0.3396.87 Safari/537.36"}
[2019-03-09T23:06:55.686] [INFO] cheese - {"method":"GET","url":"/series/list","host":"localhost:4000","message":{"message":"响应时间为：311179"},"referer":"http://localhost:4001/","userAgent":"Mozilla/5.0 (X11; Linux x86_64) AppleWebKit/537.36 (KHTML, like Gecko) Chrome/67.0.3396.87 Safari/537.36"}
[2019-03-09T23:09:22.056] [INFO] cheese - {"method":"GET","url":"/tag/list","host":"localhost:4000","message":{"message":"响应时间为：457549"},"referer":"http://localhost:4001/","userAgent":"Mozilla/5.0 (X11; Linux x86_64) AppleWebKit/537.36 (KHTML, like Gecko) Chrome/67.0.3396.87 Safari/537.36"}
[2019-03-09T23:09:22.062] [INFO] cheese - {"method":"GET","url":"/classify/list","host":"localhost:4000","message":{"message":"响应时间为：457555"},"referer":"http://localhost:4001/","userAgent":"Mozilla/5.0 (X11; Linux x86_64) AppleWebKit/537.36 (KHTML, like Gecko) Chrome/67.0.3396.87 Safari/537.36"}
[2019-03-09T23:09:22.092] [INFO] cheese - {"method":"GET","url":"/series/list","host":"localhost:4000","message":{"message":"响应时间为：457585"},"referer":"http://localhost:4001/","userAgent":"Mozilla/5.0 (X11; Linux x86_64) AppleWebKit/537.36 (KHTML, like Gecko) Chrome/67.0.3396.87 Safari/537.36"}
[2019-03-09T23:12:45.978] [INFO] cheese - {"method":"GET","url":"/tag/list","host":"localhost:4000","message":{"message":"响应时间为：661471"},"userAgent":"axios/0.18.0"}
[2019-03-09T23:12:45.980] [INFO] cheese - {"method":"GET","url":"/client/series/list","host":"localhost:4000","message":{"message":"响应时间为：661473"},"userAgent":"axios/0.18.0"}
[2019-03-09T23:12:46.227] [INFO] cheese - {"method":"GET","url":"/client/blog/list?pageindex=1","host":"localhost:4000","message":{"message":"响应时间为：661720"},"userAgent":"axios/0.18.0"}
[2019-03-09T23:12:46.255] [INFO] cheese - {"method":"GET","url":"/classify/list","host":"localhost:4000","message":{"message":"响应时间为：661748"},"userAgent":"axios/0.18.0"}
[2019-03-09T23:12:46.825] [INFO] cheese - {"method":"GET","url":"/tag/list","host":"localhost:4000","message":{"message":"响应时间为：662318"},"userAgent":"axios/0.18.0"}
[2019-03-09T23:12:46.829] [INFO] cheese - {"method":"GET","url":"/classify/list","host":"localhost:4000","message":{"message":"响应时间为：662322"},"userAgent":"axios/0.18.0"}
[2019-03-09T23:12:56.898] [INFO] cheese - {"method":"GET","url":"/classify/list","host":"localhost:4000","message":{"message":"响应时间为：672391"},"userAgent":"axios/0.18.0"}
[2019-03-09T23:12:56.910] [INFO] cheese - {"method":"GET","url":"/tag/list","host":"localhost:4000","message":{"message":"响应时间为：672402"},"userAgent":"axios/0.18.0"}
[2019-03-09T23:13:00.303] [INFO] cheese - {"method":"GET","url":"/client/series/list","host":"localhost:4000","message":{"message":"响应时间为：675796"},"referer":"http://localhost:4002/project","userAgent":"Mozilla/5.0 (X11; Linux x86_64) AppleWebKit/537.36 (KHTML, like Gecko) Chrome/67.0.3396.87 Safari/537.36"}
[2019-03-09T23:13:00.330] [INFO] cheese - {"method":"GET","url":"/client/blog/list?pageindex=1","host":"localhost:4000","message":{"message":"响应时间为：675823"},"referer":"http://localhost:4002/project","userAgent":"Mozilla/5.0 (X11; Linux x86_64) AppleWebKit/537.36 (KHTML, like Gecko) Chrome/67.0.3396.87 Safari/537.36"}
[2019-03-09T23:13:00.719] [INFO] cheese - {"method":"GET","url":"/tag/list","host":"localhost:4000","message":{"message":"响应时间为：676212"},"userAgent":"axios/0.18.0"}
[2019-03-09T23:13:00.724] [INFO] cheese - {"method":"GET","url":"/classify/list","host":"localhost:4000","message":{"message":"响应时间为：676217"},"userAgent":"axios/0.18.0"}
[2019-03-09T23:13:05.283] [INFO] cheese - {"method":"GET","url":"/classify/list","host":"localhost:4000","message":{"message":"响应时间为：680776"},"userAgent":"axios/0.18.0"}
[2019-03-09T23:13:05.289] [INFO] cheese - {"method":"GET","url":"/tag/list","host":"localhost:4000","message":{"message":"响应时间为：680782"},"userAgent":"axios/0.18.0"}
[2019-03-09T23:13:05.297] [INFO] cheese - {"method":"GET","url":"/client/blog/list?pageindex=1","host":"localhost:4000","message":{"message":"响应时间为：680790"},"userAgent":"axios/0.18.0"}
[2019-03-09T23:13:05.298] [INFO] cheese - {"method":"GET","url":"/client/series/list","host":"localhost:4000","message":{"message":"响应时间为：680791"},"userAgent":"axios/0.18.0"}
[2019-03-09T23:13:05.579] [INFO] cheese - {"method":"GET","url":"/tag/list","host":"localhost:4000","message":{"message":"响应时间为：681072"},"userAgent":"axios/0.18.0"}
[2019-03-09T23:13:05.589] [INFO] cheese - {"method":"GET","url":"/classify/list","host":"localhost:4000","message":{"message":"响应时间为：681082"},"userAgent":"axios/0.18.0"}
[2019-03-09T23:13:05.973] [INFO] cheese - {"method":"GET","url":"/tag/list","host":"localhost:4000","message":{"message":"响应时间为：681466"},"userAgent":"axios/0.18.0"}
[2019-03-09T23:13:05.976] [INFO] cheese - {"method":"GET","url":"/classify/list","host":"localhost:4000","message":{"message":"响应时间为：681468"},"userAgent":"axios/0.18.0"}
[2019-03-09T23:13:09.420] [INFO] cheese - {"method":"GET","url":"/tag/list","host":"localhost:4000","message":{"message":"响应时间为：684913"},"userAgent":"axios/0.18.0"}
[2019-03-09T23:13:09.424] [INFO] cheese - {"method":"GET","url":"/classify/list","host":"localhost:4000","message":{"message":"响应时间为：684917"},"userAgent":"axios/0.18.0"}
[2019-03-09T23:13:09.431] [INFO] cheese - {"method":"GET","url":"/client/blog/list?pageindex=1","host":"localhost:4000","message":{"message":"响应时间为：684924"},"userAgent":"axios/0.18.0"}
[2019-03-09T23:13:09.436] [INFO] cheese - {"method":"GET","url":"/client/series/list","host":"localhost:4000","message":{"message":"响应时间为：684929"},"userAgent":"axios/0.18.0"}
[2019-03-09T23:13:09.639] [INFO] cheese - {"method":"GET","url":"/tag/list","host":"localhost:4000","message":{"message":"响应时间为：685132"},"userAgent":"axios/0.18.0"}
[2019-03-09T23:13:09.643] [INFO] cheese - {"method":"GET","url":"/classify/list","host":"localhost:4000","message":{"message":"响应时间为：685136"},"userAgent":"axios/0.18.0"}
[2019-03-09T23:13:10.013] [INFO] cheese - {"method":"GET","url":"/classify/list","host":"localhost:4000","message":{"message":"响应时间为：685506"},"userAgent":"axios/0.18.0"}
[2019-03-09T23:13:10.019] [INFO] cheese - {"method":"GET","url":"/tag/list","host":"localhost:4000","message":{"message":"响应时间为：685512"},"userAgent":"axios/0.18.0"}
[2019-03-09T23:15:31.803] [INFO] cheese - {"method":"GET","url":"/client/article/detail?id=5b41b72f5230142cc962e98e","host":"localhost:4000","message":{"message":"响应时间为：827296"},"referer":"http://localhost:4002/","userAgent":"Mozilla/5.0 (X11; Linux x86_64) AppleWebKit/537.36 (KHTML, like Gecko) Chrome/67.0.3396.87 Safari/537.36"}
[2019-03-09T23:15:31.851] [INFO] cheese - {"method":"GET","url":"/comment/list?blogId=5b41b72f5230142cc962e98e","host":"localhost:4000","message":{"message":"响应时间为：827344"},"referer":"http://localhost:4002/","userAgent":"Mozilla/5.0 (X11; Linux x86_64) AppleWebKit/537.36 (KHTML, like Gecko) Chrome/67.0.3396.87 Safari/537.36"}
[2019-03-09T23:17:21.287] [INFO] cheese - {"method":"GET","url":"/client/series/list","host":"localhost:4000","message":{"message":"响应时间为：936780"},"referer":"http://localhost:4002/article/5b41b72f5230142cc962e98e","userAgent":"Mozilla/5.0 (X11; Linux x86_64) AppleWebKit/537.36 (KHTML, like Gecko) Chrome/67.0.3396.87 Safari/537.36"}
[2019-03-09T23:17:21.292] [INFO] cheese - {"method":"GET","url":"/client/blog/list?pageindex=1","host":"localhost:4000","message":{"message":"响应时间为：936785"},"referer":"http://localhost:4002/article/5b41b72f5230142cc962e98e","userAgent":"Mozilla/5.0 (X11; Linux x86_64) AppleWebKit/537.36 (KHTML, like Gecko) Chrome/67.0.3396.87 Safari/537.36"}
[2019-03-09T23:17:21.643] [INFO] cheese - {"method":"GET","url":"/tag/list","host":"localhost:4000","message":{"message":"响应时间为：937136"},"userAgent":"axios/0.18.0"}
[2019-03-09T23:17:21.647] [INFO] cheese - {"method":"GET","url":"/classify/list","host":"localhost:4000","message":{"message":"响应时间为：937140"},"userAgent":"axios/0.18.0"}
[2019-03-09T23:17:35.208] [INFO] cheese - {"method":"GET","url":"/tag/list","host":"localhost:4000","message":{"message":"响应时间为：950701"},"userAgent":"axios/0.18.0"}
[2019-03-09T23:17:35.211] [INFO] cheese - {"method":"GET","url":"/classify/list","host":"localhost:4000","message":{"message":"响应时间为：950704"},"userAgent":"axios/0.18.0"}
[2019-03-09T23:17:35.218] [INFO] cheese - {"method":"GET","url":"/client/series/list","host":"localhost:4000","message":{"message":"响应时间为：950711"},"userAgent":"axios/0.18.0"}
[2019-03-09T23:17:35.221] [INFO] cheese - {"method":"GET","url":"/client/blog/list?pageindex=1","host":"localhost:4000","message":{"message":"响应时间为：950714"},"userAgent":"axios/0.18.0"}
[2019-03-09T23:17:35.443] [INFO] cheese - {"method":"GET","url":"/tag/list","host":"localhost:4000","message":{"message":"响应时间为：950936"},"userAgent":"axios/0.18.0"}
[2019-03-09T23:17:35.446] [INFO] cheese - {"method":"GET","url":"/classify/list","host":"localhost:4000","message":{"message":"响应时间为：950939"},"userAgent":"axios/0.18.0"}
[2019-03-09T23:17:35.882] [INFO] cheese - {"method":"GET","url":"/tag/list","host":"localhost:4000","message":{"message":"响应时间为：951375"},"userAgent":"axios/0.18.0"}
[2019-03-09T23:17:35.884] [INFO] cheese - {"method":"GET","url":"/classify/list","host":"localhost:4000","message":{"message":"响应时间为：951377"},"userAgent":"axios/0.18.0"}
[2019-03-09T23:17:37.955] [INFO] cheese - {"method":"GET","url":"/tag/list","host":"localhost:4000","message":{"message":"响应时间为：953448"},"userAgent":"axios/0.18.0"}
[2019-03-09T23:17:37.958] [INFO] cheese - {"method":"GET","url":"/classify/list","host":"localhost:4000","message":{"message":"响应时间为：953451"},"userAgent":"axios/0.18.0"}
[2019-03-09T23:17:37.962] [INFO] cheese - {"method":"GET","url":"/client/series/list","host":"localhost:4000","message":{"message":"响应时间为：953455"},"userAgent":"axios/0.18.0"}
[2019-03-09T23:17:37.969] [INFO] cheese - {"method":"GET","url":"/client/blog/list?pageindex=1","host":"localhost:4000","message":{"message":"响应时间为：953462"},"userAgent":"axios/0.18.0"}
[2019-03-09T23:17:38.190] [INFO] cheese - {"method":"GET","url":"/tag/list","host":"localhost:4000","message":{"message":"响应时间为：953683"},"userAgent":"axios/0.18.0"}
[2019-03-09T23:17:38.193] [INFO] cheese - {"method":"GET","url":"/classify/list","host":"localhost:4000","message":{"message":"响应时间为：953686"},"userAgent":"axios/0.18.0"}
[2019-03-09T23:17:38.529] [INFO] cheese - {"method":"GET","url":"/tag/list","host":"localhost:4000","message":{"message":"响应时间为：954022"},"userAgent":"axios/0.18.0"}
[2019-03-09T23:17:38.534] [INFO] cheese - {"method":"GET","url":"/classify/list","host":"localhost:4000","message":{"message":"响应时间为：954027"},"userAgent":"axios/0.18.0"}
[2019-03-09T23:17:42.252] [INFO] cheese - {"method":"GET","url":"/client/series/list","host":"localhost:4000","message":{"message":"响应时间为：957745"},"referer":"http://localhost:4002/project","userAgent":"Mozilla/5.0 (X11; Linux x86_64) AppleWebKit/537.36 (KHTML, like Gecko) Chrome/67.0.3396.87 Safari/537.36"}
[2019-03-09T23:17:42.256] [INFO] cheese - {"method":"GET","url":"/client/blog/list?pageindex=1","host":"localhost:4000","message":{"message":"响应时间为：957749"},"referer":"http://localhost:4002/project","userAgent":"Mozilla/5.0 (X11; Linux x86_64) AppleWebKit/537.36 (KHTML, like Gecko) Chrome/67.0.3396.87 Safari/537.36"}
[2019-03-09T23:17:42.595] [INFO] cheese - {"method":"GET","url":"/tag/list","host":"localhost:4000","message":{"message":"响应时间为：958088"},"userAgent":"axios/0.18.0"}
[2019-03-09T23:17:42.598] [INFO] cheese - {"method":"GET","url":"/classify/list","host":"localhost:4000","message":{"message":"响应时间为：958091"},"userAgent":"axios/0.18.0"}
[2019-03-09T23:17:44.351] [INFO] cheese - {"method":"GET","url":"/client/article/detail?id=5b41b72f5230142cc962e98e","host":"localhost:4000","message":{"message":"响应时间为：959844"},"referer":"http://localhost:4002/","userAgent":"Mozilla/5.0 (X11; Linux x86_64) AppleWebKit/537.36 (KHTML, like Gecko) Chrome/67.0.3396.87 Safari/537.36"}
[2019-03-09T23:17:44.368] [INFO] cheese - {"method":"GET","url":"/comment/list?blogId=5b41b72f5230142cc962e98e","host":"localhost:4000","message":{"message":"响应时间为：959861"},"referer":"http://localhost:4002/","userAgent":"Mozilla/5.0 (X11; Linux x86_64) AppleWebKit/537.36 (KHTML, like Gecko) Chrome/67.0.3396.87 Safari/537.36"}
[2019-03-09T23:18:53.187] [INFO] cheese - {"method":"GET","url":"/tag/list","host":"localhost:4000","message":{"message":"响应时间为：1028680"},"userAgent":"axios/0.18.0"}
[2019-03-09T23:18:53.189] [INFO] cheese - {"method":"GET","url":"/classify/list","host":"localhost:4000","message":{"message":"响应时间为：1028682"},"userAgent":"axios/0.18.0"}
[2019-03-09T23:18:53.198] [INFO] cheese - {"method":"GET","url":"/client/article/detail?id=5b41b72f5230142cc962e98e","host":"localhost:4000","message":{"message":"响应时间为：1028691"},"userAgent":"axios/0.18.0"}
[2019-03-09T23:18:53.206] [INFO] cheese - {"method":"GET","url":"/comment/list?blogId=5b41b72f5230142cc962e98e","host":"localhost:4000","message":{"message":"响应时间为：1028699"},"userAgent":"axios/0.18.0"}
[2019-03-09T23:18:58.268] [INFO] cheese - {"method":"GET","url":"/client/blog/list?pageindex=1","host":"localhost:4000","message":{"message":"响应时间为：1033761"},"referer":"http://localhost:4002/article/5b41b72f5230142cc962e98e","userAgent":"Mozilla/5.0 (X11; Linux x86_64) AppleWebKit/537.36 (KHTML, like Gecko) Chrome/67.0.3396.87 Safari/537.36"}
[2019-03-09T23:18:58.274] [INFO] cheese - {"method":"GET","url":"/client/series/list","host":"localhost:4000","message":{"message":"响应时间为：1033767"},"referer":"http://localhost:4002/article/5b41b72f5230142cc962e98e","userAgent":"Mozilla/5.0 (X11; Linux x86_64) AppleWebKit/537.36 (KHTML, like Gecko) Chrome/67.0.3396.87 Safari/537.36"}
[2019-03-09T23:18:58.626] [INFO] cheese - {"method":"GET","url":"/tag/list","host":"localhost:4000","message":{"message":"响应时间为：1034119"},"userAgent":"axios/0.18.0"}
[2019-03-09T23:18:58.631] [INFO] cheese - {"method":"GET","url":"/classify/list","host":"localhost:4000","message":{"message":"响应时间为：1034124"},"userAgent":"axios/0.18.0"}
[2019-03-09T23:19:00.175] [INFO] cheese - {"method":"GET","url":"/client/article/detail?id=5b41b72f5230142cc962e98e","host":"localhost:4000","message":{"message":"响应时间为：1035668"},"referer":"http://localhost:4002/","userAgent":"Mozilla/5.0 (X11; Linux x86_64) AppleWebKit/537.36 (KHTML, like Gecko) Chrome/67.0.3396.87 Safari/537.36"}
[2019-03-09T23:19:00.196] [INFO] cheese - {"method":"GET","url":"/comment/list?blogId=5b41b72f5230142cc962e98e","host":"localhost:4000","message":{"message":"响应时间为：1035689"},"referer":"http://localhost:4002/","userAgent":"Mozilla/5.0 (X11; Linux x86_64) AppleWebKit/537.36 (KHTML, like Gecko) Chrome/67.0.3396.87 Safari/537.36"}
[2019-03-09T23:19:02.886] [INFO] cheese - {"method":"GET","url":"/client/blog/list?pageindex=1","host":"localhost:4000","message":{"message":"响应时间为：1038379"},"referer":"http://localhost:4002/article/5b41b72f5230142cc962e98e","userAgent":"Mozilla/5.0 (X11; Linux x86_64) AppleWebKit/537.36 (KHTML, like Gecko) Chrome/67.0.3396.87 Safari/537.36"}
[2019-03-09T23:19:02.891] [INFO] cheese - {"method":"GET","url":"/client/series/list","host":"localhost:4000","message":{"message":"响应时间为：1038384"},"referer":"http://localhost:4002/article/5b41b72f5230142cc962e98e","userAgent":"Mozilla/5.0 (X11; Linux x86_64) AppleWebKit/537.36 (KHTML, like Gecko) Chrome/67.0.3396.87 Safari/537.36"}
[2019-03-09T23:19:03.189] [INFO] cheese - {"method":"GET","url":"/tag/list","host":"localhost:4000","message":{"message":"响应时间为：1038682"},"userAgent":"axios/0.18.0"}
[2019-03-09T23:19:03.192] [INFO] cheese - {"method":"GET","url":"/classify/list","host":"localhost:4000","message":{"message":"响应时间为：1038685"},"userAgent":"axios/0.18.0"}
[2019-03-09T23:19:04.808] [INFO] cheese - {"method":"GET","url":"/client/article/detail?id=5b4086baff2af135c2f087e9","host":"localhost:4000","message":{"message":"响应时间为：1040300"},"referer":"http://localhost:4002/","userAgent":"Mozilla/5.0 (X11; Linux x86_64) AppleWebKit/537.36 (KHTML, like Gecko) Chrome/67.0.3396.87 Safari/537.36"}
[2019-03-09T23:19:04.830] [INFO] cheese - {"method":"GET","url":"/comment/list?blogId=5b4086baff2af135c2f087e9","host":"localhost:4000","message":{"message":"响应时间为：1040322"},"referer":"http://localhost:4002/","userAgent":"Mozilla/5.0 (X11; Linux x86_64) AppleWebKit/537.36 (KHTML, like Gecko) Chrome/67.0.3396.87 Safari/537.36"}
[2019-03-09T23:19:06.148] [INFO] cheese - {"method":"GET","url":"/tag/list","host":"localhost:4000","message":{"message":"响应时间为：1041641"},"userAgent":"axios/0.18.0"}
[2019-03-09T23:19:06.150] [INFO] cheese - {"method":"GET","url":"/classify/list","host":"localhost:4000","message":{"message":"响应时间为：1041643"},"userAgent":"axios/0.18.0"}
[2019-03-09T23:19:06.164] [INFO] cheese - {"method":"GET","url":"/client/article/detail?id=5b4086baff2af135c2f087e9","host":"localhost:4000","message":{"message":"响应时间为：1041657"},"userAgent":"axios/0.18.0"}
[2019-03-09T23:19:06.179] [INFO] cheese - {"method":"GET","url":"/comment/list?blogId=5b4086baff2af135c2f087e9","host":"localhost:4000","message":{"message":"响应时间为：1041672"},"userAgent":"axios/0.18.0"}
[2019-03-09T23:19:08.769] [INFO] cheese - {"method":"GET","url":"/client/blog/list?pageindex=1","host":"localhost:4000","message":{"message":"响应时间为：1044262"},"referer":"http://localhost:4002/article/5b4086baff2af135c2f087e9","userAgent":"Mozilla/5.0 (X11; Linux x86_64) AppleWebKit/537.36 (KHTML, like Gecko) Chrome/67.0.3396.87 Safari/537.36"}
[2019-03-09T23:19:08.771] [INFO] cheese - {"method":"GET","url":"/client/series/list","host":"localhost:4000","message":{"message":"响应时间为：1044264"},"referer":"http://localhost:4002/article/5b4086baff2af135c2f087e9","userAgent":"Mozilla/5.0 (X11; Linux x86_64) AppleWebKit/537.36 (KHTML, like Gecko) Chrome/67.0.3396.87 Safari/537.36"}
[2019-03-09T23:19:09.100] [INFO] cheese - {"method":"GET","url":"/tag/list","host":"localhost:4000","message":{"message":"响应时间为：1044593"},"userAgent":"axios/0.18.0"}
[2019-03-09T23:19:09.114] [INFO] cheese - {"method":"GET","url":"/classify/list","host":"localhost:4000","message":{"message":"响应时间为：1044607"},"userAgent":"axios/0.18.0"}
[2019-03-09T23:19:10.392] [INFO] cheese - {"method":"GET","url":"/tag/list","host":"localhost:4000","message":{"message":"响应时间为：1045885"},"userAgent":"axios/0.18.0"}
[2019-03-09T23:19:10.402] [INFO] cheese - {"method":"GET","url":"/classify/list","host":"localhost:4000","message":{"message":"响应时间为：1045895"},"userAgent":"axios/0.18.0"}
[2019-03-09T23:19:10.410] [INFO] cheese - {"method":"GET","url":"/client/series/list","host":"localhost:4000","message":{"message":"响应时间为：1045903"},"userAgent":"axios/0.18.0"}
[2019-03-09T23:19:10.413] [INFO] cheese - {"method":"GET","url":"/client/blog/list?pageindex=1","host":"localhost:4000","message":{"message":"响应时间为：1045906"},"userAgent":"axios/0.18.0"}
[2019-03-09T23:19:10.609] [INFO] cheese - {"method":"GET","url":"/tag/list","host":"localhost:4000","message":{"message":"响应时间为：1046102"},"userAgent":"axios/0.18.0"}
[2019-03-09T23:19:10.612] [INFO] cheese - {"method":"GET","url":"/classify/list","host":"localhost:4000","message":{"message":"响应时间为：1046104"},"userAgent":"axios/0.18.0"}
[2019-03-09T23:19:10.919] [INFO] cheese - {"method":"GET","url":"/tag/list","host":"localhost:4000","message":{"message":"响应时间为：1046412"},"userAgent":"axios/0.18.0"}
[2019-03-09T23:19:10.925] [INFO] cheese - {"method":"GET","url":"/classify/list","host":"localhost:4000","message":{"message":"响应时间为：1046418"},"userAgent":"axios/0.18.0"}
[2019-03-09T23:19:12.004] [INFO] cheese - {"method":"GET","url":"/client/article/detail?id=5b41b72f5230142cc962e98e","host":"localhost:4000","message":{"message":"响应时间为：1047497"},"referer":"http://localhost:4002/","userAgent":"Mozilla/5.0 (X11; Linux x86_64) AppleWebKit/537.36 (KHTML, like Gecko) Chrome/67.0.3396.87 Safari/537.36"}
[2019-03-09T23:19:12.019] [INFO] cheese - {"method":"GET","url":"/comment/list?blogId=5b41b72f5230142cc962e98e","host":"localhost:4000","message":{"message":"响应时间为：1047512"},"referer":"http://localhost:4002/","userAgent":"Mozilla/5.0 (X11; Linux x86_64) AppleWebKit/537.36 (KHTML, like Gecko) Chrome/67.0.3396.87 Safari/537.36"}
[2019-03-09T23:19:26.692] [INFO] cheese - {"method":"GET","url":"/tag/list","host":"localhost:4000","message":{"message":"响应时间为：1062185"},"userAgent":"axios/0.18.0"}
[2019-03-09T23:19:26.698] [INFO] cheese - {"method":"GET","url":"/classify/list","host":"localhost:4000","message":{"message":"响应时间为：1062191"},"userAgent":"axios/0.18.0"}
[2019-03-09T23:19:26.705] [INFO] cheese - {"method":"GET","url":"/client/article/detail?id=5b41b72f5230142cc962e98e","host":"localhost:4000","message":{"message":"响应时间为：1062197"},"userAgent":"axios/0.18.0"}
[2019-03-09T23:19:26.721] [INFO] cheese - {"method":"GET","url":"/comment/list?blogId=5b41b72f5230142cc962e98e","host":"localhost:4000","message":{"message":"响应时间为：1062214"},"userAgent":"axios/0.18.0"}
[2019-03-09T23:19:28.752] [INFO] cheese - {"method":"GET","url":"/client/blog/list?pageindex=1","host":"localhost:4000","message":{"message":"响应时间为：1064245"},"referer":"http://localhost:4002/article/5b41b72f5230142cc962e98e","userAgent":"Mozilla/5.0 (X11; Linux x86_64) AppleWebKit/537.36 (KHTML, like Gecko) Chrome/67.0.3396.87 Safari/537.36"}
[2019-03-09T23:19:28.759] [INFO] cheese - {"method":"GET","url":"/client/series/list","host":"localhost:4000","message":{"message":"响应时间为：1064252"},"referer":"http://localhost:4002/article/5b41b72f5230142cc962e98e","userAgent":"Mozilla/5.0 (X11; Linux x86_64) AppleWebKit/537.36 (KHTML, like Gecko) Chrome/67.0.3396.87 Safari/537.36"}
[2019-03-09T23:19:29.066] [INFO] cheese - {"method":"GET","url":"/tag/list","host":"localhost:4000","message":{"message":"响应时间为：1064559"},"userAgent":"axios/0.18.0"}
[2019-03-09T23:19:29.069] [INFO] cheese - {"method":"GET","url":"/classify/list","host":"localhost:4000","message":{"message":"响应时间为：1064561"},"userAgent":"axios/0.18.0"}
[2019-03-09T23:22:15.552] [INFO] cheese - {"method":"GET","url":"/tag/list","host":"localhost:4000","message":{"message":"响应时间为：37288"},"userAgent":"axios/0.18.0"}
[2019-03-09T23:22:15.580] [INFO] cheese - {"method":"GET","url":"/classify/list","host":"localhost:4000","message":{"message":"响应时间为：37316"},"userAgent":"axios/0.18.0"}
[2019-03-09T23:22:15.594] [INFO] cheese - {"method":"GET","url":"/client/blog/list?pageindex=1","host":"localhost:4000","message":{"message":"响应时间为：37330"},"userAgent":"axios/0.18.0"}
[2019-03-09T23:22:15.599] [INFO] cheese - {"method":"GET","url":"/client/series/list","host":"localhost:4000","message":{"message":"响应时间为：37335"},"userAgent":"axios/0.18.0"}
[2019-03-09T23:22:15.922] [INFO] cheese - {"method":"GET","url":"/tag/list","host":"localhost:4000","message":{"message":"响应时间为：37658"},"userAgent":"axios/0.18.0"}
[2019-03-09T23:22:15.932] [INFO] cheese - {"method":"GET","url":"/classify/list","host":"localhost:4000","message":{"message":"响应时间为：37667"},"userAgent":"axios/0.18.0"}
[2019-03-09T23:22:16.354] [INFO] cheese - {"method":"GET","url":"/tag/list","host":"localhost:4000","message":{"message":"响应时间为：38090"},"userAgent":"axios/0.18.0"}
[2019-03-09T23:22:16.362] [INFO] cheese - {"method":"GET","url":"/classify/list","host":"localhost:4000","message":{"message":"响应时间为：38096"},"userAgent":"axios/0.18.0"}
[2019-03-09T23:22:20.250] [INFO] cheese - {"method":"GET","url":"/tag/list","host":"localhost:4000","message":{"message":"响应时间为：41986"},"userAgent":"axios/0.18.0"}
[2019-03-09T23:22:20.254] [INFO] cheese - {"method":"GET","url":"/classify/list","host":"localhost:4000","message":{"message":"响应时间为：41990"},"userAgent":"axios/0.18.0"}
[2019-03-09T23:22:20.261] [INFO] cheese - {"method":"GET","url":"/client/series/list","host":"localhost:4000","message":{"message":"响应时间为：41997"},"userAgent":"axios/0.18.0"}
[2019-03-09T23:22:20.265] [INFO] cheese - {"method":"GET","url":"/client/blog/list?pageindex=1","host":"localhost:4000","message":{"message":"响应时间为：42001"},"userAgent":"axios/0.18.0"}
[2019-03-09T23:22:20.444] [INFO] cheese - {"method":"GET","url":"/tag/list","host":"localhost:4000","message":{"message":"响应时间为：42180"},"userAgent":"axios/0.18.0"}
[2019-03-09T23:22:20.447] [INFO] cheese - {"method":"GET","url":"/classify/list","host":"localhost:4000","message":{"message":"响应时间为：42183"},"userAgent":"axios/0.18.0"}
[2019-03-09T23:22:20.749] [INFO] cheese - {"method":"GET","url":"/tag/list","host":"localhost:4000","message":{"message":"响应时间为：42485"},"userAgent":"axios/0.18.0"}
[2019-03-09T23:22:20.752] [INFO] cheese - {"method":"GET","url":"/classify/list","host":"localhost:4000","message":{"message":"响应时间为：42488"},"userAgent":"axios/0.18.0"}
[2019-03-09T23:22:48.891] [INFO] cheese - {"method":"GET","url":"/client/article/detail?id=5b41b72f5230142cc962e98e","host":"localhost:4000","message":{"message":"响应时间为：70627"},"referer":"http://localhost:4002/","userAgent":"Mozilla/5.0 (X11; Linux x86_64) AppleWebKit/537.36 (KHTML, like Gecko) Chrome/67.0.3396.87 Safari/537.36"}
[2019-03-09T23:22:48.920] [INFO] cheese - {"method":"GET","url":"/comment/list?blogId=5b41b72f5230142cc962e98e","host":"localhost:4000","message":{"message":"响应时间为：70656"},"referer":"http://localhost:4002/","userAgent":"Mozilla/5.0 (X11; Linux x86_64) AppleWebKit/537.36 (KHTML, like Gecko) Chrome/67.0.3396.87 Safari/537.36"}
[2019-03-09T23:23:16.632] [INFO] cheese - {"method":"GET","url":"/tag/list","host":"localhost:4000","message":{"message":"响应时间为：7206"},"userAgent":"axios/0.18.0"}
[2019-03-09T23:23:16.644] [INFO] cheese - {"method":"GET","url":"/classify/list","host":"localhost:4000","message":{"message":"响应时间为：7218"},"userAgent":"axios/0.18.0"}
[2019-03-09T23:23:16.663] [INFO] cheese - {"method":"GET","url":"/client/article/detail?id=5b41b72f5230142cc962e98e","host":"localhost:4000","message":{"message":"响应时间为：7237"},"userAgent":"axios/0.18.0"}
[2019-03-09T23:23:16.670] [INFO] cheese - {"method":"GET","url":"/comment/list?blogId=5b41b72f5230142cc962e98e","host":"localhost:4000","message":{"message":"响应时间为：7244"},"userAgent":"axios/0.18.0"}
[2019-03-09T23:23:19.848] [INFO] cheese - {"method":"GET","url":"/client/series/list","host":"localhost:4000","message":{"message":"响应时间为：10422"},"referer":"http://localhost:4002/article/5b41b72f5230142cc962e98e","userAgent":"Mozilla/5.0 (X11; Linux x86_64) AppleWebKit/537.36 (KHTML, like Gecko) Chrome/67.0.3396.87 Safari/537.36"}
[2019-03-09T23:23:19.852] [INFO] cheese - {"method":"GET","url":"/client/blog/list?pageindex=1","host":"localhost:4000","message":{"message":"响应时间为：10426"},"referer":"http://localhost:4002/article/5b41b72f5230142cc962e98e","userAgent":"Mozilla/5.0 (X11; Linux x86_64) AppleWebKit/537.36 (KHTML, like Gecko) Chrome/67.0.3396.87 Safari/537.36"}
[2019-03-09T23:23:20.177] [INFO] cheese - {"method":"GET","url":"/tag/list","host":"localhost:4000","message":{"message":"响应时间为：10751"},"userAgent":"axios/0.18.0"}
[2019-03-09T23:23:20.186] [INFO] cheese - {"method":"GET","url":"/classify/list","host":"localhost:4000","message":{"message":"响应时间为：10760"},"userAgent":"axios/0.18.0"}
[2019-03-09T23:23:22.842] [INFO] cheese - {"method":"GET","url":"/client/article/detail?id=5b41b72f5230142cc962e98e","host":"localhost:4000","message":{"message":"响应时间为：13416"},"referer":"http://localhost:4002/","userAgent":"Mozilla/5.0 (X11; Linux x86_64) AppleWebKit/537.36 (KHTML, like Gecko) Chrome/67.0.3396.87 Safari/537.36"}
[2019-03-09T23:23:22.865] [INFO] cheese - {"method":"GET","url":"/comment/list?blogId=5b41b72f5230142cc962e98e","host":"localhost:4000","message":{"message":"响应时间为：13439"},"referer":"http://localhost:4002/","userAgent":"Mozilla/5.0 (X11; Linux x86_64) AppleWebKit/537.36 (KHTML, like Gecko) Chrome/67.0.3396.87 Safari/537.36"}
[2019-03-09T23:24:13.789] [INFO] cheese - {"method":"GET","url":"/tag/list","host":"localhost:4000","message":{"message":"响应时间为：33480"},"userAgent":"axios/0.18.0"}
[2019-03-09T23:24:13.801] [INFO] cheese - {"method":"GET","url":"/classify/list","host":"localhost:4000","message":{"message":"响应时间为：33494"},"userAgent":"axios/0.18.0"}
[2019-03-09T23:24:13.821] [INFO] cheese - {"method":"GET","url":"/client/blog/list?pageindex=1","host":"localhost:4000","message":{"message":"响应时间为：33514"},"userAgent":"axios/0.18.0"}
[2019-03-09T23:24:13.822] [INFO] cheese - {"method":"GET","url":"/client/series/list","host":"localhost:4000","message":{"message":"响应时间为：33515"},"userAgent":"axios/0.18.0"}
[2019-03-09T23:24:14.097] [INFO] cheese - {"method":"GET","url":"/tag/list","host":"localhost:4000","message":{"message":"响应时间为：33790"},"userAgent":"axios/0.18.0"}
[2019-03-09T23:24:14.101] [INFO] cheese - {"method":"GET","url":"/classify/list","host":"localhost:4000","message":{"message":"响应时间为：33794"},"userAgent":"axios/0.18.0"}
[2019-03-09T23:24:14.510] [INFO] cheese - {"method":"GET","url":"/tag/list","host":"localhost:4000","message":{"message":"响应时间为：34203"},"userAgent":"axios/0.18.0"}
[2019-03-09T23:24:14.517] [INFO] cheese - {"method":"GET","url":"/classify/list","host":"localhost:4000","message":{"message":"响应时间为：34210"},"userAgent":"axios/0.18.0"}
[2019-03-09T23:24:16.426] [INFO] cheese - {"method":"GET","url":"/client/article/detail?id=5b41b72f5230142cc962e98e","host":"localhost:4000","message":{"message":"响应时间为：36119"},"referer":"http://localhost:4002/","userAgent":"Mozilla/5.0 (X11; Linux x86_64) AppleWebKit/537.36 (KHTML, like Gecko) Chrome/67.0.3396.87 Safari/537.36"}
[2019-03-09T23:24:16.448] [INFO] cheese - {"method":"GET","url":"/comment/list?blogId=5b41b72f5230142cc962e98e","host":"localhost:4000","message":{"message":"响应时间为：36141"},"referer":"http://localhost:4002/","userAgent":"Mozilla/5.0 (X11; Linux x86_64) AppleWebKit/537.36 (KHTML, like Gecko) Chrome/67.0.3396.87 Safari/537.36"}
[2019-03-09T23:24:31.526] [INFO] cheese - {"method":"GET","url":"/client/series/list","host":"localhost:4000","message":{"message":"响应时间为：51219"},"referer":"http://localhost:4002/","userAgent":"Mozilla/5.0 (X11; Linux x86_64) AppleWebKit/537.36 (KHTML, like Gecko) Chrome/67.0.3396.87 Safari/537.36"}
[2019-03-09T23:24:31.529] [INFO] cheese - {"method":"GET","url":"/client/blog/list?pageindex=1","host":"localhost:4000","message":{"message":"响应时间为：51222"},"referer":"http://localhost:4002/","userAgent":"Mozilla/5.0 (X11; Linux x86_64) AppleWebKit/537.36 (KHTML, like Gecko) Chrome/67.0.3396.87 Safari/537.36"}
[2019-03-09T23:24:31.831] [INFO] cheese - {"method":"GET","url":"/tag/list","host":"localhost:4000","message":{"message":"响应时间为：51524"},"userAgent":"axios/0.18.0"}
[2019-03-09T23:24:31.837] [INFO] cheese - {"method":"GET","url":"/classify/list","host":"localhost:4000","message":{"message":"响应时间为：51530"},"userAgent":"axios/0.18.0"}
[2019-03-09T23:25:00.267] [INFO] cheese - {"method":"GET","url":"/client/article/detail?id=5b41b72f5230142cc962e98e","host":"localhost:4000","message":{"message":"响应时间为：79960"},"referer":"http://localhost:4002/","userAgent":"Mozilla/5.0 (X11; Linux x86_64) AppleWebKit/537.36 (KHTML, like Gecko) Chrome/67.0.3396.87 Safari/537.36"}
[2019-03-09T23:25:00.292] [INFO] cheese - {"method":"GET","url":"/comment/list?blogId=5b41b72f5230142cc962e98e","host":"localhost:4000","message":{"message":"响应时间为：79985"},"referer":"http://localhost:4002/","userAgent":"Mozilla/5.0 (X11; Linux x86_64) AppleWebKit/537.36 (KHTML, like Gecko) Chrome/67.0.3396.87 Safari/537.36"}
[2019-03-09T23:26:14.259] [INFO] cheese - {"method":"GET","url":"/tag/list","host":"localhost:4000","message":{"message":"响应时间为：153952"},"userAgent":"axios/0.18.0"}
[2019-03-09T23:26:14.263] [INFO] cheese - {"method":"GET","url":"/classify/list","host":"localhost:4000","message":{"message":"响应时间为：153956"},"userAgent":"axios/0.18.0"}
[2019-03-09T23:26:14.271] [INFO] cheese - {"method":"GET","url":"/client/article/detail?id=5b41b72f5230142cc962e98e","host":"localhost:4000","message":{"message":"响应时间为：153964"},"userAgent":"axios/0.18.0"}
[2019-03-09T23:26:14.291] [INFO] cheese - {"method":"GET","url":"/comment/list?blogId=5b41b72f5230142cc962e98e","host":"localhost:4000","message":{"message":"响应时间为：153983"},"userAgent":"axios/0.18.0"}
[2019-03-09T23:26:19.977] [INFO] cheese - {"method":"GET","url":"/client/series/list","host":"localhost:4000","message":{"message":"响应时间为：159669"},"referer":"http://localhost:4002/article/5b41b72f5230142cc962e98e","userAgent":"Mozilla/5.0 (X11; Linux x86_64) AppleWebKit/537.36 (KHTML, like Gecko) Chrome/67.0.3396.87 Safari/537.36"}
[2019-03-09T23:26:20.647] [INFO] cheese - {"method":"GET","url":"/client/blog/list?pageindex=1","host":"localhost:4000","message":{"message":"响应时间为：160340"},"referer":"http://localhost:4002/article/5b41b72f5230142cc962e98e","userAgent":"Mozilla/5.0 (X11; Linux x86_64) AppleWebKit/537.36 (KHTML, like Gecko) Chrome/67.0.3396.87 Safari/537.36"}
[2019-03-09T23:26:21.035] [INFO] cheese - {"method":"GET","url":"/tag/list","host":"localhost:4000","message":{"message":"响应时间为：160728"},"userAgent":"axios/0.18.0"}
[2019-03-09T23:26:21.041] [INFO] cheese - {"method":"GET","url":"/classify/list","host":"localhost:4000","message":{"message":"响应时间为：160734"},"userAgent":"axios/0.18.0"}
[2019-03-09T23:26:27.861] [INFO] cheese - {"method":"GET","url":"/client/blog/list?pageindex=1","host":"localhost:4000","message":{"message":"响应时间为：167554"},"referer":"http://localhost:4002/project","userAgent":"Mozilla/5.0 (X11; Linux x86_64) AppleWebKit/537.36 (KHTML, like Gecko) Chrome/67.0.3396.87 Safari/537.36"}
[2019-03-09T23:26:27.862] [INFO] cheese - {"method":"GET","url":"/client/series/list","host":"localhost:4000","message":{"message":"响应时间为：167555"},"referer":"http://localhost:4002/project","userAgent":"Mozilla/5.0 (X11; Linux x86_64) AppleWebKit/537.36 (KHTML, like Gecko) Chrome/67.0.3396.87 Safari/537.36"}
[2019-03-09T23:26:28.258] [INFO] cheese - {"method":"GET","url":"/tag/list","host":"localhost:4000","message":{"message":"响应时间为：167951"},"userAgent":"axios/0.18.0"}
[2019-03-09T23:26:28.265] [INFO] cheese - {"method":"GET","url":"/classify/list","host":"localhost:4000","message":{"message":"响应时间为：167958"},"userAgent":"axios/0.18.0"}
[2019-03-09T23:26:29.842] [INFO] cheese - {"method":"GET","url":"/client/article/detail?id=5b41b72f5230142cc962e98e","host":"localhost:4000","message":{"message":"响应时间为：169535"},"referer":"http://localhost:4002/","userAgent":"Mozilla/5.0 (X11; Linux x86_64) AppleWebKit/537.36 (KHTML, like Gecko) Chrome/67.0.3396.87 Safari/537.36"}
[2019-03-09T23:26:29.882] [INFO] cheese - {"method":"GET","url":"/comment/list?blogId=5b41b72f5230142cc962e98e","host":"localhost:4000","message":{"message":"响应时间为：169575"},"referer":"http://localhost:4002/","userAgent":"Mozilla/5.0 (X11; Linux x86_64) AppleWebKit/537.36 (KHTML, like Gecko) Chrome/67.0.3396.87 Safari/537.36"}
[2019-03-09T23:26:33.467] [INFO] cheese - {"method":"GET","url":"/tag/list","host":"localhost:4000","message":{"message":"响应时间为：173160"},"userAgent":"axios/0.18.0"}
[2019-03-09T23:26:33.477] [INFO] cheese - {"method":"GET","url":"/classify/list","host":"localhost:4000","message":{"message":"响应时间为：173170"},"userAgent":"axios/0.18.0"}
[2019-03-09T23:26:33.488] [INFO] cheese - {"method":"GET","url":"/client/article/detail?id=5b41b72f5230142cc962e98e","host":"localhost:4000","message":{"message":"响应时间为：173181"},"userAgent":"axios/0.18.0"}
[2019-03-09T23:26:33.495] [INFO] cheese - {"method":"GET","url":"/comment/list?blogId=5b41b72f5230142cc962e98e","host":"localhost:4000","message":{"message":"响应时间为：173187"},"userAgent":"axios/0.18.0"}
[2019-03-09T23:26:36.470] [INFO] cheese - {"method":"GET","url":"/client/blog/list?pageindex=1","host":"localhost:4000","message":{"message":"响应时间为：176162"},"referer":"http://localhost:4002/article/5b41b72f5230142cc962e98e","userAgent":"Mozilla/5.0 (X11; Linux x86_64) AppleWebKit/537.36 (KHTML, like Gecko) Chrome/67.0.3396.87 Safari/537.36"}
[2019-03-09T23:26:36.476] [INFO] cheese - {"method":"GET","url":"/client/series/list","host":"localhost:4000","message":{"message":"响应时间为：176169"},"referer":"http://localhost:4002/article/5b41b72f5230142cc962e98e","userAgent":"Mozilla/5.0 (X11; Linux x86_64) AppleWebKit/537.36 (KHTML, like Gecko) Chrome/67.0.3396.87 Safari/537.36"}
[2019-03-09T23:26:36.633] [INFO] cheese - {"method":"GET","url":"/classify/list","host":"localhost:4000","message":{"message":"响应时间为：176325"},"userAgent":"axios/0.18.0"}
[2019-03-09T23:26:36.636] [INFO] cheese - {"method":"GET","url":"/tag/list","host":"localhost:4000","message":{"message":"响应时间为：176329"},"userAgent":"axios/0.18.0"}
[2019-03-09T23:29:04.911] [INFO] cheese - {"method":"GET","url":"/client/blog/list?pageindex=1","host":"localhost:4000","message":{"message":"响应时间为：91528"},"userAgent":"axios/0.18.0"}
[2019-03-09T23:29:04.923] [INFO] cheese - {"method":"GET","url":"/client/series/list","host":"localhost:4000","message":{"message":"响应时间为：91540"},"userAgent":"axios/0.18.0"}
[2019-03-09T23:29:04.929] [INFO] cheese - {"method":"GET","url":"/tag/list","host":"localhost:4000","message":{"message":"响应时间为：91546"},"userAgent":"axios/0.18.0"}
[2019-03-09T23:29:04.932] [INFO] cheese - {"method":"GET","url":"/classify/list","host":"localhost:4000","message":{"message":"响应时间为：91549"},"userAgent":"axios/0.18.0"}
[2019-03-09T23:29:05.983] [INFO] cheese - {"method":"GET","url":"/tag/list","host":"localhost:4000","message":{"message":"响应时间为：92600"},"userAgent":"axios/0.18.0"}
[2019-03-09T23:29:05.986] [INFO] cheese - {"method":"GET","url":"/classify/list","host":"localhost:4000","message":{"message":"响应时间为：92603"},"userAgent":"axios/0.18.0"}
[2019-03-09T23:29:07.662] [INFO] cheese - {"method":"GET","url":"/tag/list","host":"localhost:4000","message":{"message":"响应时间为：94279"},"userAgent":"axios/0.18.0"}
[2019-03-09T23:29:07.670] [INFO] cheese - {"method":"GET","url":"/classify/list","host":"localhost:4000","message":{"message":"响应时间为：94287"},"userAgent":"axios/0.18.0"}
[2019-03-09T23:29:10.894] [INFO] cheese - {"method":"GET","url":"/tag/list","host":"localhost:4000","message":{"message":"响应时间为：97511"},"userAgent":"axios/0.18.0"}
[2019-03-09T23:29:10.898] [INFO] cheese - {"method":"GET","url":"/classify/list","host":"localhost:4000","message":{"message":"响应时间为：97515"},"userAgent":"axios/0.18.0"}
[2019-03-09T23:29:10.911] [INFO] cheese - {"method":"GET","url":"/client/blog/list?pageindex=1","host":"localhost:4000","message":{"message":"响应时间为：97528"},"userAgent":"axios/0.18.0"}
[2019-03-09T23:29:10.914] [INFO] cheese - {"method":"GET","url":"/client/series/list","host":"localhost:4000","message":{"message":"响应时间为：97531"},"userAgent":"axios/0.18.0"}
[2019-03-09T23:29:11.359] [INFO] cheese - {"method":"GET","url":"/classify/list","host":"localhost:4000","message":{"message":"响应时间为：97976"},"userAgent":"axios/0.18.0"}
[2019-03-09T23:29:11.363] [INFO] cheese - {"method":"GET","url":"/tag/list","host":"localhost:4000","message":{"message":"响应时间为：97980"},"userAgent":"axios/0.18.0"}
[2019-03-09T23:29:12.038] [INFO] cheese - {"method":"GET","url":"/tag/list","host":"localhost:4000","message":{"message":"响应时间为：98655"},"userAgent":"axios/0.18.0"}
[2019-03-09T23:29:12.041] [INFO] cheese - {"method":"GET","url":"/classify/list","host":"localhost:4000","message":{"message":"响应时间为：98658"},"userAgent":"axios/0.18.0"}
[2019-03-09T23:29:16.561] [INFO] cheese - {"method":"GET","url":"/client/blog/list?pageindex=2","host":"localhost:4000","message":{"message":"响应时间为：103178"},"referer":"http://localhost:4002/","userAgent":"Mozilla/5.0 (X11; Linux x86_64) AppleWebKit/537.36 (KHTML, like Gecko) Chrome/67.0.3396.87 Safari/537.36"}
